2022-11-06 09:40:14,077 - RoomAsNodeGNN - INFO - Namespace(batch_size=64, ckpt_dir=WindowsPath('Results/2022_11_06__09_40_14'), data_num=5000, data_path=WindowsPath('data/room_base_graph'), device=device(type='cuda'), hidden_dim=256, lr=0.001, model_name='GCN', num_epoch=100, num_layers=3)
2022-11-06 09:40:20,280 - RoomAsNodeGNN - INFO - Dataset length: 2155
2022-11-06 09:40:20,280 - RoomAsNodeGNN - INFO - train, valid, test dataset len: 1724, 431, 0
2022-11-06 09:40:20,405 - RoomAsNodeGNN - INFO - GCN(
  (dnn1): Sequential(
    (0): Linear(in_features=23, out_features=256, bias=True)
    (1): ReLU()
  )
  (conv_layers): ModuleList(
    (0): GCNConv(256, 256)
    (1): GCNConv(256, 256)
    (2): GCNConv(256, 256)
  )
  (dnn2): Sequential(
    (0): Linear(in_features=256, out_features=18, bias=True)
  )
)
2022-11-06 09:40:22,030 - RoomAsNodeGNN - INFO - epoch:    1, train_acc: -0.5015, eval_acc: -0.1029, train_loss: 0.0319, eval_loss: 0.0232
2022-11-06 09:40:22,030 - RoomAsNodeGNN - INFO - Trained model saved, eval loss: 0.0232
2022-11-06 09:40:22,311 - RoomAsNodeGNN - INFO - epoch:    2, train_acc: -0.0786, eval_acc: -0.0653, train_loss: 0.0228, eval_loss: 0.0224
2022-11-06 09:40:22,311 - RoomAsNodeGNN - INFO - Trained model saved, eval loss: 0.0224
2022-11-06 09:40:22,577 - RoomAsNodeGNN - INFO - epoch:    3, train_acc: -0.0586, eval_acc: -0.0546, train_loss: 0.0224, eval_loss: 0.0222
2022-11-06 09:40:22,577 - RoomAsNodeGNN - INFO - Trained model saved, eval loss: 0.0222
2022-11-06 09:40:22,842 - RoomAsNodeGNN - INFO - epoch:    4, train_acc: -0.0570, eval_acc: -0.0510, train_loss: 0.0223, eval_loss: 0.0221
2022-11-06 09:40:22,842 - RoomAsNodeGNN - INFO - Trained model saved, eval loss: 0.0221
2022-11-06 09:40:23,108 - RoomAsNodeGNN - INFO - epoch:    5, train_acc: -0.0518, eval_acc: -0.0495, train_loss: 0.0222, eval_loss: 0.0221
2022-11-06 09:40:23,108 - RoomAsNodeGNN - INFO - Trained model saved, eval loss: 0.0221
2022-11-06 09:40:23,374 - RoomAsNodeGNN - INFO - epoch:    6, train_acc: -0.0466, eval_acc: -0.0568, train_loss: 0.0221, eval_loss: 0.0222
2022-11-06 09:40:23,639 - RoomAsNodeGNN - INFO - epoch:    7, train_acc: -0.0440, eval_acc: -0.0449, train_loss: 0.0220, eval_loss: 0.0220
2022-11-06 09:40:23,639 - RoomAsNodeGNN - INFO - Trained model saved, eval loss: 0.0220
2022-11-06 09:40:23,905 - RoomAsNodeGNN - INFO - epoch:    8, train_acc: -0.0405, eval_acc: -0.0461, train_loss: 0.0220, eval_loss: 0.0220
2022-11-06 09:40:24,155 - RoomAsNodeGNN - INFO - epoch:    9, train_acc: -0.0381, eval_acc: -0.0408, train_loss: 0.0219, eval_loss: 0.0219
2022-11-06 09:40:24,155 - RoomAsNodeGNN - INFO - Trained model saved, eval loss: 0.0219
2022-11-06 09:40:24,421 - RoomAsNodeGNN - INFO - epoch:   10, train_acc: -0.0336, eval_acc: -0.0302, train_loss: 0.0218, eval_loss: 0.0217
2022-11-06 09:40:24,421 - RoomAsNodeGNN - INFO - Trained model saved, eval loss: 0.0217
2022-11-06 09:40:24,686 - RoomAsNodeGNN - INFO - epoch:   11, train_acc: -0.0287, eval_acc: -0.0285, train_loss: 0.0217, eval_loss: 0.0216
2022-11-06 09:40:24,686 - RoomAsNodeGNN - INFO - Trained model saved, eval loss: 0.0216
2022-11-06 09:40:24,952 - RoomAsNodeGNN - INFO - epoch:   12, train_acc: -0.0243, eval_acc: -0.0261, train_loss: 0.0216, eval_loss: 0.0216
2022-11-06 09:40:24,952 - RoomAsNodeGNN - INFO - Trained model saved, eval loss: 0.0216
2022-11-06 09:40:25,202 - RoomAsNodeGNN - INFO - epoch:   13, train_acc: -0.0191, eval_acc: -0.0239, train_loss: 0.0215, eval_loss: 0.0215
2022-11-06 09:40:25,202 - RoomAsNodeGNN - INFO - Trained model saved, eval loss: 0.0215
2022-11-06 09:40:25,468 - RoomAsNodeGNN - INFO - epoch:   14, train_acc: -0.0167, eval_acc: -0.0192, train_loss: 0.0215, eval_loss: 0.0214
2022-11-06 09:40:25,468 - RoomAsNodeGNN - INFO - Trained model saved, eval loss: 0.0214
2022-11-06 09:40:25,733 - RoomAsNodeGNN - INFO - epoch:   15, train_acc: -0.0176, eval_acc: -0.0204, train_loss: 0.0215, eval_loss: 0.0215
2022-11-06 09:40:25,983 - RoomAsNodeGNN - INFO - epoch:   16, train_acc: -0.0115, eval_acc: -0.0119, train_loss: 0.0214, eval_loss: 0.0213
2022-11-06 09:40:25,983 - RoomAsNodeGNN - INFO - Trained model saved, eval loss: 0.0213
2022-11-06 09:40:26,264 - RoomAsNodeGNN - INFO - epoch:   17, train_acc: -0.0086, eval_acc: -0.0109, train_loss: 0.0213, eval_loss: 0.0213
2022-11-06 09:40:26,264 - RoomAsNodeGNN - INFO - Trained model saved, eval loss: 0.0213
2022-11-06 09:40:26,514 - RoomAsNodeGNN - INFO - epoch:   18, train_acc: -0.0077, eval_acc: -0.0127, train_loss: 0.0213, eval_loss: 0.0213
2022-11-06 09:40:26,780 - RoomAsNodeGNN - INFO - epoch:   19, train_acc: -0.0056, eval_acc: -0.0136, train_loss: 0.0212, eval_loss: 0.0213
2022-11-06 09:40:27,046 - RoomAsNodeGNN - INFO - epoch:   20, train_acc: -0.0048, eval_acc: -0.0123, train_loss: 0.0212, eval_loss: 0.0213
2022-11-06 09:40:27,296 - RoomAsNodeGNN - INFO - epoch:   21, train_acc: -0.0067, eval_acc: -0.0086, train_loss: 0.0213, eval_loss: 0.0212
2022-11-06 09:40:27,296 - RoomAsNodeGNN - INFO - Trained model saved, eval loss: 0.0212
2022-11-06 09:40:27,561 - RoomAsNodeGNN - INFO - epoch:   22, train_acc: -0.0045, eval_acc: -0.0079, train_loss: 0.0212, eval_loss: 0.0212
2022-11-06 09:40:27,561 - RoomAsNodeGNN - INFO - Trained model saved, eval loss: 0.0212
2022-11-06 09:40:27,827 - RoomAsNodeGNN - INFO - epoch:   23, train_acc: -0.0017, eval_acc: -0.0052, train_loss: 0.0212, eval_loss: 0.0211
2022-11-06 09:40:27,827 - RoomAsNodeGNN - INFO - Trained model saved, eval loss: 0.0211
2022-11-06 09:40:28,077 - RoomAsNodeGNN - INFO - epoch:   24, train_acc: -0.0045, eval_acc: -0.0103, train_loss: 0.0212, eval_loss: 0.0212
2022-11-06 09:40:28,343 - RoomAsNodeGNN - INFO - epoch:   25, train_acc: -0.0018, eval_acc: -0.0085, train_loss: 0.0212, eval_loss: 0.0212
2022-11-06 09:40:28,592 - RoomAsNodeGNN - INFO - epoch:   26, train_acc: -0.0026, eval_acc: -0.0111, train_loss: 0.0212, eval_loss: 0.0213
2022-11-06 09:40:28,847 - RoomAsNodeGNN - INFO - epoch:   27, train_acc: -0.0050, eval_acc: -0.0083, train_loss: 0.0212, eval_loss: 0.0212
2022-11-06 09:40:29,108 - RoomAsNodeGNN - INFO - epoch:   28, train_acc: -0.0007, eval_acc: -0.0065, train_loss: 0.0211, eval_loss: 0.0212
2022-11-06 09:40:29,358 - RoomAsNodeGNN - INFO - epoch:   29, train_acc: -0.0001, eval_acc: -0.0071, train_loss: 0.0211, eval_loss: 0.0212
2022-11-06 09:40:29,624 - RoomAsNodeGNN - INFO - epoch:   30, train_acc: 0.0001, eval_acc: -0.0108, train_loss: 0.0211, eval_loss: 0.0213
2022-11-06 09:40:29,874 - RoomAsNodeGNN - INFO - epoch:   31, train_acc: -0.0024, eval_acc: -0.0059, train_loss: 0.0212, eval_loss: 0.0212
2022-11-06 09:40:30,139 - RoomAsNodeGNN - INFO - epoch:   32, train_acc: -0.0036, eval_acc: -0.0059, train_loss: 0.0212, eval_loss: 0.0212
2022-11-06 09:40:30,389 - RoomAsNodeGNN - INFO - epoch:   33, train_acc: -0.0003, eval_acc: -0.0057, train_loss: 0.0211, eval_loss: 0.0212
2022-11-06 09:40:30,655 - RoomAsNodeGNN - INFO - epoch:   34, train_acc: 0.0007, eval_acc: -0.0059, train_loss: 0.0211, eval_loss: 0.0212
2022-11-06 09:40:30,909 - RoomAsNodeGNN - INFO - epoch:   35, train_acc: 0.0024, eval_acc: -0.0064, train_loss: 0.0211, eval_loss: 0.0212
2022-11-06 09:40:31,155 - RoomAsNodeGNN - INFO - epoch:   36, train_acc: 0.0019, eval_acc: -0.0063, train_loss: 0.0211, eval_loss: 0.0212
2022-11-06 09:40:31,421 - RoomAsNodeGNN - INFO - epoch:   37, train_acc: 0.0030, eval_acc: -0.0066, train_loss: 0.0211, eval_loss: 0.0212
2022-11-06 09:40:31,671 - RoomAsNodeGNN - INFO - epoch:   38, train_acc: 0.0018, eval_acc: -0.0120, train_loss: 0.0211, eval_loss: 0.0213
2022-11-06 09:40:31,921 - RoomAsNodeGNN - INFO - epoch:   39, train_acc: 0.0018, eval_acc: -0.0094, train_loss: 0.0211, eval_loss: 0.0212
2022-11-06 09:40:32,186 - RoomAsNodeGNN - INFO - epoch:   40, train_acc: 0.0014, eval_acc: -0.0058, train_loss: 0.0211, eval_loss: 0.0212
2022-11-06 09:40:32,436 - RoomAsNodeGNN - INFO - epoch:   41, train_acc: 0.0034, eval_acc: -0.0067, train_loss: 0.0210, eval_loss: 0.0212
2022-11-06 09:40:32,686 - RoomAsNodeGNN - INFO - epoch:   42, train_acc: 0.0026, eval_acc: -0.0060, train_loss: 0.0211, eval_loss: 0.0212
2022-11-06 09:40:32,952 - RoomAsNodeGNN - INFO - epoch:   43, train_acc: 0.0009, eval_acc: -0.0080, train_loss: 0.0211, eval_loss: 0.0212
2022-11-06 09:40:33,202 - RoomAsNodeGNN - INFO - epoch:   44, train_acc: 0.0033, eval_acc: -0.0068, train_loss: 0.0211, eval_loss: 0.0212
2022-11-06 09:40:33,467 - RoomAsNodeGNN - INFO - epoch:   45, train_acc: 0.0043, eval_acc: -0.0070, train_loss: 0.0210, eval_loss: 0.0212
2022-11-06 09:40:33,717 - RoomAsNodeGNN - INFO - epoch:   46, train_acc: 0.0045, eval_acc: -0.0067, train_loss: 0.0210, eval_loss: 0.0212
2022-11-06 09:40:33,967 - RoomAsNodeGNN - INFO - epoch:   47, train_acc: 0.0050, eval_acc: -0.0068, train_loss: 0.0210, eval_loss: 0.0212
2022-11-06 09:40:34,233 - RoomAsNodeGNN - INFO - epoch:   48, train_acc: 0.0054, eval_acc: -0.0122, train_loss: 0.0210, eval_loss: 0.0213
2022-11-06 09:40:34,499 - RoomAsNodeGNN - INFO - epoch:   49, train_acc: 0.0050, eval_acc: -0.0069, train_loss: 0.0210, eval_loss: 0.0212
2022-11-06 09:40:34,749 - RoomAsNodeGNN - INFO - epoch:   50, train_acc: 0.0064, eval_acc: -0.0078, train_loss: 0.0210, eval_loss: 0.0212
2022-11-06 09:40:35,014 - RoomAsNodeGNN - INFO - epoch:   51, train_acc: 0.0061, eval_acc: -0.0076, train_loss: 0.0210, eval_loss: 0.0212
2022-11-06 09:40:35,264 - RoomAsNodeGNN - INFO - epoch:   52, train_acc: 0.0069, eval_acc: -0.0078, train_loss: 0.0210, eval_loss: 0.0212
2022-11-06 09:40:35,530 - RoomAsNodeGNN - INFO - epoch:   53, train_acc: 0.0073, eval_acc: -0.0091, train_loss: 0.0210, eval_loss: 0.0212
2022-11-06 09:40:35,780 - RoomAsNodeGNN - INFO - epoch:   54, train_acc: 0.0073, eval_acc: -0.0111, train_loss: 0.0210, eval_loss: 0.0213
2022-11-06 09:40:36,030 - RoomAsNodeGNN - INFO - epoch:   55, train_acc: 0.0070, eval_acc: -0.0103, train_loss: 0.0210, eval_loss: 0.0212
2022-11-06 09:40:36,296 - RoomAsNodeGNN - INFO - epoch:   56, train_acc: 0.0075, eval_acc: -0.0098, train_loss: 0.0210, eval_loss: 0.0212
2022-11-06 09:40:36,546 - RoomAsNodeGNN - INFO - epoch:   57, train_acc: 0.0072, eval_acc: -0.0091, train_loss: 0.0210, eval_loss: 0.0212
2022-11-06 09:40:36,811 - RoomAsNodeGNN - INFO - epoch:   58, train_acc: 0.0090, eval_acc: -0.0088, train_loss: 0.0209, eval_loss: 0.0212
2022-11-06 09:40:37,061 - RoomAsNodeGNN - INFO - epoch:   59, train_acc: 0.0084, eval_acc: -0.0091, train_loss: 0.0210, eval_loss: 0.0212
2022-11-06 09:40:37,327 - RoomAsNodeGNN - INFO - epoch:   60, train_acc: 0.0069, eval_acc: -0.0117, train_loss: 0.0210, eval_loss: 0.0213
2022-11-06 09:40:37,577 - RoomAsNodeGNN - INFO - epoch:   61, train_acc: 0.0084, eval_acc: -0.0094, train_loss: 0.0209, eval_loss: 0.0212
2022-11-06 09:40:37,842 - RoomAsNodeGNN - INFO - epoch:   62, train_acc: 0.0092, eval_acc: -0.0106, train_loss: 0.0209, eval_loss: 0.0213
2022-11-06 09:40:38,092 - RoomAsNodeGNN - INFO - epoch:   63, train_acc: 0.0093, eval_acc: -0.0092, train_loss: 0.0209, eval_loss: 0.0212
2022-11-06 09:40:38,342 - RoomAsNodeGNN - INFO - epoch:   64, train_acc: 0.0077, eval_acc: -0.0093, train_loss: 0.0210, eval_loss: 0.0212
2022-11-06 09:40:38,608 - RoomAsNodeGNN - INFO - epoch:   65, train_acc: 0.0103, eval_acc: -0.0105, train_loss: 0.0209, eval_loss: 0.0213
2022-11-06 09:40:38,862 - RoomAsNodeGNN - INFO - epoch:   66, train_acc: 0.0098, eval_acc: -0.0098, train_loss: 0.0209, eval_loss: 0.0212
2022-11-06 09:40:39,108 - RoomAsNodeGNN - INFO - epoch:   67, train_acc: 0.0095, eval_acc: -0.0117, train_loss: 0.0209, eval_loss: 0.0213
2022-11-06 09:40:39,374 - RoomAsNodeGNN - INFO - epoch:   68, train_acc: 0.0102, eval_acc: -0.0107, train_loss: 0.0209, eval_loss: 0.0213
2022-11-06 09:40:39,624 - RoomAsNodeGNN - INFO - epoch:   69, train_acc: 0.0108, eval_acc: -0.0118, train_loss: 0.0209, eval_loss: 0.0213
2022-11-06 09:40:39,889 - RoomAsNodeGNN - INFO - epoch:   70, train_acc: 0.0102, eval_acc: -0.0119, train_loss: 0.0209, eval_loss: 0.0213
2022-11-06 09:40:40,218 - RoomAsNodeGNN - INFO - epoch:   71, train_acc: 0.0101, eval_acc: -0.0112, train_loss: 0.0209, eval_loss: 0.0213
2022-11-06 09:40:40,546 - RoomAsNodeGNN - INFO - epoch:   72, train_acc: 0.0107, eval_acc: -0.0112, train_loss: 0.0209, eval_loss: 0.0213
2022-11-06 09:40:40,811 - RoomAsNodeGNN - INFO - epoch:   73, train_acc: 0.0106, eval_acc: -0.0118, train_loss: 0.0209, eval_loss: 0.0213
2022-11-06 09:40:41,077 - RoomAsNodeGNN - INFO - epoch:   74, train_acc: 0.0105, eval_acc: -0.0108, train_loss: 0.0209, eval_loss: 0.0213
2022-11-06 09:40:41,343 - RoomAsNodeGNN - INFO - epoch:   75, train_acc: 0.0116, eval_acc: -0.0126, train_loss: 0.0209, eval_loss: 0.0213
2022-11-06 09:40:41,592 - RoomAsNodeGNN - INFO - epoch:   76, train_acc: 0.0105, eval_acc: -0.0110, train_loss: 0.0209, eval_loss: 0.0213
2022-11-06 09:40:41,858 - RoomAsNodeGNN - INFO - epoch:   77, train_acc: 0.0118, eval_acc: -0.0118, train_loss: 0.0209, eval_loss: 0.0213
2022-11-06 09:40:42,124 - RoomAsNodeGNN - INFO - epoch:   78, train_acc: 0.0107, eval_acc: -0.0126, train_loss: 0.0209, eval_loss: 0.0213
2022-11-06 09:40:42,374 - RoomAsNodeGNN - INFO - epoch:   79, train_acc: 0.0113, eval_acc: -0.0117, train_loss: 0.0209, eval_loss: 0.0213
2022-11-06 09:40:42,639 - RoomAsNodeGNN - INFO - epoch:   80, train_acc: 0.0126, eval_acc: -0.0116, train_loss: 0.0209, eval_loss: 0.0213
2022-11-06 09:40:42,889 - RoomAsNodeGNN - INFO - epoch:   81, train_acc: 0.0114, eval_acc: -0.0119, train_loss: 0.0209, eval_loss: 0.0213
2022-11-06 09:40:43,155 - RoomAsNodeGNN - INFO - epoch:   82, train_acc: 0.0115, eval_acc: -0.0119, train_loss: 0.0209, eval_loss: 0.0213
2022-11-06 09:40:43,405 - RoomAsNodeGNN - INFO - epoch:   83, train_acc: 0.0109, eval_acc: -0.0117, train_loss: 0.0209, eval_loss: 0.0213
2022-11-06 09:40:43,671 - RoomAsNodeGNN - INFO - epoch:   84, train_acc: 0.0117, eval_acc: -0.0124, train_loss: 0.0209, eval_loss: 0.0213
2022-11-06 09:40:43,921 - RoomAsNodeGNN - INFO - epoch:   85, train_acc: 0.0126, eval_acc: -0.0118, train_loss: 0.0209, eval_loss: 0.0213
2022-11-06 09:40:44,186 - RoomAsNodeGNN - INFO - epoch:   86, train_acc: 0.0122, eval_acc: -0.0128, train_loss: 0.0209, eval_loss: 0.0213
2022-11-06 09:40:44,452 - RoomAsNodeGNN - INFO - epoch:   87, train_acc: 0.0123, eval_acc: -0.0126, train_loss: 0.0209, eval_loss: 0.0213
2022-11-06 09:40:44,702 - RoomAsNodeGNN - INFO - epoch:   88, train_acc: 0.0126, eval_acc: -0.0133, train_loss: 0.0209, eval_loss: 0.0213
2022-11-06 09:40:44,967 - RoomAsNodeGNN - INFO - epoch:   89, train_acc: 0.0118, eval_acc: -0.0122, train_loss: 0.0209, eval_loss: 0.0213
2022-11-06 09:40:45,218 - RoomAsNodeGNN - INFO - epoch:   90, train_acc: 0.0124, eval_acc: -0.0129, train_loss: 0.0209, eval_loss: 0.0213
2022-11-06 09:40:45,483 - RoomAsNodeGNN - INFO - epoch:   91, train_acc: 0.0126, eval_acc: -0.0135, train_loss: 0.0209, eval_loss: 0.0213
2022-11-06 09:40:45,749 - RoomAsNodeGNN - INFO - epoch:   92, train_acc: 0.0129, eval_acc: -0.0125, train_loss: 0.0209, eval_loss: 0.0213
2022-11-06 09:40:45,999 - RoomAsNodeGNN - INFO - epoch:   93, train_acc: 0.0132, eval_acc: -0.0130, train_loss: 0.0209, eval_loss: 0.0213
2022-11-06 09:40:46,264 - RoomAsNodeGNN - INFO - epoch:   94, train_acc: 0.0125, eval_acc: -0.0140, train_loss: 0.0209, eval_loss: 0.0213
2022-11-06 09:40:46,514 - RoomAsNodeGNN - INFO - epoch:   95, train_acc: 0.0125, eval_acc: -0.0137, train_loss: 0.0209, eval_loss: 0.0213
2022-11-06 09:40:46,780 - RoomAsNodeGNN - INFO - epoch:   96, train_acc: 0.0119, eval_acc: -0.0136, train_loss: 0.0209, eval_loss: 0.0213
2022-11-06 09:40:47,046 - RoomAsNodeGNN - INFO - epoch:   97, train_acc: 0.0117, eval_acc: -0.0135, train_loss: 0.0209, eval_loss: 0.0213
2022-11-06 09:40:47,311 - RoomAsNodeGNN - INFO - epoch:   98, train_acc: 0.0132, eval_acc: -0.0131, train_loss: 0.0209, eval_loss: 0.0213
2022-11-06 09:40:47,577 - RoomAsNodeGNN - INFO - epoch:   99, train_acc: 0.0127, eval_acc: -0.0135, train_loss: 0.0209, eval_loss: 0.0213
2022-11-06 09:40:47,827 - RoomAsNodeGNN - INFO - epoch:  100, train_acc: 0.0131, eval_acc: -0.0137, train_loss: 0.0209, eval_loss: 0.0213
