2022-11-06 14:39:32,394 - RoomAsNodeGNN - INFO - Namespace(batch_size=64, ckpt_dir=WindowsPath('Results/RoomSanityCheck/2022_11_06__14_39_32'), data_num=5000, data_path=WindowsPath('data/room_base_graph'), device=device(type='cuda'), hidden_dim=64, lr=0.001, message_passing='GAT', model_name='GNN', num_epoch=100, num_layers=1, save_num=0)
2022-11-06 14:39:36,956 - RoomAsNodeGNN - INFO - Dataset length: 2586
2022-11-06 14:39:36,956 - RoomAsNodeGNN - INFO - train, valid, test dataset len: 2068, 517, 1
2022-11-06 14:39:37,066 - RoomAsNodeGNN - INFO - GNN(
  (dnn1): Sequential(
    (0): Linear(in_features=13, out_features=64, bias=True)
    (1): ReLU()
  )
  (conv_layers): ModuleList(
    (0): GATConv(64, 64, heads=4)
  )
  (dnn2): Sequential(
    (0): Linear(in_features=64, out_features=8, bias=True)
  )
)
2022-11-06 14:39:38,722 - RoomAsNodeGNN - INFO - validation prediction:
2022-11-06 14:39:38,722 - RoomAsNodeGNN - INFO - tensor([[1.1961, 1.1675, 0.9875,  ..., 1.1082, 1.0841, 1.1293],
        [1.2725, 1.2474, 1.0384,  ..., 1.1782, 1.1586, 1.2094],
        [1.2646, 1.2867, 1.0615,  ..., 1.2016, 1.1702, 1.2108],
        ...,
        [1.1025, 1.0753, 0.9124,  ..., 1.0480, 1.0256, 1.0480],
        [1.0575, 1.0381, 0.8787,  ..., 1.0350, 0.9896, 1.0101],
        [0.9751, 0.9551, 0.8299,  ..., 0.9087, 0.8722, 0.8977]],
       device='cuda:0')
2022-11-06 14:39:38,722 - RoomAsNodeGNN - INFO - validation y:
2022-11-06 14:39:38,722 - RoomAsNodeGNN - INFO - tensor([[1., 1., 1.,  ..., 1., 1., 1.],
        [1., 1., 1.,  ..., 1., 1., 1.],
        [1., 1., 1.,  ..., 1., 1., 1.],
        ...,
        [1., 1., 1.,  ..., 1., 1., 1.],
        [1., 1., 1.,  ..., 1., 1., 1.],
        [1., 1., 1.,  ..., 1., 1., 1.]], device='cuda:0')
2022-11-06 14:39:38,737 - RoomAsNodeGNN - INFO - 
2022-11-06 14:39:38,769 - RoomAsNodeGNN - INFO - epoch:    1, train_acc: -inf, eval_acc: -inf, train_loss: 0.3276, eval_loss: 0.0344
2022-11-06 14:39:38,769 - RoomAsNodeGNN - INFO - Trained model saved, eval loss: 0.0344
2022-11-06 14:39:38,987 - RoomAsNodeGNN - INFO - validation prediction:
2022-11-06 14:39:38,987 - RoomAsNodeGNN - INFO - tensor([[1.0878, 1.0595, 1.0386,  ..., 1.0503, 1.0104, 1.0217],
        [1.1481, 1.1276, 1.0832,  ..., 1.1072, 1.0725, 1.0902],
        [1.1281, 1.1388, 1.0910,  ..., 1.1109, 1.0653, 1.0749],
        ...,
        [0.9781, 0.9746, 0.9449,  ..., 0.9716, 0.9361, 0.9332],
        [0.9079, 0.9053, 0.8829,  ..., 0.9169, 0.8620, 0.8665],
        [0.9387, 0.9295, 0.9248,  ..., 0.9335, 0.8752, 0.8686]],
       device='cuda:0')
2022-11-06 14:39:38,987 - RoomAsNodeGNN - INFO - validation y:
2022-11-06 14:39:38,987 - RoomAsNodeGNN - INFO - tensor([[1., 1., 1.,  ..., 1., 1., 1.],
        [1., 1., 1.,  ..., 1., 1., 1.],
        [1., 1., 1.,  ..., 1., 1., 1.],
        ...,
        [1., 1., 1.,  ..., 1., 1., 1.],
        [1., 1., 1.,  ..., 1., 1., 1.],
        [1., 1., 1.,  ..., 1., 1., 1.]], device='cuda:0')
2022-11-06 14:39:39,003 - RoomAsNodeGNN - INFO - 
2022-11-06 14:39:39,034 - RoomAsNodeGNN - INFO - epoch:    2, train_acc: -inf, eval_acc: -inf, train_loss: 0.0271, eval_loss: 0.0175
2022-11-06 14:39:39,034 - RoomAsNodeGNN - INFO - Trained model saved, eval loss: 0.0175
2022-11-06 14:39:39,237 - RoomAsNodeGNN - INFO - validation prediction:
2022-11-06 14:39:39,237 - RoomAsNodeGNN - INFO - tensor([[1.0551, 1.0234, 1.0049,  ..., 1.0215, 1.0020, 1.0147],
        [1.1091, 1.0859, 1.0433,  ..., 1.0723, 1.0582, 1.0803],
        [1.0914, 1.0919, 1.0520,  ..., 1.0736, 1.0501, 1.0636],
        ...,
        [0.9446, 0.9485, 0.9175,  ..., 0.9443, 0.9282, 0.9271],
        [0.9016, 0.9068, 0.8894,  ..., 0.9113, 0.8829, 0.8890],
        [0.9151, 0.9101, 0.8950,  ..., 0.9201, 0.8753, 0.8724]],
       device='cuda:0')
2022-11-06 14:39:39,253 - RoomAsNodeGNN - INFO - validation y:
2022-11-06 14:39:39,253 - RoomAsNodeGNN - INFO - tensor([[1., 1., 1.,  ..., 1., 1., 1.],
        [1., 1., 1.,  ..., 1., 1., 1.],
        [1., 1., 1.,  ..., 1., 1., 1.],
        ...,
        [1., 1., 1.,  ..., 1., 1., 1.],
        [1., 1., 1.,  ..., 1., 1., 1.],
        [1., 1., 1.,  ..., 1., 1., 1.]], device='cuda:0')
2022-11-06 14:39:39,269 - RoomAsNodeGNN - INFO - 
2022-11-06 14:39:39,284 - RoomAsNodeGNN - INFO - epoch:    3, train_acc: -inf, eval_acc: -inf, train_loss: 0.0161, eval_loss: 0.0123
2022-11-06 14:39:39,284 - RoomAsNodeGNN - INFO - Trained model saved, eval loss: 0.0123
2022-11-06 14:39:39,503 - RoomAsNodeGNN - INFO - validation prediction:
2022-11-06 14:39:39,503 - RoomAsNodeGNN - INFO - tensor([[1.0507, 1.0184, 1.0117,  ..., 1.0253, 1.0165, 1.0224],
        [1.0954, 1.0698, 1.0413,  ..., 1.0675, 1.0625, 1.0797],
        [1.0872, 1.0836, 1.0570,  ..., 1.0747, 1.0661, 1.0708],
        ...,
        [0.9461, 0.9528, 0.9328,  ..., 0.9533, 0.9495, 0.9411],
        [0.9095, 0.9183, 0.9101,  ..., 0.9244, 0.9101, 0.9085],
        [0.9260, 0.9267, 0.9204,  ..., 0.9393, 0.9099, 0.9030]],
       device='cuda:0')
2022-11-06 14:39:39,519 - RoomAsNodeGNN - INFO - validation y:
2022-11-06 14:39:39,519 - RoomAsNodeGNN - INFO - tensor([[1., 1., 1.,  ..., 1., 1., 1.],
        [1., 1., 1.,  ..., 1., 1., 1.],
        [1., 1., 1.,  ..., 1., 1., 1.],
        ...,
        [1., 1., 1.,  ..., 1., 1., 1.],
        [1., 1., 1.,  ..., 1., 1., 1.],
        [1., 1., 1.,  ..., 1., 1., 1.]], device='cuda:0')
2022-11-06 14:39:39,519 - RoomAsNodeGNN - INFO - 
2022-11-06 14:39:39,550 - RoomAsNodeGNN - INFO - epoch:    4, train_acc: -inf, eval_acc: -inf, train_loss: 0.0113, eval_loss: 0.0087
2022-11-06 14:39:39,550 - RoomAsNodeGNN - INFO - Trained model saved, eval loss: 0.0087
2022-11-06 14:39:39,769 - RoomAsNodeGNN - INFO - validation prediction:
2022-11-06 14:39:39,769 - RoomAsNodeGNN - INFO - tensor([[1.0436, 1.0119, 1.0031,  ..., 1.0176, 1.0068, 1.0141],
        [1.0812, 1.0553, 1.0279,  ..., 1.0533, 1.0478, 1.0657],
        [1.0756, 1.0705, 1.0397,  ..., 1.0580, 1.0505, 1.0553],
        ...,
        [0.9537, 0.9611, 0.9451,  ..., 0.9636, 0.9614, 0.9509],
        [0.9153, 0.9237, 0.9173,  ..., 0.9315, 0.9182, 0.9144],
        [0.9338, 0.9393, 0.9359,  ..., 0.9499, 0.9232, 0.9181]],
       device='cuda:0')
2022-11-06 14:39:39,785 - RoomAsNodeGNN - INFO - validation y:
2022-11-06 14:39:39,785 - RoomAsNodeGNN - INFO - tensor([[1., 1., 1.,  ..., 1., 1., 1.],
        [1., 1., 1.,  ..., 1., 1., 1.],
        [1., 1., 1.,  ..., 1., 1., 1.],
        ...,
        [1., 1., 1.,  ..., 1., 1., 1.],
        [1., 1., 1.,  ..., 1., 1., 1.],
        [1., 1., 1.,  ..., 1., 1., 1.]], device='cuda:0')
2022-11-06 14:39:39,785 - RoomAsNodeGNN - INFO - 
2022-11-06 14:39:39,816 - RoomAsNodeGNN - INFO - epoch:    5, train_acc: -inf, eval_acc: -inf, train_loss: 0.0081, eval_loss: 0.0063
2022-11-06 14:39:39,816 - RoomAsNodeGNN - INFO - Trained model saved, eval loss: 0.0063
2022-11-06 14:39:40,034 - RoomAsNodeGNN - INFO - validation prediction:
2022-11-06 14:39:40,034 - RoomAsNodeGNN - INFO - tensor([[1.0262, 0.9928, 0.9863,  ..., 1.0009, 0.9872, 0.9951],
        [1.0563, 1.0278, 1.0051,  ..., 1.0295, 1.0221, 1.0394],
        [1.0526, 1.0437, 1.0156,  ..., 1.0344, 1.0258, 1.0292],
        ...,
        [0.9496, 0.9583, 0.9439,  ..., 0.9610, 0.9571, 0.9475],
        [0.9098, 0.9205, 0.9130,  ..., 0.9254, 0.9117, 0.9094],
        [0.9281, 0.9337, 0.9384,  ..., 0.9461, 0.9205, 0.9171]],
       device='cuda:0')
2022-11-06 14:39:40,034 - RoomAsNodeGNN - INFO - validation y:
2022-11-06 14:39:40,034 - RoomAsNodeGNN - INFO - tensor([[1., 1., 1.,  ..., 1., 1., 1.],
        [1., 1., 1.,  ..., 1., 1., 1.],
        [1., 1., 1.,  ..., 1., 1., 1.],
        ...,
        [1., 1., 1.,  ..., 1., 1., 1.],
        [1., 1., 1.,  ..., 1., 1., 1.],
        [1., 1., 1.,  ..., 1., 1., 1.]], device='cuda:0')
2022-11-06 14:39:40,050 - RoomAsNodeGNN - INFO - 
2022-11-06 14:39:40,081 - RoomAsNodeGNN - INFO - epoch:    6, train_acc: -inf, eval_acc: -inf, train_loss: 0.0059, eval_loss: 0.0046
2022-11-06 14:39:40,081 - RoomAsNodeGNN - INFO - Trained model saved, eval loss: 0.0046
2022-11-06 14:39:40,300 - RoomAsNodeGNN - INFO - validation prediction:
2022-11-06 14:39:40,300 - RoomAsNodeGNN - INFO - tensor([[1.0216, 0.9959, 0.9891,  ..., 1.0011, 0.9915, 0.9959],
        [1.0437, 1.0203, 0.9987,  ..., 1.0211, 1.0168, 1.0295],
        [1.0453, 1.0401, 1.0123,  ..., 1.0307, 1.0258, 1.0247],
        ...,
        [0.9591, 0.9704, 0.9587,  ..., 0.9739, 0.9741, 0.9588],
        [0.9253, 0.9381, 0.9331,  ..., 0.9435, 0.9358, 0.9266],
        [0.9342, 0.9461, 0.9572,  ..., 0.9566, 0.9372, 0.9315]],
       device='cuda:0')
2022-11-06 14:39:40,300 - RoomAsNodeGNN - INFO - validation y:
2022-11-06 14:39:40,300 - RoomAsNodeGNN - INFO - tensor([[1., 1., 1.,  ..., 1., 1., 1.],
        [1., 1., 1.,  ..., 1., 1., 1.],
        [1., 1., 1.,  ..., 1., 1., 1.],
        ...,
        [1., 1., 1.,  ..., 1., 1., 1.],
        [1., 1., 1.,  ..., 1., 1., 1.],
        [1., 1., 1.,  ..., 1., 1., 1.]], device='cuda:0')
2022-11-06 14:39:40,316 - RoomAsNodeGNN - INFO - 
2022-11-06 14:39:40,347 - RoomAsNodeGNN - INFO - epoch:    7, train_acc: -inf, eval_acc: -inf, train_loss: 0.0043, eval_loss: 0.0034
2022-11-06 14:39:40,347 - RoomAsNodeGNN - INFO - Trained model saved, eval loss: 0.0034
2022-11-06 14:39:40,550 - RoomAsNodeGNN - INFO - validation prediction:
2022-11-06 14:39:40,550 - RoomAsNodeGNN - INFO - tensor([[1.0237, 1.0015, 0.9956,  ..., 1.0077, 1.0010, 1.0040],
        [1.0405, 1.0181, 1.0013,  ..., 1.0215, 1.0182, 1.0308],
        [1.0335, 1.0268, 1.0019,  ..., 1.0211, 1.0165, 1.0158],
        ...,
        [0.9752, 0.9877, 0.9768,  ..., 0.9896, 0.9906, 0.9778],
        [0.9469, 0.9599, 0.9544,  ..., 0.9629, 0.9571, 0.9504],
        [0.9446, 0.9559, 0.9677,  ..., 0.9688, 0.9522, 0.9445]],
       device='cuda:0')
2022-11-06 14:39:40,570 - RoomAsNodeGNN - INFO - validation y:
2022-11-06 14:39:40,570 - RoomAsNodeGNN - INFO - tensor([[1., 1., 1.,  ..., 1., 1., 1.],
        [1., 1., 1.,  ..., 1., 1., 1.],
        [1., 1., 1.,  ..., 1., 1., 1.],
        ...,
        [1., 1., 1.,  ..., 1., 1., 1.],
        [1., 1., 1.,  ..., 1., 1., 1.],
        [1., 1., 1.,  ..., 1., 1., 1.]], device='cuda:0')
2022-11-06 14:39:40,570 - RoomAsNodeGNN - INFO - 
2022-11-06 14:39:40,597 - RoomAsNodeGNN - INFO - epoch:    8, train_acc: -inf, eval_acc: -inf, train_loss: 0.0031, eval_loss: 0.0023
2022-11-06 14:39:40,613 - RoomAsNodeGNN - INFO - Trained model saved, eval loss: 0.0023
2022-11-06 14:39:40,816 - RoomAsNodeGNN - INFO - validation prediction:
2022-11-06 14:39:40,816 - RoomAsNodeGNN - INFO - tensor([[1.0288, 1.0127, 1.0077,  ..., 1.0180, 1.0139, 1.0141],
        [1.0395, 1.0216, 1.0085,  ..., 1.0254, 1.0216, 1.0332],
        [1.0308, 1.0280, 1.0056,  ..., 1.0214, 1.0159, 1.0163],
        ...,
        [0.9857, 1.0007, 0.9901,  ..., 1.0009, 1.0023, 0.9899],
        [0.9644, 0.9801, 0.9743,  ..., 0.9804, 0.9768, 0.9706],
        [0.9503, 0.9630, 0.9715,  ..., 0.9756, 0.9615, 0.9497]],
       device='cuda:0')
2022-11-06 14:39:40,831 - RoomAsNodeGNN - INFO - validation y:
2022-11-06 14:39:40,831 - RoomAsNodeGNN - INFO - tensor([[1., 1., 1.,  ..., 1., 1., 1.],
        [1., 1., 1.,  ..., 1., 1., 1.],
        [1., 1., 1.,  ..., 1., 1., 1.],
        ...,
        [1., 1., 1.,  ..., 1., 1., 1.],
        [1., 1., 1.,  ..., 1., 1., 1.],
        [1., 1., 1.,  ..., 1., 1., 1.]], device='cuda:0')
2022-11-06 14:39:40,831 - RoomAsNodeGNN - INFO - 
2022-11-06 14:39:40,862 - RoomAsNodeGNN - INFO - epoch:    9, train_acc: -inf, eval_acc: -inf, train_loss: 0.0021, eval_loss: 0.0015
2022-11-06 14:39:40,862 - RoomAsNodeGNN - INFO - Trained model saved, eval loss: 0.0015
2022-11-06 14:39:41,081 - RoomAsNodeGNN - INFO - validation prediction:
2022-11-06 14:39:41,081 - RoomAsNodeGNN - INFO - tensor([[1.0312, 1.0169, 1.0134,  ..., 1.0219, 1.0194, 1.0209],
        [1.0396, 1.0233, 1.0147,  ..., 1.0273, 1.0242, 1.0371],
        [1.0274, 1.0245, 1.0061,  ..., 1.0178, 1.0129, 1.0159],
        ...,
        [0.9922, 1.0062, 0.9950,  ..., 1.0057, 1.0070, 0.9968],
        [0.9824, 0.9985, 0.9928,  ..., 0.9967, 0.9953, 0.9924],
        [0.9545, 0.9641, 0.9701,  ..., 0.9764, 0.9636, 0.9530]],
       device='cuda:0')
2022-11-06 14:39:41,081 - RoomAsNodeGNN - INFO - validation y:
2022-11-06 14:39:41,081 - RoomAsNodeGNN - INFO - tensor([[1., 1., 1.,  ..., 1., 1., 1.],
        [1., 1., 1.,  ..., 1., 1., 1.],
        [1., 1., 1.,  ..., 1., 1., 1.],
        ...,
        [1., 1., 1.,  ..., 1., 1., 1.],
        [1., 1., 1.,  ..., 1., 1., 1.],
        [1., 1., 1.,  ..., 1., 1., 1.]], device='cuda:0')
2022-11-06 14:39:41,097 - RoomAsNodeGNN - INFO - 
2022-11-06 14:39:41,128 - RoomAsNodeGNN - INFO - epoch:   10, train_acc: -inf, eval_acc: -inf, train_loss: 0.0014, eval_loss: 0.0010
2022-11-06 14:39:41,128 - RoomAsNodeGNN - INFO - Trained model saved, eval loss: 0.0010
2022-11-06 14:39:41,347 - RoomAsNodeGNN - INFO - validation prediction:
2022-11-06 14:39:41,347 - RoomAsNodeGNN - INFO - tensor([[1.0273, 1.0153, 1.0103,  ..., 1.0209, 1.0176, 1.0176],
        [1.0300, 1.0157, 1.0074,  ..., 1.0205, 1.0156, 1.0263],
        [1.0189, 1.0174, 1.0006,  ..., 1.0122, 1.0066, 1.0079],
        ...,
        [0.9884, 1.0017, 0.9898,  ..., 1.0023, 1.0010, 0.9914],
        [0.9852, 1.0011, 0.9940,  ..., 0.9998, 0.9964, 0.9954],
        [0.9625, 0.9712, 0.9746,  ..., 0.9832, 0.9713, 0.9602]],
       device='cuda:0')
2022-11-06 14:39:41,347 - RoomAsNodeGNN - INFO - validation y:
2022-11-06 14:39:41,347 - RoomAsNodeGNN - INFO - tensor([[1., 1., 1.,  ..., 1., 1., 1.],
        [1., 1., 1.,  ..., 1., 1., 1.],
        [1., 1., 1.,  ..., 1., 1., 1.],
        ...,
        [1., 1., 1.,  ..., 1., 1., 1.],
        [1., 1., 1.,  ..., 1., 1., 1.],
        [1., 1., 1.,  ..., 1., 1., 1.]], device='cuda:0')
2022-11-06 14:39:41,362 - RoomAsNodeGNN - INFO - 
2022-11-06 14:39:41,394 - RoomAsNodeGNN - INFO - epoch:   11, train_acc: -inf, eval_acc: -inf, train_loss: 0.0010, eval_loss: 0.0007
2022-11-06 14:39:41,394 - RoomAsNodeGNN - INFO - Trained model saved, eval loss: 0.0007
2022-11-06 14:39:41,612 - RoomAsNodeGNN - INFO - validation prediction:
2022-11-06 14:39:41,612 - RoomAsNodeGNN - INFO - tensor([[1.0268, 1.0149, 1.0091,  ..., 1.0200, 1.0152, 1.0185],
        [1.0267, 1.0124, 1.0056,  ..., 1.0169, 1.0105, 1.0239],
        [1.0154, 1.0144, 0.9997,  ..., 1.0090, 1.0028, 1.0065],
        ...,
        [0.9883, 1.0002, 0.9883,  ..., 1.0006, 0.9974, 0.9914],
        [0.9886, 1.0039, 0.9950,  ..., 1.0013, 0.9960, 0.9996],
        [0.9747, 0.9814, 0.9825,  ..., 0.9918, 0.9803, 0.9731]],
       device='cuda:0')
2022-11-06 14:39:41,612 - RoomAsNodeGNN - INFO - validation y:
2022-11-06 14:39:41,612 - RoomAsNodeGNN - INFO - tensor([[1., 1., 1.,  ..., 1., 1., 1.],
        [1., 1., 1.,  ..., 1., 1., 1.],
        [1., 1., 1.,  ..., 1., 1., 1.],
        ...,
        [1., 1., 1.,  ..., 1., 1., 1.],
        [1., 1., 1.,  ..., 1., 1., 1.],
        [1., 1., 1.,  ..., 1., 1., 1.]], device='cuda:0')
2022-11-06 14:39:41,628 - RoomAsNodeGNN - INFO - 
2022-11-06 14:39:41,659 - RoomAsNodeGNN - INFO - epoch:   12, train_acc: -inf, eval_acc: -inf, train_loss: 0.0008, eval_loss: 0.0006
2022-11-06 14:39:41,659 - RoomAsNodeGNN - INFO - Trained model saved, eval loss: 0.0006
2022-11-06 14:39:41,862 - RoomAsNodeGNN - INFO - validation prediction:
2022-11-06 14:39:41,862 - RoomAsNodeGNN - INFO - tensor([[1.0213, 1.0116, 1.0046,  ..., 1.0163, 1.0109, 1.0141],
        [1.0216, 1.0101, 1.0033,  ..., 1.0139, 1.0068, 1.0202],
        [1.0104, 1.0114, 0.9974,  ..., 1.0058, 0.9991, 1.0030],
        ...,
        [0.9869, 0.9999, 0.9880,  ..., 0.9998, 0.9965, 0.9909],
        [0.9929, 1.0097, 0.9994,  ..., 1.0057, 1.0004, 1.0054],
        [0.9744, 0.9814, 0.9808,  ..., 0.9911, 0.9800, 0.9736]],
       device='cuda:0')
2022-11-06 14:39:41,878 - RoomAsNodeGNN - INFO - validation y:
2022-11-06 14:39:41,878 - RoomAsNodeGNN - INFO - tensor([[1., 1., 1.,  ..., 1., 1., 1.],
        [1., 1., 1.,  ..., 1., 1., 1.],
        [1., 1., 1.,  ..., 1., 1., 1.],
        ...,
        [1., 1., 1.,  ..., 1., 1., 1.],
        [1., 1., 1.,  ..., 1., 1., 1.],
        [1., 1., 1.,  ..., 1., 1., 1.]], device='cuda:0')
2022-11-06 14:39:41,878 - RoomAsNodeGNN - INFO - 
2022-11-06 14:39:41,909 - RoomAsNodeGNN - INFO - epoch:   13, train_acc: -inf, eval_acc: -inf, train_loss: 0.0006, eval_loss: 0.0004
2022-11-06 14:39:41,909 - RoomAsNodeGNN - INFO - Trained model saved, eval loss: 0.0004
2022-11-06 14:39:42,128 - RoomAsNodeGNN - INFO - validation prediction:
2022-11-06 14:39:42,128 - RoomAsNodeGNN - INFO - tensor([[1.0231, 1.0159, 1.0074,  ..., 1.0195, 1.0151, 1.0167],
        [1.0231, 1.0146, 1.0070,  ..., 1.0171, 1.0111, 1.0225],
        [1.0158, 1.0199, 1.0056,  ..., 1.0132, 1.0082, 1.0102],
        ...,
        [0.9919, 1.0069, 0.9937,  ..., 1.0057, 1.0034, 0.9964],
        [1.0008, 1.0203, 1.0074,  ..., 1.0144, 1.0106, 1.0141],
        [0.9808, 0.9884, 0.9866,  ..., 0.9971, 0.9879, 0.9810]],
       device='cuda:0')
2022-11-06 14:39:42,144 - RoomAsNodeGNN - INFO - validation y:
2022-11-06 14:39:42,144 - RoomAsNodeGNN - INFO - tensor([[1., 1., 1.,  ..., 1., 1., 1.],
        [1., 1., 1.,  ..., 1., 1., 1.],
        [1., 1., 1.,  ..., 1., 1., 1.],
        ...,
        [1., 1., 1.,  ..., 1., 1., 1.],
        [1., 1., 1.,  ..., 1., 1., 1.],
        [1., 1., 1.,  ..., 1., 1., 1.]], device='cuda:0')
2022-11-06 14:39:42,144 - RoomAsNodeGNN - INFO - 
2022-11-06 14:39:42,180 - RoomAsNodeGNN - INFO - epoch:   14, train_acc: -inf, eval_acc: -inf, train_loss: 0.0005, eval_loss: 0.0004
2022-11-06 14:39:42,180 - RoomAsNodeGNN - INFO - Trained model saved, eval loss: 0.0004
2022-11-06 14:39:42,394 - RoomAsNodeGNN - INFO - validation prediction:
2022-11-06 14:39:42,394 - RoomAsNodeGNN - INFO - tensor([[1.0178, 1.0109, 1.0015,  ..., 1.0150, 1.0094, 1.0101],
        [1.0175, 1.0095, 1.0021,  ..., 1.0124, 1.0058, 1.0153],
        [1.0082, 1.0123, 0.9987,  ..., 1.0068, 1.0013, 1.0011],
        ...,
        [0.9928, 1.0072, 0.9939,  ..., 1.0064, 1.0033, 0.9962],
        [1.0019, 1.0209, 1.0071,  ..., 1.0149, 1.0106, 1.0138],
        [0.9828, 0.9901, 0.9868,  ..., 0.9987, 0.9894, 0.9825]],
       device='cuda:0')
2022-11-06 14:39:42,394 - RoomAsNodeGNN - INFO - validation y:
2022-11-06 14:39:42,394 - RoomAsNodeGNN - INFO - tensor([[1., 1., 1.,  ..., 1., 1., 1.],
        [1., 1., 1.,  ..., 1., 1., 1.],
        [1., 1., 1.,  ..., 1., 1., 1.],
        ...,
        [1., 1., 1.,  ..., 1., 1., 1.],
        [1., 1., 1.,  ..., 1., 1., 1.],
        [1., 1., 1.,  ..., 1., 1., 1.]], device='cuda:0')
2022-11-06 14:39:42,409 - RoomAsNodeGNN - INFO - 
2022-11-06 14:39:42,441 - RoomAsNodeGNN - INFO - epoch:   15, train_acc: -inf, eval_acc: -inf, train_loss: 0.0004, eval_loss: 0.0003
2022-11-06 14:39:42,441 - RoomAsNodeGNN - INFO - Trained model saved, eval loss: 0.0003
2022-11-06 14:39:42,649 - RoomAsNodeGNN - INFO - validation prediction:
2022-11-06 14:39:42,649 - RoomAsNodeGNN - INFO - tensor([[1.0145, 1.0069, 0.9955,  ..., 1.0110, 1.0038, 1.0045],
        [1.0117, 1.0028, 0.9940,  ..., 1.0060, 0.9978, 1.0066],
        [1.0061, 1.0097, 0.9944,  ..., 1.0045, 0.9975, 0.9967],
        ...,
        [0.9906, 1.0037, 0.9885,  ..., 1.0031, 0.9981, 0.9916],
        [1.0014, 1.0196, 1.0029,  ..., 1.0133, 1.0074, 1.0107],
        [0.9851, 0.9906, 0.9856,  ..., 0.9992, 0.9891, 0.9834]],
       device='cuda:0')
2022-11-06 14:39:42,659 - RoomAsNodeGNN - INFO - validation y:
2022-11-06 14:39:42,659 - RoomAsNodeGNN - INFO - tensor([[1., 1., 1.,  ..., 1., 1., 1.],
        [1., 1., 1.,  ..., 1., 1., 1.],
        [1., 1., 1.,  ..., 1., 1., 1.],
        ...,
        [1., 1., 1.,  ..., 1., 1., 1.],
        [1., 1., 1.,  ..., 1., 1., 1.],
        [1., 1., 1.,  ..., 1., 1., 1.]], device='cuda:0')
2022-11-06 14:39:42,675 - RoomAsNodeGNN - INFO - 
2022-11-06 14:39:42,706 - RoomAsNodeGNN - INFO - epoch:   16, train_acc: -inf, eval_acc: -inf, train_loss: 0.0003, eval_loss: 0.0002
2022-11-06 14:39:42,706 - RoomAsNodeGNN - INFO - Trained model saved, eval loss: 0.0002
2022-11-06 14:39:42,909 - RoomAsNodeGNN - INFO - validation prediction:
2022-11-06 14:39:42,909 - RoomAsNodeGNN - INFO - tensor([[1.0086, 1.0017, 0.9935,  ..., 1.0067, 1.0015, 1.0010],
        [1.0051, 0.9969, 0.9919,  ..., 1.0009, 0.9949, 1.0018],
        [0.9982, 1.0025, 0.9910,  ..., 0.9986, 0.9936, 0.9907],
        ...,
        [0.9876, 1.0011, 0.9891,  ..., 1.0010, 0.9974, 0.9909],
        [0.9980, 1.0171, 1.0026,  ..., 1.0109, 1.0064, 1.0095],
        [0.9854, 0.9909, 0.9890,  ..., 1.0003, 0.9926, 0.9868]],
       device='cuda:0')
2022-11-06 14:39:42,909 - RoomAsNodeGNN - INFO - validation y:
2022-11-06 14:39:42,909 - RoomAsNodeGNN - INFO - tensor([[1., 1., 1.,  ..., 1., 1., 1.],
        [1., 1., 1.,  ..., 1., 1., 1.],
        [1., 1., 1.,  ..., 1., 1., 1.],
        ...,
        [1., 1., 1.,  ..., 1., 1., 1.],
        [1., 1., 1.,  ..., 1., 1., 1.],
        [1., 1., 1.,  ..., 1., 1., 1.]], device='cuda:0')
2022-11-06 14:39:42,925 - RoomAsNodeGNN - INFO - 
2022-11-06 14:39:42,956 - RoomAsNodeGNN - INFO - epoch:   17, train_acc: -inf, eval_acc: -inf, train_loss: 0.0002, eval_loss: 0.0002
2022-11-06 14:39:42,956 - RoomAsNodeGNN - INFO - Trained model saved, eval loss: 0.0002
2022-11-06 14:39:43,159 - RoomAsNodeGNN - INFO - validation prediction:
2022-11-06 14:39:43,159 - RoomAsNodeGNN - INFO - tensor([[1.0065, 1.0005, 0.9913,  ..., 1.0040, 0.9983, 0.9982],
        [1.0026, 0.9951, 0.9894,  ..., 0.9976, 0.9914, 0.9980],
        [0.9955, 0.9997, 0.9881,  ..., 0.9953, 0.9898, 0.9869],
        ...,
        [0.9891, 1.0029, 0.9900,  ..., 1.0013, 0.9974, 0.9919],
        [1.0006, 1.0197, 1.0037,  ..., 1.0120, 1.0075, 1.0112],
        [0.9878, 0.9938, 0.9915,  ..., 1.0015, 0.9941, 0.9896]],
       device='cuda:0')
2022-11-06 14:39:43,175 - RoomAsNodeGNN - INFO - validation y:
2022-11-06 14:39:43,175 - RoomAsNodeGNN - INFO - tensor([[1., 1., 1.,  ..., 1., 1., 1.],
        [1., 1., 1.,  ..., 1., 1., 1.],
        [1., 1., 1.,  ..., 1., 1., 1.],
        ...,
        [1., 1., 1.,  ..., 1., 1., 1.],
        [1., 1., 1.,  ..., 1., 1., 1.],
        [1., 1., 1.,  ..., 1., 1., 1.]], device='cuda:0')
2022-11-06 14:39:43,191 - RoomAsNodeGNN - INFO - 
2022-11-06 14:39:43,206 - RoomAsNodeGNN - INFO - epoch:   18, train_acc: -inf, eval_acc: -inf, train_loss: 0.0002, eval_loss: 0.0002
2022-11-06 14:39:43,206 - RoomAsNodeGNN - INFO - Trained model saved, eval loss: 0.0002
2022-11-06 14:39:43,425 - RoomAsNodeGNN - INFO - validation prediction:
2022-11-06 14:39:43,425 - RoomAsNodeGNN - INFO - tensor([[1.0042, 0.9972, 0.9880,  ..., 1.0020, 0.9950, 0.9946],
        [1.0004, 0.9916, 0.9865,  ..., 0.9957, 0.9884, 0.9941],
        [0.9948, 0.9981, 0.9872,  ..., 0.9951, 0.9889, 0.9853],
        ...,
        [0.9899, 1.0021, 0.9895,  ..., 1.0018, 0.9967, 0.9916],
        [1.0028, 1.0203, 1.0042,  ..., 1.0138, 1.0082, 1.0121],
        [0.9876, 0.9930, 0.9903,  ..., 1.0014, 0.9933, 0.9887]],
       device='cuda:0')
2022-11-06 14:39:43,425 - RoomAsNodeGNN - INFO - validation y:
2022-11-06 14:39:43,425 - RoomAsNodeGNN - INFO - tensor([[1., 1., 1.,  ..., 1., 1., 1.],
        [1., 1., 1.,  ..., 1., 1., 1.],
        [1., 1., 1.,  ..., 1., 1., 1.],
        ...,
        [1., 1., 1.,  ..., 1., 1., 1.],
        [1., 1., 1.,  ..., 1., 1., 1.],
        [1., 1., 1.,  ..., 1., 1., 1.]], device='cuda:0')
2022-11-06 14:39:43,441 - RoomAsNodeGNN - INFO - 
2022-11-06 14:39:43,472 - RoomAsNodeGNN - INFO - epoch:   19, train_acc: -inf, eval_acc: -inf, train_loss: 0.0002, eval_loss: 0.0002
2022-11-06 14:39:43,472 - RoomAsNodeGNN - INFO - Trained model saved, eval loss: 0.0002
2022-11-06 14:39:43,691 - RoomAsNodeGNN - INFO - validation prediction:
2022-11-06 14:39:43,691 - RoomAsNodeGNN - INFO - tensor([[1.0034, 0.9968, 0.9873,  ..., 1.0007, 0.9948, 0.9943],
        [0.9996, 0.9911, 0.9857,  ..., 0.9941, 0.9884, 0.9934],
        [0.9933, 0.9968, 0.9857,  ..., 0.9930, 0.9881, 0.9839],
        ...,
        [0.9894, 1.0015, 0.9885,  ..., 1.0003, 0.9960, 0.9912],
        [1.0017, 1.0190, 1.0018,  ..., 1.0116, 1.0068, 1.0105],
        [0.9893, 0.9943, 0.9919,  ..., 1.0021, 0.9951, 0.9911]],
       device='cuda:0')
2022-11-06 14:39:43,691 - RoomAsNodeGNN - INFO - validation y:
2022-11-06 14:39:43,691 - RoomAsNodeGNN - INFO - tensor([[1., 1., 1.,  ..., 1., 1., 1.],
        [1., 1., 1.,  ..., 1., 1., 1.],
        [1., 1., 1.,  ..., 1., 1., 1.],
        ...,
        [1., 1., 1.,  ..., 1., 1., 1.],
        [1., 1., 1.,  ..., 1., 1., 1.],
        [1., 1., 1.,  ..., 1., 1., 1.]], device='cuda:0')
2022-11-06 14:39:43,706 - RoomAsNodeGNN - INFO - 
2022-11-06 14:39:43,737 - RoomAsNodeGNN - INFO - epoch:   20, train_acc: -inf, eval_acc: -inf, train_loss: 0.0002, eval_loss: 0.0001
2022-11-06 14:39:43,737 - RoomAsNodeGNN - INFO - Trained model saved, eval loss: 0.0001
2022-11-06 14:39:43,941 - RoomAsNodeGNN - INFO - validation prediction:
2022-11-06 14:39:43,941 - RoomAsNodeGNN - INFO - tensor([[1.0001, 0.9930, 0.9855,  ..., 0.9980, 0.9924, 0.9919],
        [0.9967, 0.9875, 0.9845,  ..., 0.9917, 0.9866, 0.9913],
        [0.9887, 0.9908, 0.9824,  ..., 0.9889, 0.9843, 0.9798],
        ...,
        [0.9885, 0.9994, 0.9887,  ..., 0.9995, 0.9955, 0.9913],
        [1.0005, 1.0163, 1.0013,  ..., 1.0104, 1.0059, 1.0100],
        [0.9882, 0.9928, 0.9917,  ..., 1.0013, 0.9946, 0.9908]],
       device='cuda:0')
2022-11-06 14:39:43,956 - RoomAsNodeGNN - INFO - validation y:
2022-11-06 14:39:43,956 - RoomAsNodeGNN - INFO - tensor([[1., 1., 1.,  ..., 1., 1., 1.],
        [1., 1., 1.,  ..., 1., 1., 1.],
        [1., 1., 1.,  ..., 1., 1., 1.],
        ...,
        [1., 1., 1.,  ..., 1., 1., 1.],
        [1., 1., 1.,  ..., 1., 1., 1.],
        [1., 1., 1.,  ..., 1., 1., 1.]], device='cuda:0')
2022-11-06 14:39:43,956 - RoomAsNodeGNN - INFO - 
2022-11-06 14:39:43,987 - RoomAsNodeGNN - INFO - epoch:   21, train_acc: -inf, eval_acc: -inf, train_loss: 0.0001, eval_loss: 0.0001
2022-11-06 14:39:43,987 - RoomAsNodeGNN - INFO - Trained model saved, eval loss: 0.0001
2022-11-06 14:39:44,206 - RoomAsNodeGNN - INFO - validation prediction:
2022-11-06 14:39:44,206 - RoomAsNodeGNN - INFO - tensor([[1.0015, 0.9946, 0.9868,  ..., 0.9995, 0.9930, 0.9932],
        [0.9988, 0.9899, 0.9865,  ..., 0.9937, 0.9881, 0.9932],
        [0.9917, 0.9942, 0.9854,  ..., 0.9921, 0.9869, 0.9830],
        ...,
        [0.9912, 1.0018, 0.9909,  ..., 1.0015, 0.9967, 0.9939],
        [1.0037, 1.0192, 1.0037,  ..., 1.0131, 1.0078, 1.0131],
        [0.9898, 0.9937, 0.9924,  ..., 1.0024, 0.9949, 0.9917]],
       device='cuda:0')
2022-11-06 14:39:44,206 - RoomAsNodeGNN - INFO - validation y:
2022-11-06 14:39:44,206 - RoomAsNodeGNN - INFO - tensor([[1., 1., 1.,  ..., 1., 1., 1.],
        [1., 1., 1.,  ..., 1., 1., 1.],
        [1., 1., 1.,  ..., 1., 1., 1.],
        ...,
        [1., 1., 1.,  ..., 1., 1., 1.],
        [1., 1., 1.,  ..., 1., 1., 1.],
        [1., 1., 1.,  ..., 1., 1., 1.]], device='cuda:0')
2022-11-06 14:39:44,222 - RoomAsNodeGNN - INFO - 
2022-11-06 14:39:44,253 - RoomAsNodeGNN - INFO - epoch:   22, train_acc: -inf, eval_acc: -inf, train_loss: 0.0001, eval_loss: 0.0001
2022-11-06 14:39:44,253 - RoomAsNodeGNN - INFO - Trained model saved, eval loss: 0.0001
2022-11-06 14:39:44,456 - RoomAsNodeGNN - INFO - validation prediction:
2022-11-06 14:39:44,456 - RoomAsNodeGNN - INFO - tensor([[1.0001, 0.9938, 0.9854,  ..., 0.9977, 0.9926, 0.9923],
        [0.9971, 0.9887, 0.9845,  ..., 0.9915, 0.9873, 0.9914],
        [0.9922, 0.9946, 0.9854,  ..., 0.9917, 0.9881, 0.9837],
        ...,
        [0.9895, 1.0001, 0.9885,  ..., 0.9988, 0.9951, 0.9920],
        [1.0028, 1.0179, 1.0015,  ..., 1.0107, 1.0067, 1.0116],
        [0.9894, 0.9937, 0.9917,  ..., 1.0015, 0.9955, 0.9918]],
       device='cuda:0')
2022-11-06 14:39:44,472 - RoomAsNodeGNN - INFO - validation y:
2022-11-06 14:39:44,472 - RoomAsNodeGNN - INFO - tensor([[1., 1., 1.,  ..., 1., 1., 1.],
        [1., 1., 1.,  ..., 1., 1., 1.],
        [1., 1., 1.,  ..., 1., 1., 1.],
        ...,
        [1., 1., 1.,  ..., 1., 1., 1.],
        [1., 1., 1.,  ..., 1., 1., 1.],
        [1., 1., 1.,  ..., 1., 1., 1.]], device='cuda:0')
2022-11-06 14:39:44,488 - RoomAsNodeGNN - INFO - 
2022-11-06 14:39:44,503 - RoomAsNodeGNN - INFO - epoch:   23, train_acc: -inf, eval_acc: -inf, train_loss: 0.0001, eval_loss: 0.0001
2022-11-06 14:39:44,503 - RoomAsNodeGNN - INFO - Trained model saved, eval loss: 0.0001
2022-11-06 14:39:44,722 - RoomAsNodeGNN - INFO - validation prediction:
2022-11-06 14:39:44,722 - RoomAsNodeGNN - INFO - tensor([[1.0008, 0.9938, 0.9876,  ..., 0.9982, 0.9923, 0.9939],
        [0.9980, 0.9887, 0.9870,  ..., 0.9921, 0.9874, 0.9932],
        [0.9912, 0.9926, 0.9858,  ..., 0.9905, 0.9861, 0.9835],
        ...,
        [0.9901, 0.9993, 0.9906,  ..., 0.9989, 0.9947, 0.9936],
        [1.0018, 1.0154, 1.0020,  ..., 1.0095, 1.0050, 1.0114],
        [0.9916, 0.9948, 0.9946,  ..., 1.0029, 0.9963, 0.9944]],
       device='cuda:0')
2022-11-06 14:39:44,722 - RoomAsNodeGNN - INFO - validation y:
2022-11-06 14:39:44,722 - RoomAsNodeGNN - INFO - tensor([[1., 1., 1.,  ..., 1., 1., 1.],
        [1., 1., 1.,  ..., 1., 1., 1.],
        [1., 1., 1.,  ..., 1., 1., 1.],
        ...,
        [1., 1., 1.,  ..., 1., 1., 1.],
        [1., 1., 1.,  ..., 1., 1., 1.],
        [1., 1., 1.,  ..., 1., 1., 1.]], device='cuda:0')
2022-11-06 14:39:44,737 - RoomAsNodeGNN - INFO - 
2022-11-06 14:39:44,769 - RoomAsNodeGNN - INFO - epoch:   24, train_acc: -inf, eval_acc: -inf, train_loss: 0.0001, eval_loss: 0.0001
2022-11-06 14:39:44,769 - RoomAsNodeGNN - INFO - Trained model saved, eval loss: 0.0001
2022-11-06 14:39:44,987 - RoomAsNodeGNN - INFO - validation prediction:
2022-11-06 14:39:44,987 - RoomAsNodeGNN - INFO - tensor([[1.0035, 0.9981, 0.9918,  ..., 1.0020, 0.9978, 0.9975],
        [1.0011, 0.9934, 0.9915,  ..., 0.9962, 0.9935, 0.9971],
        [0.9949, 0.9977, 0.9906,  ..., 0.9950, 0.9927, 0.9880],
        ...,
        [0.9923, 1.0025, 0.9938,  ..., 1.0015, 0.9986, 0.9963],
        [1.0041, 1.0185, 1.0049,  ..., 1.0118, 1.0087, 1.0138],
        [0.9937, 0.9977, 0.9976,  ..., 1.0057, 1.0010, 0.9969]],
       device='cuda:0')
2022-11-06 14:39:44,987 - RoomAsNodeGNN - INFO - validation y:
2022-11-06 14:39:44,987 - RoomAsNodeGNN - INFO - tensor([[1., 1., 1.,  ..., 1., 1., 1.],
        [1., 1., 1.,  ..., 1., 1., 1.],
        [1., 1., 1.,  ..., 1., 1., 1.],
        ...,
        [1., 1., 1.,  ..., 1., 1., 1.],
        [1., 1., 1.,  ..., 1., 1., 1.],
        [1., 1., 1.,  ..., 1., 1., 1.]], device='cuda:0')
2022-11-06 14:39:45,003 - RoomAsNodeGNN - INFO - 
2022-11-06 14:39:45,034 - RoomAsNodeGNN - INFO - epoch:   25, train_acc: -inf, eval_acc: -inf, train_loss: 0.0001, eval_loss: 0.0001
2022-11-06 14:39:45,034 - RoomAsNodeGNN - INFO - Trained model saved, eval loss: 0.0001
2022-11-06 14:39:45,237 - RoomAsNodeGNN - INFO - validation prediction:
2022-11-06 14:39:45,237 - RoomAsNodeGNN - INFO - tensor([[1.0016, 0.9953, 0.9890,  ..., 0.9997, 0.9953, 0.9945],
        [0.9992, 0.9905, 0.9884,  ..., 0.9937, 0.9909, 0.9936],
        [0.9934, 0.9949, 0.9883,  ..., 0.9928, 0.9906, 0.9855],
        ...,
        [0.9914, 1.0002, 0.9915,  ..., 0.9996, 0.9965, 0.9940],
        [1.0032, 1.0161, 1.0026,  ..., 1.0100, 1.0068, 1.0115],
        [0.9924, 0.9950, 0.9949,  ..., 1.0036, 0.9987, 0.9942]],
       device='cuda:0')
2022-11-06 14:39:45,253 - RoomAsNodeGNN - INFO - validation y:
2022-11-06 14:39:45,253 - RoomAsNodeGNN - INFO - tensor([[1., 1., 1.,  ..., 1., 1., 1.],
        [1., 1., 1.,  ..., 1., 1., 1.],
        [1., 1., 1.,  ..., 1., 1., 1.],
        ...,
        [1., 1., 1.,  ..., 1., 1., 1.],
        [1., 1., 1.,  ..., 1., 1., 1.],
        [1., 1., 1.,  ..., 1., 1., 1.]], device='cuda:0')
2022-11-06 14:39:45,253 - RoomAsNodeGNN - INFO - 
2022-11-06 14:39:45,284 - RoomAsNodeGNN - INFO - epoch:   26, train_acc: -inf, eval_acc: -inf, train_loss: 0.0001, eval_loss: 0.0001
2022-11-06 14:39:45,284 - RoomAsNodeGNN - INFO - Trained model saved, eval loss: 0.0001
2022-11-06 14:39:45,503 - RoomAsNodeGNN - INFO - validation prediction:
2022-11-06 14:39:45,503 - RoomAsNodeGNN - INFO - tensor([[0.9998, 0.9935, 0.9874,  ..., 0.9973, 0.9926, 0.9930],
        [0.9969, 0.9879, 0.9860,  ..., 0.9906, 0.9875, 0.9911],
        [0.9930, 0.9938, 0.9873,  ..., 0.9915, 0.9890, 0.9850],
        ...,
        [0.9891, 0.9971, 0.9891,  ..., 0.9963, 0.9929, 0.9918],
        [1.0009, 1.0125, 0.9998,  ..., 1.0066, 1.0032, 1.0089],
        [0.9918, 0.9943, 0.9942,  ..., 1.0021, 0.9972, 0.9938]],
       device='cuda:0')
2022-11-06 14:39:45,503 - RoomAsNodeGNN - INFO - validation y:
2022-11-06 14:39:45,503 - RoomAsNodeGNN - INFO - tensor([[1., 1., 1.,  ..., 1., 1., 1.],
        [1., 1., 1.,  ..., 1., 1., 1.],
        [1., 1., 1.,  ..., 1., 1., 1.],
        ...,
        [1., 1., 1.,  ..., 1., 1., 1.],
        [1., 1., 1.,  ..., 1., 1., 1.],
        [1., 1., 1.,  ..., 1., 1., 1.]], device='cuda:0')
2022-11-06 14:39:45,519 - RoomAsNodeGNN - INFO - 
2022-11-06 14:39:45,550 - RoomAsNodeGNN - INFO - epoch:   27, train_acc: -inf, eval_acc: -inf, train_loss: 0.0001, eval_loss: 0.0001
2022-11-06 14:39:45,753 - RoomAsNodeGNN - INFO - validation prediction:
2022-11-06 14:39:45,753 - RoomAsNodeGNN - INFO - tensor([[0.9993, 0.9939, 0.9875,  ..., 0.9979, 0.9931, 0.9928],
        [0.9964, 0.9886, 0.9861,  ..., 0.9914, 0.9883, 0.9907],
        [0.9927, 0.9944, 0.9874,  ..., 0.9923, 0.9899, 0.9850],
        ...,
        [0.9888, 0.9973, 0.9888,  ..., 0.9965, 0.9927, 0.9913],
        [1.0009, 1.0133, 0.9998,  ..., 1.0071, 1.0035, 1.0085],
        [0.9908, 0.9934, 0.9934,  ..., 1.0018, 0.9970, 0.9928]],
       device='cuda:0')
2022-11-06 14:39:45,769 - RoomAsNodeGNN - INFO - validation y:
2022-11-06 14:39:45,769 - RoomAsNodeGNN - INFO - tensor([[1., 1., 1.,  ..., 1., 1., 1.],
        [1., 1., 1.,  ..., 1., 1., 1.],
        [1., 1., 1.,  ..., 1., 1., 1.],
        ...,
        [1., 1., 1.,  ..., 1., 1., 1.],
        [1., 1., 1.,  ..., 1., 1., 1.],
        [1., 1., 1.,  ..., 1., 1., 1.]], device='cuda:0')
2022-11-06 14:39:45,769 - RoomAsNodeGNN - INFO - 
2022-11-06 14:39:45,800 - RoomAsNodeGNN - INFO - epoch:   28, train_acc: -inf, eval_acc: -inf, train_loss: 0.0001, eval_loss: 0.0001
2022-11-06 14:39:46,003 - RoomAsNodeGNN - INFO - validation prediction:
2022-11-06 14:39:46,003 - RoomAsNodeGNN - INFO - tensor([[0.9999, 0.9950, 0.9884,  ..., 0.9978, 0.9934, 0.9941],
        [0.9982, 0.9911, 0.9884,  ..., 0.9926, 0.9902, 0.9935],
        [0.9929, 0.9946, 0.9879,  ..., 0.9916, 0.9898, 0.9861],
        ...,
        [0.9920, 1.0008, 0.9924,  ..., 0.9987, 0.9959, 0.9958],
        [1.0036, 1.0158, 1.0027,  ..., 1.0088, 1.0061, 1.0124],
        [0.9908, 0.9938, 0.9930,  ..., 1.0007, 0.9963, 0.9928]],
       device='cuda:0')
2022-11-06 14:39:46,019 - RoomAsNodeGNN - INFO - validation y:
2022-11-06 14:39:46,019 - RoomAsNodeGNN - INFO - tensor([[1., 1., 1.,  ..., 1., 1., 1.],
        [1., 1., 1.,  ..., 1., 1., 1.],
        [1., 1., 1.,  ..., 1., 1., 1.],
        ...,
        [1., 1., 1.,  ..., 1., 1., 1.],
        [1., 1., 1.,  ..., 1., 1., 1.],
        [1., 1., 1.,  ..., 1., 1., 1.]], device='cuda:0')
2022-11-06 14:39:46,019 - RoomAsNodeGNN - INFO - 
2022-11-06 14:39:46,050 - RoomAsNodeGNN - INFO - epoch:   29, train_acc: -inf, eval_acc: -inf, train_loss: 0.0001, eval_loss: 0.0001
2022-11-06 14:39:46,050 - RoomAsNodeGNN - INFO - Trained model saved, eval loss: 0.0001
2022-11-06 14:39:46,269 - RoomAsNodeGNN - INFO - validation prediction:
2022-11-06 14:39:46,269 - RoomAsNodeGNN - INFO - tensor([[1.0027, 0.9973, 0.9919,  ..., 1.0014, 0.9970, 0.9970],
        [1.0010, 0.9932, 0.9916,  ..., 0.9960, 0.9936, 0.9962],
        [0.9968, 0.9977, 0.9920,  ..., 0.9959, 0.9940, 0.9901],
        ...,
        [0.9925, 1.0000, 0.9932,  ..., 0.9994, 0.9963, 0.9960],
        [1.0035, 1.0142, 1.0030,  ..., 1.0088, 1.0058, 1.0119],
        [0.9933, 0.9955, 0.9957,  ..., 1.0037, 0.9998, 0.9948]],
       device='cuda:0')
2022-11-06 14:39:46,269 - RoomAsNodeGNN - INFO - validation y:
2022-11-06 14:39:46,269 - RoomAsNodeGNN - INFO - tensor([[1., 1., 1.,  ..., 1., 1., 1.],
        [1., 1., 1.,  ..., 1., 1., 1.],
        [1., 1., 1.,  ..., 1., 1., 1.],
        ...,
        [1., 1., 1.,  ..., 1., 1., 1.],
        [1., 1., 1.,  ..., 1., 1., 1.],
        [1., 1., 1.,  ..., 1., 1., 1.]], device='cuda:0')
2022-11-06 14:39:46,284 - RoomAsNodeGNN - INFO - 
2022-11-06 14:39:46,316 - RoomAsNodeGNN - INFO - epoch:   30, train_acc: -inf, eval_acc: -inf, train_loss: 0.0001, eval_loss: 0.0001
2022-11-06 14:39:46,316 - RoomAsNodeGNN - INFO - Trained model saved, eval loss: 0.0001
2022-11-06 14:39:46,534 - RoomAsNodeGNN - INFO - validation prediction:
2022-11-06 14:39:46,534 - RoomAsNodeGNN - INFO - tensor([[0.9992, 0.9939, 0.9887,  ..., 0.9976, 0.9938, 0.9933],
        [0.9973, 0.9897, 0.9881,  ..., 0.9921, 0.9904, 0.9922],
        [0.9930, 0.9939, 0.9884,  ..., 0.9918, 0.9908, 0.9862],
        ...,
        [0.9910, 0.9982, 0.9915,  ..., 0.9971, 0.9946, 0.9941],
        [1.0024, 1.0128, 1.0015,  ..., 1.0070, 1.0047, 1.0102],
        [0.9905, 0.9924, 0.9929,  ..., 1.0000, 0.9968, 0.9918]],
       device='cuda:0')
2022-11-06 14:39:46,534 - RoomAsNodeGNN - INFO - validation y:
2022-11-06 14:39:46,534 - RoomAsNodeGNN - INFO - tensor([[1., 1., 1.,  ..., 1., 1., 1.],
        [1., 1., 1.,  ..., 1., 1., 1.],
        [1., 1., 1.,  ..., 1., 1., 1.],
        ...,
        [1., 1., 1.,  ..., 1., 1., 1.],
        [1., 1., 1.,  ..., 1., 1., 1.],
        [1., 1., 1.,  ..., 1., 1., 1.]], device='cuda:0')
2022-11-06 14:39:46,550 - RoomAsNodeGNN - INFO - 
2022-11-06 14:39:46,581 - RoomAsNodeGNN - INFO - epoch:   31, train_acc: -inf, eval_acc: -inf, train_loss: 0.0001, eval_loss: 0.0001
2022-11-06 14:39:46,581 - RoomAsNodeGNN - INFO - Trained model saved, eval loss: 0.0001
2022-11-06 14:39:46,784 - RoomAsNodeGNN - INFO - validation prediction:
2022-11-06 14:39:46,784 - RoomAsNodeGNN - INFO - tensor([[1.0024, 0.9962, 0.9908,  ..., 1.0007, 0.9965, 0.9958],
        [1.0003, 0.9919, 0.9899,  ..., 0.9950, 0.9930, 0.9943],
        [0.9959, 0.9956, 0.9899,  ..., 0.9943, 0.9930, 0.9883],
        ...,
        [0.9929, 0.9990, 0.9922,  ..., 0.9985, 0.9954, 0.9952],
        [1.0036, 1.0126, 1.0013,  ..., 1.0074, 1.0047, 1.0102],
        [0.9941, 0.9950, 0.9951,  ..., 1.0033, 0.9999, 0.9944]],
       device='cuda:0')
2022-11-06 14:39:46,800 - RoomAsNodeGNN - INFO - validation y:
2022-11-06 14:39:46,800 - RoomAsNodeGNN - INFO - tensor([[1., 1., 1.,  ..., 1., 1., 1.],
        [1., 1., 1.,  ..., 1., 1., 1.],
        [1., 1., 1.,  ..., 1., 1., 1.],
        ...,
        [1., 1., 1.,  ..., 1., 1., 1.],
        [1., 1., 1.,  ..., 1., 1., 1.],
        [1., 1., 1.,  ..., 1., 1., 1.]], device='cuda:0')
2022-11-06 14:39:46,800 - RoomAsNodeGNN - INFO - 
2022-11-06 14:39:46,831 - RoomAsNodeGNN - INFO - epoch:   32, train_acc: -inf, eval_acc: -inf, train_loss: 0.0001, eval_loss: 0.0001
2022-11-06 14:39:46,831 - RoomAsNodeGNN - INFO - Trained model saved, eval loss: 0.0001
2022-11-06 14:39:47,050 - RoomAsNodeGNN - INFO - validation prediction:
2022-11-06 14:39:47,050 - RoomAsNodeGNN - INFO - tensor([[1.0008, 0.9958, 0.9910,  ..., 1.0001, 0.9958, 0.9953],
        [0.9990, 0.9916, 0.9902,  ..., 0.9947, 0.9927, 0.9938],
        [0.9948, 0.9948, 0.9900,  ..., 0.9938, 0.9923, 0.9878],
        ...,
        [0.9927, 0.9992, 0.9932,  ..., 0.9987, 0.9956, 0.9957],
        [1.0036, 1.0124, 1.0023,  ..., 1.0076, 1.0048, 1.0105],
        [0.9928, 0.9948, 0.9951,  ..., 1.0025, 0.9994, 0.9940]],
       device='cuda:0')
2022-11-06 14:39:47,050 - RoomAsNodeGNN - INFO - validation y:
2022-11-06 14:39:47,050 - RoomAsNodeGNN - INFO - tensor([[1., 1., 1.,  ..., 1., 1., 1.],
        [1., 1., 1.,  ..., 1., 1., 1.],
        [1., 1., 1.,  ..., 1., 1., 1.],
        ...,
        [1., 1., 1.,  ..., 1., 1., 1.],
        [1., 1., 1.,  ..., 1., 1., 1.],
        [1., 1., 1.,  ..., 1., 1., 1.]], device='cuda:0')
2022-11-06 14:39:47,066 - RoomAsNodeGNN - INFO - 
2022-11-06 14:39:47,097 - RoomAsNodeGNN - INFO - epoch:   33, train_acc: -inf, eval_acc: -inf, train_loss: 0.0001, eval_loss: 0.0001
2022-11-06 14:39:47,097 - RoomAsNodeGNN - INFO - Trained model saved, eval loss: 0.0001
2022-11-06 14:39:47,316 - RoomAsNodeGNN - INFO - validation prediction:
2022-11-06 14:39:47,316 - RoomAsNodeGNN - INFO - tensor([[0.9996, 0.9954, 0.9905,  ..., 0.9993, 0.9961, 0.9938],
        [0.9980, 0.9916, 0.9899,  ..., 0.9941, 0.9932, 0.9926],
        [0.9946, 0.9957, 0.9906,  ..., 0.9940, 0.9936, 0.9879],
        ...,
        [0.9928, 0.9997, 0.9936,  ..., 0.9987, 0.9967, 0.9956],
        [1.0044, 1.0139, 1.0035,  ..., 1.0084, 1.0068, 1.0112],
        [0.9908, 0.9929, 0.9934,  ..., 1.0006, 0.9985, 0.9913]],
       device='cuda:0')
2022-11-06 14:39:47,316 - RoomAsNodeGNN - INFO - validation y:
2022-11-06 14:39:47,316 - RoomAsNodeGNN - INFO - tensor([[1., 1., 1.,  ..., 1., 1., 1.],
        [1., 1., 1.,  ..., 1., 1., 1.],
        [1., 1., 1.,  ..., 1., 1., 1.],
        ...,
        [1., 1., 1.,  ..., 1., 1., 1.],
        [1., 1., 1.,  ..., 1., 1., 1.],
        [1., 1., 1.,  ..., 1., 1., 1.]], device='cuda:0')
2022-11-06 14:39:47,331 - RoomAsNodeGNN - INFO - 
2022-11-06 14:39:47,362 - RoomAsNodeGNN - INFO - epoch:   34, train_acc: -inf, eval_acc: -inf, train_loss: 0.0001, eval_loss: 0.0001
2022-11-06 14:39:47,362 - RoomAsNodeGNN - INFO - Trained model saved, eval loss: 0.0001
2022-11-06 14:39:47,566 - RoomAsNodeGNN - INFO - validation prediction:
2022-11-06 14:39:47,566 - RoomAsNodeGNN - INFO - tensor([[1.0018, 0.9971, 0.9925,  ..., 1.0004, 0.9974, 0.9961],
        [1.0001, 0.9932, 0.9917,  ..., 0.9952, 0.9946, 0.9946],
        [0.9973, 0.9977, 0.9928,  ..., 0.9956, 0.9957, 0.9906],
        ...,
        [0.9941, 1.0001, 0.9946,  ..., 0.9987, 0.9969, 0.9967],
        [1.0051, 1.0135, 1.0040,  ..., 1.0080, 1.0069, 1.0116],
        [0.9934, 0.9949, 0.9954,  ..., 1.0017, 0.9997, 0.9937]],
       device='cuda:0')
2022-11-06 14:39:47,581 - RoomAsNodeGNN - INFO - validation y:
2022-11-06 14:39:47,581 - RoomAsNodeGNN - INFO - tensor([[1., 1., 1.,  ..., 1., 1., 1.],
        [1., 1., 1.,  ..., 1., 1., 1.],
        [1., 1., 1.,  ..., 1., 1., 1.],
        ...,
        [1., 1., 1.,  ..., 1., 1., 1.],
        [1., 1., 1.,  ..., 1., 1., 1.],
        [1., 1., 1.,  ..., 1., 1., 1.]], device='cuda:0')
2022-11-06 14:39:47,581 - RoomAsNodeGNN - INFO - 
2022-11-06 14:39:47,612 - RoomAsNodeGNN - INFO - epoch:   35, train_acc: -inf, eval_acc: -inf, train_loss: 0.0001, eval_loss: 0.0001
2022-11-06 14:39:47,612 - RoomAsNodeGNN - INFO - Trained model saved, eval loss: 0.0001
2022-11-06 14:39:47,831 - RoomAsNodeGNN - INFO - validation prediction:
2022-11-06 14:39:47,831 - RoomAsNodeGNN - INFO - tensor([[1.0015, 0.9977, 0.9934,  ..., 1.0014, 0.9987, 0.9963],
        [0.9999, 0.9938, 0.9927,  ..., 0.9963, 0.9958, 0.9947],
        [0.9969, 0.9975, 0.9932,  ..., 0.9963, 0.9965, 0.9904],
        ...,
        [0.9930, 0.9995, 0.9943,  ..., 0.9984, 0.9965, 0.9958],
        [1.0030, 1.0116, 1.0025,  ..., 1.0068, 1.0051, 1.0093],
        [0.9933, 0.9955, 0.9963,  ..., 1.0025, 1.0014, 0.9940]],
       device='cuda:0')
2022-11-06 14:39:47,831 - RoomAsNodeGNN - INFO - validation y:
2022-11-06 14:39:47,831 - RoomAsNodeGNN - INFO - tensor([[1., 1., 1.,  ..., 1., 1., 1.],
        [1., 1., 1.,  ..., 1., 1., 1.],
        [1., 1., 1.,  ..., 1., 1., 1.],
        ...,
        [1., 1., 1.,  ..., 1., 1., 1.],
        [1., 1., 1.,  ..., 1., 1., 1.],
        [1., 1., 1.,  ..., 1., 1., 1.]], device='cuda:0')
2022-11-06 14:39:47,847 - RoomAsNodeGNN - INFO - 
2022-11-06 14:39:47,878 - RoomAsNodeGNN - INFO - epoch:   36, train_acc: -inf, eval_acc: -inf, train_loss: 0.0001, eval_loss: 0.0001
2022-11-06 14:39:47,878 - RoomAsNodeGNN - INFO - Trained model saved, eval loss: 0.0001
2022-11-06 14:39:48,081 - RoomAsNodeGNN - INFO - validation prediction:
2022-11-06 14:39:48,081 - RoomAsNodeGNN - INFO - tensor([[1.0013, 0.9979, 0.9939,  ..., 1.0007, 0.9982, 0.9967],
        [1.0000, 0.9944, 0.9933,  ..., 0.9960, 0.9958, 0.9953],
        [0.9965, 0.9975, 0.9932,  ..., 0.9951, 0.9957, 0.9906],
        ...,
        [0.9941, 1.0006, 0.9957,  ..., 0.9987, 0.9971, 0.9974],
        [1.0043, 1.0130, 1.0041,  ..., 1.0072, 1.0062, 1.0110],
        [0.9931, 0.9952, 0.9962,  ..., 1.0013, 1.0001, 0.9940]],
       device='cuda:0')
2022-11-06 14:39:48,097 - RoomAsNodeGNN - INFO - validation y:
2022-11-06 14:39:48,097 - RoomAsNodeGNN - INFO - tensor([[1., 1., 1.,  ..., 1., 1., 1.],
        [1., 1., 1.,  ..., 1., 1., 1.],
        [1., 1., 1.,  ..., 1., 1., 1.],
        ...,
        [1., 1., 1.,  ..., 1., 1., 1.],
        [1., 1., 1.,  ..., 1., 1., 1.],
        [1., 1., 1.,  ..., 1., 1., 1.]], device='cuda:0')
2022-11-06 14:39:48,112 - RoomAsNodeGNN - INFO - 
2022-11-06 14:39:48,128 - RoomAsNodeGNN - INFO - epoch:   37, train_acc: -inf, eval_acc: -inf, train_loss: 0.0001, eval_loss: 0.0001
2022-11-06 14:39:48,128 - RoomAsNodeGNN - INFO - Trained model saved, eval loss: 0.0001
2022-11-06 14:39:48,347 - RoomAsNodeGNN - INFO - validation prediction:
2022-11-06 14:39:48,347 - RoomAsNodeGNN - INFO - tensor([[1.0019, 0.9980, 0.9932,  ..., 1.0018, 0.9989, 0.9967],
        [1.0007, 0.9948, 0.9927,  ..., 0.9974, 0.9969, 0.9953],
        [0.9980, 0.9986, 0.9933,  ..., 0.9972, 0.9975, 0.9916],
        ...,
        [0.9950, 1.0009, 0.9952,  ..., 0.9998, 0.9981, 0.9977],
        [1.0049, 1.0130, 1.0033,  ..., 1.0081, 1.0070, 1.0109],
        [0.9939, 0.9951, 0.9957,  ..., 1.0023, 1.0010, 0.9941]],
       device='cuda:0')
2022-11-06 14:39:48,347 - RoomAsNodeGNN - INFO - validation y:
2022-11-06 14:39:48,347 - RoomAsNodeGNN - INFO - tensor([[1., 1., 1.,  ..., 1., 1., 1.],
        [1., 1., 1.,  ..., 1., 1., 1.],
        [1., 1., 1.,  ..., 1., 1., 1.],
        ...,
        [1., 1., 1.,  ..., 1., 1., 1.],
        [1., 1., 1.,  ..., 1., 1., 1.],
        [1., 1., 1.,  ..., 1., 1., 1.]], device='cuda:0')
2022-11-06 14:39:48,363 - RoomAsNodeGNN - INFO - 
2022-11-06 14:39:48,394 - RoomAsNodeGNN - INFO - epoch:   38, train_acc: -inf, eval_acc: -inf, train_loss: 0.0001, eval_loss: 0.0001
2022-11-06 14:39:48,394 - RoomAsNodeGNN - INFO - Trained model saved, eval loss: 0.0001
2022-11-06 14:39:48,612 - RoomAsNodeGNN - INFO - validation prediction:
2022-11-06 14:39:48,612 - RoomAsNodeGNN - INFO - tensor([[0.9997, 0.9955, 0.9910,  ..., 0.9993, 0.9957, 0.9943],
        [0.9982, 0.9918, 0.9901,  ..., 0.9946, 0.9934, 0.9926],
        [0.9952, 0.9951, 0.9903,  ..., 0.9940, 0.9935, 0.9886],
        ...,
        [0.9926, 0.9976, 0.9924,  ..., 0.9967, 0.9941, 0.9949],
        [1.0021, 1.0089, 1.0002,  ..., 1.0045, 1.0026, 1.0076],
        [0.9923, 0.9935, 0.9937,  ..., 1.0002, 0.9982, 0.9922]],
       device='cuda:0')
2022-11-06 14:39:48,612 - RoomAsNodeGNN - INFO - validation y:
2022-11-06 14:39:48,612 - RoomAsNodeGNN - INFO - tensor([[1., 1., 1.,  ..., 1., 1., 1.],
        [1., 1., 1.,  ..., 1., 1., 1.],
        [1., 1., 1.,  ..., 1., 1., 1.],
        ...,
        [1., 1., 1.,  ..., 1., 1., 1.],
        [1., 1., 1.,  ..., 1., 1., 1.],
        [1., 1., 1.,  ..., 1., 1., 1.]], device='cuda:0')
2022-11-06 14:39:48,628 - RoomAsNodeGNN - INFO - 
2022-11-06 14:39:48,659 - RoomAsNodeGNN - INFO - epoch:   39, train_acc: -inf, eval_acc: -inf, train_loss: 0.0001, eval_loss: 0.0001
2022-11-06 14:39:48,659 - RoomAsNodeGNN - INFO - Trained model saved, eval loss: 0.0001
2022-11-06 14:39:48,862 - RoomAsNodeGNN - INFO - validation prediction:
2022-11-06 14:39:48,862 - RoomAsNodeGNN - INFO - tensor([[0.9992, 0.9946, 0.9914,  ..., 0.9992, 0.9962, 0.9941],
        [0.9978, 0.9912, 0.9907,  ..., 0.9947, 0.9941, 0.9925],
        [0.9949, 0.9940, 0.9905,  ..., 0.9939, 0.9939, 0.9884],
        ...,
        [0.9935, 0.9982, 0.9942,  ..., 0.9977, 0.9958, 0.9961],
        [1.0030, 1.0095, 1.0019,  ..., 1.0056, 1.0043, 1.0086],
        [0.9921, 0.9927, 0.9942,  ..., 0.9999, 0.9986, 0.9919]],
       device='cuda:0')
2022-11-06 14:39:48,878 - RoomAsNodeGNN - INFO - validation y:
2022-11-06 14:39:48,878 - RoomAsNodeGNN - INFO - tensor([[1., 1., 1.,  ..., 1., 1., 1.],
        [1., 1., 1.,  ..., 1., 1., 1.],
        [1., 1., 1.,  ..., 1., 1., 1.],
        ...,
        [1., 1., 1.,  ..., 1., 1., 1.],
        [1., 1., 1.,  ..., 1., 1., 1.],
        [1., 1., 1.,  ..., 1., 1., 1.]], device='cuda:0')
2022-11-06 14:39:48,894 - RoomAsNodeGNN - INFO - 
2022-11-06 14:39:48,909 - RoomAsNodeGNN - INFO - epoch:   40, train_acc: -inf, eval_acc: -inf, train_loss: 0.0000, eval_loss: 0.0000
2022-11-06 14:39:48,925 - RoomAsNodeGNN - INFO - Trained model saved, eval loss: 0.0000
2022-11-06 14:39:49,128 - RoomAsNodeGNN - INFO - validation prediction:
2022-11-06 14:39:49,128 - RoomAsNodeGNN - INFO - tensor([[1.0002, 0.9984, 0.9946,  ..., 1.0008, 0.9989, 0.9966],
        [0.9986, 0.9949, 0.9937,  ..., 0.9963, 0.9967, 0.9948],
        [0.9966, 0.9987, 0.9945,  ..., 0.9964, 0.9976, 0.9919],
        ...,
        [0.9938, 1.0003, 0.9961,  ..., 0.9982, 0.9971, 0.9976],
        [1.0032, 1.0115, 1.0038,  ..., 1.0061, 1.0057, 1.0100],
        [0.9931, 0.9959, 0.9969,  ..., 1.0012, 1.0008, 0.9943]],
       device='cuda:0')
2022-11-06 14:39:49,128 - RoomAsNodeGNN - INFO - validation y:
2022-11-06 14:39:49,128 - RoomAsNodeGNN - INFO - tensor([[1., 1., 1.,  ..., 1., 1., 1.],
        [1., 1., 1.,  ..., 1., 1., 1.],
        [1., 1., 1.,  ..., 1., 1., 1.],
        ...,
        [1., 1., 1.,  ..., 1., 1., 1.],
        [1., 1., 1.,  ..., 1., 1., 1.],
        [1., 1., 1.,  ..., 1., 1., 1.]], device='cuda:0')
2022-11-06 14:39:49,144 - RoomAsNodeGNN - INFO - 
2022-11-06 14:39:49,175 - RoomAsNodeGNN - INFO - epoch:   41, train_acc: -inf, eval_acc: -inf, train_loss: 0.0000, eval_loss: 0.0000
2022-11-06 14:39:49,175 - RoomAsNodeGNN - INFO - Trained model saved, eval loss: 0.0000
2022-11-06 14:39:49,394 - RoomAsNodeGNN - INFO - validation prediction:
2022-11-06 14:39:49,394 - RoomAsNodeGNN - INFO - tensor([[0.9994, 0.9955, 0.9917,  ..., 0.9993, 0.9969, 0.9946],
        [0.9978, 0.9919, 0.9906,  ..., 0.9948, 0.9948, 0.9926],
        [0.9953, 0.9950, 0.9907,  ..., 0.9941, 0.9949, 0.9890],
        ...,
        [0.9933, 0.9978, 0.9934,  ..., 0.9968, 0.9952, 0.9958],
        [1.0022, 1.0083, 1.0004,  ..., 1.0041, 1.0033, 1.0074],
        [0.9925, 0.9934, 0.9945,  ..., 0.9998, 0.9993, 0.9927]],
       device='cuda:0')
2022-11-06 14:39:49,394 - RoomAsNodeGNN - INFO - validation y:
2022-11-06 14:39:49,394 - RoomAsNodeGNN - INFO - tensor([[1., 1., 1.,  ..., 1., 1., 1.],
        [1., 1., 1.,  ..., 1., 1., 1.],
        [1., 1., 1.,  ..., 1., 1., 1.],
        ...,
        [1., 1., 1.,  ..., 1., 1., 1.],
        [1., 1., 1.,  ..., 1., 1., 1.],
        [1., 1., 1.,  ..., 1., 1., 1.]], device='cuda:0')
2022-11-06 14:39:49,409 - RoomAsNodeGNN - INFO - 
2022-11-06 14:39:49,441 - RoomAsNodeGNN - INFO - epoch:   42, train_acc: -inf, eval_acc: -inf, train_loss: 0.0000, eval_loss: 0.0000
2022-11-06 14:39:49,441 - RoomAsNodeGNN - INFO - Trained model saved, eval loss: 0.0000
2022-11-06 14:39:49,644 - RoomAsNodeGNN - INFO - validation prediction:
2022-11-06 14:39:49,644 - RoomAsNodeGNN - INFO - tensor([[1.0013, 0.9965, 0.9937,  ..., 1.0012, 0.9987, 0.9958],
        [0.9999, 0.9934, 0.9931,  ..., 0.9972, 0.9971, 0.9942],
        [0.9979, 0.9965, 0.9934,  ..., 0.9968, 0.9975, 0.9913],
        ...,
        [0.9952, 0.9987, 0.9954,  ..., 0.9985, 0.9970, 0.9970],
        [1.0039, 1.0091, 1.0024,  ..., 1.0059, 1.0050, 1.0084],
        [0.9941, 0.9940, 0.9959,  ..., 1.0010, 1.0004, 0.9934]],
       device='cuda:0')
2022-11-06 14:39:49,659 - RoomAsNodeGNN - INFO - validation y:
2022-11-06 14:39:49,659 - RoomAsNodeGNN - INFO - tensor([[1., 1., 1.,  ..., 1., 1., 1.],
        [1., 1., 1.,  ..., 1., 1., 1.],
        [1., 1., 1.,  ..., 1., 1., 1.],
        ...,
        [1., 1., 1.,  ..., 1., 1., 1.],
        [1., 1., 1.,  ..., 1., 1., 1.],
        [1., 1., 1.,  ..., 1., 1., 1.]], device='cuda:0')
2022-11-06 14:39:49,659 - RoomAsNodeGNN - INFO - 
2022-11-06 14:39:49,691 - RoomAsNodeGNN - INFO - epoch:   43, train_acc: -inf, eval_acc: -inf, train_loss: 0.0000, eval_loss: 0.0000
2022-11-06 14:39:49,691 - RoomAsNodeGNN - INFO - Trained model saved, eval loss: 0.0000
2022-11-06 14:39:49,909 - RoomAsNodeGNN - INFO - validation prediction:
2022-11-06 14:39:49,909 - RoomAsNodeGNN - INFO - tensor([[1.0003, 0.9959, 0.9932,  ..., 1.0007, 0.9984, 0.9957],
        [0.9989, 0.9928, 0.9925,  ..., 0.9967, 0.9969, 0.9941],
        [0.9969, 0.9957, 0.9927,  ..., 0.9961, 0.9969, 0.9911],
        ...,
        [0.9945, 0.9981, 0.9947,  ..., 0.9979, 0.9964, 0.9970],
        [1.0028, 1.0079, 1.0012,  ..., 1.0047, 1.0038, 1.0078],
        [0.9935, 0.9937, 0.9955,  ..., 1.0007, 1.0004, 0.9935]],
       device='cuda:0')
2022-11-06 14:39:49,909 - RoomAsNodeGNN - INFO - validation y:
2022-11-06 14:39:49,909 - RoomAsNodeGNN - INFO - tensor([[1., 1., 1.,  ..., 1., 1., 1.],
        [1., 1., 1.,  ..., 1., 1., 1.],
        [1., 1., 1.,  ..., 1., 1., 1.],
        ...,
        [1., 1., 1.,  ..., 1., 1., 1.],
        [1., 1., 1.,  ..., 1., 1., 1.],
        [1., 1., 1.,  ..., 1., 1., 1.]], device='cuda:0')
2022-11-06 14:39:49,925 - RoomAsNodeGNN - INFO - 
2022-11-06 14:39:49,956 - RoomAsNodeGNN - INFO - epoch:   44, train_acc: -inf, eval_acc: -inf, train_loss: 0.0000, eval_loss: 0.0000
2022-11-06 14:39:49,956 - RoomAsNodeGNN - INFO - Trained model saved, eval loss: 0.0000
2022-11-06 14:39:50,159 - RoomAsNodeGNN - INFO - validation prediction:
2022-11-06 14:39:50,159 - RoomAsNodeGNN - INFO - tensor([[1.0030, 0.9979, 0.9956,  ..., 1.0034, 1.0012, 0.9984],
        [1.0016, 0.9950, 0.9949,  ..., 0.9996, 0.9996, 0.9966],
        [0.9995, 0.9978, 0.9949,  ..., 0.9988, 0.9997, 0.9937],
        ...,
        [0.9969, 0.9998, 0.9969,  ..., 1.0002, 0.9986, 0.9993],
        [1.0049, 1.0094, 1.0032,  ..., 1.0068, 1.0060, 1.0098],
        [0.9963, 0.9956, 0.9978,  ..., 1.0032, 1.0029, 0.9960]],
       device='cuda:0')
2022-11-06 14:39:50,175 - RoomAsNodeGNN - INFO - validation y:
2022-11-06 14:39:50,175 - RoomAsNodeGNN - INFO - tensor([[1., 1., 1.,  ..., 1., 1., 1.],
        [1., 1., 1.,  ..., 1., 1., 1.],
        [1., 1., 1.,  ..., 1., 1., 1.],
        ...,
        [1., 1., 1.,  ..., 1., 1., 1.],
        [1., 1., 1.,  ..., 1., 1., 1.],
        [1., 1., 1.,  ..., 1., 1., 1.]], device='cuda:0')
2022-11-06 14:39:50,191 - RoomAsNodeGNN - INFO - 
2022-11-06 14:39:50,206 - RoomAsNodeGNN - INFO - epoch:   45, train_acc: -inf, eval_acc: -inf, train_loss: 0.0000, eval_loss: 0.0000
2022-11-06 14:39:50,425 - RoomAsNodeGNN - INFO - validation prediction:
2022-11-06 14:39:50,425 - RoomAsNodeGNN - INFO - tensor([[0.9985, 0.9946, 0.9924,  ..., 0.9992, 0.9965, 0.9945],
        [0.9969, 0.9914, 0.9916,  ..., 0.9952, 0.9949, 0.9925],
        [0.9949, 0.9940, 0.9914,  ..., 0.9943, 0.9947, 0.9895],
        ...,
        [0.9931, 0.9968, 0.9941,  ..., 0.9964, 0.9945, 0.9959],
        [1.0011, 1.0061, 1.0005,  ..., 1.0031, 1.0018, 1.0063],
        [0.9922, 0.9926, 0.9947,  ..., 0.9992, 0.9984, 0.9924]],
       device='cuda:0')
2022-11-06 14:39:50,425 - RoomAsNodeGNN - INFO - validation y:
2022-11-06 14:39:50,425 - RoomAsNodeGNN - INFO - tensor([[1., 1., 1.,  ..., 1., 1., 1.],
        [1., 1., 1.,  ..., 1., 1., 1.],
        [1., 1., 1.,  ..., 1., 1., 1.],
        ...,
        [1., 1., 1.,  ..., 1., 1., 1.],
        [1., 1., 1.,  ..., 1., 1., 1.],
        [1., 1., 1.,  ..., 1., 1., 1.]], device='cuda:0')
2022-11-06 14:39:50,441 - RoomAsNodeGNN - INFO - 
2022-11-06 14:39:50,472 - RoomAsNodeGNN - INFO - epoch:   46, train_acc: -inf, eval_acc: -inf, train_loss: 0.0000, eval_loss: 0.0000
2022-11-06 14:39:50,675 - RoomAsNodeGNN - INFO - validation prediction:
2022-11-06 14:39:50,675 - RoomAsNodeGNN - INFO - tensor([[1.0002, 0.9963, 0.9939,  ..., 1.0005, 0.9984, 0.9969],
        [0.9983, 0.9929, 0.9927,  ..., 0.9963, 0.9965, 0.9945],
        [0.9965, 0.9957, 0.9928,  ..., 0.9956, 0.9964, 0.9918],
        ...,
        [0.9934, 0.9970, 0.9941,  ..., 0.9962, 0.9949, 0.9966],
        [1.0004, 1.0054, 0.9996,  ..., 1.0020, 1.0014, 1.0058],
        [0.9952, 0.9955, 0.9973,  ..., 1.0013, 1.0014, 0.9961]],
       device='cuda:0')
2022-11-06 14:39:50,691 - RoomAsNodeGNN - INFO - validation y:
2022-11-06 14:39:50,691 - RoomAsNodeGNN - INFO - tensor([[1., 1., 1.,  ..., 1., 1., 1.],
        [1., 1., 1.,  ..., 1., 1., 1.],
        [1., 1., 1.,  ..., 1., 1., 1.],
        ...,
        [1., 1., 1.,  ..., 1., 1., 1.],
        [1., 1., 1.,  ..., 1., 1., 1.],
        [1., 1., 1.,  ..., 1., 1., 1.]], device='cuda:0')
2022-11-06 14:39:50,691 - RoomAsNodeGNN - INFO - 
2022-11-06 14:39:50,722 - RoomAsNodeGNN - INFO - epoch:   47, train_acc: -inf, eval_acc: -inf, train_loss: 0.0000, eval_loss: 0.0000
2022-11-06 14:39:50,722 - RoomAsNodeGNN - INFO - Trained model saved, eval loss: 0.0000
2022-11-06 14:39:50,941 - RoomAsNodeGNN - INFO - validation prediction:
2022-11-06 14:39:50,941 - RoomAsNodeGNN - INFO - tensor([[1.0015, 0.9983, 0.9961,  ..., 1.0019, 1.0009, 0.9979],
        [1.0001, 0.9956, 0.9955,  ..., 0.9982, 0.9996, 0.9962],
        [0.9981, 0.9976, 0.9950,  ..., 0.9971, 0.9991, 0.9931],
        ...,
        [0.9965, 1.0004, 0.9978,  ..., 0.9990, 0.9987, 0.9995],
        [1.0043, 1.0094, 1.0041,  ..., 1.0056, 1.0059, 1.0095],
        [0.9950, 0.9957, 0.9978,  ..., 1.0012, 1.0021, 0.9953]],
       device='cuda:0')
2022-11-06 14:39:50,956 - RoomAsNodeGNN - INFO - validation y:
2022-11-06 14:39:50,956 - RoomAsNodeGNN - INFO - tensor([[1., 1., 1.,  ..., 1., 1., 1.],
        [1., 1., 1.,  ..., 1., 1., 1.],
        [1., 1., 1.,  ..., 1., 1., 1.],
        ...,
        [1., 1., 1.,  ..., 1., 1., 1.],
        [1., 1., 1.,  ..., 1., 1., 1.],
        [1., 1., 1.,  ..., 1., 1., 1.]], device='cuda:0')
2022-11-06 14:39:50,956 - RoomAsNodeGNN - INFO - 
2022-11-06 14:39:50,988 - RoomAsNodeGNN - INFO - epoch:   48, train_acc: -inf, eval_acc: -inf, train_loss: 0.0000, eval_loss: 0.0000
2022-11-06 14:39:50,988 - RoomAsNodeGNN - INFO - Trained model saved, eval loss: 0.0000
2022-11-06 14:39:51,206 - RoomAsNodeGNN - INFO - validation prediction:
2022-11-06 14:39:51,206 - RoomAsNodeGNN - INFO - tensor([[1.0016, 0.9988, 0.9966,  ..., 1.0021, 1.0012, 0.9986],
        [1.0004, 0.9965, 0.9962,  ..., 0.9989, 1.0005, 0.9971],
        [0.9993, 0.9994, 0.9965,  ..., 0.9985, 1.0006, 0.9949],
        ...,
        [0.9968, 1.0012, 0.9985,  ..., 0.9995, 0.9995, 1.0004],
        [1.0046, 1.0101, 1.0047,  ..., 1.0062, 1.0068, 1.0102],
        [0.9948, 0.9959, 0.9978,  ..., 1.0008, 1.0016, 0.9957]],
       device='cuda:0')
2022-11-06 14:39:51,206 - RoomAsNodeGNN - INFO - validation y:
2022-11-06 14:39:51,206 - RoomAsNodeGNN - INFO - tensor([[1., 1., 1.,  ..., 1., 1., 1.],
        [1., 1., 1.,  ..., 1., 1., 1.],
        [1., 1., 1.,  ..., 1., 1., 1.],
        ...,
        [1., 1., 1.,  ..., 1., 1., 1.],
        [1., 1., 1.,  ..., 1., 1., 1.],
        [1., 1., 1.,  ..., 1., 1., 1.]], device='cuda:0')
2022-11-06 14:39:51,222 - RoomAsNodeGNN - INFO - 
2022-11-06 14:39:51,253 - RoomAsNodeGNN - INFO - epoch:   49, train_acc: -inf, eval_acc: -inf, train_loss: 0.0000, eval_loss: 0.0000
2022-11-06 14:39:51,456 - RoomAsNodeGNN - INFO - validation prediction:
2022-11-06 14:39:51,456 - RoomAsNodeGNN - INFO - tensor([[1.0005, 0.9970, 0.9952,  ..., 1.0017, 1.0000, 0.9973],
        [0.9992, 0.9948, 0.9947,  ..., 0.9986, 0.9993, 0.9958],
        [0.9979, 0.9973, 0.9948,  ..., 0.9979, 0.9991, 0.9934],
        ...,
        [0.9962, 1.0001, 0.9975,  ..., 0.9996, 0.9988, 0.9997],
        [1.0038, 1.0091, 1.0038,  ..., 1.0062, 1.0063, 1.0095],
        [0.9938, 0.9938, 0.9960,  ..., 1.0001, 1.0002, 0.9941]],
       device='cuda:0')
2022-11-06 14:39:51,472 - RoomAsNodeGNN - INFO - validation y:
2022-11-06 14:39:51,472 - RoomAsNodeGNN - INFO - tensor([[1., 1., 1.,  ..., 1., 1., 1.],
        [1., 1., 1.,  ..., 1., 1., 1.],
        [1., 1., 1.,  ..., 1., 1., 1.],
        ...,
        [1., 1., 1.,  ..., 1., 1., 1.],
        [1., 1., 1.,  ..., 1., 1., 1.],
        [1., 1., 1.,  ..., 1., 1., 1.]], device='cuda:0')
2022-11-06 14:39:51,488 - RoomAsNodeGNN - INFO - 
2022-11-06 14:39:51,503 - RoomAsNodeGNN - INFO - epoch:   50, train_acc: -inf, eval_acc: -inf, train_loss: 0.0000, eval_loss: 0.0000
2022-11-06 14:39:51,503 - RoomAsNodeGNN - INFO - Trained model saved, eval loss: 0.0000
2022-11-06 14:39:51,722 - RoomAsNodeGNN - INFO - validation prediction:
2022-11-06 14:39:51,722 - RoomAsNodeGNN - INFO - tensor([[1.0019, 1.0000, 0.9977,  ..., 1.0032, 1.0028, 0.9996],
        [1.0011, 0.9984, 0.9977,  ..., 1.0005, 1.0025, 0.9986],
        [0.9994, 1.0002, 0.9972,  ..., 0.9993, 1.0017, 0.9957],
        ...,
        [0.9977, 1.0025, 0.9995,  ..., 1.0004, 1.0004, 1.0016],
        [1.0047, 1.0107, 1.0050,  ..., 1.0063, 1.0068, 1.0105],
        [0.9949, 0.9963, 0.9981,  ..., 1.0012, 1.0027, 0.9958]],
       device='cuda:0')
2022-11-06 14:39:51,738 - RoomAsNodeGNN - INFO - validation y:
2022-11-06 14:39:51,738 - RoomAsNodeGNN - INFO - tensor([[1., 1., 1.,  ..., 1., 1., 1.],
        [1., 1., 1.,  ..., 1., 1., 1.],
        [1., 1., 1.,  ..., 1., 1., 1.],
        ...,
        [1., 1., 1.,  ..., 1., 1., 1.],
        [1., 1., 1.,  ..., 1., 1., 1.],
        [1., 1., 1.,  ..., 1., 1., 1.]], device='cuda:0')
2022-11-06 14:39:51,738 - RoomAsNodeGNN - INFO - 
2022-11-06 14:39:51,769 - RoomAsNodeGNN - INFO - epoch:   51, train_acc: -inf, eval_acc: -inf, train_loss: 0.0000, eval_loss: 0.0000
2022-11-06 14:39:51,988 - RoomAsNodeGNN - INFO - validation prediction:
2022-11-06 14:39:51,988 - RoomAsNodeGNN - INFO - tensor([[1.0006, 0.9977, 0.9961,  ..., 1.0015, 1.0007, 0.9972],
        [0.9994, 0.9957, 0.9957,  ..., 0.9985, 1.0000, 0.9957],
        [0.9986, 0.9986, 0.9959,  ..., 0.9983, 1.0003, 0.9939],
        ...,
        [0.9957, 0.9995, 0.9973,  ..., 0.9981, 0.9979, 0.9985],
        [1.0029, 1.0079, 1.0029,  ..., 1.0043, 1.0046, 1.0074],
        [0.9940, 0.9946, 0.9971,  ..., 0.9997, 1.0008, 0.9941]],
       device='cuda:0')
2022-11-06 14:39:51,988 - RoomAsNodeGNN - INFO - validation y:
2022-11-06 14:39:51,988 - RoomAsNodeGNN - INFO - tensor([[1., 1., 1.,  ..., 1., 1., 1.],
        [1., 1., 1.,  ..., 1., 1., 1.],
        [1., 1., 1.,  ..., 1., 1., 1.],
        ...,
        [1., 1., 1.,  ..., 1., 1., 1.],
        [1., 1., 1.,  ..., 1., 1., 1.],
        [1., 1., 1.,  ..., 1., 1., 1.]], device='cuda:0')
2022-11-06 14:39:52,003 - RoomAsNodeGNN - INFO - 
2022-11-06 14:39:52,034 - RoomAsNodeGNN - INFO - epoch:   52, train_acc: -inf, eval_acc: -inf, train_loss: 0.0000, eval_loss: 0.0000
2022-11-06 14:39:52,034 - RoomAsNodeGNN - INFO - Trained model saved, eval loss: 0.0000
2022-11-06 14:39:52,238 - RoomAsNodeGNN - INFO - validation prediction:
2022-11-06 14:39:52,238 - RoomAsNodeGNN - INFO - tensor([[1.0005, 0.9974, 0.9955,  ..., 1.0013, 0.9993, 0.9969],
        [0.9993, 0.9956, 0.9952,  ..., 0.9984, 0.9987, 0.9955],
        [0.9977, 0.9972, 0.9946,  ..., 0.9972, 0.9979, 0.9927],
        ...,
        [0.9966, 1.0001, 0.9975,  ..., 0.9985, 0.9973, 0.9992],
        [1.0034, 1.0079, 1.0028,  ..., 1.0044, 1.0037, 1.0077],
        [0.9942, 0.9944, 0.9965,  ..., 0.9995, 0.9997, 0.9938]],
       device='cuda:0')
2022-11-06 14:39:52,253 - RoomAsNodeGNN - INFO - validation y:
2022-11-06 14:39:52,253 - RoomAsNodeGNN - INFO - tensor([[1., 1., 1.,  ..., 1., 1., 1.],
        [1., 1., 1.,  ..., 1., 1., 1.],
        [1., 1., 1.,  ..., 1., 1., 1.],
        ...,
        [1., 1., 1.,  ..., 1., 1., 1.],
        [1., 1., 1.,  ..., 1., 1., 1.],
        [1., 1., 1.,  ..., 1., 1., 1.]], device='cuda:0')
2022-11-06 14:39:52,253 - RoomAsNodeGNN - INFO - 
2022-11-06 14:39:52,285 - RoomAsNodeGNN - INFO - epoch:   53, train_acc: -inf, eval_acc: -inf, train_loss: 0.0000, eval_loss: 0.0000
2022-11-06 14:39:52,285 - RoomAsNodeGNN - INFO - Trained model saved, eval loss: 0.0000
2022-11-06 14:39:52,503 - RoomAsNodeGNN - INFO - validation prediction:
2022-11-06 14:39:52,503 - RoomAsNodeGNN - INFO - tensor([[1.0006, 0.9972, 0.9948,  ..., 1.0007, 0.9987, 0.9970],
        [0.9995, 0.9953, 0.9944,  ..., 0.9979, 0.9981, 0.9956],
        [0.9983, 0.9974, 0.9942,  ..., 0.9970, 0.9976, 0.9933],
        ...,
        [0.9964, 0.9995, 0.9965,  ..., 0.9976, 0.9964, 0.9989],
        [1.0028, 1.0068, 1.0015,  ..., 1.0030, 1.0021, 1.0069],
        [0.9948, 0.9950, 0.9961,  ..., 0.9995, 0.9999, 0.9945]],
       device='cuda:0')
2022-11-06 14:39:52,503 - RoomAsNodeGNN - INFO - validation y:
2022-11-06 14:39:52,503 - RoomAsNodeGNN - INFO - tensor([[1., 1., 1.,  ..., 1., 1., 1.],
        [1., 1., 1.,  ..., 1., 1., 1.],
        [1., 1., 1.,  ..., 1., 1., 1.],
        ...,
        [1., 1., 1.,  ..., 1., 1., 1.],
        [1., 1., 1.,  ..., 1., 1., 1.],
        [1., 1., 1.,  ..., 1., 1., 1.]], device='cuda:0')
2022-11-06 14:39:52,519 - RoomAsNodeGNN - INFO - 
2022-11-06 14:39:52,550 - RoomAsNodeGNN - INFO - epoch:   54, train_acc: -inf, eval_acc: -inf, train_loss: 0.0000, eval_loss: 0.0000
2022-11-06 14:39:52,550 - RoomAsNodeGNN - INFO - Trained model saved, eval loss: 0.0000
2022-11-06 14:39:52,753 - RoomAsNodeGNN - INFO - validation prediction:
2022-11-06 14:39:52,753 - RoomAsNodeGNN - INFO - tensor([[1.0019, 0.9981, 0.9966,  ..., 1.0026, 1.0026, 0.9990],
        [1.0008, 0.9964, 0.9963,  ..., 0.9999, 1.0022, 0.9976],
        [1.0001, 0.9988, 0.9965,  ..., 0.9996, 1.0021, 0.9961],
        ...,
        [0.9974, 1.0000, 0.9977,  ..., 0.9989, 0.9994, 1.0003],
        [1.0037, 1.0073, 1.0027,  ..., 1.0046, 1.0054, 1.0082],
        [0.9957, 0.9951, 0.9971,  ..., 1.0003, 1.0023, 0.9956]],
       device='cuda:0')
2022-11-06 14:39:52,769 - RoomAsNodeGNN - INFO - validation y:
2022-11-06 14:39:52,769 - RoomAsNodeGNN - INFO - tensor([[1., 1., 1.,  ..., 1., 1., 1.],
        [1., 1., 1.,  ..., 1., 1., 1.],
        [1., 1., 1.,  ..., 1., 1., 1.],
        ...,
        [1., 1., 1.,  ..., 1., 1., 1.],
        [1., 1., 1.,  ..., 1., 1., 1.],
        [1., 1., 1.,  ..., 1., 1., 1.]], device='cuda:0')
2022-11-06 14:39:52,769 - RoomAsNodeGNN - INFO - 
2022-11-06 14:39:52,800 - RoomAsNodeGNN - INFO - epoch:   55, train_acc: -inf, eval_acc: -inf, train_loss: 0.0000, eval_loss: 0.0000
2022-11-06 14:39:52,800 - RoomAsNodeGNN - INFO - Trained model saved, eval loss: 0.0000
2022-11-06 14:39:53,019 - RoomAsNodeGNN - INFO - validation prediction:
2022-11-06 14:39:53,019 - RoomAsNodeGNN - INFO - tensor([[1.0019, 0.9996, 0.9976,  ..., 1.0026, 1.0016, 0.9989],
        [1.0007, 0.9978, 0.9973,  ..., 0.9999, 1.0010, 0.9974],
        [1.0005, 1.0008, 0.9982,  ..., 1.0001, 1.0018, 0.9965],
        ...,
        [0.9971, 1.0009, 0.9982,  ..., 0.9986, 0.9979, 0.9998],
        [1.0032, 1.0079, 1.0032,  ..., 1.0039, 1.0037, 1.0074],
        [0.9959, 0.9970, 0.9981,  ..., 1.0007, 1.0017, 0.9957]],
       device='cuda:0')
2022-11-06 14:39:53,019 - RoomAsNodeGNN - INFO - validation y:
2022-11-06 14:39:53,019 - RoomAsNodeGNN - INFO - tensor([[1., 1., 1.,  ..., 1., 1., 1.],
        [1., 1., 1.,  ..., 1., 1., 1.],
        [1., 1., 1.,  ..., 1., 1., 1.],
        ...,
        [1., 1., 1.,  ..., 1., 1., 1.],
        [1., 1., 1.,  ..., 1., 1., 1.],
        [1., 1., 1.,  ..., 1., 1., 1.]], device='cuda:0')
2022-11-06 14:39:53,034 - RoomAsNodeGNN - INFO - 
2022-11-06 14:39:53,066 - RoomAsNodeGNN - INFO - epoch:   56, train_acc: -inf, eval_acc: -inf, train_loss: 0.0000, eval_loss: 0.0000
2022-11-06 14:39:53,269 - RoomAsNodeGNN - INFO - validation prediction:
2022-11-06 14:39:53,269 - RoomAsNodeGNN - INFO - tensor([[1.0008, 0.9984, 0.9967,  ..., 1.0022, 1.0012, 0.9982],
        [0.9995, 0.9966, 0.9962,  ..., 0.9995, 1.0006, 0.9966],
        [0.9988, 0.9989, 0.9965,  ..., 0.9991, 1.0006, 0.9950],
        ...,
        [0.9959, 0.9994, 0.9972,  ..., 0.9978, 0.9974, 0.9988],
        [1.0015, 1.0058, 1.0015,  ..., 1.0028, 1.0026, 1.0057],
        [0.9956, 0.9965, 0.9979,  ..., 1.0006, 1.0018, 0.9956]],
       device='cuda:0')
2022-11-06 14:39:53,284 - RoomAsNodeGNN - INFO - validation y:
2022-11-06 14:39:53,284 - RoomAsNodeGNN - INFO - tensor([[1., 1., 1.,  ..., 1., 1., 1.],
        [1., 1., 1.,  ..., 1., 1., 1.],
        [1., 1., 1.,  ..., 1., 1., 1.],
        ...,
        [1., 1., 1.,  ..., 1., 1., 1.],
        [1., 1., 1.,  ..., 1., 1., 1.],
        [1., 1., 1.,  ..., 1., 1., 1.]], device='cuda:0')
2022-11-06 14:39:53,284 - RoomAsNodeGNN - INFO - 
2022-11-06 14:39:53,316 - RoomAsNodeGNN - INFO - epoch:   57, train_acc: -inf, eval_acc: -inf, train_loss: 0.0000, eval_loss: 0.0000
2022-11-06 14:39:53,316 - RoomAsNodeGNN - INFO - Trained model saved, eval loss: 0.0000
2022-11-06 14:39:53,534 - RoomAsNodeGNN - INFO - validation prediction:
2022-11-06 14:39:53,534 - RoomAsNodeGNN - INFO - tensor([[1.0007, 0.9972, 0.9963,  ..., 1.0024, 1.0019, 0.9978],
        [0.9995, 0.9954, 0.9957,  ..., 0.9998, 1.0013, 0.9961],
        [0.9991, 0.9980, 0.9963,  ..., 0.9998, 1.0016, 0.9950],
        ...,
        [0.9967, 0.9991, 0.9975,  ..., 0.9987, 0.9987, 0.9992],
        [1.0027, 1.0061, 1.0024,  ..., 1.0041, 1.0046, 1.0066],
        [0.9954, 0.9951, 0.9973,  ..., 1.0006, 1.0021, 0.9951]],
       device='cuda:0')
2022-11-06 14:39:53,534 - RoomAsNodeGNN - INFO - validation y:
2022-11-06 14:39:53,534 - RoomAsNodeGNN - INFO - tensor([[1., 1., 1.,  ..., 1., 1., 1.],
        [1., 1., 1.,  ..., 1., 1., 1.],
        [1., 1., 1.,  ..., 1., 1., 1.],
        ...,
        [1., 1., 1.,  ..., 1., 1., 1.],
        [1., 1., 1.,  ..., 1., 1., 1.],
        [1., 1., 1.,  ..., 1., 1., 1.]], device='cuda:0')
2022-11-06 14:39:53,550 - RoomAsNodeGNN - INFO - 
2022-11-06 14:39:53,581 - RoomAsNodeGNN - INFO - epoch:   58, train_acc: -inf, eval_acc: -inf, train_loss: 0.0000, eval_loss: 0.0000
2022-11-06 14:39:53,581 - RoomAsNodeGNN - INFO - Trained model saved, eval loss: 0.0000
2022-11-06 14:39:53,784 - RoomAsNodeGNN - INFO - validation prediction:
2022-11-06 14:39:53,784 - RoomAsNodeGNN - INFO - tensor([[0.9984, 0.9949, 0.9933,  ..., 0.9992, 0.9988, 0.9946],
        [0.9968, 0.9929, 0.9925,  ..., 0.9963, 0.9979, 0.9926],
        [0.9960, 0.9946, 0.9924,  ..., 0.9956, 0.9974, 0.9907],
        ...,
        [0.9942, 0.9967, 0.9943,  ..., 0.9954, 0.9954, 0.9958],
        [0.9999, 1.0031, 0.9989,  ..., 1.0004, 1.0008, 1.0028],
        [0.9936, 0.9934, 0.9950,  ..., 0.9980, 0.9997, 0.9926]],
       device='cuda:0')
2022-11-06 14:39:53,800 - RoomAsNodeGNN - INFO - validation y:
2022-11-06 14:39:53,800 - RoomAsNodeGNN - INFO - tensor([[1., 1., 1.,  ..., 1., 1., 1.],
        [1., 1., 1.,  ..., 1., 1., 1.],
        [1., 1., 1.,  ..., 1., 1., 1.],
        ...,
        [1., 1., 1.,  ..., 1., 1., 1.],
        [1., 1., 1.,  ..., 1., 1., 1.],
        [1., 1., 1.,  ..., 1., 1., 1.]], device='cuda:0')
2022-11-06 14:39:53,816 - RoomAsNodeGNN - INFO - 
2022-11-06 14:39:53,831 - RoomAsNodeGNN - INFO - epoch:   59, train_acc: -inf, eval_acc: -inf, train_loss: 0.0000, eval_loss: 0.0000
2022-11-06 14:39:54,050 - RoomAsNodeGNN - INFO - validation prediction:
2022-11-06 14:39:54,050 - RoomAsNodeGNN - INFO - tensor([[1.0038, 1.0009, 0.9993,  ..., 1.0049, 1.0044, 1.0013],
        [1.0029, 0.9997, 0.9991,  ..., 1.0028, 1.0044, 1.0001],
        [1.0021, 1.0015, 0.9991,  ..., 1.0022, 1.0040, 0.9985],
        ...,
        [0.9993, 1.0023, 0.9998,  ..., 1.0008, 1.0008, 1.0019],
        [1.0047, 1.0085, 1.0041,  ..., 1.0057, 1.0062, 1.0086],
        [0.9981, 0.9983, 0.9998,  ..., 1.0025, 1.0038, 0.9980]],
       device='cuda:0')
2022-11-06 14:39:54,066 - RoomAsNodeGNN - INFO - validation y:
2022-11-06 14:39:54,066 - RoomAsNodeGNN - INFO - tensor([[1., 1., 1.,  ..., 1., 1., 1.],
        [1., 1., 1.,  ..., 1., 1., 1.],
        [1., 1., 1.,  ..., 1., 1., 1.],
        ...,
        [1., 1., 1.,  ..., 1., 1., 1.],
        [1., 1., 1.,  ..., 1., 1., 1.],
        [1., 1., 1.,  ..., 1., 1., 1.]], device='cuda:0')
2022-11-06 14:39:54,066 - RoomAsNodeGNN - INFO - 
2022-11-06 14:39:54,097 - RoomAsNodeGNN - INFO - epoch:   60, train_acc: -inf, eval_acc: -inf, train_loss: 0.0000, eval_loss: 0.0000
2022-11-06 14:39:54,300 - RoomAsNodeGNN - INFO - validation prediction:
2022-11-06 14:39:54,316 - RoomAsNodeGNN - INFO - tensor([[0.9990, 0.9953, 0.9941,  ..., 0.9997, 0.9984, 0.9954],
        [0.9975, 0.9936, 0.9933,  ..., 0.9972, 0.9977, 0.9935],
        [0.9965, 0.9950, 0.9931,  ..., 0.9962, 0.9970, 0.9916],
        ...,
        [0.9947, 0.9971, 0.9950,  ..., 0.9959, 0.9951, 0.9963],
        [1.0000, 1.0032, 0.9992,  ..., 1.0007, 1.0004, 1.0028],
        [0.9949, 0.9943, 0.9962,  ..., 0.9988, 0.9994, 0.9938]],
       device='cuda:0')
2022-11-06 14:39:54,316 - RoomAsNodeGNN - INFO - validation y:
2022-11-06 14:39:54,316 - RoomAsNodeGNN - INFO - tensor([[1., 1., 1.,  ..., 1., 1., 1.],
        [1., 1., 1.,  ..., 1., 1., 1.],
        [1., 1., 1.,  ..., 1., 1., 1.],
        ...,
        [1., 1., 1.,  ..., 1., 1., 1.],
        [1., 1., 1.,  ..., 1., 1., 1.],
        [1., 1., 1.,  ..., 1., 1., 1.]], device='cuda:0')
2022-11-06 14:39:54,331 - RoomAsNodeGNN - INFO - 
2022-11-06 14:39:54,362 - RoomAsNodeGNN - INFO - epoch:   61, train_acc: -inf, eval_acc: -inf, train_loss: 0.0000, eval_loss: 0.0000
2022-11-06 14:39:54,566 - RoomAsNodeGNN - INFO - validation prediction:
2022-11-06 14:39:54,566 - RoomAsNodeGNN - INFO - tensor([[1.0027, 1.0003, 0.9993,  ..., 1.0042, 1.0041, 1.0009],
        [1.0020, 0.9994, 0.9993,  ..., 1.0024, 1.0043, 0.9998],
        [1.0010, 1.0009, 0.9993,  ..., 1.0017, 1.0037, 0.9980],
        ...,
        [0.9986, 1.0019, 1.0000,  ..., 1.0002, 1.0006, 1.0016],
        [1.0040, 1.0080, 1.0043,  ..., 1.0052, 1.0059, 1.0081],
        [0.9973, 0.9978, 0.9996,  ..., 1.0014, 1.0033, 0.9976]],
       device='cuda:0')
2022-11-06 14:39:54,566 - RoomAsNodeGNN - INFO - validation y:
2022-11-06 14:39:54,566 - RoomAsNodeGNN - INFO - tensor([[1., 1., 1.,  ..., 1., 1., 1.],
        [1., 1., 1.,  ..., 1., 1., 1.],
        [1., 1., 1.,  ..., 1., 1., 1.],
        ...,
        [1., 1., 1.,  ..., 1., 1., 1.],
        [1., 1., 1.,  ..., 1., 1., 1.],
        [1., 1., 1.,  ..., 1., 1., 1.]], device='cuda:0')
2022-11-06 14:39:54,581 - RoomAsNodeGNN - INFO - 
2022-11-06 14:39:54,613 - RoomAsNodeGNN - INFO - epoch:   62, train_acc: -inf, eval_acc: -inf, train_loss: 0.0000, eval_loss: 0.0000
2022-11-06 14:39:54,816 - RoomAsNodeGNN - INFO - validation prediction:
2022-11-06 14:39:54,816 - RoomAsNodeGNN - INFO - tensor([[1.0027, 0.9998, 0.9990,  ..., 1.0038, 1.0035, 1.0002],
        [1.0017, 0.9987, 0.9988,  ..., 1.0018, 1.0034, 0.9989],
        [1.0009, 1.0003, 0.9988,  ..., 1.0012, 1.0029, 0.9972],
        ...,
        [0.9982, 1.0010, 0.9994,  ..., 0.9994, 0.9995, 1.0005],
        [1.0035, 1.0070, 1.0036,  ..., 1.0043, 1.0048, 1.0069],
        [0.9977, 0.9977, 0.9996,  ..., 1.0015, 1.0031, 0.9974]],
       device='cuda:0')
2022-11-06 14:39:54,831 - RoomAsNodeGNN - INFO - validation y:
2022-11-06 14:39:54,831 - RoomAsNodeGNN - INFO - tensor([[1., 1., 1.,  ..., 1., 1., 1.],
        [1., 1., 1.,  ..., 1., 1., 1.],
        [1., 1., 1.,  ..., 1., 1., 1.],
        ...,
        [1., 1., 1.,  ..., 1., 1., 1.],
        [1., 1., 1.,  ..., 1., 1., 1.],
        [1., 1., 1.,  ..., 1., 1., 1.]], device='cuda:0')
2022-11-06 14:39:54,831 - RoomAsNodeGNN - INFO - 
2022-11-06 14:39:54,863 - RoomAsNodeGNN - INFO - epoch:   63, train_acc: -inf, eval_acc: -inf, train_loss: 0.0000, eval_loss: 0.0000
2022-11-06 14:39:54,863 - RoomAsNodeGNN - INFO - Trained model saved, eval loss: 0.0000
2022-11-06 14:39:55,081 - RoomAsNodeGNN - INFO - validation prediction:
2022-11-06 14:39:55,081 - RoomAsNodeGNN - INFO - tensor([[1.0010, 0.9978, 0.9964,  ..., 1.0012, 0.9995, 0.9985],
        [1.0000, 0.9966, 0.9962,  ..., 0.9991, 0.9993, 0.9973],
        [0.9993, 0.9982, 0.9963,  ..., 0.9986, 0.9988, 0.9958],
        ...,
        [0.9970, 0.9994, 0.9973,  ..., 0.9973, 0.9962, 0.9993],
        [1.0026, 1.0056, 1.0018,  ..., 1.0024, 1.0016, 1.0060],
        [0.9958, 0.9955, 0.9968,  ..., 0.9988, 0.9992, 0.9954]],
       device='cuda:0')
2022-11-06 14:39:55,081 - RoomAsNodeGNN - INFO - validation y:
2022-11-06 14:39:55,081 - RoomAsNodeGNN - INFO - tensor([[1., 1., 1.,  ..., 1., 1., 1.],
        [1., 1., 1.,  ..., 1., 1., 1.],
        [1., 1., 1.,  ..., 1., 1., 1.],
        ...,
        [1., 1., 1.,  ..., 1., 1., 1.],
        [1., 1., 1.,  ..., 1., 1., 1.],
        [1., 1., 1.,  ..., 1., 1., 1.]], device='cuda:0')
2022-11-06 14:39:55,097 - RoomAsNodeGNN - INFO - 
2022-11-06 14:39:55,128 - RoomAsNodeGNN - INFO - epoch:   64, train_acc: -inf, eval_acc: -inf, train_loss: 0.0000, eval_loss: 0.0000
2022-11-06 14:39:55,128 - RoomAsNodeGNN - INFO - Trained model saved, eval loss: 0.0000
