2022-11-06 10:59:04,389 - RoomAsNodeGNN - INFO - Namespace(batch_size=64, ckpt_dir=WindowsPath('Results/2022_11_06__10_59_04'), data_num=5000, data_path=WindowsPath('data/room_base_graph'), device=device(type='cuda'), hidden_dim=256, lr=0.001, model_name='GCN', num_epoch=100, num_layers=2, save_num=100)
2022-11-06 10:59:10,217 - RoomAsNodeGNN - INFO - Dataset length: 2155
2022-11-06 10:59:10,217 - RoomAsNodeGNN - INFO - train, valid, test dataset len: 1724, 431, 0
2022-11-06 10:59:10,327 - RoomAsNodeGNN - INFO - GCN(
  (dnn1): Sequential(
    (0): Linear(in_features=13, out_features=256, bias=True)
    (1): ReLU()
  )
  (conv_layers): ModuleList(
    (0): GCNConv(256, 256)
    (1): GCNConv(256, 256)
  )
  (dnn2): Sequential(
    (0): Linear(in_features=256, out_features=8, bias=True)
  )
)
2022-11-06 10:59:11,936 - RoomAsNodeGNN - INFO - epoch:    1, train_acc: -0.4623, eval_acc: -0.1267, train_loss: 0.1232, eval_loss: 0.0956
2022-11-06 10:59:11,936 - RoomAsNodeGNN - INFO - Trained model saved, eval loss: 0.0956
2022-11-06 10:59:12,155 - RoomAsNodeGNN - INFO - epoch:    2, train_acc: -0.0939, eval_acc: -0.0742, train_loss: 0.0922, eval_loss: 0.0912
2022-11-06 10:59:12,155 - RoomAsNodeGNN - INFO - Trained model saved, eval loss: 0.0912
2022-11-06 10:59:12,374 - RoomAsNodeGNN - INFO - epoch:    3, train_acc: -0.0648, eval_acc: -0.0678, train_loss: 0.0898, eval_loss: 0.0906
2022-11-06 10:59:12,374 - RoomAsNodeGNN - INFO - Trained model saved, eval loss: 0.0906
2022-11-06 10:59:12,592 - RoomAsNodeGNN - INFO - epoch:    4, train_acc: -0.0623, eval_acc: -0.0601, train_loss: 0.0895, eval_loss: 0.0900
2022-11-06 10:59:12,592 - RoomAsNodeGNN - INFO - Trained model saved, eval loss: 0.0900
2022-11-06 10:59:12,811 - RoomAsNodeGNN - INFO - epoch:    5, train_acc: -0.0526, eval_acc: -0.0595, train_loss: 0.0887, eval_loss: 0.0899
2022-11-06 10:59:12,811 - RoomAsNodeGNN - INFO - Trained model saved, eval loss: 0.0899
2022-11-06 10:59:13,030 - RoomAsNodeGNN - INFO - epoch:    6, train_acc: -0.0444, eval_acc: -0.0511, train_loss: 0.0881, eval_loss: 0.0892
2022-11-06 10:59:13,030 - RoomAsNodeGNN - INFO - Trained model saved, eval loss: 0.0892
2022-11-06 10:59:13,249 - RoomAsNodeGNN - INFO - epoch:    7, train_acc: -0.0421, eval_acc: -0.0497, train_loss: 0.0878, eval_loss: 0.0891
2022-11-06 10:59:13,249 - RoomAsNodeGNN - INFO - Trained model saved, eval loss: 0.0891
2022-11-06 10:59:13,468 - RoomAsNodeGNN - INFO - epoch:    8, train_acc: -0.0371, eval_acc: -0.0425, train_loss: 0.0874, eval_loss: 0.0885
2022-11-06 10:59:13,468 - RoomAsNodeGNN - INFO - Trained model saved, eval loss: 0.0885
2022-11-06 10:59:13,671 - RoomAsNodeGNN - INFO - epoch:    9, train_acc: -0.0323, eval_acc: -0.0374, train_loss: 0.0871, eval_loss: 0.0880
2022-11-06 10:59:13,686 - RoomAsNodeGNN - INFO - Trained model saved, eval loss: 0.0880
2022-11-06 10:59:13,890 - RoomAsNodeGNN - INFO - epoch:   10, train_acc: -0.0375, eval_acc: -0.0397, train_loss: 0.0874, eval_loss: 0.0882
2022-11-06 10:59:14,108 - RoomAsNodeGNN - INFO - epoch:   11, train_acc: -0.0279, eval_acc: -0.0434, train_loss: 0.0866, eval_loss: 0.0886
2022-11-06 10:59:14,327 - RoomAsNodeGNN - INFO - epoch:   12, train_acc: -0.0285, eval_acc: -0.0308, train_loss: 0.0867, eval_loss: 0.0875
2022-11-06 10:59:14,327 - RoomAsNodeGNN - INFO - Trained model saved, eval loss: 0.0875
2022-11-06 10:59:14,530 - RoomAsNodeGNN - INFO - epoch:   13, train_acc: -0.0243, eval_acc: -0.0395, train_loss: 0.0864, eval_loss: 0.0882
2022-11-06 10:59:14,749 - RoomAsNodeGNN - INFO - epoch:   14, train_acc: -0.0223, eval_acc: -0.0280, train_loss: 0.0862, eval_loss: 0.0872
2022-11-06 10:59:14,749 - RoomAsNodeGNN - INFO - Trained model saved, eval loss: 0.0872
2022-11-06 10:59:14,967 - RoomAsNodeGNN - INFO - epoch:   15, train_acc: -0.0172, eval_acc: -0.0285, train_loss: 0.0858, eval_loss: 0.0873
2022-11-06 10:59:15,171 - RoomAsNodeGNN - INFO - epoch:   16, train_acc: -0.0274, eval_acc: -0.0541, train_loss: 0.0866, eval_loss: 0.0895
2022-11-06 10:59:15,389 - RoomAsNodeGNN - INFO - epoch:   17, train_acc: -0.0153, eval_acc: -0.0263, train_loss: 0.0856, eval_loss: 0.0871
2022-11-06 10:59:15,389 - RoomAsNodeGNN - INFO - Trained model saved, eval loss: 0.0871
2022-11-06 10:59:15,608 - RoomAsNodeGNN - INFO - epoch:   18, train_acc: -0.0146, eval_acc: -0.0257, train_loss: 0.0855, eval_loss: 0.0871
2022-11-06 10:59:15,608 - RoomAsNodeGNN - INFO - Trained model saved, eval loss: 0.0871
2022-11-06 10:59:15,827 - RoomAsNodeGNN - INFO - epoch:   19, train_acc: -0.0099, eval_acc: -0.0200, train_loss: 0.0851, eval_loss: 0.0866
2022-11-06 10:59:15,827 - RoomAsNodeGNN - INFO - Trained model saved, eval loss: 0.0866
2022-11-06 10:59:16,030 - RoomAsNodeGNN - INFO - epoch:   20, train_acc: -0.0103, eval_acc: -0.0165, train_loss: 0.0852, eval_loss: 0.0863
2022-11-06 10:59:16,046 - RoomAsNodeGNN - INFO - Trained model saved, eval loss: 0.0863
2022-11-06 10:59:16,249 - RoomAsNodeGNN - INFO - epoch:   21, train_acc: -0.0067, eval_acc: -0.0162, train_loss: 0.0849, eval_loss: 0.0862
2022-11-06 10:59:16,249 - RoomAsNodeGNN - INFO - Trained model saved, eval loss: 0.0862
2022-11-06 10:59:16,467 - RoomAsNodeGNN - INFO - epoch:   22, train_acc: -0.0031, eval_acc: -0.0337, train_loss: 0.0846, eval_loss: 0.0877
2022-11-06 10:59:16,686 - RoomAsNodeGNN - INFO - epoch:   23, train_acc: -0.0077, eval_acc: -0.0153, train_loss: 0.0849, eval_loss: 0.0862
2022-11-06 10:59:16,686 - RoomAsNodeGNN - INFO - Trained model saved, eval loss: 0.0862
2022-11-06 10:59:16,905 - RoomAsNodeGNN - INFO - epoch:   24, train_acc: -0.0071, eval_acc: -0.0177, train_loss: 0.0849, eval_loss: 0.0864
2022-11-06 10:59:17,108 - RoomAsNodeGNN - INFO - epoch:   25, train_acc: -0.0026, eval_acc: -0.0119, train_loss: 0.0845, eval_loss: 0.0859
2022-11-06 10:59:17,108 - RoomAsNodeGNN - INFO - Trained model saved, eval loss: 0.0859
2022-11-06 10:59:17,327 - RoomAsNodeGNN - INFO - epoch:   26, train_acc: -0.0005, eval_acc: -0.0116, train_loss: 0.0844, eval_loss: 0.0858
2022-11-06 10:59:17,327 - RoomAsNodeGNN - INFO - Trained model saved, eval loss: 0.0858
2022-11-06 10:59:17,546 - RoomAsNodeGNN - INFO - epoch:   27, train_acc: -0.0018, eval_acc: -0.0199, train_loss: 0.0844, eval_loss: 0.0866
2022-11-06 10:59:17,749 - RoomAsNodeGNN - INFO - epoch:   28, train_acc: -0.0058, eval_acc: -0.0156, train_loss: 0.0848, eval_loss: 0.0862
2022-11-06 10:59:17,968 - RoomAsNodeGNN - INFO - epoch:   29, train_acc: -0.0014, eval_acc: -0.0270, train_loss: 0.0844, eval_loss: 0.0872
2022-11-06 10:59:18,186 - RoomAsNodeGNN - INFO - epoch:   30, train_acc: 0.0001, eval_acc: -0.0089, train_loss: 0.0843, eval_loss: 0.0856
2022-11-06 10:59:18,186 - RoomAsNodeGNN - INFO - Trained model saved, eval loss: 0.0856
2022-11-06 10:59:18,389 - RoomAsNodeGNN - INFO - epoch:   31, train_acc: 0.0032, eval_acc: -0.0076, train_loss: 0.0840, eval_loss: 0.0855
2022-11-06 10:59:18,389 - RoomAsNodeGNN - INFO - Trained model saved, eval loss: 0.0855
2022-11-06 10:59:18,608 - RoomAsNodeGNN - INFO - epoch:   32, train_acc: -0.0004, eval_acc: -0.0117, train_loss: 0.0843, eval_loss: 0.0859
2022-11-06 10:59:18,827 - RoomAsNodeGNN - INFO - epoch:   33, train_acc: -0.0015, eval_acc: -0.0154, train_loss: 0.0843, eval_loss: 0.0862
2022-11-06 10:59:19,030 - RoomAsNodeGNN - INFO - epoch:   34, train_acc: 0.0007, eval_acc: -0.0135, train_loss: 0.0843, eval_loss: 0.0860
2022-11-06 10:59:19,249 - RoomAsNodeGNN - INFO - epoch:   35, train_acc: 0.0023, eval_acc: -0.0207, train_loss: 0.0841, eval_loss: 0.0866
2022-11-06 10:59:19,468 - RoomAsNodeGNN - INFO - epoch:   36, train_acc: 0.0047, eval_acc: -0.0084, train_loss: 0.0839, eval_loss: 0.0856
2022-11-06 10:59:19,671 - RoomAsNodeGNN - INFO - epoch:   37, train_acc: 0.0034, eval_acc: -0.0145, train_loss: 0.0840, eval_loss: 0.0861
2022-11-06 10:59:19,889 - RoomAsNodeGNN - INFO - epoch:   38, train_acc: 0.0048, eval_acc: -0.0126, train_loss: 0.0839, eval_loss: 0.0859
2022-11-06 10:59:20,139 - RoomAsNodeGNN - INFO - epoch:   39, train_acc: 0.0026, eval_acc: -0.0261, train_loss: 0.0840, eval_loss: 0.0871
2022-11-06 10:59:20,358 - RoomAsNodeGNN - INFO - epoch:   40, train_acc: 0.0003, eval_acc: -0.0146, train_loss: 0.0843, eval_loss: 0.0861
2022-11-06 10:59:20,577 - RoomAsNodeGNN - INFO - epoch:   41, train_acc: 0.0042, eval_acc: -0.0095, train_loss: 0.0840, eval_loss: 0.0857
2022-11-06 10:59:20,780 - RoomAsNodeGNN - INFO - epoch:   42, train_acc: 0.0047, eval_acc: -0.0130, train_loss: 0.0839, eval_loss: 0.0860
2022-11-06 10:59:20,999 - RoomAsNodeGNN - INFO - epoch:   43, train_acc: 0.0056, eval_acc: -0.0093, train_loss: 0.0838, eval_loss: 0.0857
2022-11-06 10:59:21,217 - RoomAsNodeGNN - INFO - epoch:   44, train_acc: 0.0073, eval_acc: -0.0153, train_loss: 0.0836, eval_loss: 0.0862
2022-11-06 10:59:21,436 - RoomAsNodeGNN - INFO - epoch:   45, train_acc: 0.0072, eval_acc: -0.0095, train_loss: 0.0836, eval_loss: 0.0857
2022-11-06 10:59:21,639 - RoomAsNodeGNN - INFO - epoch:   46, train_acc: 0.0106, eval_acc: -0.0153, train_loss: 0.0834, eval_loss: 0.0862
2022-11-06 10:59:21,858 - RoomAsNodeGNN - INFO - epoch:   47, train_acc: 0.0113, eval_acc: -0.0137, train_loss: 0.0833, eval_loss: 0.0860
2022-11-06 10:59:22,061 - RoomAsNodeGNN - INFO - epoch:   48, train_acc: 0.0083, eval_acc: -0.0178, train_loss: 0.0836, eval_loss: 0.0864
2022-11-06 10:59:22,280 - RoomAsNodeGNN - INFO - epoch:   49, train_acc: 0.0101, eval_acc: -0.0107, train_loss: 0.0834, eval_loss: 0.0858
2022-11-06 10:59:22,483 - RoomAsNodeGNN - INFO - epoch:   50, train_acc: 0.0099, eval_acc: -0.0115, train_loss: 0.0835, eval_loss: 0.0858
2022-11-06 10:59:22,702 - RoomAsNodeGNN - INFO - epoch:   51, train_acc: 0.0126, eval_acc: -0.0145, train_loss: 0.0833, eval_loss: 0.0861
2022-11-06 10:59:22,905 - RoomAsNodeGNN - INFO - epoch:   52, train_acc: 0.0122, eval_acc: -0.0090, train_loss: 0.0833, eval_loss: 0.0856
2022-11-06 10:59:23,124 - RoomAsNodeGNN - INFO - epoch:   53, train_acc: 0.0104, eval_acc: -0.0219, train_loss: 0.0834, eval_loss: 0.0867
2022-11-06 10:59:23,342 - RoomAsNodeGNN - INFO - epoch:   54, train_acc: 0.0144, eval_acc: -0.0138, train_loss: 0.0831, eval_loss: 0.0860
2022-11-06 10:59:23,546 - RoomAsNodeGNN - INFO - epoch:   55, train_acc: 0.0138, eval_acc: -0.0124, train_loss: 0.0831, eval_loss: 0.0859
2022-11-06 10:59:23,764 - RoomAsNodeGNN - INFO - epoch:   56, train_acc: 0.0160, eval_acc: -0.0115, train_loss: 0.0830, eval_loss: 0.0858
2022-11-06 10:59:23,968 - RoomAsNodeGNN - INFO - epoch:   57, train_acc: 0.0148, eval_acc: -0.0131, train_loss: 0.0831, eval_loss: 0.0860
2022-11-06 10:59:24,186 - RoomAsNodeGNN - INFO - epoch:   58, train_acc: 0.0148, eval_acc: -0.0105, train_loss: 0.0830, eval_loss: 0.0858
2022-11-06 10:59:24,389 - RoomAsNodeGNN - INFO - epoch:   59, train_acc: 0.0172, eval_acc: -0.0147, train_loss: 0.0829, eval_loss: 0.0861
2022-11-06 10:59:24,608 - RoomAsNodeGNN - INFO - epoch:   60, train_acc: 0.0149, eval_acc: -0.0108, train_loss: 0.0830, eval_loss: 0.0858
2022-11-06 10:59:24,812 - RoomAsNodeGNN - INFO - epoch:   61, train_acc: 0.0142, eval_acc: -0.0134, train_loss: 0.0831, eval_loss: 0.0860
2022-11-06 10:59:25,030 - RoomAsNodeGNN - INFO - epoch:   62, train_acc: 0.0152, eval_acc: -0.0140, train_loss: 0.0830, eval_loss: 0.0861
2022-11-06 10:59:25,233 - RoomAsNodeGNN - INFO - epoch:   63, train_acc: 0.0160, eval_acc: -0.0105, train_loss: 0.0830, eval_loss: 0.0858
2022-11-06 10:59:25,456 - RoomAsNodeGNN - INFO - epoch:   64, train_acc: 0.0178, eval_acc: -0.0139, train_loss: 0.0828, eval_loss: 0.0860
2022-11-06 10:59:25,655 - RoomAsNodeGNN - INFO - epoch:   65, train_acc: 0.0182, eval_acc: -0.0171, train_loss: 0.0828, eval_loss: 0.0863
2022-11-06 10:59:25,874 - RoomAsNodeGNN - INFO - epoch:   66, train_acc: 0.0191, eval_acc: -0.0146, train_loss: 0.0827, eval_loss: 0.0861
2022-11-06 10:59:26,093 - RoomAsNodeGNN - INFO - epoch:   67, train_acc: 0.0189, eval_acc: -0.0127, train_loss: 0.0827, eval_loss: 0.0859
2022-11-06 10:59:26,296 - RoomAsNodeGNN - INFO - epoch:   68, train_acc: 0.0194, eval_acc: -0.0209, train_loss: 0.0826, eval_loss: 0.0866
2022-11-06 10:59:26,514 - RoomAsNodeGNN - INFO - epoch:   69, train_acc: 0.0191, eval_acc: -0.0141, train_loss: 0.0827, eval_loss: 0.0861
2022-11-06 10:59:26,733 - RoomAsNodeGNN - INFO - epoch:   70, train_acc: 0.0194, eval_acc: -0.0135, train_loss: 0.0826, eval_loss: 0.0860
2022-11-06 10:59:26,936 - RoomAsNodeGNN - INFO - epoch:   71, train_acc: 0.0198, eval_acc: -0.0134, train_loss: 0.0827, eval_loss: 0.0860
2022-11-06 10:59:27,155 - RoomAsNodeGNN - INFO - epoch:   72, train_acc: 0.0207, eval_acc: -0.0163, train_loss: 0.0826, eval_loss: 0.0863
2022-11-06 10:59:27,374 - RoomAsNodeGNN - INFO - epoch:   73, train_acc: 0.0196, eval_acc: -0.0157, train_loss: 0.0826, eval_loss: 0.0862
2022-11-06 10:59:27,577 - RoomAsNodeGNN - INFO - epoch:   74, train_acc: 0.0197, eval_acc: -0.0212, train_loss: 0.0827, eval_loss: 0.0867
2022-11-06 10:59:27,796 - RoomAsNodeGNN - INFO - epoch:   75, train_acc: 0.0202, eval_acc: -0.0167, train_loss: 0.0826, eval_loss: 0.0863
2022-11-06 10:59:27,999 - RoomAsNodeGNN - INFO - epoch:   76, train_acc: 0.0229, eval_acc: -0.0154, train_loss: 0.0824, eval_loss: 0.0862
2022-11-06 10:59:28,217 - RoomAsNodeGNN - INFO - epoch:   77, train_acc: 0.0215, eval_acc: -0.0151, train_loss: 0.0825, eval_loss: 0.0861
2022-11-06 10:59:28,436 - RoomAsNodeGNN - INFO - epoch:   78, train_acc: 0.0220, eval_acc: -0.0157, train_loss: 0.0825, eval_loss: 0.0862
2022-11-06 10:59:28,639 - RoomAsNodeGNN - INFO - epoch:   79, train_acc: 0.0223, eval_acc: -0.0175, train_loss: 0.0824, eval_loss: 0.0864
2022-11-06 10:59:28,847 - RoomAsNodeGNN - INFO - epoch:   80, train_acc: 0.0223, eval_acc: -0.0165, train_loss: 0.0824, eval_loss: 0.0863
2022-11-06 10:59:29,061 - RoomAsNodeGNN - INFO - epoch:   81, train_acc: 0.0226, eval_acc: -0.0155, train_loss: 0.0824, eval_loss: 0.0862
2022-11-06 10:59:29,280 - RoomAsNodeGNN - INFO - epoch:   82, train_acc: 0.0215, eval_acc: -0.0155, train_loss: 0.0825, eval_loss: 0.0862
2022-11-06 10:59:29,499 - RoomAsNodeGNN - INFO - epoch:   83, train_acc: 0.0232, eval_acc: -0.0162, train_loss: 0.0824, eval_loss: 0.0862
2022-11-06 10:59:29,702 - RoomAsNodeGNN - INFO - epoch:   84, train_acc: 0.0233, eval_acc: -0.0167, train_loss: 0.0823, eval_loss: 0.0863
2022-11-06 10:59:29,967 - RoomAsNodeGNN - INFO - epoch:   85, train_acc: 0.0230, eval_acc: -0.0182, train_loss: 0.0824, eval_loss: 0.0864
2022-11-06 10:59:30,186 - RoomAsNodeGNN - INFO - epoch:   86, train_acc: 0.0227, eval_acc: -0.0205, train_loss: 0.0823, eval_loss: 0.0866
2022-11-06 10:59:30,405 - RoomAsNodeGNN - INFO - epoch:   87, train_acc: 0.0237, eval_acc: -0.0164, train_loss: 0.0823, eval_loss: 0.0863
2022-11-06 10:59:30,624 - RoomAsNodeGNN - INFO - epoch:   88, train_acc: 0.0242, eval_acc: -0.0169, train_loss: 0.0823, eval_loss: 0.0863
2022-11-06 10:59:30,827 - RoomAsNodeGNN - INFO - epoch:   89, train_acc: 0.0240, eval_acc: -0.0170, train_loss: 0.0823, eval_loss: 0.0863
2022-11-06 10:59:31,046 - RoomAsNodeGNN - INFO - epoch:   90, train_acc: 0.0242, eval_acc: -0.0180, train_loss: 0.0823, eval_loss: 0.0864
2022-11-06 10:59:31,249 - RoomAsNodeGNN - INFO - epoch:   91, train_acc: 0.0243, eval_acc: -0.0188, train_loss: 0.0823, eval_loss: 0.0865
2022-11-06 10:59:31,483 - RoomAsNodeGNN - INFO - epoch:   92, train_acc: 0.0244, eval_acc: -0.0164, train_loss: 0.0823, eval_loss: 0.0863
2022-11-06 10:59:31,702 - RoomAsNodeGNN - INFO - epoch:   93, train_acc: 0.0241, eval_acc: -0.0170, train_loss: 0.0823, eval_loss: 0.0863
2022-11-06 10:59:31,921 - RoomAsNodeGNN - INFO - epoch:   94, train_acc: 0.0240, eval_acc: -0.0173, train_loss: 0.0823, eval_loss: 0.0863
2022-11-06 10:59:32,139 - RoomAsNodeGNN - INFO - epoch:   95, train_acc: 0.0242, eval_acc: -0.0164, train_loss: 0.0822, eval_loss: 0.0863
2022-11-06 10:59:32,374 - RoomAsNodeGNN - INFO - epoch:   96, train_acc: 0.0244, eval_acc: -0.0180, train_loss: 0.0822, eval_loss: 0.0864
2022-11-06 10:59:32,577 - RoomAsNodeGNN - INFO - epoch:   97, train_acc: 0.0246, eval_acc: -0.0185, train_loss: 0.0823, eval_loss: 0.0864
2022-11-06 10:59:32,796 - RoomAsNodeGNN - INFO - epoch:   98, train_acc: 0.0243, eval_acc: -0.0164, train_loss: 0.0822, eval_loss: 0.0863
2022-11-06 10:59:33,014 - RoomAsNodeGNN - INFO - epoch:   99, train_acc: 0.0245, eval_acc: -0.0160, train_loss: 0.0822, eval_loss: 0.0862
2022-11-06 10:59:33,217 - RoomAsNodeGNN - INFO - epoch:  100, train_acc: 0.0251, eval_acc: -0.0174, train_loss: 0.0822, eval_loss: 0.0863
2022-11-06 10:59:33,233 - RoomAsNodeGNN - INFO - saving prediction: Results\2022_11_06__10_59_04\Prediction\pred_0.pt
2022-11-06 10:59:33,233 - RoomAsNodeGNN - INFO - saving prediction: Results\2022_11_06__10_59_04\Prediction\pred_1.pt
2022-11-06 10:59:33,233 - RoomAsNodeGNN - INFO - saving prediction: Results\2022_11_06__10_59_04\Prediction\pred_2.pt
2022-11-06 10:59:33,233 - RoomAsNodeGNN - INFO - saving prediction: Results\2022_11_06__10_59_04\Prediction\pred_3.pt
2022-11-06 10:59:33,249 - RoomAsNodeGNN - INFO - saving prediction: Results\2022_11_06__10_59_04\Prediction\pred_4.pt
2022-11-06 10:59:33,249 - RoomAsNodeGNN - INFO - saving prediction: Results\2022_11_06__10_59_04\Prediction\pred_5.pt
2022-11-06 10:59:33,249 - RoomAsNodeGNN - INFO - saving prediction: Results\2022_11_06__10_59_04\Prediction\pred_6.pt
2022-11-06 10:59:33,264 - RoomAsNodeGNN - INFO - saving prediction: Results\2022_11_06__10_59_04\Prediction\pred_7.pt
2022-11-06 10:59:33,264 - RoomAsNodeGNN - INFO - saving prediction: Results\2022_11_06__10_59_04\Prediction\pred_8.pt
2022-11-06 10:59:33,264 - RoomAsNodeGNN - INFO - saving prediction: Results\2022_11_06__10_59_04\Prediction\pred_9.pt
2022-11-06 10:59:33,264 - RoomAsNodeGNN - INFO - saving prediction: Results\2022_11_06__10_59_04\Prediction\pred_10.pt
2022-11-06 10:59:33,280 - RoomAsNodeGNN - INFO - saving prediction: Results\2022_11_06__10_59_04\Prediction\pred_11.pt
2022-11-06 10:59:33,280 - RoomAsNodeGNN - INFO - saving prediction: Results\2022_11_06__10_59_04\Prediction\pred_12.pt
2022-11-06 10:59:33,280 - RoomAsNodeGNN - INFO - saving prediction: Results\2022_11_06__10_59_04\Prediction\pred_13.pt
2022-11-06 10:59:33,296 - RoomAsNodeGNN - INFO - saving prediction: Results\2022_11_06__10_59_04\Prediction\pred_14.pt
2022-11-06 10:59:33,296 - RoomAsNodeGNN - INFO - saving prediction: Results\2022_11_06__10_59_04\Prediction\pred_15.pt
2022-11-06 10:59:33,296 - RoomAsNodeGNN - INFO - saving prediction: Results\2022_11_06__10_59_04\Prediction\pred_16.pt
2022-11-06 10:59:33,296 - RoomAsNodeGNN - INFO - saving prediction: Results\2022_11_06__10_59_04\Prediction\pred_17.pt
2022-11-06 10:59:33,311 - RoomAsNodeGNN - INFO - saving prediction: Results\2022_11_06__10_59_04\Prediction\pred_18.pt
2022-11-06 10:59:33,311 - RoomAsNodeGNN - INFO - saving prediction: Results\2022_11_06__10_59_04\Prediction\pred_19.pt
2022-11-06 10:59:33,311 - RoomAsNodeGNN - INFO - saving prediction: Results\2022_11_06__10_59_04\Prediction\pred_20.pt
2022-11-06 10:59:33,311 - RoomAsNodeGNN - INFO - saving prediction: Results\2022_11_06__10_59_04\Prediction\pred_21.pt
2022-11-06 10:59:33,327 - RoomAsNodeGNN - INFO - saving prediction: Results\2022_11_06__10_59_04\Prediction\pred_22.pt
2022-11-06 10:59:33,327 - RoomAsNodeGNN - INFO - saving prediction: Results\2022_11_06__10_59_04\Prediction\pred_23.pt
2022-11-06 10:59:33,327 - RoomAsNodeGNN - INFO - saving prediction: Results\2022_11_06__10_59_04\Prediction\pred_24.pt
2022-11-06 10:59:33,342 - RoomAsNodeGNN - INFO - saving prediction: Results\2022_11_06__10_59_04\Prediction\pred_25.pt
2022-11-06 10:59:33,342 - RoomAsNodeGNN - INFO - saving prediction: Results\2022_11_06__10_59_04\Prediction\pred_26.pt
2022-11-06 10:59:33,342 - RoomAsNodeGNN - INFO - saving prediction: Results\2022_11_06__10_59_04\Prediction\pred_27.pt
2022-11-06 10:59:33,342 - RoomAsNodeGNN - INFO - saving prediction: Results\2022_11_06__10_59_04\Prediction\pred_28.pt
2022-11-06 10:59:33,342 - RoomAsNodeGNN - INFO - saving prediction: Results\2022_11_06__10_59_04\Prediction\pred_29.pt
2022-11-06 10:59:33,358 - RoomAsNodeGNN - INFO - saving prediction: Results\2022_11_06__10_59_04\Prediction\pred_30.pt
2022-11-06 10:59:33,358 - RoomAsNodeGNN - INFO - saving prediction: Results\2022_11_06__10_59_04\Prediction\pred_31.pt
2022-11-06 10:59:33,358 - RoomAsNodeGNN - INFO - saving prediction: Results\2022_11_06__10_59_04\Prediction\pred_32.pt
2022-11-06 10:59:33,358 - RoomAsNodeGNN - INFO - saving prediction: Results\2022_11_06__10_59_04\Prediction\pred_33.pt
2022-11-06 10:59:33,374 - RoomAsNodeGNN - INFO - saving prediction: Results\2022_11_06__10_59_04\Prediction\pred_34.pt
2022-11-06 10:59:33,374 - RoomAsNodeGNN - INFO - saving prediction: Results\2022_11_06__10_59_04\Prediction\pred_35.pt
2022-11-06 10:59:33,374 - RoomAsNodeGNN - INFO - saving prediction: Results\2022_11_06__10_59_04\Prediction\pred_36.pt
2022-11-06 10:59:33,374 - RoomAsNodeGNN - INFO - saving prediction: Results\2022_11_06__10_59_04\Prediction\pred_37.pt
2022-11-06 10:59:33,389 - RoomAsNodeGNN - INFO - saving prediction: Results\2022_11_06__10_59_04\Prediction\pred_38.pt
2022-11-06 10:59:33,389 - RoomAsNodeGNN - INFO - saving prediction: Results\2022_11_06__10_59_04\Prediction\pred_39.pt
2022-11-06 10:59:33,389 - RoomAsNodeGNN - INFO - saving prediction: Results\2022_11_06__10_59_04\Prediction\pred_40.pt
2022-11-06 10:59:33,389 - RoomAsNodeGNN - INFO - saving prediction: Results\2022_11_06__10_59_04\Prediction\pred_41.pt
2022-11-06 10:59:33,405 - RoomAsNodeGNN - INFO - saving prediction: Results\2022_11_06__10_59_04\Prediction\pred_42.pt
2022-11-06 10:59:33,405 - RoomAsNodeGNN - INFO - saving prediction: Results\2022_11_06__10_59_04\Prediction\pred_43.pt
2022-11-06 10:59:33,405 - RoomAsNodeGNN - INFO - saving prediction: Results\2022_11_06__10_59_04\Prediction\pred_44.pt
2022-11-06 10:59:33,405 - RoomAsNodeGNN - INFO - saving prediction: Results\2022_11_06__10_59_04\Prediction\pred_45.pt
2022-11-06 10:59:33,421 - RoomAsNodeGNN - INFO - saving prediction: Results\2022_11_06__10_59_04\Prediction\pred_46.pt
2022-11-06 10:59:33,421 - RoomAsNodeGNN - INFO - saving prediction: Results\2022_11_06__10_59_04\Prediction\pred_47.pt
2022-11-06 10:59:33,421 - RoomAsNodeGNN - INFO - saving prediction: Results\2022_11_06__10_59_04\Prediction\pred_48.pt
2022-11-06 10:59:33,421 - RoomAsNodeGNN - INFO - saving prediction: Results\2022_11_06__10_59_04\Prediction\pred_49.pt
2022-11-06 10:59:33,436 - RoomAsNodeGNN - INFO - saving prediction: Results\2022_11_06__10_59_04\Prediction\pred_50.pt
2022-11-06 10:59:33,436 - RoomAsNodeGNN - INFO - saving prediction: Results\2022_11_06__10_59_04\Prediction\pred_51.pt
2022-11-06 10:59:33,436 - RoomAsNodeGNN - INFO - saving prediction: Results\2022_11_06__10_59_04\Prediction\pred_52.pt
2022-11-06 10:59:33,436 - RoomAsNodeGNN - INFO - saving prediction: Results\2022_11_06__10_59_04\Prediction\pred_53.pt
2022-11-06 10:59:33,452 - RoomAsNodeGNN - INFO - saving prediction: Results\2022_11_06__10_59_04\Prediction\pred_54.pt
2022-11-06 10:59:33,452 - RoomAsNodeGNN - INFO - saving prediction: Results\2022_11_06__10_59_04\Prediction\pred_55.pt
2022-11-06 10:59:33,452 - RoomAsNodeGNN - INFO - saving prediction: Results\2022_11_06__10_59_04\Prediction\pred_56.pt
2022-11-06 10:59:33,452 - RoomAsNodeGNN - INFO - saving prediction: Results\2022_11_06__10_59_04\Prediction\pred_57.pt
2022-11-06 10:59:33,467 - RoomAsNodeGNN - INFO - saving prediction: Results\2022_11_06__10_59_04\Prediction\pred_58.pt
2022-11-06 10:59:33,467 - RoomAsNodeGNN - INFO - saving prediction: Results\2022_11_06__10_59_04\Prediction\pred_59.pt
2022-11-06 10:59:33,467 - RoomAsNodeGNN - INFO - saving prediction: Results\2022_11_06__10_59_04\Prediction\pred_60.pt
2022-11-06 10:59:33,467 - RoomAsNodeGNN - INFO - saving prediction: Results\2022_11_06__10_59_04\Prediction\pred_61.pt
2022-11-06 10:59:33,483 - RoomAsNodeGNN - INFO - saving prediction: Results\2022_11_06__10_59_04\Prediction\pred_62.pt
2022-11-06 10:59:33,483 - RoomAsNodeGNN - INFO - saving prediction: Results\2022_11_06__10_59_04\Prediction\pred_63.pt
2022-11-06 10:59:33,483 - RoomAsNodeGNN - INFO - saving prediction: Results\2022_11_06__10_59_04\Prediction\pred_64.pt
2022-11-06 10:59:33,483 - RoomAsNodeGNN - INFO - saving prediction: Results\2022_11_06__10_59_04\Prediction\pred_65.pt
2022-11-06 10:59:33,499 - RoomAsNodeGNN - INFO - saving prediction: Results\2022_11_06__10_59_04\Prediction\pred_66.pt
2022-11-06 10:59:33,499 - RoomAsNodeGNN - INFO - saving prediction: Results\2022_11_06__10_59_04\Prediction\pred_67.pt
2022-11-06 10:59:33,499 - RoomAsNodeGNN - INFO - saving prediction: Results\2022_11_06__10_59_04\Prediction\pred_68.pt
2022-11-06 10:59:33,499 - RoomAsNodeGNN - INFO - saving prediction: Results\2022_11_06__10_59_04\Prediction\pred_69.pt
2022-11-06 10:59:33,514 - RoomAsNodeGNN - INFO - saving prediction: Results\2022_11_06__10_59_04\Prediction\pred_70.pt
2022-11-06 10:59:33,514 - RoomAsNodeGNN - INFO - saving prediction: Results\2022_11_06__10_59_04\Prediction\pred_71.pt
2022-11-06 10:59:33,514 - RoomAsNodeGNN - INFO - saving prediction: Results\2022_11_06__10_59_04\Prediction\pred_72.pt
2022-11-06 10:59:33,514 - RoomAsNodeGNN - INFO - saving prediction: Results\2022_11_06__10_59_04\Prediction\pred_73.pt
2022-11-06 10:59:33,514 - RoomAsNodeGNN - INFO - saving prediction: Results\2022_11_06__10_59_04\Prediction\pred_74.pt
2022-11-06 10:59:33,530 - RoomAsNodeGNN - INFO - saving prediction: Results\2022_11_06__10_59_04\Prediction\pred_75.pt
2022-11-06 10:59:33,530 - RoomAsNodeGNN - INFO - saving prediction: Results\2022_11_06__10_59_04\Prediction\pred_76.pt
2022-11-06 10:59:33,530 - RoomAsNodeGNN - INFO - saving prediction: Results\2022_11_06__10_59_04\Prediction\pred_77.pt
2022-11-06 10:59:33,530 - RoomAsNodeGNN - INFO - saving prediction: Results\2022_11_06__10_59_04\Prediction\pred_78.pt
2022-11-06 10:59:33,546 - RoomAsNodeGNN - INFO - saving prediction: Results\2022_11_06__10_59_04\Prediction\pred_79.pt
2022-11-06 10:59:33,546 - RoomAsNodeGNN - INFO - saving prediction: Results\2022_11_06__10_59_04\Prediction\pred_80.pt
2022-11-06 10:59:33,546 - RoomAsNodeGNN - INFO - saving prediction: Results\2022_11_06__10_59_04\Prediction\pred_81.pt
2022-11-06 10:59:33,546 - RoomAsNodeGNN - INFO - saving prediction: Results\2022_11_06__10_59_04\Prediction\pred_82.pt
2022-11-06 10:59:33,561 - RoomAsNodeGNN - INFO - saving prediction: Results\2022_11_06__10_59_04\Prediction\pred_83.pt
2022-11-06 10:59:33,561 - RoomAsNodeGNN - INFO - saving prediction: Results\2022_11_06__10_59_04\Prediction\pred_84.pt
2022-11-06 10:59:33,561 - RoomAsNodeGNN - INFO - saving prediction: Results\2022_11_06__10_59_04\Prediction\pred_85.pt
2022-11-06 10:59:33,561 - RoomAsNodeGNN - INFO - saving prediction: Results\2022_11_06__10_59_04\Prediction\pred_86.pt
2022-11-06 10:59:33,577 - RoomAsNodeGNN - INFO - saving prediction: Results\2022_11_06__10_59_04\Prediction\pred_87.pt
2022-11-06 10:59:33,577 - RoomAsNodeGNN - INFO - saving prediction: Results\2022_11_06__10_59_04\Prediction\pred_88.pt
2022-11-06 10:59:33,577 - RoomAsNodeGNN - INFO - saving prediction: Results\2022_11_06__10_59_04\Prediction\pred_89.pt
2022-11-06 10:59:33,577 - RoomAsNodeGNN - INFO - saving prediction: Results\2022_11_06__10_59_04\Prediction\pred_90.pt
2022-11-06 10:59:33,592 - RoomAsNodeGNN - INFO - saving prediction: Results\2022_11_06__10_59_04\Prediction\pred_91.pt
2022-11-06 10:59:33,592 - RoomAsNodeGNN - INFO - saving prediction: Results\2022_11_06__10_59_04\Prediction\pred_92.pt
2022-11-06 10:59:33,592 - RoomAsNodeGNN - INFO - saving prediction: Results\2022_11_06__10_59_04\Prediction\pred_93.pt
2022-11-06 10:59:33,592 - RoomAsNodeGNN - INFO - saving prediction: Results\2022_11_06__10_59_04\Prediction\pred_94.pt
2022-11-06 10:59:33,608 - RoomAsNodeGNN - INFO - saving prediction: Results\2022_11_06__10_59_04\Prediction\pred_95.pt
2022-11-06 10:59:33,608 - RoomAsNodeGNN - INFO - saving prediction: Results\2022_11_06__10_59_04\Prediction\pred_96.pt
2022-11-06 10:59:33,608 - RoomAsNodeGNN - INFO - saving prediction: Results\2022_11_06__10_59_04\Prediction\pred_97.pt
2022-11-06 10:59:33,608 - RoomAsNodeGNN - INFO - saving prediction: Results\2022_11_06__10_59_04\Prediction\pred_98.pt
2022-11-06 10:59:33,624 - RoomAsNodeGNN - INFO - saving prediction: Results\2022_11_06__10_59_04\Prediction\pred_99.pt
