2022-11-05 14:53:22,223 - graphVAE - INFO - Dataset length: 2155
2022-11-05 14:53:22,223 - graphVAE - INFO - train, valid, test dataset len: 1724, 431, 0
2022-11-05 14:53:22,346 - graphVAE - INFO - VGAE(
  (encoder): VariationalGraphEncoder(
    (conv1): GCNConv(10, 256)
    (linear_mu): Linear(in_features=256, out_features=256, bias=True)
    (linear_logstd): Linear(in_features=256, out_features=256, bias=True)
  )
  (decoder): VariationalGraphDecoder(
    (linear_1): Linear(in_features=256, out_features=256, bias=True)
    (conv1): GCNConv(256, 256)
    (linear_2): Linear(in_features=256, out_features=2, bias=True)
  )
)
2022-11-05 14:53:27,605 - graphVAE - INFO - epoch:    1, train_acc: 0.0315, eval_acc: -0.1112, train_loss: 2.1863, eval_loss: 1.7011
2022-11-05 14:53:27,605 - graphVAE - INFO - Trained model saved, eval loss: 1.7011
2022-11-05 14:53:29,862 - graphVAE - INFO - epoch:    2, train_acc: 0.1990, eval_acc: 0.0143, train_loss: 1.3785, eval_loss: 1.6269
2022-11-05 14:53:29,862 - graphVAE - INFO - Trained model saved, eval loss: 1.6269
2022-11-05 14:53:32,129 - graphVAE - INFO - epoch:    3, train_acc: 0.3829, eval_acc: 0.0760, train_loss: 1.1998, eval_loss: 1.5889
2022-11-05 14:53:32,129 - graphVAE - INFO - Trained model saved, eval loss: 1.5889
2022-11-05 14:53:34,353 - graphVAE - INFO - epoch:    4, train_acc: 0.4343, eval_acc: 0.1014, train_loss: 1.1513, eval_loss: 1.5445
2022-11-05 14:53:34,353 - graphVAE - INFO - Trained model saved, eval loss: 1.5445
2022-11-05 14:53:36,614 - graphVAE - INFO - epoch:    5, train_acc: 0.4420, eval_acc: 0.1096, train_loss: 1.1339, eval_loss: 1.5283
2022-11-05 14:53:36,614 - graphVAE - INFO - Trained model saved, eval loss: 1.5283
2022-11-05 14:53:38,842 - graphVAE - INFO - epoch:    6, train_acc: 0.4292, eval_acc: 0.1166, train_loss: 1.1420, eval_loss: 1.5203
2022-11-05 14:53:38,842 - graphVAE - INFO - Trained model saved, eval loss: 1.5203
2022-11-05 14:53:41,110 - graphVAE - INFO - epoch:    7, train_acc: 0.4473, eval_acc: 0.1347, train_loss: 1.1218, eval_loss: 1.4884
2022-11-05 14:53:41,110 - graphVAE - INFO - Trained model saved, eval loss: 1.4884
2022-11-05 14:53:43,372 - graphVAE - INFO - epoch:    8, train_acc: 0.4459, eval_acc: 0.1317, train_loss: 1.1146, eval_loss: 1.4946
2022-11-05 14:53:45,681 - graphVAE - INFO - epoch:    9, train_acc: 0.4475, eval_acc: 0.1507, train_loss: 1.1158, eval_loss: 1.4832
2022-11-05 14:53:45,681 - graphVAE - INFO - Trained model saved, eval loss: 1.4832
2022-11-05 14:53:47,988 - graphVAE - INFO - epoch:   10, train_acc: 0.4518, eval_acc: 0.1221, train_loss: 1.1040, eval_loss: 1.5145
2022-11-05 14:53:50,288 - graphVAE - INFO - epoch:   11, train_acc: 0.4445, eval_acc: 0.1661, train_loss: 1.1105, eval_loss: 1.4566
2022-11-05 14:53:50,288 - graphVAE - INFO - Trained model saved, eval loss: 1.4566
2022-11-05 14:53:52,586 - graphVAE - INFO - epoch:   12, train_acc: 0.4440, eval_acc: 0.1601, train_loss: 1.1205, eval_loss: 1.4556
2022-11-05 14:53:52,602 - graphVAE - INFO - Trained model saved, eval loss: 1.4556
2022-11-05 14:53:54,949 - graphVAE - INFO - epoch:   13, train_acc: 0.4457, eval_acc: 0.1625, train_loss: 1.1057, eval_loss: 1.4379
2022-11-05 14:53:54,949 - graphVAE - INFO - Trained model saved, eval loss: 1.4379
2022-11-05 14:53:57,219 - graphVAE - INFO - epoch:   14, train_acc: 0.4437, eval_acc: 0.1732, train_loss: 1.1074, eval_loss: 1.4435
2022-11-05 14:53:59,487 - graphVAE - INFO - epoch:   15, train_acc: 0.4457, eval_acc: 0.1840, train_loss: 1.1010, eval_loss: 1.4151
2022-11-05 14:53:59,490 - graphVAE - INFO - Trained model saved, eval loss: 1.4151
2022-11-05 14:54:01,741 - graphVAE - INFO - epoch:   16, train_acc: 0.4646, eval_acc: 0.1822, train_loss: 1.0796, eval_loss: 1.4183
2022-11-05 14:54:04,029 - graphVAE - INFO - epoch:   17, train_acc: 0.4465, eval_acc: 0.1958, train_loss: 1.1048, eval_loss: 1.4231
2022-11-05 14:54:06,274 - graphVAE - INFO - epoch:   18, train_acc: 0.4552, eval_acc: 0.2098, train_loss: 1.0944, eval_loss: 1.3710
2022-11-05 14:54:06,274 - graphVAE - INFO - Trained model saved, eval loss: 1.3710
2022-11-05 14:54:08,592 - graphVAE - INFO - epoch:   19, train_acc: 0.4491, eval_acc: 0.2316, train_loss: 1.0997, eval_loss: 1.3523
2022-11-05 14:54:08,592 - graphVAE - INFO - Trained model saved, eval loss: 1.3523
2022-11-05 14:54:10,817 - graphVAE - INFO - epoch:   20, train_acc: 0.4622, eval_acc: 0.2305, train_loss: 1.0853, eval_loss: 1.3519
2022-11-05 14:54:10,817 - graphVAE - INFO - Trained model saved, eval loss: 1.3519
2022-11-05 14:54:12,939 - graphVAE - INFO - epoch:   21, train_acc: 0.4552, eval_acc: 0.2500, train_loss: 1.0918, eval_loss: 1.3506
2022-11-05 14:54:12,939 - graphVAE - INFO - Trained model saved, eval loss: 1.3506
2022-11-05 14:54:15,205 - graphVAE - INFO - epoch:   22, train_acc: 0.4553, eval_acc: 0.2151, train_loss: 1.0990, eval_loss: 1.3611
2022-11-05 14:54:17,500 - graphVAE - INFO - epoch:   23, train_acc: 0.4514, eval_acc: 0.2695, train_loss: 1.0972, eval_loss: 1.3011
2022-11-05 14:54:17,500 - graphVAE - INFO - Trained model saved, eval loss: 1.3011
2022-11-05 14:54:19,822 - graphVAE - INFO - epoch:   24, train_acc: 0.4469, eval_acc: 0.2605, train_loss: 1.1067, eval_loss: 1.3131
2022-11-05 14:54:21,989 - graphVAE - INFO - epoch:   25, train_acc: 0.4602, eval_acc: 0.2828, train_loss: 1.0857, eval_loss: 1.2960
2022-11-05 14:54:21,989 - graphVAE - INFO - Trained model saved, eval loss: 1.2960
2022-11-05 14:54:24,242 - graphVAE - INFO - epoch:   26, train_acc: 0.4585, eval_acc: 0.2812, train_loss: 1.0871, eval_loss: 1.2945
2022-11-05 14:54:24,242 - graphVAE - INFO - Trained model saved, eval loss: 1.2945
2022-11-05 14:54:26,465 - graphVAE - INFO - epoch:   27, train_acc: 0.4614, eval_acc: 0.2825, train_loss: 1.0866, eval_loss: 1.2856
2022-11-05 14:54:26,465 - graphVAE - INFO - Trained model saved, eval loss: 1.2856
2022-11-05 14:54:28,793 - graphVAE - INFO - epoch:   28, train_acc: 0.4621, eval_acc: 0.3073, train_loss: 1.0860, eval_loss: 1.2687
2022-11-05 14:54:28,793 - graphVAE - INFO - Trained model saved, eval loss: 1.2687
2022-11-05 14:54:31,091 - graphVAE - INFO - epoch:   29, train_acc: 0.4642, eval_acc: 0.2983, train_loss: 1.0764, eval_loss: 1.2737
2022-11-05 14:54:33,298 - graphVAE - INFO - epoch:   30, train_acc: 0.4700, eval_acc: 0.3091, train_loss: 1.0739, eval_loss: 1.2508
2022-11-05 14:54:33,298 - graphVAE - INFO - Trained model saved, eval loss: 1.2508
2022-11-05 14:54:35,655 - graphVAE - INFO - epoch:   31, train_acc: 0.4594, eval_acc: 0.3134, train_loss: 1.0840, eval_loss: 1.2476
2022-11-05 14:54:35,655 - graphVAE - INFO - Trained model saved, eval loss: 1.2476
2022-11-05 14:54:37,968 - graphVAE - INFO - epoch:   32, train_acc: 0.4675, eval_acc: 0.3386, train_loss: 1.0857, eval_loss: 1.2033
2022-11-05 14:54:37,968 - graphVAE - INFO - Trained model saved, eval loss: 1.2033
2022-11-05 14:54:40,235 - graphVAE - INFO - epoch:   33, train_acc: 0.4661, eval_acc: 0.3453, train_loss: 1.0706, eval_loss: 1.2032
2022-11-05 14:54:40,235 - graphVAE - INFO - Trained model saved, eval loss: 1.2032
2022-11-05 14:54:42,549 - graphVAE - INFO - epoch:   34, train_acc: 0.4545, eval_acc: 0.3483, train_loss: 1.0921, eval_loss: 1.1866
2022-11-05 14:54:42,549 - graphVAE - INFO - Trained model saved, eval loss: 1.1866
2022-11-05 14:54:44,755 - graphVAE - INFO - epoch:   35, train_acc: 0.4588, eval_acc: 0.3399, train_loss: 1.0917, eval_loss: 1.2015
2022-11-05 14:54:47,023 - graphVAE - INFO - epoch:   36, train_acc: 0.4584, eval_acc: 0.3465, train_loss: 1.0876, eval_loss: 1.2081
2022-11-05 14:54:49,238 - graphVAE - INFO - epoch:   37, train_acc: 0.4573, eval_acc: 0.3513, train_loss: 1.0949, eval_loss: 1.1852
2022-11-05 14:54:49,238 - graphVAE - INFO - Trained model saved, eval loss: 1.1852
2022-11-05 14:54:51,570 - graphVAE - INFO - epoch:   38, train_acc: 0.4653, eval_acc: 0.3670, train_loss: 1.0810, eval_loss: 1.1591
2022-11-05 14:54:51,570 - graphVAE - INFO - Trained model saved, eval loss: 1.1591
2022-11-05 14:54:53,937 - graphVAE - INFO - epoch:   39, train_acc: 0.4611, eval_acc: 0.3666, train_loss: 1.0838, eval_loss: 1.1492
2022-11-05 14:54:53,937 - graphVAE - INFO - Trained model saved, eval loss: 1.1492
2022-11-05 14:54:56,255 - graphVAE - INFO - epoch:   40, train_acc: 0.4580, eval_acc: 0.3961, train_loss: 1.0855, eval_loss: 1.1480
2022-11-05 14:54:56,255 - graphVAE - INFO - Trained model saved, eval loss: 1.1480
2022-11-05 14:54:58,523 - graphVAE - INFO - epoch:   41, train_acc: 0.4502, eval_acc: 0.3793, train_loss: 1.1046, eval_loss: 1.1569
2022-11-05 14:55:00,810 - graphVAE - INFO - epoch:   42, train_acc: 0.4654, eval_acc: 0.3758, train_loss: 1.0839, eval_loss: 1.1515
2022-11-05 14:55:03,062 - graphVAE - INFO - epoch:   43, train_acc: 0.4605, eval_acc: 0.3946, train_loss: 1.0832, eval_loss: 1.1245
2022-11-05 14:55:03,062 - graphVAE - INFO - Trained model saved, eval loss: 1.1245
2022-11-05 14:55:05,355 - graphVAE - INFO - epoch:   44, train_acc: 0.4661, eval_acc: 0.3958, train_loss: 1.0721, eval_loss: 1.1286
2022-11-05 14:55:07,646 - graphVAE - INFO - epoch:   45, train_acc: 0.4696, eval_acc: 0.4025, train_loss: 1.0623, eval_loss: 1.1213
2022-11-05 14:55:07,646 - graphVAE - INFO - Trained model saved, eval loss: 1.1213
2022-11-05 14:55:09,900 - graphVAE - INFO - epoch:   46, train_acc: 0.4695, eval_acc: 0.4091, train_loss: 1.0720, eval_loss: 1.1240
2022-11-05 14:55:12,144 - graphVAE - INFO - epoch:   47, train_acc: 0.4511, eval_acc: 0.4153, train_loss: 1.1003, eval_loss: 1.0928
2022-11-05 14:55:12,144 - graphVAE - INFO - Trained model saved, eval loss: 1.0928
2022-11-05 14:55:14,407 - graphVAE - INFO - epoch:   48, train_acc: 0.4679, eval_acc: 0.4210, train_loss: 1.0708, eval_loss: 1.0969
2022-11-05 14:55:16,723 - graphVAE - INFO - epoch:   49, train_acc: 0.4683, eval_acc: 0.4252, train_loss: 1.0776, eval_loss: 1.0966
2022-11-05 14:55:18,957 - graphVAE - INFO - epoch:   50, train_acc: 0.4585, eval_acc: 0.4333, train_loss: 1.0844, eval_loss: 1.0828
2022-11-05 14:55:18,957 - graphVAE - INFO - Trained model saved, eval loss: 1.0828
2022-11-05 14:55:21,237 - graphVAE - INFO - epoch:   51, train_acc: 0.4622, eval_acc: 0.4571, train_loss: 1.0809, eval_loss: 1.0594
2022-11-05 14:55:21,237 - graphVAE - INFO - Trained model saved, eval loss: 1.0594
2022-11-05 14:55:23,598 - graphVAE - INFO - epoch:   52, train_acc: 0.4624, eval_acc: 0.4287, train_loss: 1.0801, eval_loss: 1.0719
2022-11-05 14:55:25,838 - graphVAE - INFO - epoch:   53, train_acc: 0.4699, eval_acc: 0.4423, train_loss: 1.0585, eval_loss: 1.0734
2022-11-05 14:55:28,209 - graphVAE - INFO - epoch:   54, train_acc: 0.4590, eval_acc: 0.4596, train_loss: 1.0876, eval_loss: 1.0457
2022-11-05 14:55:28,209 - graphVAE - INFO - Trained model saved, eval loss: 1.0457
2022-11-05 14:55:30,489 - graphVAE - INFO - epoch:   55, train_acc: 0.4691, eval_acc: 0.4436, train_loss: 1.0719, eval_loss: 1.0492
2022-11-05 14:55:32,727 - graphVAE - INFO - epoch:   56, train_acc: 0.4568, eval_acc: 0.4511, train_loss: 1.0849, eval_loss: 1.0592
2022-11-05 14:55:34,986 - graphVAE - INFO - epoch:   57, train_acc: 0.4625, eval_acc: 0.4578, train_loss: 1.0784, eval_loss: 1.0393
2022-11-05 14:55:34,986 - graphVAE - INFO - Trained model saved, eval loss: 1.0393
2022-11-05 14:55:37,292 - graphVAE - INFO - epoch:   58, train_acc: 0.4626, eval_acc: 0.4602, train_loss: 1.0761, eval_loss: 1.0241
2022-11-05 14:55:37,292 - graphVAE - INFO - Trained model saved, eval loss: 1.0241
2022-11-05 14:55:39,408 - graphVAE - INFO - epoch:   59, train_acc: 0.4556, eval_acc: 0.4544, train_loss: 1.0883, eval_loss: 1.0458
2022-11-05 14:55:41,474 - graphVAE - INFO - epoch:   60, train_acc: 0.4565, eval_acc: 0.4793, train_loss: 1.0921, eval_loss: 1.0260
2022-11-05 14:55:43,735 - graphVAE - INFO - epoch:   61, train_acc: 0.4698, eval_acc: 0.4774, train_loss: 1.0714, eval_loss: 1.0141
2022-11-05 14:55:43,735 - graphVAE - INFO - Trained model saved, eval loss: 1.0141
2022-11-05 14:55:45,983 - graphVAE - INFO - epoch:   62, train_acc: 0.4662, eval_acc: 0.4677, train_loss: 1.0715, eval_loss: 1.0054
2022-11-05 14:55:45,983 - graphVAE - INFO - Trained model saved, eval loss: 1.0054
2022-11-05 14:55:48,273 - graphVAE - INFO - epoch:   63, train_acc: 0.4684, eval_acc: 0.4869, train_loss: 1.0712, eval_loss: 1.0117
2022-11-05 14:55:50,523 - graphVAE - INFO - epoch:   64, train_acc: 0.4603, eval_acc: 0.4878, train_loss: 1.0860, eval_loss: 1.0087
2022-11-05 14:55:52,818 - graphVAE - INFO - epoch:   65, train_acc: 0.4581, eval_acc: 0.4722, train_loss: 1.0849, eval_loss: 1.0050
2022-11-05 14:55:52,834 - graphVAE - INFO - Trained model saved, eval loss: 1.0050
2022-11-05 14:55:55,046 - graphVAE - INFO - epoch:   66, train_acc: 0.4636, eval_acc: 0.4862, train_loss: 1.0748, eval_loss: 1.0118
2022-11-05 14:55:57,273 - graphVAE - INFO - epoch:   67, train_acc: 0.4676, eval_acc: 0.4688, train_loss: 1.0729, eval_loss: 1.0131
2022-11-05 14:55:59,545 - graphVAE - INFO - epoch:   68, train_acc: 0.4574, eval_acc: 0.4647, train_loss: 1.0845, eval_loss: 1.0130
2022-11-05 14:56:01,726 - graphVAE - INFO - epoch:   69, train_acc: 0.4631, eval_acc: 0.4844, train_loss: 1.0787, eval_loss: 1.0152
2022-11-05 14:56:03,956 - graphVAE - INFO - epoch:   70, train_acc: 0.4723, eval_acc: 0.4959, train_loss: 1.0675, eval_loss: 0.9968
2022-11-05 14:56:03,956 - graphVAE - INFO - Trained model saved, eval loss: 0.9968
2022-11-05 14:56:06,217 - graphVAE - INFO - epoch:   71, train_acc: 0.4619, eval_acc: 0.4899, train_loss: 1.0812, eval_loss: 0.9857
2022-11-05 14:56:06,217 - graphVAE - INFO - Trained model saved, eval loss: 0.9857
2022-11-05 14:56:08,560 - graphVAE - INFO - epoch:   72, train_acc: 0.4616, eval_acc: 0.4947, train_loss: 1.0792, eval_loss: 0.9998
2022-11-05 14:56:10,867 - graphVAE - INFO - epoch:   73, train_acc: 0.4704, eval_acc: 0.4938, train_loss: 1.0681, eval_loss: 0.9676
2022-11-05 14:56:10,867 - graphVAE - INFO - Trained model saved, eval loss: 0.9676
2022-11-05 14:56:13,156 - graphVAE - INFO - epoch:   74, train_acc: 0.4579, eval_acc: 0.5033, train_loss: 1.0803, eval_loss: 0.9790
2022-11-05 14:56:15,434 - graphVAE - INFO - epoch:   75, train_acc: 0.4596, eval_acc: 0.5049, train_loss: 1.0811, eval_loss: 0.9817
2022-11-05 14:56:17,706 - graphVAE - INFO - epoch:   76, train_acc: 0.4590, eval_acc: 0.5038, train_loss: 1.0822, eval_loss: 0.9755
2022-11-05 14:56:19,988 - graphVAE - INFO - epoch:   77, train_acc: 0.4651, eval_acc: 0.5064, train_loss: 1.0782, eval_loss: 0.9624
2022-11-05 14:56:19,988 - graphVAE - INFO - Trained model saved, eval loss: 0.9624
2022-11-05 14:56:22,261 - graphVAE - INFO - epoch:   78, train_acc: 0.4551, eval_acc: 0.5167, train_loss: 1.0885, eval_loss: 0.9614
2022-11-05 14:56:22,261 - graphVAE - INFO - Trained model saved, eval loss: 0.9614
2022-11-05 14:56:24,514 - graphVAE - INFO - epoch:   79, train_acc: 0.4610, eval_acc: 0.5155, train_loss: 1.0799, eval_loss: 0.9625
2022-11-05 14:56:26,707 - graphVAE - INFO - epoch:   80, train_acc: 0.4600, eval_acc: 0.5382, train_loss: 1.0819, eval_loss: 0.9414
2022-11-05 14:56:26,707 - graphVAE - INFO - Trained model saved, eval loss: 0.9414
2022-11-05 14:56:28,997 - graphVAE - INFO - epoch:   81, train_acc: 0.4605, eval_acc: 0.5440, train_loss: 1.0900, eval_loss: 0.9390
2022-11-05 14:56:28,997 - graphVAE - INFO - Trained model saved, eval loss: 0.9390
2022-11-05 14:56:31,249 - graphVAE - INFO - epoch:   82, train_acc: 0.4641, eval_acc: 0.5440, train_loss: 1.0722, eval_loss: 0.9439
2022-11-05 14:56:33,507 - graphVAE - INFO - epoch:   83, train_acc: 0.4701, eval_acc: 0.5248, train_loss: 1.0678, eval_loss: 0.9392
2022-11-05 14:56:35,722 - graphVAE - INFO - epoch:   84, train_acc: 0.4668, eval_acc: 0.5301, train_loss: 1.0683, eval_loss: 0.9295
2022-11-05 14:56:35,722 - graphVAE - INFO - Trained model saved, eval loss: 0.9295
2022-11-05 14:56:38,035 - graphVAE - INFO - epoch:   85, train_acc: 0.4708, eval_acc: 0.5376, train_loss: 1.0616, eval_loss: 0.9301
2022-11-05 14:56:40,291 - graphVAE - INFO - epoch:   86, train_acc: 0.4573, eval_acc: 0.5424, train_loss: 1.0838, eval_loss: 0.9295
2022-11-05 14:56:42,645 - graphVAE - INFO - epoch:   87, train_acc: 0.4646, eval_acc: 0.5409, train_loss: 1.0717, eval_loss: 0.9251
2022-11-05 14:56:42,645 - graphVAE - INFO - Trained model saved, eval loss: 0.9251
2022-11-05 14:56:44,835 - graphVAE - INFO - epoch:   88, train_acc: 0.4674, eval_acc: 0.5223, train_loss: 1.0722, eval_loss: 0.9218
2022-11-05 14:56:44,835 - graphVAE - INFO - Trained model saved, eval loss: 0.9218
2022-11-05 14:56:47,110 - graphVAE - INFO - epoch:   89, train_acc: 0.4779, eval_acc: 0.5514, train_loss: 1.0473, eval_loss: 0.9071
2022-11-05 14:56:47,110 - graphVAE - INFO - Trained model saved, eval loss: 0.9071
2022-11-05 14:56:49,418 - graphVAE - INFO - epoch:   90, train_acc: 0.4569, eval_acc: 0.5289, train_loss: 1.0893, eval_loss: 0.9239
2022-11-05 14:56:51,649 - graphVAE - INFO - epoch:   91, train_acc: 0.4599, eval_acc: 0.5673, train_loss: 1.0765, eval_loss: 0.9049
2022-11-05 14:56:51,649 - graphVAE - INFO - Trained model saved, eval loss: 0.9049
2022-11-05 14:56:54,015 - graphVAE - INFO - epoch:   92, train_acc: 0.4654, eval_acc: 0.5660, train_loss: 1.0712, eval_loss: 0.9025
2022-11-05 14:56:54,015 - graphVAE - INFO - Trained model saved, eval loss: 0.9025
2022-11-05 14:56:56,368 - graphVAE - INFO - epoch:   93, train_acc: 0.4596, eval_acc: 0.5411, train_loss: 1.0771, eval_loss: 0.9179
2022-11-05 14:56:58,563 - graphVAE - INFO - epoch:   94, train_acc: 0.4727, eval_acc: 0.5636, train_loss: 1.0652, eval_loss: 0.8843
2022-11-05 14:56:58,563 - graphVAE - INFO - Trained model saved, eval loss: 0.8843
2022-11-05 14:57:00,851 - graphVAE - INFO - epoch:   95, train_acc: 0.4599, eval_acc: 0.5833, train_loss: 1.0898, eval_loss: 0.8966
2022-11-05 14:57:02,955 - graphVAE - INFO - epoch:   96, train_acc: 0.4736, eval_acc: 0.5770, train_loss: 1.0608, eval_loss: 0.8817
2022-11-05 14:57:02,955 - graphVAE - INFO - Trained model saved, eval loss: 0.8817
2022-11-05 14:57:05,171 - graphVAE - INFO - epoch:   97, train_acc: 0.4701, eval_acc: 0.5615, train_loss: 1.0729, eval_loss: 0.8762
2022-11-05 14:57:05,171 - graphVAE - INFO - Trained model saved, eval loss: 0.8762
2022-11-05 14:57:07,433 - graphVAE - INFO - epoch:   98, train_acc: 0.4644, eval_acc: 0.5635, train_loss: 1.0760, eval_loss: 0.8836
2022-11-05 14:57:09,699 - graphVAE - INFO - epoch:   99, train_acc: 0.4612, eval_acc: 0.5774, train_loss: 1.0772, eval_loss: 0.8846
2022-11-05 14:57:11,802 - graphVAE - INFO - epoch:  100, train_acc: 0.4642, eval_acc: 0.5674, train_loss: 1.0787, eval_loss: 0.8788
2022-11-05 14:57:14,034 - graphVAE - INFO - epoch:  101, train_acc: 0.4583, eval_acc: 0.5766, train_loss: 1.0843, eval_loss: 0.8671
2022-11-05 14:57:14,034 - graphVAE - INFO - Trained model saved, eval loss: 0.8671
2022-11-05 14:57:16,276 - graphVAE - INFO - epoch:  102, train_acc: 0.4638, eval_acc: 0.5778, train_loss: 1.0797, eval_loss: 0.8760
2022-11-05 14:57:18,527 - graphVAE - INFO - epoch:  103, train_acc: 0.4650, eval_acc: 0.5781, train_loss: 1.0766, eval_loss: 0.8755
2022-11-05 14:57:20,680 - graphVAE - INFO - epoch:  104, train_acc: 0.4763, eval_acc: 0.5763, train_loss: 1.0520, eval_loss: 0.8706
2022-11-05 14:57:22,846 - graphVAE - INFO - epoch:  105, train_acc: 0.4684, eval_acc: 0.5732, train_loss: 1.0701, eval_loss: 0.8664
2022-11-05 14:57:22,846 - graphVAE - INFO - Trained model saved, eval loss: 0.8664
2022-11-05 14:57:25,118 - graphVAE - INFO - epoch:  106, train_acc: 0.4584, eval_acc: 0.6046, train_loss: 1.0833, eval_loss: 0.8671
2022-11-05 14:57:27,485 - graphVAE - INFO - epoch:  107, train_acc: 0.4707, eval_acc: 0.5840, train_loss: 1.0697, eval_loss: 0.8611
2022-11-05 14:57:27,485 - graphVAE - INFO - Trained model saved, eval loss: 0.8611
2022-11-05 14:57:29,721 - graphVAE - INFO - epoch:  108, train_acc: 0.4676, eval_acc: 0.5942, train_loss: 1.0668, eval_loss: 0.8453
2022-11-05 14:57:29,721 - graphVAE - INFO - Trained model saved, eval loss: 0.8453
2022-11-05 14:57:31,971 - graphVAE - INFO - epoch:  109, train_acc: 0.4588, eval_acc: 0.5982, train_loss: 1.0818, eval_loss: 0.8620
2022-11-05 14:57:34,217 - graphVAE - INFO - epoch:  110, train_acc: 0.4571, eval_acc: 0.5921, train_loss: 1.0883, eval_loss: 0.8556
2022-11-05 14:57:36,438 - graphVAE - INFO - epoch:  111, train_acc: 0.4669, eval_acc: 0.6155, train_loss: 1.0782, eval_loss: 0.8452
2022-11-05 14:57:36,438 - graphVAE - INFO - Trained model saved, eval loss: 0.8452
2022-11-05 14:57:38,618 - graphVAE - INFO - epoch:  112, train_acc: 0.4623, eval_acc: 0.6060, train_loss: 1.0813, eval_loss: 0.8476
2022-11-05 14:57:40,902 - graphVAE - INFO - epoch:  113, train_acc: 0.4659, eval_acc: 0.6045, train_loss: 1.0717, eval_loss: 0.8466
2022-11-05 14:57:43,091 - graphVAE - INFO - epoch:  114, train_acc: 0.4648, eval_acc: 0.5949, train_loss: 1.0755, eval_loss: 0.8525
2022-11-05 14:57:45,347 - graphVAE - INFO - epoch:  115, train_acc: 0.4695, eval_acc: 0.6098, train_loss: 1.0687, eval_loss: 0.8314
2022-11-05 14:57:45,347 - graphVAE - INFO - Trained model saved, eval loss: 0.8314
2022-11-05 14:57:47,631 - graphVAE - INFO - epoch:  116, train_acc: 0.4736, eval_acc: 0.6263, train_loss: 1.0583, eval_loss: 0.8286
2022-11-05 14:57:47,631 - graphVAE - INFO - Trained model saved, eval loss: 0.8286
2022-11-05 14:57:49,895 - graphVAE - INFO - epoch:  117, train_acc: 0.4691, eval_acc: 0.6189, train_loss: 1.0641, eval_loss: 0.8285
2022-11-05 14:57:49,895 - graphVAE - INFO - Trained model saved, eval loss: 0.8285
2022-11-05 14:57:52,172 - graphVAE - INFO - epoch:  118, train_acc: 0.4618, eval_acc: 0.6155, train_loss: 1.0873, eval_loss: 0.8256
2022-11-05 14:57:52,172 - graphVAE - INFO - Trained model saved, eval loss: 0.8256
2022-11-05 14:57:54,407 - graphVAE - INFO - epoch:  119, train_acc: 0.4727, eval_acc: 0.6218, train_loss: 1.0678, eval_loss: 0.8260
2022-11-05 14:57:56,696 - graphVAE - INFO - epoch:  120, train_acc: 0.4693, eval_acc: 0.6021, train_loss: 1.0683, eval_loss: 0.8233
2022-11-05 14:57:56,696 - graphVAE - INFO - Trained model saved, eval loss: 0.8233
2022-11-05 14:57:58,998 - graphVAE - INFO - epoch:  121, train_acc: 0.4693, eval_acc: 0.6231, train_loss: 1.0688, eval_loss: 0.8172
2022-11-05 14:57:58,998 - graphVAE - INFO - Trained model saved, eval loss: 0.8172
2022-11-05 14:58:01,277 - graphVAE - INFO - epoch:  122, train_acc: 0.4701, eval_acc: 0.6148, train_loss: 1.0669, eval_loss: 0.8143
2022-11-05 14:58:01,277 - graphVAE - INFO - Trained model saved, eval loss: 0.8143
2022-11-05 14:58:03,517 - graphVAE - INFO - epoch:  123, train_acc: 0.4653, eval_acc: 0.6084, train_loss: 1.0818, eval_loss: 0.8205
2022-11-05 14:58:05,822 - graphVAE - INFO - epoch:  124, train_acc: 0.4618, eval_acc: 0.6238, train_loss: 1.0775, eval_loss: 0.8172
2022-11-05 14:58:08,150 - graphVAE - INFO - epoch:  125, train_acc: 0.4702, eval_acc: 0.6248, train_loss: 1.0679, eval_loss: 0.8095
2022-11-05 14:58:08,150 - graphVAE - INFO - Trained model saved, eval loss: 0.8095
2022-11-05 14:58:10,469 - graphVAE - INFO - epoch:  126, train_acc: 0.4700, eval_acc: 0.6302, train_loss: 1.0724, eval_loss: 0.8094
2022-11-05 14:58:10,469 - graphVAE - INFO - Trained model saved, eval loss: 0.8094
2022-11-05 14:58:12,698 - graphVAE - INFO - epoch:  127, train_acc: 0.4663, eval_acc: 0.6227, train_loss: 1.0680, eval_loss: 0.8199
2022-11-05 14:58:14,893 - graphVAE - INFO - epoch:  128, train_acc: 0.4705, eval_acc: 0.6395, train_loss: 1.0657, eval_loss: 0.8039
2022-11-05 14:58:14,893 - graphVAE - INFO - Trained model saved, eval loss: 0.8039
2022-11-05 14:58:17,149 - graphVAE - INFO - epoch:  129, train_acc: 0.4661, eval_acc: 0.6333, train_loss: 1.0673, eval_loss: 0.8000
2022-11-05 14:58:17,149 - graphVAE - INFO - Trained model saved, eval loss: 0.8000
2022-11-05 14:58:19,312 - graphVAE - INFO - epoch:  130, train_acc: 0.4714, eval_acc: 0.6434, train_loss: 1.0678, eval_loss: 0.7909
2022-11-05 14:58:19,312 - graphVAE - INFO - Trained model saved, eval loss: 0.7909
2022-11-05 14:58:21,582 - graphVAE - INFO - epoch:  131, train_acc: 0.4634, eval_acc: 0.6228, train_loss: 1.0731, eval_loss: 0.8056
2022-11-05 14:58:23,830 - graphVAE - INFO - epoch:  132, train_acc: 0.4651, eval_acc: 0.6481, train_loss: 1.0729, eval_loss: 0.7996
2022-11-05 14:58:26,143 - graphVAE - INFO - epoch:  133, train_acc: 0.4711, eval_acc: 0.6496, train_loss: 1.0694, eval_loss: 0.7972
2022-11-05 14:58:28,446 - graphVAE - INFO - epoch:  134, train_acc: 0.4640, eval_acc: 0.6412, train_loss: 1.0712, eval_loss: 0.7838
2022-11-05 14:58:28,446 - graphVAE - INFO - Trained model saved, eval loss: 0.7838
2022-11-05 14:58:30,752 - graphVAE - INFO - epoch:  135, train_acc: 0.4693, eval_acc: 0.6529, train_loss: 1.0724, eval_loss: 0.7673
2022-11-05 14:58:30,752 - graphVAE - INFO - Trained model saved, eval loss: 0.7673
2022-11-05 14:58:33,002 - graphVAE - INFO - epoch:  136, train_acc: 0.4608, eval_acc: 0.6564, train_loss: 1.0785, eval_loss: 0.7751
2022-11-05 14:58:35,283 - graphVAE - INFO - epoch:  137, train_acc: 0.4615, eval_acc: 0.6414, train_loss: 1.0825, eval_loss: 0.7782
2022-11-05 14:58:37,572 - graphVAE - INFO - epoch:  138, train_acc: 0.4656, eval_acc: 0.6628, train_loss: 1.0632, eval_loss: 0.7755
2022-11-05 14:58:39,806 - graphVAE - INFO - epoch:  139, train_acc: 0.4754, eval_acc: 0.6623, train_loss: 1.0598, eval_loss: 0.7609
2022-11-05 14:58:39,822 - graphVAE - INFO - Trained model saved, eval loss: 0.7609
2022-11-05 14:58:42,164 - graphVAE - INFO - epoch:  140, train_acc: 0.4603, eval_acc: 0.6601, train_loss: 1.0854, eval_loss: 0.7621
2022-11-05 14:58:44,439 - graphVAE - INFO - epoch:  141, train_acc: 0.4671, eval_acc: 0.6743, train_loss: 1.0640, eval_loss: 0.7523
2022-11-05 14:58:44,439 - graphVAE - INFO - Trained model saved, eval loss: 0.7523
2022-11-05 14:58:46,755 - graphVAE - INFO - epoch:  142, train_acc: 0.4703, eval_acc: 0.6780, train_loss: 1.0652, eval_loss: 0.7433
2022-11-05 14:58:46,755 - graphVAE - INFO - Trained model saved, eval loss: 0.7433
2022-11-05 14:58:49,009 - graphVAE - INFO - epoch:  143, train_acc: 0.4733, eval_acc: 0.6596, train_loss: 1.0602, eval_loss: 0.7389
2022-11-05 14:58:49,009 - graphVAE - INFO - Trained model saved, eval loss: 0.7389
2022-11-05 14:58:51,234 - graphVAE - INFO - epoch:  144, train_acc: 0.4598, eval_acc: 0.6779, train_loss: 1.0754, eval_loss: 0.7537
2022-11-05 14:58:53,525 - graphVAE - INFO - epoch:  145, train_acc: 0.4727, eval_acc: 0.6599, train_loss: 1.0585, eval_loss: 0.7556
2022-11-05 14:58:55,785 - graphVAE - INFO - epoch:  146, train_acc: 0.4665, eval_acc: 0.6633, train_loss: 1.0729, eval_loss: 0.7495
2022-11-05 14:58:58,136 - graphVAE - INFO - epoch:  147, train_acc: 0.4677, eval_acc: 0.6665, train_loss: 1.0798, eval_loss: 0.7604
2022-11-05 14:59:00,410 - graphVAE - INFO - epoch:  148, train_acc: 0.4736, eval_acc: 0.6744, train_loss: 1.0620, eval_loss: 0.7395
2022-11-05 14:59:02,569 - graphVAE - INFO - epoch:  149, train_acc: 0.4592, eval_acc: 0.6630, train_loss: 1.0775, eval_loss: 0.7427
2022-11-05 14:59:04,851 - graphVAE - INFO - epoch:  150, train_acc: 0.4582, eval_acc: 0.6817, train_loss: 1.0843, eval_loss: 0.7545
2022-11-05 14:59:07,064 - graphVAE - INFO - epoch:  151, train_acc: 0.4714, eval_acc: 0.6633, train_loss: 1.0678, eval_loss: 0.7427
2022-11-05 14:59:09,291 - graphVAE - INFO - epoch:  152, train_acc: 0.4678, eval_acc: 0.6715, train_loss: 1.0625, eval_loss: 0.7436
2022-11-05 14:59:11,627 - graphVAE - INFO - epoch:  153, train_acc: 0.4654, eval_acc: 0.6812, train_loss: 1.0712, eval_loss: 0.7474
2022-11-05 14:59:13,994 - graphVAE - INFO - epoch:  154, train_acc: 0.4660, eval_acc: 0.6896, train_loss: 1.0736, eval_loss: 0.7370
2022-11-05 14:59:13,994 - graphVAE - INFO - Trained model saved, eval loss: 0.7370
2022-11-05 14:59:16,210 - graphVAE - INFO - epoch:  155, train_acc: 0.4668, eval_acc: 0.6892, train_loss: 1.0740, eval_loss: 0.7373
2022-11-05 14:59:18,447 - graphVAE - INFO - epoch:  156, train_acc: 0.4684, eval_acc: 0.6877, train_loss: 1.0652, eval_loss: 0.7361
2022-11-05 14:59:18,447 - graphVAE - INFO - Trained model saved, eval loss: 0.7361
2022-11-05 14:59:20,727 - graphVAE - INFO - epoch:  157, train_acc: 0.4711, eval_acc: 0.6825, train_loss: 1.0767, eval_loss: 0.7316
2022-11-05 14:59:20,727 - graphVAE - INFO - Trained model saved, eval loss: 0.7316
2022-11-05 14:59:23,093 - graphVAE - INFO - epoch:  158, train_acc: 0.4591, eval_acc: 0.6689, train_loss: 1.0768, eval_loss: 0.7261
2022-11-05 14:59:23,093 - graphVAE - INFO - Trained model saved, eval loss: 0.7261
2022-11-05 14:59:25,361 - graphVAE - INFO - epoch:  159, train_acc: 0.4678, eval_acc: 0.6864, train_loss: 1.0635, eval_loss: 0.7324
2022-11-05 14:59:27,692 - graphVAE - INFO - epoch:  160, train_acc: 0.4660, eval_acc: 0.6778, train_loss: 1.0695, eval_loss: 0.7309
2022-11-05 14:59:30,028 - graphVAE - INFO - epoch:  161, train_acc: 0.4716, eval_acc: 0.6921, train_loss: 1.0694, eval_loss: 0.7394
2022-11-05 14:59:32,366 - graphVAE - INFO - epoch:  162, train_acc: 0.4747, eval_acc: 0.6765, train_loss: 1.0649, eval_loss: 0.7269
2022-11-05 14:59:34,627 - graphVAE - INFO - epoch:  163, train_acc: 0.4692, eval_acc: 0.6922, train_loss: 1.0671, eval_loss: 0.7320
2022-11-05 14:59:36,932 - graphVAE - INFO - epoch:  164, train_acc: 0.4743, eval_acc: 0.6861, train_loss: 1.0581, eval_loss: 0.7236
2022-11-05 14:59:36,932 - graphVAE - INFO - Trained model saved, eval loss: 0.7236
2022-11-05 14:59:39,166 - graphVAE - INFO - epoch:  165, train_acc: 0.4722, eval_acc: 0.6803, train_loss: 1.0655, eval_loss: 0.7221
2022-11-05 14:59:39,166 - graphVAE - INFO - Trained model saved, eval loss: 0.7221
2022-11-05 14:59:41,482 - graphVAE - INFO - epoch:  166, train_acc: 0.4637, eval_acc: 0.6918, train_loss: 1.0736, eval_loss: 0.7272
2022-11-05 14:59:43,791 - graphVAE - INFO - epoch:  167, train_acc: 0.4725, eval_acc: 0.6920, train_loss: 1.0603, eval_loss: 0.7208
2022-11-05 14:59:43,791 - graphVAE - INFO - Trained model saved, eval loss: 0.7208
2022-11-05 14:59:46,091 - graphVAE - INFO - epoch:  168, train_acc: 0.4668, eval_acc: 0.6974, train_loss: 1.0687, eval_loss: 0.7170
2022-11-05 14:59:46,091 - graphVAE - INFO - Trained model saved, eval loss: 0.7170
2022-11-05 14:59:48,338 - graphVAE - INFO - epoch:  169, train_acc: 0.4681, eval_acc: 0.7088, train_loss: 1.0657, eval_loss: 0.7090
2022-11-05 14:59:48,338 - graphVAE - INFO - Trained model saved, eval loss: 0.7090
2022-11-05 14:59:50,529 - graphVAE - INFO - epoch:  170, train_acc: 0.4642, eval_acc: 0.6987, train_loss: 1.0818, eval_loss: 0.7211
2022-11-05 14:59:52,807 - graphVAE - INFO - epoch:  171, train_acc: 0.4597, eval_acc: 0.6879, train_loss: 1.0847, eval_loss: 0.7196
2022-11-05 14:59:55,181 - graphVAE - INFO - epoch:  172, train_acc: 0.4686, eval_acc: 0.6989, train_loss: 1.0721, eval_loss: 0.7054
2022-11-05 14:59:55,181 - graphVAE - INFO - Trained model saved, eval loss: 0.7054
2022-11-05 14:59:57,486 - graphVAE - INFO - epoch:  173, train_acc: 0.4617, eval_acc: 0.7060, train_loss: 1.0808, eval_loss: 0.7106
2022-11-05 14:59:59,732 - graphVAE - INFO - epoch:  174, train_acc: 0.4713, eval_acc: 0.7019, train_loss: 1.0645, eval_loss: 0.7158
2022-11-05 15:00:02,089 - graphVAE - INFO - epoch:  175, train_acc: 0.4738, eval_acc: 0.7104, train_loss: 1.0605, eval_loss: 0.7095
2022-11-05 15:00:04,374 - graphVAE - INFO - epoch:  176, train_acc: 0.4768, eval_acc: 0.7016, train_loss: 1.0604, eval_loss: 0.6988
2022-11-05 15:00:04,374 - graphVAE - INFO - Trained model saved, eval loss: 0.6988
2022-11-05 15:00:06,654 - graphVAE - INFO - epoch:  177, train_acc: 0.4635, eval_acc: 0.7111, train_loss: 1.0711, eval_loss: 0.7023
2022-11-05 15:00:08,882 - graphVAE - INFO - epoch:  178, train_acc: 0.4632, eval_acc: 0.7075, train_loss: 1.0845, eval_loss: 0.7107
2022-11-05 15:00:11,051 - graphVAE - INFO - epoch:  179, train_acc: 0.4625, eval_acc: 0.7074, train_loss: 1.0745, eval_loss: 0.7078
2022-11-05 15:00:13,367 - graphVAE - INFO - epoch:  180, train_acc: 0.4661, eval_acc: 0.7054, train_loss: 1.0743, eval_loss: 0.6993
2022-11-05 15:00:15,716 - graphVAE - INFO - epoch:  181, train_acc: 0.4677, eval_acc: 0.7101, train_loss: 1.0747, eval_loss: 0.6932
2022-11-05 15:00:15,716 - graphVAE - INFO - Trained model saved, eval loss: 0.6932
2022-11-05 15:00:17,913 - graphVAE - INFO - epoch:  182, train_acc: 0.4703, eval_acc: 0.7095, train_loss: 1.0639, eval_loss: 0.6982
2022-11-05 15:00:20,118 - graphVAE - INFO - epoch:  183, train_acc: 0.4788, eval_acc: 0.7084, train_loss: 1.0504, eval_loss: 0.6881
2022-11-05 15:00:20,118 - graphVAE - INFO - Trained model saved, eval loss: 0.6881
2022-11-05 15:00:22,440 - graphVAE - INFO - epoch:  184, train_acc: 0.4741, eval_acc: 0.7139, train_loss: 1.0557, eval_loss: 0.6987
2022-11-05 15:00:24,677 - graphVAE - INFO - epoch:  185, train_acc: 0.4670, eval_acc: 0.7144, train_loss: 1.0766, eval_loss: 0.6924
2022-11-05 15:00:26,891 - graphVAE - INFO - epoch:  186, train_acc: 0.4804, eval_acc: 0.7143, train_loss: 1.0548, eval_loss: 0.6904
2022-11-05 15:00:29,160 - graphVAE - INFO - epoch:  187, train_acc: 0.4679, eval_acc: 0.7195, train_loss: 1.0684, eval_loss: 0.7020
2022-11-05 15:00:31,384 - graphVAE - INFO - epoch:  188, train_acc: 0.4594, eval_acc: 0.7161, train_loss: 1.0754, eval_loss: 0.7059
2022-11-05 15:00:33,692 - graphVAE - INFO - epoch:  189, train_acc: 0.4679, eval_acc: 0.7054, train_loss: 1.0746, eval_loss: 0.6964
2022-11-05 15:00:35,987 - graphVAE - INFO - epoch:  190, train_acc: 0.4624, eval_acc: 0.7152, train_loss: 1.0778, eval_loss: 0.7033
2022-11-05 15:00:38,143 - graphVAE - INFO - epoch:  191, train_acc: 0.4683, eval_acc: 0.7250, train_loss: 1.0744, eval_loss: 0.6880
2022-11-05 15:00:38,143 - graphVAE - INFO - Trained model saved, eval loss: 0.6880
2022-11-05 15:00:40,429 - graphVAE - INFO - epoch:  192, train_acc: 0.4725, eval_acc: 0.7104, train_loss: 1.0575, eval_loss: 0.6834
2022-11-05 15:00:40,429 - graphVAE - INFO - Trained model saved, eval loss: 0.6834
2022-11-05 15:00:42,699 - graphVAE - INFO - epoch:  193, train_acc: 0.4727, eval_acc: 0.7249, train_loss: 1.0586, eval_loss: 0.6773
2022-11-05 15:00:42,699 - graphVAE - INFO - Trained model saved, eval loss: 0.6773
2022-11-05 15:00:44,941 - graphVAE - INFO - epoch:  194, train_acc: 0.4674, eval_acc: 0.7108, train_loss: 1.0704, eval_loss: 0.6793
2022-11-05 15:00:47,218 - graphVAE - INFO - epoch:  195, train_acc: 0.4686, eval_acc: 0.7256, train_loss: 1.0667, eval_loss: 0.6881
2022-11-05 15:00:49,476 - graphVAE - INFO - epoch:  196, train_acc: 0.4657, eval_acc: 0.7182, train_loss: 1.0836, eval_loss: 0.6942
2022-11-05 15:00:51,747 - graphVAE - INFO - epoch:  197, train_acc: 0.4670, eval_acc: 0.7031, train_loss: 1.0730, eval_loss: 0.6767
2022-11-05 15:00:51,747 - graphVAE - INFO - Trained model saved, eval loss: 0.6767
2022-11-05 15:00:54,026 - graphVAE - INFO - epoch:  198, train_acc: 0.4715, eval_acc: 0.7224, train_loss: 1.0619, eval_loss: 0.6990
2022-11-05 15:00:56,270 - graphVAE - INFO - epoch:  199, train_acc: 0.4736, eval_acc: 0.7165, train_loss: 1.0591, eval_loss: 0.7047
2022-11-05 15:00:58,556 - graphVAE - INFO - epoch:  200, train_acc: 0.4728, eval_acc: 0.7147, train_loss: 1.0669, eval_loss: 0.6898
2022-11-05 15:01:00,828 - graphVAE - INFO - epoch:  201, train_acc: 0.4771, eval_acc: 0.7139, train_loss: 1.0537, eval_loss: 0.6840
2022-11-05 15:01:03,158 - graphVAE - INFO - epoch:  202, train_acc: 0.4647, eval_acc: 0.7114, train_loss: 1.0771, eval_loss: 0.6906
2022-11-05 15:01:05,509 - graphVAE - INFO - epoch:  203, train_acc: 0.4690, eval_acc: 0.7147, train_loss: 1.0639, eval_loss: 0.6727
2022-11-05 15:01:05,509 - graphVAE - INFO - Trained model saved, eval loss: 0.6727
2022-11-05 15:01:07,747 - graphVAE - INFO - epoch:  204, train_acc: 0.4640, eval_acc: 0.7293, train_loss: 1.0791, eval_loss: 0.6758
2022-11-05 15:01:09,962 - graphVAE - INFO - epoch:  205, train_acc: 0.4679, eval_acc: 0.7217, train_loss: 1.0679, eval_loss: 0.6740
2022-11-05 15:01:12,244 - graphVAE - INFO - epoch:  206, train_acc: 0.4651, eval_acc: 0.7271, train_loss: 1.0775, eval_loss: 0.6867
2022-11-05 15:01:14,489 - graphVAE - INFO - epoch:  207, train_acc: 0.4646, eval_acc: 0.7219, train_loss: 1.0699, eval_loss: 0.6886
2022-11-05 15:01:16,667 - graphVAE - INFO - epoch:  208, train_acc: 0.4749, eval_acc: 0.7372, train_loss: 1.0654, eval_loss: 0.6620
2022-11-05 15:01:16,667 - graphVAE - INFO - Trained model saved, eval loss: 0.6620
2022-11-05 15:01:18,994 - graphVAE - INFO - epoch:  209, train_acc: 0.4721, eval_acc: 0.7281, train_loss: 1.0577, eval_loss: 0.6732
2022-11-05 15:01:21,290 - graphVAE - INFO - epoch:  210, train_acc: 0.4739, eval_acc: 0.7238, train_loss: 1.0653, eval_loss: 0.6643
2022-11-05 15:01:23,509 - graphVAE - INFO - epoch:  211, train_acc: 0.4642, eval_acc: 0.7437, train_loss: 1.0710, eval_loss: 0.6729
2022-11-05 15:01:25,849 - graphVAE - INFO - epoch:  212, train_acc: 0.4660, eval_acc: 0.7325, train_loss: 1.0720, eval_loss: 0.6895
2022-11-05 15:01:27,985 - graphVAE - INFO - epoch:  213, train_acc: 0.4781, eval_acc: 0.7159, train_loss: 1.0645, eval_loss: 0.6743
2022-11-05 15:01:30,194 - graphVAE - INFO - epoch:  214, train_acc: 0.4694, eval_acc: 0.7343, train_loss: 1.0673, eval_loss: 0.6716
2022-11-05 15:01:32,446 - graphVAE - INFO - epoch:  215, train_acc: 0.4689, eval_acc: 0.7233, train_loss: 1.0629, eval_loss: 0.6862
2022-11-05 15:01:34,739 - graphVAE - INFO - epoch:  216, train_acc: 0.4731, eval_acc: 0.7382, train_loss: 1.0567, eval_loss: 0.6683
2022-11-05 15:01:37,068 - graphVAE - INFO - epoch:  217, train_acc: 0.4659, eval_acc: 0.7385, train_loss: 1.0697, eval_loss: 0.6631
2022-11-05 15:01:39,358 - graphVAE - INFO - epoch:  218, train_acc: 0.4578, eval_acc: 0.7321, train_loss: 1.0815, eval_loss: 0.6654
2022-11-05 15:01:41,631 - graphVAE - INFO - epoch:  219, train_acc: 0.4747, eval_acc: 0.7411, train_loss: 1.0607, eval_loss: 0.6717
2022-11-05 15:01:43,890 - graphVAE - INFO - epoch:  220, train_acc: 0.4698, eval_acc: 0.7419, train_loss: 1.0724, eval_loss: 0.6552
2022-11-05 15:01:43,890 - graphVAE - INFO - Trained model saved, eval loss: 0.6552
2022-11-05 15:01:46,155 - graphVAE - INFO - epoch:  221, train_acc: 0.4714, eval_acc: 0.7353, train_loss: 1.0632, eval_loss: 0.6451
2022-11-05 15:01:46,155 - graphVAE - INFO - Trained model saved, eval loss: 0.6451
2022-11-05 15:01:48,369 - graphVAE - INFO - epoch:  222, train_acc: 0.4643, eval_acc: 0.7509, train_loss: 1.0714, eval_loss: 0.6557
2022-11-05 15:01:50,606 - graphVAE - INFO - epoch:  223, train_acc: 0.4772, eval_acc: 0.7403, train_loss: 1.0555, eval_loss: 0.6473
2022-11-05 15:01:52,723 - graphVAE - INFO - epoch:  224, train_acc: 0.4695, eval_acc: 0.7249, train_loss: 1.0603, eval_loss: 0.6588
2022-11-05 15:01:54,916 - graphVAE - INFO - epoch:  225, train_acc: 0.4751, eval_acc: 0.7478, train_loss: 1.0553, eval_loss: 0.6633
2022-11-05 15:01:57,206 - graphVAE - INFO - epoch:  226, train_acc: 0.4744, eval_acc: 0.7300, train_loss: 1.0610, eval_loss: 0.6580
2022-11-05 15:01:59,468 - graphVAE - INFO - epoch:  227, train_acc: 0.4719, eval_acc: 0.7311, train_loss: 1.0612, eval_loss: 0.6621
2022-11-05 15:02:01,815 - graphVAE - INFO - epoch:  228, train_acc: 0.4718, eval_acc: 0.7431, train_loss: 1.0602, eval_loss: 0.6651
2022-11-05 15:02:04,033 - graphVAE - INFO - epoch:  229, train_acc: 0.4812, eval_acc: 0.7381, train_loss: 1.0552, eval_loss: 0.6448
2022-11-05 15:02:04,033 - graphVAE - INFO - Trained model saved, eval loss: 0.6448
2022-11-05 15:02:06,290 - graphVAE - INFO - epoch:  230, train_acc: 0.4650, eval_acc: 0.7564, train_loss: 1.0685, eval_loss: 0.6495
2022-11-05 15:02:08,569 - graphVAE - INFO - epoch:  231, train_acc: 0.4548, eval_acc: 0.7407, train_loss: 1.0862, eval_loss: 0.6578
2022-11-05 15:02:10,871 - graphVAE - INFO - epoch:  232, train_acc: 0.4673, eval_acc: 0.7561, train_loss: 1.0715, eval_loss: 0.6594
2022-11-05 15:02:13,095 - graphVAE - INFO - epoch:  233, train_acc: 0.4745, eval_acc: 0.7444, train_loss: 1.0644, eval_loss: 0.6624
2022-11-05 15:02:15,235 - graphVAE - INFO - epoch:  234, train_acc: 0.4766, eval_acc: 0.7304, train_loss: 1.0591, eval_loss: 0.6623
2022-11-05 15:02:17,509 - graphVAE - INFO - epoch:  235, train_acc: 0.4700, eval_acc: 0.7304, train_loss: 1.0737, eval_loss: 0.6596
2022-11-05 15:02:19,732 - graphVAE - INFO - epoch:  236, train_acc: 0.4792, eval_acc: 0.7440, train_loss: 1.0534, eval_loss: 0.6441
2022-11-05 15:02:19,732 - graphVAE - INFO - Trained model saved, eval loss: 0.6441
2022-11-05 15:02:21,957 - graphVAE - INFO - epoch:  237, train_acc: 0.4718, eval_acc: 0.7350, train_loss: 1.0553, eval_loss: 0.6446
2022-11-05 15:02:24,148 - graphVAE - INFO - epoch:  238, train_acc: 0.4669, eval_acc: 0.7540, train_loss: 1.0702, eval_loss: 0.6514
2022-11-05 15:02:26,335 - graphVAE - INFO - epoch:  239, train_acc: 0.4734, eval_acc: 0.7719, train_loss: 1.0555, eval_loss: 0.6512
2022-11-05 15:02:28,605 - graphVAE - INFO - epoch:  240, train_acc: 0.4701, eval_acc: 0.7470, train_loss: 1.0677, eval_loss: 0.6427
2022-11-05 15:02:28,605 - graphVAE - INFO - Trained model saved, eval loss: 0.6427
2022-11-05 15:02:30,848 - graphVAE - INFO - epoch:  241, train_acc: 0.4742, eval_acc: 0.7393, train_loss: 1.0680, eval_loss: 0.6533
2022-11-05 15:02:33,103 - graphVAE - INFO - epoch:  242, train_acc: 0.4670, eval_acc: 0.7481, train_loss: 1.0682, eval_loss: 0.6304
2022-11-05 15:02:33,119 - graphVAE - INFO - Trained model saved, eval loss: 0.6304
2022-11-05 15:02:35,394 - graphVAE - INFO - epoch:  243, train_acc: 0.4629, eval_acc: 0.7429, train_loss: 1.0798, eval_loss: 0.6472
2022-11-05 15:02:37,689 - graphVAE - INFO - epoch:  244, train_acc: 0.4739, eval_acc: 0.7544, train_loss: 1.0604, eval_loss: 0.6391
2022-11-05 15:02:39,925 - graphVAE - INFO - epoch:  245, train_acc: 0.4726, eval_acc: 0.7619, train_loss: 1.0709, eval_loss: 0.6335
2022-11-05 15:02:42,240 - graphVAE - INFO - epoch:  246, train_acc: 0.4721, eval_acc: 0.7479, train_loss: 1.0556, eval_loss: 0.6365
2022-11-05 15:02:44,473 - graphVAE - INFO - epoch:  247, train_acc: 0.4715, eval_acc: 0.7509, train_loss: 1.0633, eval_loss: 0.6451
2022-11-05 15:02:46,750 - graphVAE - INFO - epoch:  248, train_acc: 0.4667, eval_acc: 0.7547, train_loss: 1.0756, eval_loss: 0.6348
2022-11-05 15:02:49,018 - graphVAE - INFO - epoch:  249, train_acc: 0.4723, eval_acc: 0.7651, train_loss: 1.0637, eval_loss: 0.6411
2022-11-05 15:02:51,286 - graphVAE - INFO - epoch:  250, train_acc: 0.4680, eval_acc: 0.7600, train_loss: 1.0700, eval_loss: 0.6377
2022-11-05 15:02:53,594 - graphVAE - INFO - epoch:  251, train_acc: 0.4695, eval_acc: 0.7570, train_loss: 1.0683, eval_loss: 0.6400
2022-11-05 15:02:56,070 - graphVAE - INFO - epoch:  252, train_acc: 0.4725, eval_acc: 0.7536, train_loss: 1.0581, eval_loss: 0.6520
2022-11-05 15:02:58,279 - graphVAE - INFO - epoch:  253, train_acc: 0.4688, eval_acc: 0.7444, train_loss: 1.0686, eval_loss: 0.6510
2022-11-05 15:03:00,491 - graphVAE - INFO - epoch:  254, train_acc: 0.4775, eval_acc: 0.7579, train_loss: 1.0626, eval_loss: 0.6392
2022-11-05 15:03:02,763 - graphVAE - INFO - epoch:  255, train_acc: 0.4690, eval_acc: 0.7576, train_loss: 1.0664, eval_loss: 0.6350
2022-11-05 15:03:05,016 - graphVAE - INFO - epoch:  256, train_acc: 0.4722, eval_acc: 0.7471, train_loss: 1.0713, eval_loss: 0.6455
2022-11-05 15:03:07,228 - graphVAE - INFO - epoch:  257, train_acc: 0.4673, eval_acc: 0.7407, train_loss: 1.0759, eval_loss: 0.6512
2022-11-05 15:03:09,555 - graphVAE - INFO - epoch:  258, train_acc: 0.4705, eval_acc: 0.7490, train_loss: 1.0630, eval_loss: 0.6450
2022-11-05 15:03:11,814 - graphVAE - INFO - epoch:  259, train_acc: 0.4768, eval_acc: 0.7412, train_loss: 1.0611, eval_loss: 0.6439
2022-11-05 15:03:14,130 - graphVAE - INFO - epoch:  260, train_acc: 0.4659, eval_acc: 0.7602, train_loss: 1.0803, eval_loss: 0.6337
2022-11-05 15:03:16,492 - graphVAE - INFO - epoch:  261, train_acc: 0.4750, eval_acc: 0.7620, train_loss: 1.0553, eval_loss: 0.6365
2022-11-05 15:03:18,760 - graphVAE - INFO - epoch:  262, train_acc: 0.4673, eval_acc: 0.7665, train_loss: 1.0771, eval_loss: 0.6273
2022-11-05 15:03:18,760 - graphVAE - INFO - Trained model saved, eval loss: 0.6273
2022-11-05 15:03:21,049 - graphVAE - INFO - epoch:  263, train_acc: 0.4793, eval_acc: 0.7510, train_loss: 1.0570, eval_loss: 0.6338
2022-11-05 15:03:23,280 - graphVAE - INFO - epoch:  264, train_acc: 0.4816, eval_acc: 0.7516, train_loss: 1.0484, eval_loss: 0.6392
2022-11-05 15:03:25,571 - graphVAE - INFO - epoch:  265, train_acc: 0.4837, eval_acc: 0.7411, train_loss: 1.0439, eval_loss: 0.6322
2022-11-05 15:03:27,794 - graphVAE - INFO - epoch:  266, train_acc: 0.4710, eval_acc: 0.7568, train_loss: 1.0662, eval_loss: 0.6501
2022-11-05 15:03:30,048 - graphVAE - INFO - epoch:  267, train_acc: 0.4783, eval_acc: 0.7611, train_loss: 1.0527, eval_loss: 0.6375
2022-11-05 15:03:32,320 - graphVAE - INFO - epoch:  268, train_acc: 0.4637, eval_acc: 0.7465, train_loss: 1.0730, eval_loss: 0.6392
2022-11-05 15:03:34,480 - graphVAE - INFO - epoch:  269, train_acc: 0.4759, eval_acc: 0.7599, train_loss: 1.0529, eval_loss: 0.6272
2022-11-05 15:03:34,480 - graphVAE - INFO - Trained model saved, eval loss: 0.6272
2022-11-05 15:03:36,700 - graphVAE - INFO - epoch:  270, train_acc: 0.4716, eval_acc: 0.7457, train_loss: 1.0768, eval_loss: 0.6627
2022-11-05 15:03:39,050 - graphVAE - INFO - epoch:  271, train_acc: 0.4623, eval_acc: 0.7484, train_loss: 1.0833, eval_loss: 0.6515
2022-11-05 15:03:41,233 - graphVAE - INFO - epoch:  272, train_acc: 0.4694, eval_acc: 0.7569, train_loss: 1.0645, eval_loss: 0.6283
2022-11-05 15:03:43,453 - graphVAE - INFO - epoch:  273, train_acc: 0.4763, eval_acc: 0.7604, train_loss: 1.0524, eval_loss: 0.6308
2022-11-05 15:03:45,784 - graphVAE - INFO - epoch:  274, train_acc: 0.4770, eval_acc: 0.7598, train_loss: 1.0531, eval_loss: 0.6279
2022-11-05 15:03:48,099 - graphVAE - INFO - epoch:  275, train_acc: 0.4766, eval_acc: 0.7582, train_loss: 1.0543, eval_loss: 0.6232
2022-11-05 15:03:48,099 - graphVAE - INFO - Trained model saved, eval loss: 0.6232
2022-11-05 15:03:50,397 - graphVAE - INFO - epoch:  276, train_acc: 0.4699, eval_acc: 0.7479, train_loss: 1.0689, eval_loss: 0.6452
2022-11-05 15:03:52,537 - graphVAE - INFO - epoch:  277, train_acc: 0.4718, eval_acc: 0.7601, train_loss: 1.0639, eval_loss: 0.6359
2022-11-05 15:03:54,764 - graphVAE - INFO - epoch:  278, train_acc: 0.4783, eval_acc: 0.7436, train_loss: 1.0602, eval_loss: 0.6606
2022-11-05 15:03:57,078 - graphVAE - INFO - epoch:  279, train_acc: 0.4761, eval_acc: 0.7703, train_loss: 1.0606, eval_loss: 0.6276
2022-11-05 15:03:59,357 - graphVAE - INFO - epoch:  280, train_acc: 0.4687, eval_acc: 0.7650, train_loss: 1.0723, eval_loss: 0.6344
2022-11-05 15:04:01,504 - graphVAE - INFO - epoch:  281, train_acc: 0.4775, eval_acc: 0.7699, train_loss: 1.0588, eval_loss: 0.6253
2022-11-05 15:04:03,783 - graphVAE - INFO - epoch:  282, train_acc: 0.4733, eval_acc: 0.7662, train_loss: 1.0658, eval_loss: 0.6291
2022-11-05 15:04:06,027 - graphVAE - INFO - epoch:  283, train_acc: 0.4737, eval_acc: 0.7566, train_loss: 1.0601, eval_loss: 0.6497
2022-11-05 15:04:08,238 - graphVAE - INFO - epoch:  284, train_acc: 0.4746, eval_acc: 0.7423, train_loss: 1.0570, eval_loss: 0.6358
2022-11-05 15:04:10,508 - graphVAE - INFO - epoch:  285, train_acc: 0.4703, eval_acc: 0.7540, train_loss: 1.0684, eval_loss: 0.6473
2022-11-05 15:04:12,797 - graphVAE - INFO - epoch:  286, train_acc: 0.4688, eval_acc: 0.7514, train_loss: 1.0701, eval_loss: 0.6366
2022-11-05 15:04:15,057 - graphVAE - INFO - epoch:  287, train_acc: 0.4730, eval_acc: 0.7542, train_loss: 1.0673, eval_loss: 0.6485
2022-11-05 15:04:17,266 - graphVAE - INFO - epoch:  288, train_acc: 0.4805, eval_acc: 0.7509, train_loss: 1.0569, eval_loss: 0.6282
2022-11-05 15:04:19,561 - graphVAE - INFO - epoch:  289, train_acc: 0.4656, eval_acc: 0.7473, train_loss: 1.0752, eval_loss: 0.6555
2022-11-05 15:04:21,790 - graphVAE - INFO - epoch:  290, train_acc: 0.4638, eval_acc: 0.7515, train_loss: 1.0786, eval_loss: 0.6419
2022-11-05 15:04:24,108 - graphVAE - INFO - epoch:  291, train_acc: 0.4721, eval_acc: 0.7590, train_loss: 1.0692, eval_loss: 0.6267
2022-11-05 15:04:26,315 - graphVAE - INFO - epoch:  292, train_acc: 0.4784, eval_acc: 0.7556, train_loss: 1.0488, eval_loss: 0.6438
2022-11-05 15:04:28,441 - graphVAE - INFO - epoch:  293, train_acc: 0.4778, eval_acc: 0.7478, train_loss: 1.0518, eval_loss: 0.6454
2022-11-05 15:04:30,728 - graphVAE - INFO - epoch:  294, train_acc: 0.4759, eval_acc: 0.7543, train_loss: 1.0620, eval_loss: 0.6388
2022-11-05 15:04:32,983 - graphVAE - INFO - epoch:  295, train_acc: 0.4845, eval_acc: 0.7554, train_loss: 1.0494, eval_loss: 0.6437
2022-11-05 15:04:35,253 - graphVAE - INFO - epoch:  296, train_acc: 0.4757, eval_acc: 0.7453, train_loss: 1.0611, eval_loss: 0.6473
2022-11-05 15:04:37,457 - graphVAE - INFO - epoch:  297, train_acc: 0.4730, eval_acc: 0.7569, train_loss: 1.0645, eval_loss: 0.6338
2022-11-05 15:04:39,630 - graphVAE - INFO - epoch:  298, train_acc: 0.4789, eval_acc: 0.7614, train_loss: 1.0553, eval_loss: 0.6274
2022-11-05 15:04:41,987 - graphVAE - INFO - epoch:  299, train_acc: 0.4767, eval_acc: 0.7439, train_loss: 1.0608, eval_loss: 0.6471
2022-11-05 15:04:44,220 - graphVAE - INFO - epoch:  300, train_acc: 0.4670, eval_acc: 0.7451, train_loss: 1.0662, eval_loss: 0.6419
2022-11-05 15:04:46,518 - graphVAE - INFO - epoch:  301, train_acc: 0.4835, eval_acc: 0.7718, train_loss: 1.0514, eval_loss: 0.6304
2022-11-05 15:04:48,793 - graphVAE - INFO - epoch:  302, train_acc: 0.4730, eval_acc: 0.7509, train_loss: 1.0581, eval_loss: 0.6328
2022-11-05 15:04:51,041 - graphVAE - INFO - epoch:  303, train_acc: 0.4759, eval_acc: 0.7642, train_loss: 1.0562, eval_loss: 0.6275
2022-11-05 15:04:53,335 - graphVAE - INFO - epoch:  304, train_acc: 0.4756, eval_acc: 0.7591, train_loss: 1.0569, eval_loss: 0.6205
2022-11-05 15:04:53,335 - graphVAE - INFO - Trained model saved, eval loss: 0.6205
2022-11-05 15:04:55,582 - graphVAE - INFO - epoch:  305, train_acc: 0.4738, eval_acc: 0.7716, train_loss: 1.0601, eval_loss: 0.6213
2022-11-05 15:04:57,810 - graphVAE - INFO - epoch:  306, train_acc: 0.4721, eval_acc: 0.7404, train_loss: 1.0674, eval_loss: 0.6486
2022-11-05 15:04:59,989 - graphVAE - INFO - epoch:  307, train_acc: 0.4725, eval_acc: 0.7525, train_loss: 1.0666, eval_loss: 0.6375
2022-11-05 15:05:02,293 - graphVAE - INFO - epoch:  308, train_acc: 0.4771, eval_acc: 0.7424, train_loss: 1.0561, eval_loss: 0.6303
2022-11-05 15:05:04,509 - graphVAE - INFO - epoch:  309, train_acc: 0.4757, eval_acc: 0.7451, train_loss: 1.0533, eval_loss: 0.6415
2022-11-05 15:05:06,691 - graphVAE - INFO - epoch:  310, train_acc: 0.4757, eval_acc: 0.7652, train_loss: 1.0606, eval_loss: 0.6535
2022-11-05 15:05:08,869 - graphVAE - INFO - epoch:  311, train_acc: 0.4657, eval_acc: 0.7562, train_loss: 1.0784, eval_loss: 0.6269
2022-11-05 15:05:11,111 - graphVAE - INFO - epoch:  312, train_acc: 0.4726, eval_acc: 0.7565, train_loss: 1.0623, eval_loss: 0.6328
2022-11-05 15:05:13,340 - graphVAE - INFO - epoch:  313, train_acc: 0.4634, eval_acc: 0.7723, train_loss: 1.0841, eval_loss: 0.6392
2022-11-05 15:05:15,508 - graphVAE - INFO - epoch:  314, train_acc: 0.4747, eval_acc: 0.7659, train_loss: 1.0622, eval_loss: 0.6360
2022-11-05 15:05:17,790 - graphVAE - INFO - epoch:  315, train_acc: 0.4651, eval_acc: 0.7643, train_loss: 1.0735, eval_loss: 0.6238
2022-11-05 15:05:20,040 - graphVAE - INFO - epoch:  316, train_acc: 0.4777, eval_acc: 0.7645, train_loss: 1.0625, eval_loss: 0.6275
2022-11-05 15:05:22,296 - graphVAE - INFO - epoch:  317, train_acc: 0.4672, eval_acc: 0.7570, train_loss: 1.0674, eval_loss: 0.6325
2022-11-05 15:05:24,495 - graphVAE - INFO - epoch:  318, train_acc: 0.4658, eval_acc: 0.7745, train_loss: 1.0765, eval_loss: 0.6309
2022-11-05 15:05:26,735 - graphVAE - INFO - epoch:  319, train_acc: 0.4727, eval_acc: 0.7719, train_loss: 1.0612, eval_loss: 0.6300
2022-11-05 15:05:28,951 - graphVAE - INFO - epoch:  320, train_acc: 0.4837, eval_acc: 0.7708, train_loss: 1.0535, eval_loss: 0.6071
2022-11-05 15:05:28,951 - graphVAE - INFO - Trained model saved, eval loss: 0.6071
2022-11-05 15:05:31,214 - graphVAE - INFO - epoch:  321, train_acc: 0.4614, eval_acc: 0.7653, train_loss: 1.0768, eval_loss: 0.6248
2022-11-05 15:05:33,585 - graphVAE - INFO - epoch:  322, train_acc: 0.4698, eval_acc: 0.7518, train_loss: 1.0610, eval_loss: 0.6543
2022-11-05 15:05:35,703 - graphVAE - INFO - epoch:  323, train_acc: 0.4742, eval_acc: 0.7555, train_loss: 1.0640, eval_loss: 0.6453
2022-11-05 15:05:37,937 - graphVAE - INFO - epoch:  324, train_acc: 0.4701, eval_acc: 0.7741, train_loss: 1.0644, eval_loss: 0.6119
2022-11-05 15:05:40,163 - graphVAE - INFO - epoch:  325, train_acc: 0.4761, eval_acc: 0.7534, train_loss: 1.0609, eval_loss: 0.6243
2022-11-05 15:05:42,505 - graphVAE - INFO - epoch:  326, train_acc: 0.4722, eval_acc: 0.7636, train_loss: 1.0595, eval_loss: 0.6232
2022-11-05 15:05:44,783 - graphVAE - INFO - epoch:  327, train_acc: 0.4834, eval_acc: 0.7615, train_loss: 1.0442, eval_loss: 0.6229
2022-11-05 15:05:46,988 - graphVAE - INFO - epoch:  328, train_acc: 0.4681, eval_acc: 0.7695, train_loss: 1.0748, eval_loss: 0.6452
2022-11-05 15:05:49,192 - graphVAE - INFO - epoch:  329, train_acc: 0.4714, eval_acc: 0.7562, train_loss: 1.0677, eval_loss: 0.6264
2022-11-05 15:05:51,420 - graphVAE - INFO - epoch:  330, train_acc: 0.4639, eval_acc: 0.7628, train_loss: 1.0708, eval_loss: 0.6288
2022-11-05 15:05:53,759 - graphVAE - INFO - epoch:  331, train_acc: 0.4770, eval_acc: 0.7756, train_loss: 1.0566, eval_loss: 0.6210
2022-11-05 15:05:56,154 - graphVAE - INFO - epoch:  332, train_acc: 0.4707, eval_acc: 0.7635, train_loss: 1.0621, eval_loss: 0.6380
2022-11-05 15:05:58,426 - graphVAE - INFO - epoch:  333, train_acc: 0.4801, eval_acc: 0.7602, train_loss: 1.0510, eval_loss: 0.6204
2022-11-05 15:06:00,758 - graphVAE - INFO - epoch:  334, train_acc: 0.4699, eval_acc: 0.7680, train_loss: 1.0618, eval_loss: 0.6238
2022-11-05 15:06:03,199 - graphVAE - INFO - epoch:  335, train_acc: 0.4760, eval_acc: 0.7556, train_loss: 1.0595, eval_loss: 0.6223
2022-11-05 15:06:05,521 - graphVAE - INFO - epoch:  336, train_acc: 0.4793, eval_acc: 0.7597, train_loss: 1.0486, eval_loss: 0.6137
2022-11-05 15:06:07,741 - graphVAE - INFO - epoch:  337, train_acc: 0.4771, eval_acc: 0.7782, train_loss: 1.0597, eval_loss: 0.6188
2022-11-05 15:06:09,942 - graphVAE - INFO - epoch:  338, train_acc: 0.4708, eval_acc: 0.7652, train_loss: 1.0681, eval_loss: 0.6361
2022-11-05 15:06:12,179 - graphVAE - INFO - epoch:  339, train_acc: 0.4748, eval_acc: 0.7693, train_loss: 1.0649, eval_loss: 0.6352
2022-11-05 15:06:14,442 - graphVAE - INFO - epoch:  340, train_acc: 0.4791, eval_acc: 0.7479, train_loss: 1.0548, eval_loss: 0.6210
2022-11-05 15:06:16,623 - graphVAE - INFO - epoch:  341, train_acc: 0.4771, eval_acc: 0.7417, train_loss: 1.0553, eval_loss: 0.6586
2022-11-05 15:06:18,909 - graphVAE - INFO - epoch:  342, train_acc: 0.4766, eval_acc: 0.7602, train_loss: 1.0592, eval_loss: 0.6254
2022-11-05 15:06:21,193 - graphVAE - INFO - epoch:  343, train_acc: 0.4710, eval_acc: 0.7666, train_loss: 1.0651, eval_loss: 0.6416
2022-11-05 15:06:23,458 - graphVAE - INFO - epoch:  344, train_acc: 0.4700, eval_acc: 0.7742, train_loss: 1.0730, eval_loss: 0.6064
2022-11-05 15:06:23,458 - graphVAE - INFO - Trained model saved, eval loss: 0.6064
2022-11-05 15:06:25,669 - graphVAE - INFO - epoch:  345, train_acc: 0.4709, eval_acc: 0.7710, train_loss: 1.0695, eval_loss: 0.6147
2022-11-05 15:06:27,896 - graphVAE - INFO - epoch:  346, train_acc: 0.4704, eval_acc: 0.7557, train_loss: 1.0667, eval_loss: 0.6403
2022-11-05 15:06:30,134 - graphVAE - INFO - epoch:  347, train_acc: 0.4769, eval_acc: 0.7616, train_loss: 1.0634, eval_loss: 0.6270
2022-11-05 15:06:32,386 - graphVAE - INFO - epoch:  348, train_acc: 0.4709, eval_acc: 0.7734, train_loss: 1.0618, eval_loss: 0.6317
2022-11-05 15:06:34,617 - graphVAE - INFO - epoch:  349, train_acc: 0.4809, eval_acc: 0.7717, train_loss: 1.0522, eval_loss: 0.6195
2022-11-05 15:06:36,850 - graphVAE - INFO - epoch:  350, train_acc: 0.4716, eval_acc: 0.7550, train_loss: 1.0725, eval_loss: 0.6364
2022-11-05 15:06:39,072 - graphVAE - INFO - epoch:  351, train_acc: 0.4777, eval_acc: 0.7705, train_loss: 1.0523, eval_loss: 0.6349
2022-11-05 15:06:41,353 - graphVAE - INFO - epoch:  352, train_acc: 0.4808, eval_acc: 0.7580, train_loss: 1.0573, eval_loss: 0.6315
2022-11-05 15:06:43,645 - graphVAE - INFO - epoch:  353, train_acc: 0.4698, eval_acc: 0.7486, train_loss: 1.0594, eval_loss: 0.6409
2022-11-05 15:06:45,956 - graphVAE - INFO - epoch:  354, train_acc: 0.4792, eval_acc: 0.7465, train_loss: 1.0575, eval_loss: 0.6556
2022-11-05 15:06:48,379 - graphVAE - INFO - epoch:  355, train_acc: 0.4791, eval_acc: 0.7534, train_loss: 1.0551, eval_loss: 0.6235
2022-11-05 15:06:50,969 - graphVAE - INFO - epoch:  356, train_acc: 0.4733, eval_acc: 0.7729, train_loss: 1.0618, eval_loss: 0.6238
2022-11-05 15:06:53,254 - graphVAE - INFO - epoch:  357, train_acc: 0.4756, eval_acc: 0.7790, train_loss: 1.0658, eval_loss: 0.6032
2022-11-05 15:06:53,254 - graphVAE - INFO - Trained model saved, eval loss: 0.6032
2022-11-05 15:06:55,574 - graphVAE - INFO - epoch:  358, train_acc: 0.4824, eval_acc: 0.7566, train_loss: 1.0376, eval_loss: 0.6255
2022-11-05 15:06:57,859 - graphVAE - INFO - epoch:  359, train_acc: 0.4820, eval_acc: 0.7664, train_loss: 1.0495, eval_loss: 0.6191
2022-11-05 15:07:00,124 - graphVAE - INFO - epoch:  360, train_acc: 0.4736, eval_acc: 0.7485, train_loss: 1.0588, eval_loss: 0.6409
2022-11-05 15:07:02,359 - graphVAE - INFO - epoch:  361, train_acc: 0.4802, eval_acc: 0.7672, train_loss: 1.0532, eval_loss: 0.6081
2022-11-05 15:07:04,653 - graphVAE - INFO - epoch:  362, train_acc: 0.4793, eval_acc: 0.7507, train_loss: 1.0538, eval_loss: 0.6221
2022-11-05 15:07:06,873 - graphVAE - INFO - epoch:  363, train_acc: 0.4723, eval_acc: 0.7727, train_loss: 1.0635, eval_loss: 0.6157
2022-11-05 15:07:09,137 - graphVAE - INFO - epoch:  364, train_acc: 0.4811, eval_acc: 0.7662, train_loss: 1.0469, eval_loss: 0.6339
2022-11-05 15:07:11,394 - graphVAE - INFO - epoch:  365, train_acc: 0.4701, eval_acc: 0.7684, train_loss: 1.0658, eval_loss: 0.6214
2022-11-05 15:07:13,626 - graphVAE - INFO - epoch:  366, train_acc: 0.4750, eval_acc: 0.7552, train_loss: 1.0563, eval_loss: 0.6311
2022-11-05 15:07:15,939 - graphVAE - INFO - epoch:  367, train_acc: 0.4693, eval_acc: 0.7650, train_loss: 1.0713, eval_loss: 0.6348
2022-11-05 15:07:18,248 - graphVAE - INFO - epoch:  368, train_acc: 0.4688, eval_acc: 0.7744, train_loss: 1.0631, eval_loss: 0.6206
2022-11-05 15:07:20,480 - graphVAE - INFO - epoch:  369, train_acc: 0.4713, eval_acc: 0.7459, train_loss: 1.0612, eval_loss: 0.6332
2022-11-05 15:07:22,778 - graphVAE - INFO - epoch:  370, train_acc: 0.4851, eval_acc: 0.7591, train_loss: 1.0442, eval_loss: 0.6416
2022-11-05 15:07:25,031 - graphVAE - INFO - epoch:  371, train_acc: 0.4711, eval_acc: 0.7714, train_loss: 1.0658, eval_loss: 0.6231
2022-11-05 15:07:27,297 - graphVAE - INFO - epoch:  372, train_acc: 0.4676, eval_acc: 0.7627, train_loss: 1.0716, eval_loss: 0.6429
2022-11-05 15:07:29,618 - graphVAE - INFO - epoch:  373, train_acc: 0.4771, eval_acc: 0.7731, train_loss: 1.0558, eval_loss: 0.6140
2022-11-05 15:07:31,859 - graphVAE - INFO - epoch:  374, train_acc: 0.4691, eval_acc: 0.7644, train_loss: 1.0696, eval_loss: 0.6348
2022-11-05 15:07:34,127 - graphVAE - INFO - epoch:  375, train_acc: 0.4745, eval_acc: 0.7583, train_loss: 1.0553, eval_loss: 0.6299
2022-11-05 15:07:36,315 - graphVAE - INFO - epoch:  376, train_acc: 0.4764, eval_acc: 0.7724, train_loss: 1.0548, eval_loss: 0.6063
2022-11-05 15:07:38,597 - graphVAE - INFO - epoch:  377, train_acc: 0.4678, eval_acc: 0.7645, train_loss: 1.0662, eval_loss: 0.6152
2022-11-05 15:07:40,887 - graphVAE - INFO - epoch:  378, train_acc: 0.4760, eval_acc: 0.7604, train_loss: 1.0700, eval_loss: 0.6461
2022-11-05 15:07:43,139 - graphVAE - INFO - epoch:  379, train_acc: 0.4714, eval_acc: 0.7798, train_loss: 1.0658, eval_loss: 0.6016
2022-11-05 15:07:43,139 - graphVAE - INFO - Trained model saved, eval loss: 0.6016
2022-11-05 15:07:45,391 - graphVAE - INFO - epoch:  380, train_acc: 0.4667, eval_acc: 0.7630, train_loss: 1.0739, eval_loss: 0.6246
2022-11-05 15:07:47,649 - graphVAE - INFO - epoch:  381, train_acc: 0.4771, eval_acc: 0.7596, train_loss: 1.0572, eval_loss: 0.6491
2022-11-05 15:07:49,894 - graphVAE - INFO - epoch:  382, train_acc: 0.4804, eval_acc: 0.7551, train_loss: 1.0483, eval_loss: 0.6260
2022-11-05 15:07:52,043 - graphVAE - INFO - epoch:  383, train_acc: 0.4753, eval_acc: 0.7699, train_loss: 1.0621, eval_loss: 0.6317
2022-11-05 15:07:54,289 - graphVAE - INFO - epoch:  384, train_acc: 0.4762, eval_acc: 0.7515, train_loss: 1.0614, eval_loss: 0.6326
2022-11-05 15:07:56,682 - graphVAE - INFO - epoch:  385, train_acc: 0.4739, eval_acc: 0.7574, train_loss: 1.0714, eval_loss: 0.6331
2022-11-05 15:07:58,836 - graphVAE - INFO - epoch:  386, train_acc: 0.4770, eval_acc: 0.7643, train_loss: 1.0612, eval_loss: 0.6175
2022-11-05 15:08:00,992 - graphVAE - INFO - epoch:  387, train_acc: 0.4707, eval_acc: 0.7665, train_loss: 1.0607, eval_loss: 0.6205
2022-11-05 15:08:03,177 - graphVAE - INFO - epoch:  388, train_acc: 0.4765, eval_acc: 0.7603, train_loss: 1.0601, eval_loss: 0.6476
2022-11-05 15:08:05,448 - graphVAE - INFO - epoch:  389, train_acc: 0.4797, eval_acc: 0.7712, train_loss: 1.0475, eval_loss: 0.6364
2022-11-05 15:08:07,561 - graphVAE - INFO - epoch:  390, train_acc: 0.4786, eval_acc: 0.7481, train_loss: 1.0561, eval_loss: 0.6521
2022-11-05 15:08:09,682 - graphVAE - INFO - epoch:  391, train_acc: 0.4750, eval_acc: 0.7594, train_loss: 1.0677, eval_loss: 0.6437
2022-11-05 15:08:11,863 - graphVAE - INFO - epoch:  392, train_acc: 0.4809, eval_acc: 0.7601, train_loss: 1.0542, eval_loss: 0.6251
2022-11-05 15:08:14,073 - graphVAE - INFO - epoch:  393, train_acc: 0.4743, eval_acc: 0.7781, train_loss: 1.0632, eval_loss: 0.6189
2022-11-05 15:08:16,255 - graphVAE - INFO - epoch:  394, train_acc: 0.4710, eval_acc: 0.7731, train_loss: 1.0570, eval_loss: 0.6187
2022-11-05 15:08:18,455 - graphVAE - INFO - epoch:  395, train_acc: 0.4804, eval_acc: 0.7749, train_loss: 1.0594, eval_loss: 0.6198
2022-11-05 15:08:20,605 - graphVAE - INFO - epoch:  396, train_acc: 0.4775, eval_acc: 0.7639, train_loss: 1.0567, eval_loss: 0.6306
2022-11-05 15:08:22,805 - graphVAE - INFO - epoch:  397, train_acc: 0.4761, eval_acc: 0.7848, train_loss: 1.0625, eval_loss: 0.5987
2022-11-05 15:08:22,806 - graphVAE - INFO - Trained model saved, eval loss: 0.5987
2022-11-05 15:08:25,057 - graphVAE - INFO - epoch:  398, train_acc: 0.4748, eval_acc: 0.7712, train_loss: 1.0609, eval_loss: 0.5994
2022-11-05 15:08:27,287 - graphVAE - INFO - epoch:  399, train_acc: 0.4790, eval_acc: 0.7698, train_loss: 1.0498, eval_loss: 0.6086
2022-11-05 15:08:29,453 - graphVAE - INFO - epoch:  400, train_acc: 0.4749, eval_acc: 0.7508, train_loss: 1.0560, eval_loss: 0.6341
2022-11-05 15:08:31,661 - graphVAE - INFO - epoch:  401, train_acc: 0.4781, eval_acc: 0.7821, train_loss: 1.0565, eval_loss: 0.6102
2022-11-05 15:08:33,845 - graphVAE - INFO - epoch:  402, train_acc: 0.4745, eval_acc: 0.7626, train_loss: 1.0662, eval_loss: 0.6354
2022-11-05 15:08:36,015 - graphVAE - INFO - epoch:  403, train_acc: 0.4813, eval_acc: 0.7645, train_loss: 1.0513, eval_loss: 0.6134
2022-11-05 15:08:38,236 - graphVAE - INFO - epoch:  404, train_acc: 0.4816, eval_acc: 0.7748, train_loss: 1.0419, eval_loss: 0.6188
2022-11-05 15:08:40,450 - graphVAE - INFO - epoch:  405, train_acc: 0.4740, eval_acc: 0.7754, train_loss: 1.0626, eval_loss: 0.6148
2022-11-05 15:08:42,684 - graphVAE - INFO - epoch:  406, train_acc: 0.4710, eval_acc: 0.7687, train_loss: 1.0684, eval_loss: 0.6173
2022-11-05 15:08:44,771 - graphVAE - INFO - epoch:  407, train_acc: 0.4857, eval_acc: 0.7654, train_loss: 1.0366, eval_loss: 0.6215
2022-11-05 15:08:46,995 - graphVAE - INFO - epoch:  408, train_acc: 0.4733, eval_acc: 0.7631, train_loss: 1.0612, eval_loss: 0.6412
2022-11-05 15:08:49,283 - graphVAE - INFO - epoch:  409, train_acc: 0.4786, eval_acc: 0.7523, train_loss: 1.0555, eval_loss: 0.6471
2022-11-05 15:08:51,490 - graphVAE - INFO - epoch:  410, train_acc: 0.4793, eval_acc: 0.7639, train_loss: 1.0507, eval_loss: 0.6316
2022-11-05 15:08:53,701 - graphVAE - INFO - epoch:  411, train_acc: 0.4829, eval_acc: 0.7746, train_loss: 1.0436, eval_loss: 0.6096
2022-11-05 15:08:55,927 - graphVAE - INFO - epoch:  412, train_acc: 0.4745, eval_acc: 0.7652, train_loss: 1.0552, eval_loss: 0.6186
2022-11-05 15:08:58,104 - graphVAE - INFO - epoch:  413, train_acc: 0.4771, eval_acc: 0.7607, train_loss: 1.0501, eval_loss: 0.6471
2022-11-05 15:09:00,282 - graphVAE - INFO - epoch:  414, train_acc: 0.4910, eval_acc: 0.7729, train_loss: 1.0409, eval_loss: 0.6171
2022-11-05 15:09:02,412 - graphVAE - INFO - epoch:  415, train_acc: 0.4794, eval_acc: 0.7426, train_loss: 1.0579, eval_loss: 0.6333
2022-11-05 15:09:04,508 - graphVAE - INFO - epoch:  416, train_acc: 0.4748, eval_acc: 0.7517, train_loss: 1.0562, eval_loss: 0.6599
2022-11-05 15:09:06,672 - graphVAE - INFO - epoch:  417, train_acc: 0.4681, eval_acc: 0.7686, train_loss: 1.0739, eval_loss: 0.6111
2022-11-05 15:09:08,821 - graphVAE - INFO - epoch:  418, train_acc: 0.4747, eval_acc: 0.7709, train_loss: 1.0588, eval_loss: 0.6334
2022-11-05 15:09:10,970 - graphVAE - INFO - epoch:  419, train_acc: 0.4739, eval_acc: 0.7657, train_loss: 1.0653, eval_loss: 0.6231
2022-11-05 15:09:13,151 - graphVAE - INFO - epoch:  420, train_acc: 0.4762, eval_acc: 0.7692, train_loss: 1.0478, eval_loss: 0.6175
2022-11-05 15:09:15,320 - graphVAE - INFO - epoch:  421, train_acc: 0.4794, eval_acc: 0.7513, train_loss: 1.0574, eval_loss: 0.6477
2022-11-05 15:09:17,533 - graphVAE - INFO - epoch:  422, train_acc: 0.4754, eval_acc: 0.7766, train_loss: 1.0592, eval_loss: 0.6327
2022-11-05 15:09:19,706 - graphVAE - INFO - epoch:  423, train_acc: 0.4831, eval_acc: 0.7669, train_loss: 1.0486, eval_loss: 0.6152
2022-11-05 15:09:21,961 - graphVAE - INFO - epoch:  424, train_acc: 0.4756, eval_acc: 0.7667, train_loss: 1.0513, eval_loss: 0.6221
2022-11-05 15:09:24,169 - graphVAE - INFO - epoch:  425, train_acc: 0.4707, eval_acc: 0.7682, train_loss: 1.0690, eval_loss: 0.6320
2022-11-05 15:09:26,354 - graphVAE - INFO - epoch:  426, train_acc: 0.4818, eval_acc: 0.7603, train_loss: 1.0586, eval_loss: 0.6247
2022-11-05 15:09:28,599 - graphVAE - INFO - epoch:  427, train_acc: 0.4791, eval_acc: 0.7619, train_loss: 1.0493, eval_loss: 0.6216
2022-11-05 15:09:30,914 - graphVAE - INFO - epoch:  428, train_acc: 0.4703, eval_acc: 0.7589, train_loss: 1.0658, eval_loss: 0.6290
2022-11-05 15:09:33,103 - graphVAE - INFO - epoch:  429, train_acc: 0.4757, eval_acc: 0.7741, train_loss: 1.0578, eval_loss: 0.6142
2022-11-05 15:09:35,333 - graphVAE - INFO - epoch:  430, train_acc: 0.4785, eval_acc: 0.7601, train_loss: 1.0585, eval_loss: 0.6368
2022-11-05 15:09:37,489 - graphVAE - INFO - epoch:  431, train_acc: 0.4754, eval_acc: 0.7557, train_loss: 1.0584, eval_loss: 0.6256
2022-11-05 15:09:39,662 - graphVAE - INFO - epoch:  432, train_acc: 0.4713, eval_acc: 0.7638, train_loss: 1.0605, eval_loss: 0.6295
2022-11-05 15:09:41,923 - graphVAE - INFO - epoch:  433, train_acc: 0.4674, eval_acc: 0.7703, train_loss: 1.0714, eval_loss: 0.6181
2022-11-05 15:09:44,197 - graphVAE - INFO - epoch:  434, train_acc: 0.4756, eval_acc: 0.7610, train_loss: 1.0608, eval_loss: 0.6317
2022-11-05 15:09:46,478 - graphVAE - INFO - epoch:  435, train_acc: 0.4679, eval_acc: 0.7524, train_loss: 1.0612, eval_loss: 0.6393
2022-11-05 15:09:48,663 - graphVAE - INFO - epoch:  436, train_acc: 0.4788, eval_acc: 0.7541, train_loss: 1.0591, eval_loss: 0.6477
2022-11-05 15:09:50,971 - graphVAE - INFO - epoch:  437, train_acc: 0.4638, eval_acc: 0.7750, train_loss: 1.0781, eval_loss: 0.6230
2022-11-05 15:09:53,166 - graphVAE - INFO - epoch:  438, train_acc: 0.4712, eval_acc: 0.7757, train_loss: 1.0649, eval_loss: 0.6224
2022-11-05 15:09:55,418 - graphVAE - INFO - epoch:  439, train_acc: 0.4806, eval_acc: 0.7599, train_loss: 1.0563, eval_loss: 0.6215
2022-11-05 15:09:57,715 - graphVAE - INFO - epoch:  440, train_acc: 0.4719, eval_acc: 0.7685, train_loss: 1.0578, eval_loss: 0.6167
2022-11-05 15:09:59,953 - graphVAE - INFO - epoch:  441, train_acc: 0.4785, eval_acc: 0.7734, train_loss: 1.0550, eval_loss: 0.6191
2022-11-05 15:10:02,191 - graphVAE - INFO - epoch:  442, train_acc: 0.4789, eval_acc: 0.7626, train_loss: 1.0496, eval_loss: 0.6206
2022-11-05 15:10:04,363 - graphVAE - INFO - epoch:  443, train_acc: 0.4844, eval_acc: 0.7654, train_loss: 1.0452, eval_loss: 0.6248
2022-11-05 15:10:06,556 - graphVAE - INFO - epoch:  444, train_acc: 0.4723, eval_acc: 0.7486, train_loss: 1.0612, eval_loss: 0.6343
2022-11-05 15:10:08,766 - graphVAE - INFO - epoch:  445, train_acc: 0.4701, eval_acc: 0.7697, train_loss: 1.0691, eval_loss: 0.6238
2022-11-05 15:10:11,074 - graphVAE - INFO - epoch:  446, train_acc: 0.4765, eval_acc: 0.7794, train_loss: 1.0590, eval_loss: 0.6023
2022-11-05 15:10:13,223 - graphVAE - INFO - epoch:  447, train_acc: 0.4689, eval_acc: 0.7652, train_loss: 1.0704, eval_loss: 0.6255
2022-11-05 15:10:15,381 - graphVAE - INFO - epoch:  448, train_acc: 0.4763, eval_acc: 0.7713, train_loss: 1.0597, eval_loss: 0.6148
2022-11-05 15:10:17,644 - graphVAE - INFO - epoch:  449, train_acc: 0.4741, eval_acc: 0.7634, train_loss: 1.0576, eval_loss: 0.6234
2022-11-05 15:10:19,759 - graphVAE - INFO - epoch:  450, train_acc: 0.4813, eval_acc: 0.7646, train_loss: 1.0547, eval_loss: 0.6297
2022-11-05 15:10:21,965 - graphVAE - INFO - epoch:  451, train_acc: 0.4827, eval_acc: 0.7737, train_loss: 1.0575, eval_loss: 0.6210
2022-11-05 15:10:24,098 - graphVAE - INFO - epoch:  452, train_acc: 0.4754, eval_acc: 0.7680, train_loss: 1.0545, eval_loss: 0.6118
2022-11-05 15:10:26,253 - graphVAE - INFO - epoch:  453, train_acc: 0.4668, eval_acc: 0.7711, train_loss: 1.0744, eval_loss: 0.6238
2022-11-05 15:10:28,369 - graphVAE - INFO - epoch:  454, train_acc: 0.4777, eval_acc: 0.7723, train_loss: 1.0643, eval_loss: 0.6273
2022-11-05 15:10:30,538 - graphVAE - INFO - epoch:  455, train_acc: 0.4710, eval_acc: 0.7747, train_loss: 1.0656, eval_loss: 0.6193
2022-11-05 15:10:32,754 - graphVAE - INFO - epoch:  456, train_acc: 0.4765, eval_acc: 0.7675, train_loss: 1.0608, eval_loss: 0.6384
2022-11-05 15:10:34,867 - graphVAE - INFO - epoch:  457, train_acc: 0.4794, eval_acc: 0.7656, train_loss: 1.0550, eval_loss: 0.6152
2022-11-05 15:10:37,079 - graphVAE - INFO - epoch:  458, train_acc: 0.4758, eval_acc: 0.7669, train_loss: 1.0583, eval_loss: 0.6199
2022-11-05 15:10:39,215 - graphVAE - INFO - epoch:  459, train_acc: 0.4724, eval_acc: 0.7597, train_loss: 1.0619, eval_loss: 0.6162
2022-11-05 15:10:41,390 - graphVAE - INFO - epoch:  460, train_acc: 0.4756, eval_acc: 0.7813, train_loss: 1.0585, eval_loss: 0.6080
2022-11-05 15:10:43,558 - graphVAE - INFO - epoch:  461, train_acc: 0.4690, eval_acc: 0.7877, train_loss: 1.0769, eval_loss: 0.6148
2022-11-05 15:10:45,705 - graphVAE - INFO - epoch:  462, train_acc: 0.4797, eval_acc: 0.7777, train_loss: 1.0582, eval_loss: 0.6076
2022-11-05 15:10:47,871 - graphVAE - INFO - epoch:  463, train_acc: 0.4746, eval_acc: 0.7619, train_loss: 1.0572, eval_loss: 0.6323
2022-11-05 15:10:49,938 - graphVAE - INFO - epoch:  464, train_acc: 0.4801, eval_acc: 0.7697, train_loss: 1.0575, eval_loss: 0.6141
2022-11-05 15:10:52,107 - graphVAE - INFO - epoch:  465, train_acc: 0.4772, eval_acc: 0.7832, train_loss: 1.0481, eval_loss: 0.6156
2022-11-05 15:10:54,283 - graphVAE - INFO - epoch:  466, train_acc: 0.4762, eval_acc: 0.7711, train_loss: 1.0591, eval_loss: 0.6126
2022-11-05 15:10:56,467 - graphVAE - INFO - epoch:  467, train_acc: 0.4779, eval_acc: 0.7776, train_loss: 1.0577, eval_loss: 0.6117
2022-11-05 15:10:58,600 - graphVAE - INFO - epoch:  468, train_acc: 0.4693, eval_acc: 0.7552, train_loss: 1.0698, eval_loss: 0.6454
2022-11-05 15:11:00,796 - graphVAE - INFO - epoch:  469, train_acc: 0.4761, eval_acc: 0.7638, train_loss: 1.0616, eval_loss: 0.6257
2022-11-05 15:11:02,970 - graphVAE - INFO - epoch:  470, train_acc: 0.4798, eval_acc: 0.7613, train_loss: 1.0530, eval_loss: 0.6241
2022-11-05 15:11:05,142 - graphVAE - INFO - epoch:  471, train_acc: 0.4753, eval_acc: 0.7698, train_loss: 1.0558, eval_loss: 0.6298
2022-11-05 15:11:07,363 - graphVAE - INFO - epoch:  472, train_acc: 0.4739, eval_acc: 0.7683, train_loss: 1.0741, eval_loss: 0.6376
2022-11-05 15:11:09,537 - graphVAE - INFO - epoch:  473, train_acc: 0.4774, eval_acc: 0.7720, train_loss: 1.0608, eval_loss: 0.5923
2022-11-05 15:11:09,537 - graphVAE - INFO - Trained model saved, eval loss: 0.5923
2022-11-05 15:11:11,750 - graphVAE - INFO - epoch:  474, train_acc: 0.4730, eval_acc: 0.7784, train_loss: 1.0628, eval_loss: 0.6096
2022-11-05 15:11:13,922 - graphVAE - INFO - epoch:  475, train_acc: 0.4818, eval_acc: 0.7639, train_loss: 1.0523, eval_loss: 0.6182
2022-11-05 15:11:16,184 - graphVAE - INFO - epoch:  476, train_acc: 0.4765, eval_acc: 0.7654, train_loss: 1.0528, eval_loss: 0.6306
2022-11-05 15:11:18,378 - graphVAE - INFO - epoch:  477, train_acc: 0.4722, eval_acc: 0.7540, train_loss: 1.0647, eval_loss: 0.6373
2022-11-05 15:11:20,582 - graphVAE - INFO - epoch:  478, train_acc: 0.4779, eval_acc: 0.7535, train_loss: 1.0530, eval_loss: 0.6348
2022-11-05 15:11:22,791 - graphVAE - INFO - epoch:  479, train_acc: 0.4719, eval_acc: 0.7620, train_loss: 1.0525, eval_loss: 0.6235
2022-11-05 15:11:24,992 - graphVAE - INFO - epoch:  480, train_acc: 0.4768, eval_acc: 0.7733, train_loss: 1.0555, eval_loss: 0.6221
2022-11-05 15:11:27,146 - graphVAE - INFO - epoch:  481, train_acc: 0.4771, eval_acc: 0.7575, train_loss: 1.0563, eval_loss: 0.6306
2022-11-05 15:11:29,286 - graphVAE - INFO - epoch:  482, train_acc: 0.4794, eval_acc: 0.7658, train_loss: 1.0529, eval_loss: 0.6279
2022-11-05 15:11:31,463 - graphVAE - INFO - epoch:  483, train_acc: 0.4791, eval_acc: 0.7670, train_loss: 1.0547, eval_loss: 0.6270
2022-11-05 15:11:33,668 - graphVAE - INFO - epoch:  484, train_acc: 0.4753, eval_acc: 0.7538, train_loss: 1.0529, eval_loss: 0.6489
2022-11-05 15:11:35,672 - graphVAE - INFO - epoch:  485, train_acc: 0.4752, eval_acc: 0.7556, train_loss: 1.0449, eval_loss: 0.6411
2022-11-05 15:11:36,376 - graphVAE - INFO - epoch:  486, train_acc: 0.4717, eval_acc: 0.7804, train_loss: 1.0650, eval_loss: 0.5990
2022-11-05 15:11:38,588 - graphVAE - INFO - epoch:  487, train_acc: 0.4765, eval_acc: 0.7757, train_loss: 1.0557, eval_loss: 0.6049
2022-11-05 15:11:41,024 - graphVAE - INFO - epoch:  488, train_acc: 0.4832, eval_acc: 0.7717, train_loss: 1.0459, eval_loss: 0.6225
2022-11-05 15:11:43,702 - graphVAE - INFO - epoch:  489, train_acc: 0.4756, eval_acc: 0.7626, train_loss: 1.0624, eval_loss: 0.6364
2022-11-05 15:11:46,215 - graphVAE - INFO - epoch:  490, train_acc: 0.4747, eval_acc: 0.7728, train_loss: 1.0539, eval_loss: 0.6248
2022-11-05 15:11:48,486 - graphVAE - INFO - epoch:  491, train_acc: 0.4812, eval_acc: 0.7684, train_loss: 1.0493, eval_loss: 0.6283
2022-11-05 15:11:50,857 - graphVAE - INFO - epoch:  492, train_acc: 0.4702, eval_acc: 0.7710, train_loss: 1.0754, eval_loss: 0.6263
2022-11-05 15:11:53,093 - graphVAE - INFO - epoch:  493, train_acc: 0.4810, eval_acc: 0.7621, train_loss: 1.0478, eval_loss: 0.6199
2022-11-05 15:11:55,410 - graphVAE - INFO - epoch:  494, train_acc: 0.4793, eval_acc: 0.7676, train_loss: 1.0527, eval_loss: 0.6185
2022-11-05 15:11:57,711 - graphVAE - INFO - epoch:  495, train_acc: 0.4787, eval_acc: 0.7563, train_loss: 1.0463, eval_loss: 0.6391
2022-11-05 15:11:59,856 - graphVAE - INFO - epoch:  496, train_acc: 0.4725, eval_acc: 0.7676, train_loss: 1.0610, eval_loss: 0.6342
2022-11-05 15:12:02,123 - graphVAE - INFO - epoch:  497, train_acc: 0.4731, eval_acc: 0.7549, train_loss: 1.0671, eval_loss: 0.6533
2022-11-05 15:12:04,341 - graphVAE - INFO - epoch:  498, train_acc: 0.4700, eval_acc: 0.7649, train_loss: 1.0693, eval_loss: 0.6223
2022-11-05 15:12:06,628 - graphVAE - INFO - epoch:  499, train_acc: 0.4735, eval_acc: 0.7625, train_loss: 1.0679, eval_loss: 0.6224
2022-11-05 15:12:08,905 - graphVAE - INFO - epoch:  500, train_acc: 0.4796, eval_acc: 0.7593, train_loss: 1.0527, eval_loss: 0.6260
