2022-11-04 20:49:54,046 - graphVAE - INFO - Dataset length: 2155
2022-11-04 20:49:54,046 - graphVAE - INFO - train, valid, test dataset len: 1724, 431, 0
2022-11-04 20:49:56,128 - graphVAE - INFO - VGAE(
  (encoder): VariationalGCNEncoder(
    (conv1): GCNConv(7, 64)
    (conv_mu): GCNConv(64, 32)
    (conv_logstd): GCNConv(64, 32)
  )
  (decoder): EdgeDecoder(
    (mlp): Sequential(
      (0): Linear(in_features=64, out_features=32, bias=True)
      (1): ReLU()
      (2): Linear(in_features=32, out_features=1, bias=True)
    )
  )
)
2022-11-04 20:49:59,046 - graphVAE - INFO - epoch:    1, train_acc: 0.4996, eval_acc: 0.6389, train_loss: 3.6232, eval_loss: 1.8612
2022-11-04 20:49:59,046 - graphVAE - INFO - Trained model saved, eval loss: 1.8612
2022-11-04 20:50:00,484 - graphVAE - INFO - epoch:    2, train_acc: 0.4923, eval_acc: 0.6389, train_loss: 1.6110, eval_loss: 1.4992
2022-11-04 20:50:00,484 - graphVAE - INFO - Trained model saved, eval loss: 1.4992
2022-11-04 20:50:01,961 - graphVAE - INFO - epoch:    3, train_acc: 0.5096, eval_acc: 0.6389, train_loss: 1.4702, eval_loss: 1.4554
2022-11-04 20:50:01,961 - graphVAE - INFO - Trained model saved, eval loss: 1.4554
2022-11-04 20:50:03,519 - graphVAE - INFO - epoch:    4, train_acc: 0.5025, eval_acc: 0.6389, train_loss: 1.4424, eval_loss: 1.4373
2022-11-04 20:50:03,519 - graphVAE - INFO - Trained model saved, eval loss: 1.4373
2022-11-04 20:50:05,090 - graphVAE - INFO - epoch:    5, train_acc: 0.5107, eval_acc: 0.6389, train_loss: 1.4289, eval_loss: 1.4254
2022-11-04 20:50:05,105 - graphVAE - INFO - Trained model saved, eval loss: 1.4254
2022-11-04 20:50:06,667 - graphVAE - INFO - epoch:    6, train_acc: 0.5042, eval_acc: 0.6389, train_loss: 1.4184, eval_loss: 1.4177
2022-11-04 20:50:06,667 - graphVAE - INFO - Trained model saved, eval loss: 1.4177
2022-11-04 20:50:08,272 - graphVAE - INFO - epoch:    7, train_acc: 0.5085, eval_acc: 0.6389, train_loss: 1.4128, eval_loss: 1.4121
2022-11-04 20:50:08,272 - graphVAE - INFO - Trained model saved, eval loss: 1.4121
2022-11-04 20:50:09,795 - graphVAE - INFO - epoch:    8, train_acc: 0.5052, eval_acc: 0.6389, train_loss: 1.4080, eval_loss: 1.4085
2022-11-04 20:50:09,795 - graphVAE - INFO - Trained model saved, eval loss: 1.4085
2022-11-04 20:50:11,282 - graphVAE - INFO - epoch:    9, train_acc: 0.5095, eval_acc: 0.6389, train_loss: 1.4039, eval_loss: 1.4057
2022-11-04 20:50:11,282 - graphVAE - INFO - Trained model saved, eval loss: 1.4057
2022-11-04 20:50:12,742 - graphVAE - INFO - epoch:   10, train_acc: 0.4938, eval_acc: 0.6389, train_loss: 1.4024, eval_loss: 1.4038
2022-11-04 20:50:12,742 - graphVAE - INFO - Trained model saved, eval loss: 1.4038
2022-11-04 20:50:14,346 - graphVAE - INFO - epoch:   11, train_acc: 0.5095, eval_acc: 0.6389, train_loss: 1.4000, eval_loss: 1.4018
2022-11-04 20:50:14,346 - graphVAE - INFO - Trained model saved, eval loss: 1.4018
2022-11-04 20:50:15,898 - graphVAE - INFO - epoch:   12, train_acc: 0.4943, eval_acc: 0.6389, train_loss: 1.3985, eval_loss: 1.4005
2022-11-04 20:50:15,898 - graphVAE - INFO - Trained model saved, eval loss: 1.4005
2022-11-04 20:50:17,394 - graphVAE - INFO - epoch:   13, train_acc: 0.4989, eval_acc: 0.6389, train_loss: 1.3973, eval_loss: 1.3996
2022-11-04 20:50:17,394 - graphVAE - INFO - Trained model saved, eval loss: 1.3996
2022-11-04 20:50:18,948 - graphVAE - INFO - epoch:   14, train_acc: 0.5012, eval_acc: 0.6389, train_loss: 1.3964, eval_loss: 1.3983
2022-11-04 20:50:18,948 - graphVAE - INFO - Trained model saved, eval loss: 1.3983
2022-11-04 20:50:20,376 - graphVAE - INFO - epoch:   15, train_acc: 0.4991, eval_acc: 0.6389, train_loss: 1.3952, eval_loss: 1.3976
2022-11-04 20:50:20,376 - graphVAE - INFO - Trained model saved, eval loss: 1.3976
2022-11-04 20:50:21,982 - graphVAE - INFO - epoch:   16, train_acc: 0.5063, eval_acc: 0.6389, train_loss: 1.3950, eval_loss: 1.3968
2022-11-04 20:50:21,982 - graphVAE - INFO - Trained model saved, eval loss: 1.3968
2022-11-04 20:50:23,588 - graphVAE - INFO - epoch:   17, train_acc: 0.5080, eval_acc: 0.6389, train_loss: 1.3942, eval_loss: 1.3958
2022-11-04 20:50:23,588 - graphVAE - INFO - Trained model saved, eval loss: 1.3958
2022-11-04 20:50:25,089 - graphVAE - INFO - epoch:   18, train_acc: 0.4909, eval_acc: 0.6389, train_loss: 1.3929, eval_loss: 1.3952
2022-11-04 20:50:25,089 - graphVAE - INFO - Trained model saved, eval loss: 1.3952
2022-11-04 20:50:26,740 - graphVAE - INFO - epoch:   19, train_acc: 0.4941, eval_acc: 0.6389, train_loss: 1.3929, eval_loss: 1.3948
2022-11-04 20:50:26,740 - graphVAE - INFO - Trained model saved, eval loss: 1.3948
2022-11-04 20:50:28,294 - graphVAE - INFO - epoch:   20, train_acc: 0.5144, eval_acc: 0.6389, train_loss: 1.3920, eval_loss: 1.3944
2022-11-04 20:50:28,294 - graphVAE - INFO - Trained model saved, eval loss: 1.3944
2022-11-04 20:50:29,813 - graphVAE - INFO - epoch:   21, train_acc: 0.5100, eval_acc: 0.6389, train_loss: 1.3919, eval_loss: 1.3936
2022-11-04 20:50:29,813 - graphVAE - INFO - Trained model saved, eval loss: 1.3936
2022-11-04 20:50:31,363 - graphVAE - INFO - epoch:   22, train_acc: 0.5059, eval_acc: 0.6389, train_loss: 1.3914, eval_loss: 1.3930
2022-11-04 20:50:31,379 - graphVAE - INFO - Trained model saved, eval loss: 1.3930
2022-11-04 20:50:32,859 - graphVAE - INFO - epoch:   23, train_acc: 0.4953, eval_acc: 0.6389, train_loss: 1.3909, eval_loss: 1.3927
2022-11-04 20:50:32,859 - graphVAE - INFO - Trained model saved, eval loss: 1.3927
2022-11-04 20:50:34,357 - graphVAE - INFO - epoch:   24, train_acc: 0.5034, eval_acc: 0.6389, train_loss: 1.3908, eval_loss: 1.3922
2022-11-04 20:50:34,357 - graphVAE - INFO - Trained model saved, eval loss: 1.3922
2022-11-04 20:50:35,865 - graphVAE - INFO - epoch:   25, train_acc: 0.5035, eval_acc: 0.6389, train_loss: 1.3903, eval_loss: 1.3917
2022-11-04 20:50:35,865 - graphVAE - INFO - Trained model saved, eval loss: 1.3917
2022-11-04 20:50:37,319 - graphVAE - INFO - epoch:   26, train_acc: 0.5229, eval_acc: 0.6389, train_loss: 1.3900, eval_loss: 1.3913
2022-11-04 20:50:37,324 - graphVAE - INFO - Trained model saved, eval loss: 1.3913
2022-11-04 20:50:38,970 - graphVAE - INFO - epoch:   27, train_acc: 0.5038, eval_acc: 0.6389, train_loss: 1.3899, eval_loss: 1.3910
2022-11-04 20:50:38,970 - graphVAE - INFO - Trained model saved, eval loss: 1.3910
2022-11-04 20:50:40,481 - graphVAE - INFO - epoch:   28, train_acc: 0.4977, eval_acc: 0.6389, train_loss: 1.3895, eval_loss: 1.3908
2022-11-04 20:50:40,481 - graphVAE - INFO - Trained model saved, eval loss: 1.3908
2022-11-04 20:50:41,917 - graphVAE - INFO - epoch:   29, train_acc: 0.5149, eval_acc: 0.6389, train_loss: 1.3889, eval_loss: 1.3905
2022-11-04 20:50:41,917 - graphVAE - INFO - Trained model saved, eval loss: 1.3905
2022-11-04 20:50:43,414 - graphVAE - INFO - epoch:   30, train_acc: 0.4832, eval_acc: 0.6389, train_loss: 1.3893, eval_loss: 1.3904
2022-11-04 20:50:43,414 - graphVAE - INFO - Trained model saved, eval loss: 1.3904
2022-11-04 20:50:44,924 - graphVAE - INFO - epoch:   31, train_acc: 0.5246, eval_acc: 0.6389, train_loss: 1.3893, eval_loss: 1.3902
2022-11-04 20:50:44,924 - graphVAE - INFO - Trained model saved, eval loss: 1.3902
2022-11-04 20:50:46,445 - graphVAE - INFO - epoch:   32, train_acc: 0.5121, eval_acc: 0.6389, train_loss: 1.3887, eval_loss: 1.3899
2022-11-04 20:50:46,446 - graphVAE - INFO - Trained model saved, eval loss: 1.3899
2022-11-04 20:50:47,916 - graphVAE - INFO - epoch:   33, train_acc: 0.5107, eval_acc: 0.6389, train_loss: 1.3888, eval_loss: 1.3895
2022-11-04 20:50:47,916 - graphVAE - INFO - Trained model saved, eval loss: 1.3895
2022-11-04 20:50:49,509 - graphVAE - INFO - epoch:   34, train_acc: 0.4912, eval_acc: 0.6389, train_loss: 1.3883, eval_loss: 1.3894
2022-11-04 20:50:49,509 - graphVAE - INFO - Trained model saved, eval loss: 1.3894
2022-11-04 20:50:51,081 - graphVAE - INFO - epoch:   35, train_acc: 0.5137, eval_acc: 0.6389, train_loss: 1.3881, eval_loss: 1.3893
2022-11-04 20:50:51,081 - graphVAE - INFO - Trained model saved, eval loss: 1.3893
2022-11-04 20:50:52,651 - graphVAE - INFO - epoch:   36, train_acc: 0.5166, eval_acc: 0.6389, train_loss: 1.3884, eval_loss: 1.3892
2022-11-04 20:50:52,651 - graphVAE - INFO - Trained model saved, eval loss: 1.3892
2022-11-04 20:50:54,220 - graphVAE - INFO - epoch:   37, train_acc: 0.4950, eval_acc: 0.6389, train_loss: 1.3883, eval_loss: 1.3890
2022-11-04 20:50:54,220 - graphVAE - INFO - Trained model saved, eval loss: 1.3890
2022-11-04 20:50:55,727 - graphVAE - INFO - epoch:   38, train_acc: 0.4740, eval_acc: 0.6389, train_loss: 1.3882, eval_loss: 1.3889
2022-11-04 20:50:55,727 - graphVAE - INFO - Trained model saved, eval loss: 1.3889
2022-11-04 20:50:57,209 - graphVAE - INFO - epoch:   39, train_acc: 0.5120, eval_acc: 0.6389, train_loss: 1.3885, eval_loss: 1.3887
2022-11-04 20:50:57,209 - graphVAE - INFO - Trained model saved, eval loss: 1.3887
2022-11-04 20:50:58,712 - graphVAE - INFO - epoch:   40, train_acc: 0.5029, eval_acc: 0.6389, train_loss: 1.3878, eval_loss: 1.3886
2022-11-04 20:50:58,712 - graphVAE - INFO - Trained model saved, eval loss: 1.3886
2022-11-04 20:51:00,305 - graphVAE - INFO - epoch:   41, train_acc: 0.5154, eval_acc: 0.6389, train_loss: 1.3880, eval_loss: 1.3885
2022-11-04 20:51:00,305 - graphVAE - INFO - Trained model saved, eval loss: 1.3885
2022-11-04 20:51:01,836 - graphVAE - INFO - epoch:   42, train_acc: 0.4859, eval_acc: 0.6389, train_loss: 1.3878, eval_loss: 1.3884
2022-11-04 20:51:01,836 - graphVAE - INFO - Trained model saved, eval loss: 1.3884
2022-11-04 20:51:03,306 - graphVAE - INFO - epoch:   43, train_acc: 0.5061, eval_acc: 0.6389, train_loss: 1.3877, eval_loss: 1.3883
2022-11-04 20:51:03,306 - graphVAE - INFO - Trained model saved, eval loss: 1.3883
2022-11-04 20:51:04,857 - graphVAE - INFO - epoch:   44, train_acc: 0.5391, eval_acc: 0.6389, train_loss: 1.3878, eval_loss: 1.3880
2022-11-04 20:51:04,857 - graphVAE - INFO - Trained model saved, eval loss: 1.3880
2022-11-04 20:51:06,353 - graphVAE - INFO - epoch:   45, train_acc: 0.4803, eval_acc: 0.6389, train_loss: 1.3874, eval_loss: 1.3880
2022-11-04 20:51:06,353 - graphVAE - INFO - Trained model saved, eval loss: 1.3880
2022-11-04 20:51:07,866 - graphVAE - INFO - epoch:   46, train_acc: 0.4870, eval_acc: 0.6389, train_loss: 1.3879, eval_loss: 1.3881
2022-11-04 20:51:09,426 - graphVAE - INFO - epoch:   47, train_acc: 0.4950, eval_acc: 0.6389, train_loss: 1.3872, eval_loss: 1.3879
2022-11-04 20:51:09,427 - graphVAE - INFO - Trained model saved, eval loss: 1.3879
2022-11-04 20:51:11,031 - graphVAE - INFO - epoch:   48, train_acc: 0.5241, eval_acc: 0.6389, train_loss: 1.3877, eval_loss: 1.3878
2022-11-04 20:51:11,031 - graphVAE - INFO - Trained model saved, eval loss: 1.3878
2022-11-04 20:51:12,597 - graphVAE - INFO - epoch:   49, train_acc: 0.5094, eval_acc: 0.6389, train_loss: 1.3874, eval_loss: 1.3876
2022-11-04 20:51:12,597 - graphVAE - INFO - Trained model saved, eval loss: 1.3876
2022-11-04 20:51:14,152 - graphVAE - INFO - epoch:   50, train_acc: 0.4935, eval_acc: 0.6389, train_loss: 1.3873, eval_loss: 1.3876
2022-11-04 20:51:14,555 - graphVAE - INFO - Trained model saved, eval loss: 1.3876
2022-11-04 20:51:16,134 - graphVAE - INFO - epoch:   51, train_acc: 0.5149, eval_acc: 0.6389, train_loss: 1.3870, eval_loss: 1.3875
2022-11-04 20:51:16,150 - graphVAE - INFO - Trained model saved, eval loss: 1.3875
2022-11-04 20:51:17,645 - graphVAE - INFO - epoch:   52, train_acc: 0.5171, eval_acc: 0.6389, train_loss: 1.3874, eval_loss: 1.3874
2022-11-04 20:51:17,645 - graphVAE - INFO - Trained model saved, eval loss: 1.3874
2022-11-04 20:51:19,171 - graphVAE - INFO - epoch:   53, train_acc: 0.4807, eval_acc: 0.6389, train_loss: 1.3874, eval_loss: 1.3874
2022-11-04 20:51:19,171 - graphVAE - INFO - Trained model saved, eval loss: 1.3874
2022-11-04 20:51:20,692 - graphVAE - INFO - epoch:   54, train_acc: 0.5242, eval_acc: 0.6389, train_loss: 1.3870, eval_loss: 1.3873
2022-11-04 20:51:20,692 - graphVAE - INFO - Trained model saved, eval loss: 1.3873
2022-11-04 20:51:22,308 - graphVAE - INFO - epoch:   55, train_acc: 0.4981, eval_acc: 0.6389, train_loss: 1.3875, eval_loss: 1.3873
2022-11-04 20:51:22,308 - graphVAE - INFO - Trained model saved, eval loss: 1.3873
2022-11-04 20:51:23,821 - graphVAE - INFO - epoch:   56, train_acc: 0.5185, eval_acc: 0.6389, train_loss: 1.3873, eval_loss: 1.3872
2022-11-04 20:51:23,821 - graphVAE - INFO - Trained model saved, eval loss: 1.3872
2022-11-04 20:51:25,442 - graphVAE - INFO - epoch:   57, train_acc: 0.5160, eval_acc: 0.6389, train_loss: 1.3869, eval_loss: 1.3871
2022-11-04 20:51:25,442 - graphVAE - INFO - Trained model saved, eval loss: 1.3871
2022-11-04 20:51:26,980 - graphVAE - INFO - epoch:   58, train_acc: 0.4980, eval_acc: 0.6389, train_loss: 1.3868, eval_loss: 1.3871
2022-11-04 20:51:26,980 - graphVAE - INFO - Trained model saved, eval loss: 1.3871
2022-11-04 20:51:28,531 - graphVAE - INFO - epoch:   59, train_acc: 0.4905, eval_acc: 0.6389, train_loss: 1.3871, eval_loss: 1.3871
2022-11-04 20:51:30,130 - graphVAE - INFO - epoch:   60, train_acc: 0.4996, eval_acc: 0.6389, train_loss: 1.3870, eval_loss: 1.3871
2022-11-04 20:51:31,672 - graphVAE - INFO - epoch:   61, train_acc: 0.4996, eval_acc: 0.6389, train_loss: 1.3872, eval_loss: 1.3872
2022-11-04 20:51:33,172 - graphVAE - INFO - epoch:   62, train_acc: 0.5360, eval_acc: 0.6389, train_loss: 1.3871, eval_loss: 1.3871
2022-11-04 20:51:34,708 - graphVAE - INFO - epoch:   63, train_acc: 0.4848, eval_acc: 0.6389, train_loss: 1.3869, eval_loss: 1.3872
2022-11-04 20:51:36,349 - graphVAE - INFO - epoch:   64, train_acc: 0.5107, eval_acc: 0.6389, train_loss: 1.3867, eval_loss: 1.3872
2022-11-04 20:51:37,881 - graphVAE - INFO - epoch:   65, train_acc: 0.5130, eval_acc: 0.6389, train_loss: 1.3872, eval_loss: 1.3871
2022-11-04 20:51:39,530 - graphVAE - INFO - epoch:   66, train_acc: 0.5438, eval_acc: 0.6389, train_loss: 1.3871, eval_loss: 1.3870
2022-11-04 20:51:39,530 - graphVAE - INFO - Trained model saved, eval loss: 1.3870
2022-11-04 20:51:41,154 - graphVAE - INFO - epoch:   67, train_acc: 0.5111, eval_acc: 0.6389, train_loss: 1.3869, eval_loss: 1.3869
2022-11-04 20:51:41,154 - graphVAE - INFO - Trained model saved, eval loss: 1.3869
2022-11-04 20:51:42,738 - graphVAE - INFO - epoch:   68, train_acc: 0.5154, eval_acc: 0.6389, train_loss: 1.3869, eval_loss: 1.3869
2022-11-04 20:51:42,738 - graphVAE - INFO - Trained model saved, eval loss: 1.3869
2022-11-04 20:51:44,378 - graphVAE - INFO - epoch:   69, train_acc: 0.5025, eval_acc: 0.6389, train_loss: 1.3869, eval_loss: 1.3868
2022-11-04 20:51:44,378 - graphVAE - INFO - Trained model saved, eval loss: 1.3868
2022-11-04 20:51:45,926 - graphVAE - INFO - epoch:   70, train_acc: 0.5237, eval_acc: 0.6389, train_loss: 1.3867, eval_loss: 1.3868
2022-11-04 20:51:45,926 - graphVAE - INFO - Trained model saved, eval loss: 1.3868
2022-11-04 20:51:47,564 - graphVAE - INFO - epoch:   71, train_acc: 0.4733, eval_acc: 0.6389, train_loss: 1.3868, eval_loss: 1.3868
2022-11-04 20:51:49,203 - graphVAE - INFO - epoch:   72, train_acc: 0.4723, eval_acc: 0.6389, train_loss: 1.3867, eval_loss: 1.3868
2022-11-04 20:51:50,887 - graphVAE - INFO - epoch:   73, train_acc: 0.4666, eval_acc: 0.6389, train_loss: 1.3868, eval_loss: 1.3869
2022-11-04 20:51:52,578 - graphVAE - INFO - epoch:   74, train_acc: 0.4918, eval_acc: 0.6389, train_loss: 1.3867, eval_loss: 1.3870
2022-11-04 20:51:54,277 - graphVAE - INFO - epoch:   75, train_acc: 0.5029, eval_acc: 0.6389, train_loss: 1.3868, eval_loss: 1.3869
2022-11-04 20:51:55,847 - graphVAE - INFO - epoch:   76, train_acc: 0.4923, eval_acc: 0.6389, train_loss: 1.3867, eval_loss: 1.3869
2022-11-04 20:51:57,387 - graphVAE - INFO - epoch:   77, train_acc: 0.5065, eval_acc: 0.6389, train_loss: 1.3867, eval_loss: 1.3870
2022-11-04 20:51:59,048 - graphVAE - INFO - epoch:   78, train_acc: 0.5272, eval_acc: 0.6389, train_loss: 1.3868, eval_loss: 1.3869
2022-11-04 20:52:00,759 - graphVAE - INFO - epoch:   79, train_acc: 0.5333, eval_acc: 0.6389, train_loss: 1.3865, eval_loss: 1.3867
2022-11-04 20:52:00,759 - graphVAE - INFO - Trained model saved, eval loss: 1.3867
2022-11-04 20:52:02,501 - graphVAE - INFO - epoch:   80, train_acc: 0.4744, eval_acc: 0.6389, train_loss: 1.3869, eval_loss: 1.3867
2022-11-04 20:52:02,501 - graphVAE - INFO - Trained model saved, eval loss: 1.3867
2022-11-04 20:52:04,183 - graphVAE - INFO - epoch:   81, train_acc: 0.5294, eval_acc: 0.6389, train_loss: 1.3867, eval_loss: 1.3867
2022-11-04 20:52:05,630 - graphVAE - INFO - epoch:   82, train_acc: 0.4912, eval_acc: 0.6389, train_loss: 1.3867, eval_loss: 1.3866
2022-11-04 20:52:05,630 - graphVAE - INFO - Trained model saved, eval loss: 1.3866
2022-11-04 20:52:07,283 - graphVAE - INFO - epoch:   83, train_acc: 0.5282, eval_acc: 0.6389, train_loss: 1.3867, eval_loss: 1.3866
2022-11-04 20:52:07,283 - graphVAE - INFO - Trained model saved, eval loss: 1.3866
2022-11-04 20:52:08,906 - graphVAE - INFO - epoch:   84, train_acc: 0.4999, eval_acc: 0.6389, train_loss: 1.3865, eval_loss: 1.3867
2022-11-04 20:52:10,542 - graphVAE - INFO - epoch:   85, train_acc: 0.5019, eval_acc: 0.6389, train_loss: 1.3865, eval_loss: 1.3867
2022-11-04 20:52:12,115 - graphVAE - INFO - epoch:   86, train_acc: 0.4955, eval_acc: 0.6389, train_loss: 1.3865, eval_loss: 1.3868
2022-11-04 20:52:13,739 - graphVAE - INFO - epoch:   87, train_acc: 0.5063, eval_acc: 0.6389, train_loss: 1.3864, eval_loss: 1.3867
2022-11-04 20:52:15,254 - graphVAE - INFO - epoch:   88, train_acc: 0.5187, eval_acc: 0.6389, train_loss: 1.3867, eval_loss: 1.3867
2022-11-04 20:52:16,862 - graphVAE - INFO - epoch:   89, train_acc: 0.5054, eval_acc: 0.6389, train_loss: 1.3866, eval_loss: 1.3867
2022-11-04 20:52:18,364 - graphVAE - INFO - epoch:   90, train_acc: 0.5037, eval_acc: 0.6389, train_loss: 1.3866, eval_loss: 1.3866
2022-11-04 20:52:18,365 - graphVAE - INFO - Trained model saved, eval loss: 1.3866
2022-11-04 20:52:19,922 - graphVAE - INFO - epoch:   91, train_acc: 0.4964, eval_acc: 0.6389, train_loss: 1.3865, eval_loss: 1.3866
2022-11-04 20:52:21,574 - graphVAE - INFO - epoch:   92, train_acc: 0.5178, eval_acc: 0.6389, train_loss: 1.3864, eval_loss: 1.3866
2022-11-04 20:52:23,173 - graphVAE - INFO - epoch:   93, train_acc: 0.4968, eval_acc: 0.6389, train_loss: 1.3866, eval_loss: 1.3865
2022-11-04 20:52:23,174 - graphVAE - INFO - Trained model saved, eval loss: 1.3865
2022-11-04 20:52:24,759 - graphVAE - INFO - epoch:   94, train_acc: 0.4763, eval_acc: 0.6389, train_loss: 1.3864, eval_loss: 1.3866
2022-11-04 20:52:26,260 - graphVAE - INFO - epoch:   95, train_acc: 0.5172, eval_acc: 0.6389, train_loss: 1.3868, eval_loss: 1.3866
2022-11-04 20:52:27,758 - graphVAE - INFO - epoch:   96, train_acc: 0.5210, eval_acc: 0.6389, train_loss: 1.3865, eval_loss: 1.3865
2022-11-04 20:52:29,347 - graphVAE - INFO - epoch:   97, train_acc: 0.5064, eval_acc: 0.6389, train_loss: 1.3867, eval_loss: 1.3865
2022-11-04 20:52:29,347 - graphVAE - INFO - Trained model saved, eval loss: 1.3865
2022-11-04 20:52:30,815 - graphVAE - INFO - epoch:   98, train_acc: 0.5069, eval_acc: 0.6389, train_loss: 1.3865, eval_loss: 1.3865
2022-11-04 20:52:30,815 - graphVAE - INFO - Trained model saved, eval loss: 1.3865
2022-11-04 20:52:32,401 - graphVAE - INFO - epoch:   99, train_acc: 0.5266, eval_acc: 0.6389, train_loss: 1.3865, eval_loss: 1.3865
2022-11-04 20:52:32,401 - graphVAE - INFO - Trained model saved, eval loss: 1.3865
2022-11-04 20:52:33,933 - graphVAE - INFO - epoch:  100, train_acc: 0.5112, eval_acc: 0.3611, train_loss: 1.3865, eval_loss: 1.3865
2022-11-04 20:52:33,933 - graphVAE - INFO - Trained model saved, eval loss: 1.3865
