2022-11-06 14:15:58,655 - RoomAsNodeGNN - INFO - Namespace(batch_size=64, ckpt_dir=WindowsPath('Results/VerticesAsNode/2022_11_06__14_15_58'), data_num=5000, data_path=WindowsPath('data/vertices_as_nodes'), device=device(type='cuda'), hidden_dim=128, lr=0.001, message_passing='GAT', model_name='GNN', num_epoch=500, num_layers=1, save_num=0)
2022-11-06 14:16:05,311 - RoomAsNodeGNN - INFO - Dataset length: 2155
2022-11-06 14:16:05,311 - RoomAsNodeGNN - INFO - train, valid, test dataset len: 1724, 431, 0
2022-11-06 14:16:05,440 - RoomAsNodeGNN - INFO - GNN(
  (dnn1): Sequential(
    (0): Linear(in_features=7, out_features=128, bias=True)
    (1): ReLU()
  )
  (conv_layers): ModuleList(
    (0): GATConv(128, 128, heads=4)
  )
  (dnn2): Sequential(
    (0): Linear(in_features=128, out_features=2, bias=True)
  )
)
2022-11-06 14:16:07,061 - RoomAsNodeGNN - INFO - epoch:    1, train_acc: -0.0077, eval_acc: -0.0030, train_loss: 0.1754, eval_loss: 0.1749
2022-11-06 14:16:07,061 - RoomAsNodeGNN - INFO - Trained model saved, eval loss: 0.1749
2022-11-06 14:16:07,264 - RoomAsNodeGNN - INFO - epoch:    2, train_acc: -0.0009, eval_acc: -0.0009, train_loss: 0.1742, eval_loss: 0.1746
2022-11-06 14:16:07,264 - RoomAsNodeGNN - INFO - Trained model saved, eval loss: 0.1746
2022-11-06 14:16:07,467 - RoomAsNodeGNN - INFO - epoch:    3, train_acc: -0.0022, eval_acc: -0.0009, train_loss: 0.1744, eval_loss: 0.1746
2022-11-06 14:16:07,671 - RoomAsNodeGNN - INFO - epoch:    4, train_acc: -0.0015, eval_acc: -0.0012, train_loss: 0.1743, eval_loss: 0.1746
2022-11-06 14:16:07,874 - RoomAsNodeGNN - INFO - epoch:    5, train_acc: -0.0007, eval_acc: -0.0007, train_loss: 0.1742, eval_loss: 0.1745
2022-11-06 14:16:07,874 - RoomAsNodeGNN - INFO - Trained model saved, eval loss: 0.1745
2022-11-06 14:16:08,077 - RoomAsNodeGNN - INFO - epoch:    6, train_acc: -0.0014, eval_acc: -0.0025, train_loss: 0.1743, eval_loss: 0.1748
2022-11-06 14:16:08,280 - RoomAsNodeGNN - INFO - epoch:    7, train_acc: -0.0023, eval_acc: -0.0044, train_loss: 0.1745, eval_loss: 0.1752
2022-11-06 14:16:08,467 - RoomAsNodeGNN - INFO - epoch:    8, train_acc: -0.0011, eval_acc: -0.0015, train_loss: 0.1743, eval_loss: 0.1747
2022-11-06 14:16:08,671 - RoomAsNodeGNN - INFO - epoch:    9, train_acc: -0.0009, eval_acc: -0.0013, train_loss: 0.1742, eval_loss: 0.1746
2022-11-06 14:16:08,874 - RoomAsNodeGNN - INFO - epoch:   10, train_acc: -0.0008, eval_acc: -0.0008, train_loss: 0.1742, eval_loss: 0.1745
2022-11-06 14:16:09,077 - RoomAsNodeGNN - INFO - epoch:   11, train_acc: -0.0012, eval_acc: -0.0026, train_loss: 0.1743, eval_loss: 0.1749
2022-11-06 14:16:09,280 - RoomAsNodeGNN - INFO - epoch:   12, train_acc: -0.0016, eval_acc: -0.0015, train_loss: 0.1743, eval_loss: 0.1747
2022-11-06 14:16:09,468 - RoomAsNodeGNN - INFO - epoch:   13, train_acc: -0.0009, eval_acc: -0.0013, train_loss: 0.1742, eval_loss: 0.1746
2022-11-06 14:16:09,671 - RoomAsNodeGNN - INFO - epoch:   14, train_acc: -0.0006, eval_acc: -0.0005, train_loss: 0.1741, eval_loss: 0.1745
2022-11-06 14:16:09,671 - RoomAsNodeGNN - INFO - Trained model saved, eval loss: 0.1745
2022-11-06 14:16:09,874 - RoomAsNodeGNN - INFO - epoch:   15, train_acc: -0.0002, eval_acc: -0.0012, train_loss: 0.1741, eval_loss: 0.1746
2022-11-06 14:16:10,858 - RoomAsNodeGNN - INFO - epoch:   16, train_acc: -0.0014, eval_acc: -0.0039, train_loss: 0.1743, eval_loss: 0.1751
2022-11-06 14:16:11,046 - RoomAsNodeGNN - INFO - epoch:   17, train_acc: -0.0013, eval_acc: -0.0014, train_loss: 0.1743, eval_loss: 0.1747
2022-11-06 14:16:11,249 - RoomAsNodeGNN - INFO - epoch:   18, train_acc: -0.0001, eval_acc: -0.0018, train_loss: 0.1741, eval_loss: 0.1747
2022-11-06 14:16:11,452 - RoomAsNodeGNN - INFO - epoch:   19, train_acc: -0.0004, eval_acc: -0.0024, train_loss: 0.1741, eval_loss: 0.1748
2022-11-06 14:16:11,655 - RoomAsNodeGNN - INFO - epoch:   20, train_acc: -0.0002, eval_acc: -0.0020, train_loss: 0.1741, eval_loss: 0.1747
2022-11-06 14:16:11,858 - RoomAsNodeGNN - INFO - epoch:   21, train_acc: -0.0008, eval_acc: -0.0010, train_loss: 0.1743, eval_loss: 0.1746
2022-11-06 14:16:12,046 - RoomAsNodeGNN - INFO - epoch:   22, train_acc: -0.0007, eval_acc: -0.0018, train_loss: 0.1742, eval_loss: 0.1747
2022-11-06 14:16:12,249 - RoomAsNodeGNN - INFO - epoch:   23, train_acc: -0.0001, eval_acc: -0.0016, train_loss: 0.1740, eval_loss: 0.1747
2022-11-06 14:16:12,467 - RoomAsNodeGNN - INFO - epoch:   24, train_acc: -0.0004, eval_acc: -0.0020, train_loss: 0.1741, eval_loss: 0.1748
2022-11-06 14:16:12,655 - RoomAsNodeGNN - INFO - epoch:   25, train_acc: -0.0004, eval_acc: -0.0008, train_loss: 0.1741, eval_loss: 0.1745
2022-11-06 14:16:12,858 - RoomAsNodeGNN - INFO - epoch:   26, train_acc: -0.0001, eval_acc: -0.0017, train_loss: 0.1741, eval_loss: 0.1747
2022-11-06 14:16:13,061 - RoomAsNodeGNN - INFO - epoch:   27, train_acc: -0.0003, eval_acc: -0.0022, train_loss: 0.1740, eval_loss: 0.1748
2022-11-06 14:16:13,264 - RoomAsNodeGNN - INFO - epoch:   28, train_acc: -0.0002, eval_acc: -0.0016, train_loss: 0.1741, eval_loss: 0.1747
2022-11-06 14:16:13,468 - RoomAsNodeGNN - INFO - epoch:   29, train_acc: 0.0002, eval_acc: -0.0010, train_loss: 0.1741, eval_loss: 0.1746
2022-11-06 14:16:13,671 - RoomAsNodeGNN - INFO - epoch:   30, train_acc: -0.0006, eval_acc: -0.0011, train_loss: 0.1742, eval_loss: 0.1746
2022-11-06 14:16:13,874 - RoomAsNodeGNN - INFO - epoch:   31, train_acc: -0.0000, eval_acc: -0.0013, train_loss: 0.1741, eval_loss: 0.1746
2022-11-06 14:16:14,061 - RoomAsNodeGNN - INFO - epoch:   32, train_acc: 0.0001, eval_acc: -0.0011, train_loss: 0.1740, eval_loss: 0.1746
2022-11-06 14:16:14,264 - RoomAsNodeGNN - INFO - epoch:   33, train_acc: 0.0001, eval_acc: -0.0025, train_loss: 0.1740, eval_loss: 0.1748
2022-11-06 14:16:14,467 - RoomAsNodeGNN - INFO - epoch:   34, train_acc: -0.0004, eval_acc: -0.0009, train_loss: 0.1741, eval_loss: 0.1746
2022-11-06 14:16:14,671 - RoomAsNodeGNN - INFO - epoch:   35, train_acc: 0.0002, eval_acc: -0.0010, train_loss: 0.1741, eval_loss: 0.1746
2022-11-06 14:16:14,858 - RoomAsNodeGNN - INFO - epoch:   36, train_acc: 0.0004, eval_acc: -0.0014, train_loss: 0.1740, eval_loss: 0.1746
2022-11-06 14:16:15,061 - RoomAsNodeGNN - INFO - epoch:   37, train_acc: 0.0001, eval_acc: -0.0012, train_loss: 0.1741, eval_loss: 0.1746
2022-11-06 14:16:15,264 - RoomAsNodeGNN - INFO - epoch:   38, train_acc: 0.0003, eval_acc: -0.0017, train_loss: 0.1740, eval_loss: 0.1747
2022-11-06 14:16:15,468 - RoomAsNodeGNN - INFO - epoch:   39, train_acc: 0.0003, eval_acc: -0.0010, train_loss: 0.1740, eval_loss: 0.1746
2022-11-06 14:16:15,671 - RoomAsNodeGNN - INFO - epoch:   40, train_acc: 0.0006, eval_acc: -0.0018, train_loss: 0.1739, eval_loss: 0.1747
2022-11-06 14:16:15,874 - RoomAsNodeGNN - INFO - epoch:   41, train_acc: -0.0008, eval_acc: -0.0013, train_loss: 0.1742, eval_loss: 0.1746
2022-11-06 14:16:16,061 - RoomAsNodeGNN - INFO - epoch:   42, train_acc: 0.0001, eval_acc: -0.0009, train_loss: 0.1740, eval_loss: 0.1746
2022-11-06 14:16:16,265 - RoomAsNodeGNN - INFO - epoch:   43, train_acc: 0.0004, eval_acc: -0.0016, train_loss: 0.1741, eval_loss: 0.1747
2022-11-06 14:16:16,467 - RoomAsNodeGNN - INFO - epoch:   44, train_acc: 0.0000, eval_acc: -0.0012, train_loss: 0.1740, eval_loss: 0.1746
2022-11-06 14:16:16,671 - RoomAsNodeGNN - INFO - epoch:   45, train_acc: 0.0006, eval_acc: -0.0012, train_loss: 0.1740, eval_loss: 0.1746
2022-11-06 14:16:16,874 - RoomAsNodeGNN - INFO - epoch:   46, train_acc: 0.0004, eval_acc: -0.0019, train_loss: 0.1740, eval_loss: 0.1747
2022-11-06 14:16:17,077 - RoomAsNodeGNN - INFO - epoch:   47, train_acc: 0.0005, eval_acc: -0.0014, train_loss: 0.1739, eval_loss: 0.1746
2022-11-06 14:16:17,280 - RoomAsNodeGNN - INFO - epoch:   48, train_acc: 0.0005, eval_acc: -0.0012, train_loss: 0.1740, eval_loss: 0.1746
2022-11-06 14:16:17,483 - RoomAsNodeGNN - INFO - epoch:   49, train_acc: 0.0008, eval_acc: -0.0012, train_loss: 0.1740, eval_loss: 0.1746
2022-11-06 14:16:17,671 - RoomAsNodeGNN - INFO - epoch:   50, train_acc: 0.0007, eval_acc: -0.0017, train_loss: 0.1739, eval_loss: 0.1747
2022-11-06 14:16:17,874 - RoomAsNodeGNN - INFO - epoch:   51, train_acc: 0.0005, eval_acc: -0.0016, train_loss: 0.1740, eval_loss: 0.1747
2022-11-06 14:16:18,077 - RoomAsNodeGNN - INFO - epoch:   52, train_acc: 0.0003, eval_acc: -0.0021, train_loss: 0.1740, eval_loss: 0.1748
2022-11-06 14:16:18,280 - RoomAsNodeGNN - INFO - epoch:   53, train_acc: 0.0000, eval_acc: -0.0014, train_loss: 0.1741, eval_loss: 0.1746
2022-11-06 14:16:18,483 - RoomAsNodeGNN - INFO - epoch:   54, train_acc: 0.0005, eval_acc: -0.0014, train_loss: 0.1739, eval_loss: 0.1747
2022-11-06 14:16:18,671 - RoomAsNodeGNN - INFO - epoch:   55, train_acc: 0.0008, eval_acc: -0.0012, train_loss: 0.1739, eval_loss: 0.1746
2022-11-06 14:16:18,874 - RoomAsNodeGNN - INFO - epoch:   56, train_acc: 0.0008, eval_acc: -0.0013, train_loss: 0.1739, eval_loss: 0.1746
2022-11-06 14:16:19,077 - RoomAsNodeGNN - INFO - epoch:   57, train_acc: 0.0007, eval_acc: -0.0016, train_loss: 0.1739, eval_loss: 0.1747
2022-11-06 14:16:19,280 - RoomAsNodeGNN - INFO - epoch:   58, train_acc: 0.0010, eval_acc: -0.0015, train_loss: 0.1739, eval_loss: 0.1747
2022-11-06 14:16:19,483 - RoomAsNodeGNN - INFO - epoch:   59, train_acc: 0.0008, eval_acc: -0.0019, train_loss: 0.1739, eval_loss: 0.1747
2022-11-06 14:16:19,686 - RoomAsNodeGNN - INFO - epoch:   60, train_acc: 0.0007, eval_acc: -0.0022, train_loss: 0.1739, eval_loss: 0.1748
2022-11-06 14:16:19,889 - RoomAsNodeGNN - INFO - epoch:   61, train_acc: 0.0006, eval_acc: -0.0022, train_loss: 0.1739, eval_loss: 0.1748
2022-11-06 14:16:20,077 - RoomAsNodeGNN - INFO - epoch:   62, train_acc: 0.0008, eval_acc: -0.0017, train_loss: 0.1738, eval_loss: 0.1747
2022-11-06 14:16:20,280 - RoomAsNodeGNN - INFO - epoch:   63, train_acc: 0.0010, eval_acc: -0.0033, train_loss: 0.1739, eval_loss: 0.1750
2022-11-06 14:16:20,483 - RoomAsNodeGNN - INFO - epoch:   64, train_acc: 0.0005, eval_acc: -0.0015, train_loss: 0.1739, eval_loss: 0.1747
2022-11-06 14:16:20,686 - RoomAsNodeGNN - INFO - epoch:   65, train_acc: 0.0011, eval_acc: -0.0013, train_loss: 0.1739, eval_loss: 0.1746
2022-11-06 14:16:20,889 - RoomAsNodeGNN - INFO - epoch:   66, train_acc: 0.0009, eval_acc: -0.0014, train_loss: 0.1740, eval_loss: 0.1747
2022-11-06 14:16:21,092 - RoomAsNodeGNN - INFO - epoch:   67, train_acc: 0.0009, eval_acc: -0.0018, train_loss: 0.1739, eval_loss: 0.1747
2022-11-06 14:16:21,280 - RoomAsNodeGNN - INFO - epoch:   68, train_acc: 0.0007, eval_acc: -0.0017, train_loss: 0.1739, eval_loss: 0.1747
2022-11-06 14:16:21,483 - RoomAsNodeGNN - INFO - epoch:   69, train_acc: 0.0011, eval_acc: -0.0028, train_loss: 0.1739, eval_loss: 0.1749
2022-11-06 14:16:21,686 - RoomAsNodeGNN - INFO - epoch:   70, train_acc: 0.0010, eval_acc: -0.0017, train_loss: 0.1738, eval_loss: 0.1747
2022-11-06 14:16:21,889 - RoomAsNodeGNN - INFO - epoch:   71, train_acc: 0.0010, eval_acc: -0.0022, train_loss: 0.1739, eval_loss: 0.1748
2022-11-06 14:16:22,092 - RoomAsNodeGNN - INFO - epoch:   72, train_acc: 0.0010, eval_acc: -0.0026, train_loss: 0.1739, eval_loss: 0.1749
2022-11-06 14:16:22,280 - RoomAsNodeGNN - INFO - epoch:   73, train_acc: 0.0010, eval_acc: -0.0020, train_loss: 0.1739, eval_loss: 0.1747
2022-11-06 14:16:22,483 - RoomAsNodeGNN - INFO - epoch:   74, train_acc: 0.0013, eval_acc: -0.0021, train_loss: 0.1738, eval_loss: 0.1748
2022-11-06 14:16:22,686 - RoomAsNodeGNN - INFO - epoch:   75, train_acc: 0.0012, eval_acc: -0.0020, train_loss: 0.1739, eval_loss: 0.1748
2022-11-06 14:16:22,889 - RoomAsNodeGNN - INFO - epoch:   76, train_acc: 0.0009, eval_acc: -0.0020, train_loss: 0.1739, eval_loss: 0.1748
2022-11-06 14:16:23,092 - RoomAsNodeGNN - INFO - epoch:   77, train_acc: 0.0010, eval_acc: -0.0025, train_loss: 0.1739, eval_loss: 0.1748
2022-11-06 14:16:23,280 - RoomAsNodeGNN - INFO - epoch:   78, train_acc: 0.0010, eval_acc: -0.0017, train_loss: 0.1739, eval_loss: 0.1747
2022-11-06 14:16:23,483 - RoomAsNodeGNN - INFO - epoch:   79, train_acc: 0.0012, eval_acc: -0.0020, train_loss: 0.1738, eval_loss: 0.1748
2022-11-06 14:16:23,686 - RoomAsNodeGNN - INFO - epoch:   80, train_acc: 0.0010, eval_acc: -0.0020, train_loss: 0.1739, eval_loss: 0.1748
2022-11-06 14:16:23,890 - RoomAsNodeGNN - INFO - epoch:   81, train_acc: 0.0014, eval_acc: -0.0022, train_loss: 0.1738, eval_loss: 0.1748
2022-11-06 14:16:24,093 - RoomAsNodeGNN - INFO - epoch:   82, train_acc: 0.0013, eval_acc: -0.0022, train_loss: 0.1738, eval_loss: 0.1748
2022-11-06 14:16:24,280 - RoomAsNodeGNN - INFO - epoch:   83, train_acc: 0.0012, eval_acc: -0.0025, train_loss: 0.1738, eval_loss: 0.1748
2022-11-06 14:16:24,483 - RoomAsNodeGNN - INFO - epoch:   84, train_acc: 0.0012, eval_acc: -0.0031, train_loss: 0.1739, eval_loss: 0.1749
2022-11-06 14:16:24,686 - RoomAsNodeGNN - INFO - epoch:   85, train_acc: 0.0011, eval_acc: -0.0020, train_loss: 0.1739, eval_loss: 0.1748
2022-11-06 14:16:24,889 - RoomAsNodeGNN - INFO - epoch:   86, train_acc: 0.0012, eval_acc: -0.0022, train_loss: 0.1738, eval_loss: 0.1748
2022-11-06 14:16:25,092 - RoomAsNodeGNN - INFO - epoch:   87, train_acc: 0.0014, eval_acc: -0.0037, train_loss: 0.1738, eval_loss: 0.1750
2022-11-06 14:16:25,280 - RoomAsNodeGNN - INFO - epoch:   88, train_acc: 0.0009, eval_acc: -0.0021, train_loss: 0.1738, eval_loss: 0.1748
2022-11-06 14:16:25,483 - RoomAsNodeGNN - INFO - epoch:   89, train_acc: 0.0018, eval_acc: -0.0022, train_loss: 0.1738, eval_loss: 0.1748
2022-11-06 14:16:25,686 - RoomAsNodeGNN - INFO - epoch:   90, train_acc: 0.0013, eval_acc: -0.0029, train_loss: 0.1739, eval_loss: 0.1749
2022-11-06 14:16:25,890 - RoomAsNodeGNN - INFO - epoch:   91, train_acc: 0.0013, eval_acc: -0.0026, train_loss: 0.1738, eval_loss: 0.1749
2022-11-06 14:16:26,077 - RoomAsNodeGNN - INFO - epoch:   92, train_acc: 0.0014, eval_acc: -0.0024, train_loss: 0.1738, eval_loss: 0.1748
2022-11-06 14:16:26,280 - RoomAsNodeGNN - INFO - epoch:   93, train_acc: 0.0014, eval_acc: -0.0029, train_loss: 0.1737, eval_loss: 0.1749
2022-11-06 14:16:26,483 - RoomAsNodeGNN - INFO - epoch:   94, train_acc: 0.0016, eval_acc: -0.0027, train_loss: 0.1738, eval_loss: 0.1749
2022-11-06 14:16:26,686 - RoomAsNodeGNN - INFO - epoch:   95, train_acc: 0.0015, eval_acc: -0.0025, train_loss: 0.1738, eval_loss: 0.1748
2022-11-06 14:16:26,874 - RoomAsNodeGNN - INFO - epoch:   96, train_acc: 0.0014, eval_acc: -0.0025, train_loss: 0.1738, eval_loss: 0.1748
2022-11-06 14:16:27,077 - RoomAsNodeGNN - INFO - epoch:   97, train_acc: 0.0016, eval_acc: -0.0027, train_loss: 0.1737, eval_loss: 0.1749
2022-11-06 14:16:27,280 - RoomAsNodeGNN - INFO - epoch:   98, train_acc: 0.0017, eval_acc: -0.0027, train_loss: 0.1737, eval_loss: 0.1749
2022-11-06 14:16:27,483 - RoomAsNodeGNN - INFO - epoch:   99, train_acc: 0.0015, eval_acc: -0.0027, train_loss: 0.1738, eval_loss: 0.1749
2022-11-06 14:16:27,686 - RoomAsNodeGNN - INFO - epoch:  100, train_acc: 0.0013, eval_acc: -0.0030, train_loss: 0.1739, eval_loss: 0.1749
2022-11-06 14:16:27,874 - RoomAsNodeGNN - INFO - epoch:  101, train_acc: 0.0014, eval_acc: -0.0026, train_loss: 0.1739, eval_loss: 0.1749
2022-11-06 14:16:28,077 - RoomAsNodeGNN - INFO - epoch:  102, train_acc: 0.0016, eval_acc: -0.0033, train_loss: 0.1738, eval_loss: 0.1750
2022-11-06 14:16:28,280 - RoomAsNodeGNN - INFO - epoch:  103, train_acc: 0.0016, eval_acc: -0.0032, train_loss: 0.1738, eval_loss: 0.1750
2022-11-06 14:16:28,467 - RoomAsNodeGNN - INFO - epoch:  104, train_acc: 0.0016, eval_acc: -0.0026, train_loss: 0.1737, eval_loss: 0.1749
2022-11-06 14:16:28,671 - RoomAsNodeGNN - INFO - epoch:  105, train_acc: 0.0019, eval_acc: -0.0032, train_loss: 0.1737, eval_loss: 0.1750
2022-11-06 14:16:28,874 - RoomAsNodeGNN - INFO - epoch:  106, train_acc: 0.0014, eval_acc: -0.0027, train_loss: 0.1738, eval_loss: 0.1749
2022-11-06 14:16:29,077 - RoomAsNodeGNN - INFO - epoch:  107, train_acc: 0.0016, eval_acc: -0.0031, train_loss: 0.1737, eval_loss: 0.1749
2022-11-06 14:16:29,280 - RoomAsNodeGNN - INFO - epoch:  108, train_acc: 0.0019, eval_acc: -0.0028, train_loss: 0.1737, eval_loss: 0.1749
2022-11-06 14:16:29,467 - RoomAsNodeGNN - INFO - epoch:  109, train_acc: 0.0019, eval_acc: -0.0035, train_loss: 0.1738, eval_loss: 0.1750
2022-11-06 14:16:29,671 - RoomAsNodeGNN - INFO - epoch:  110, train_acc: 0.0021, eval_acc: -0.0033, train_loss: 0.1737, eval_loss: 0.1750
2022-11-06 14:16:29,874 - RoomAsNodeGNN - INFO - epoch:  111, train_acc: 0.0016, eval_acc: -0.0029, train_loss: 0.1738, eval_loss: 0.1749
2022-11-06 14:16:30,077 - RoomAsNodeGNN - INFO - epoch:  112, train_acc: 0.0019, eval_acc: -0.0032, train_loss: 0.1737, eval_loss: 0.1750
2022-11-06 14:16:30,280 - RoomAsNodeGNN - INFO - epoch:  113, train_acc: 0.0017, eval_acc: -0.0028, train_loss: 0.1738, eval_loss: 0.1749
2022-11-06 14:16:30,468 - RoomAsNodeGNN - INFO - epoch:  114, train_acc: 0.0020, eval_acc: -0.0032, train_loss: 0.1737, eval_loss: 0.1750
2022-11-06 14:16:30,671 - RoomAsNodeGNN - INFO - epoch:  115, train_acc: 0.0021, eval_acc: -0.0040, train_loss: 0.1737, eval_loss: 0.1751
2022-11-06 14:16:30,874 - RoomAsNodeGNN - INFO - epoch:  116, train_acc: 0.0019, eval_acc: -0.0034, train_loss: 0.1737, eval_loss: 0.1750
2022-11-06 14:16:31,077 - RoomAsNodeGNN - INFO - epoch:  117, train_acc: 0.0019, eval_acc: -0.0030, train_loss: 0.1737, eval_loss: 0.1749
2022-11-06 14:16:31,280 - RoomAsNodeGNN - INFO - epoch:  118, train_acc: 0.0020, eval_acc: -0.0033, train_loss: 0.1737, eval_loss: 0.1750
2022-11-06 14:16:31,483 - RoomAsNodeGNN - INFO - epoch:  119, train_acc: 0.0022, eval_acc: -0.0041, train_loss: 0.1737, eval_loss: 0.1751
2022-11-06 14:16:31,686 - RoomAsNodeGNN - INFO - epoch:  120, train_acc: 0.0022, eval_acc: -0.0036, train_loss: 0.1737, eval_loss: 0.1750
2022-11-06 14:16:31,890 - RoomAsNodeGNN - INFO - epoch:  121, train_acc: 0.0020, eval_acc: -0.0035, train_loss: 0.1737, eval_loss: 0.1750
2022-11-06 14:16:32,077 - RoomAsNodeGNN - INFO - epoch:  122, train_acc: 0.0023, eval_acc: -0.0039, train_loss: 0.1736, eval_loss: 0.1751
2022-11-06 14:16:32,280 - RoomAsNodeGNN - INFO - epoch:  123, train_acc: 0.0017, eval_acc: -0.0036, train_loss: 0.1737, eval_loss: 0.1750
2022-11-06 14:16:32,483 - RoomAsNodeGNN - INFO - epoch:  124, train_acc: 0.0022, eval_acc: -0.0032, train_loss: 0.1736, eval_loss: 0.1750
2022-11-06 14:16:32,686 - RoomAsNodeGNN - INFO - epoch:  125, train_acc: 0.0020, eval_acc: -0.0032, train_loss: 0.1737, eval_loss: 0.1750
2022-11-06 14:16:32,890 - RoomAsNodeGNN - INFO - epoch:  126, train_acc: 0.0021, eval_acc: -0.0033, train_loss: 0.1737, eval_loss: 0.1750
2022-11-06 14:16:33,092 - RoomAsNodeGNN - INFO - epoch:  127, train_acc: 0.0019, eval_acc: -0.0035, train_loss: 0.1737, eval_loss: 0.1750
2022-11-06 14:16:33,296 - RoomAsNodeGNN - INFO - epoch:  128, train_acc: 0.0024, eval_acc: -0.0037, train_loss: 0.1736, eval_loss: 0.1750
2022-11-06 14:16:33,483 - RoomAsNodeGNN - INFO - epoch:  129, train_acc: 0.0024, eval_acc: -0.0036, train_loss: 0.1736, eval_loss: 0.1750
2022-11-06 14:16:33,686 - RoomAsNodeGNN - INFO - epoch:  130, train_acc: 0.0022, eval_acc: -0.0046, train_loss: 0.1737, eval_loss: 0.1752
2022-11-06 14:16:33,897 - RoomAsNodeGNN - INFO - epoch:  131, train_acc: 0.0023, eval_acc: -0.0042, train_loss: 0.1736, eval_loss: 0.1751
2022-11-06 14:16:34,092 - RoomAsNodeGNN - INFO - epoch:  132, train_acc: 0.0023, eval_acc: -0.0032, train_loss: 0.1737, eval_loss: 0.1750
2022-11-06 14:16:34,296 - RoomAsNodeGNN - INFO - epoch:  133, train_acc: 0.0020, eval_acc: -0.0036, train_loss: 0.1737, eval_loss: 0.1750
2022-11-06 14:16:34,499 - RoomAsNodeGNN - INFO - epoch:  134, train_acc: 0.0022, eval_acc: -0.0038, train_loss: 0.1736, eval_loss: 0.1751
2022-11-06 14:16:34,686 - RoomAsNodeGNN - INFO - epoch:  135, train_acc: 0.0023, eval_acc: -0.0038, train_loss: 0.1736, eval_loss: 0.1751
2022-11-06 14:16:34,890 - RoomAsNodeGNN - INFO - epoch:  136, train_acc: 0.0022, eval_acc: -0.0033, train_loss: 0.1737, eval_loss: 0.1750
2022-11-06 14:16:35,092 - RoomAsNodeGNN - INFO - epoch:  137, train_acc: 0.0022, eval_acc: -0.0036, train_loss: 0.1737, eval_loss: 0.1750
2022-11-06 14:16:35,296 - RoomAsNodeGNN - INFO - epoch:  138, train_acc: 0.0024, eval_acc: -0.0035, train_loss: 0.1737, eval_loss: 0.1750
2022-11-06 14:16:35,483 - RoomAsNodeGNN - INFO - epoch:  139, train_acc: 0.0026, eval_acc: -0.0036, train_loss: 0.1736, eval_loss: 0.1750
2022-11-06 14:16:35,686 - RoomAsNodeGNN - INFO - epoch:  140, train_acc: 0.0024, eval_acc: -0.0034, train_loss: 0.1736, eval_loss: 0.1750
2022-11-06 14:16:35,890 - RoomAsNodeGNN - INFO - epoch:  141, train_acc: 0.0028, eval_acc: -0.0054, train_loss: 0.1736, eval_loss: 0.1754
2022-11-06 14:16:36,092 - RoomAsNodeGNN - INFO - epoch:  142, train_acc: 0.0027, eval_acc: -0.0038, train_loss: 0.1737, eval_loss: 0.1751
2022-11-06 14:16:36,296 - RoomAsNodeGNN - INFO - epoch:  143, train_acc: 0.0025, eval_acc: -0.0040, train_loss: 0.1736, eval_loss: 0.1751
2022-11-06 14:16:36,499 - RoomAsNodeGNN - INFO - epoch:  144, train_acc: 0.0027, eval_acc: -0.0040, train_loss: 0.1736, eval_loss: 0.1751
2022-11-06 14:16:36,702 - RoomAsNodeGNN - INFO - epoch:  145, train_acc: 0.0025, eval_acc: -0.0037, train_loss: 0.1736, eval_loss: 0.1750
2022-11-06 14:16:36,890 - RoomAsNodeGNN - INFO - epoch:  146, train_acc: 0.0026, eval_acc: -0.0037, train_loss: 0.1736, eval_loss: 0.1751
2022-11-06 14:16:37,092 - RoomAsNodeGNN - INFO - epoch:  147, train_acc: 0.0027, eval_acc: -0.0036, train_loss: 0.1737, eval_loss: 0.1750
2022-11-06 14:16:37,296 - RoomAsNodeGNN - INFO - epoch:  148, train_acc: 0.0027, eval_acc: -0.0038, train_loss: 0.1736, eval_loss: 0.1751
2022-11-06 14:16:37,499 - RoomAsNodeGNN - INFO - epoch:  149, train_acc: 0.0028, eval_acc: -0.0051, train_loss: 0.1736, eval_loss: 0.1753
2022-11-06 14:16:37,702 - RoomAsNodeGNN - INFO - epoch:  150, train_acc: 0.0025, eval_acc: -0.0036, train_loss: 0.1736, eval_loss: 0.1750
2022-11-06 14:16:37,890 - RoomAsNodeGNN - INFO - epoch:  151, train_acc: 0.0028, eval_acc: -0.0041, train_loss: 0.1736, eval_loss: 0.1751
2022-11-06 14:16:38,092 - RoomAsNodeGNN - INFO - epoch:  152, train_acc: 0.0026, eval_acc: -0.0037, train_loss: 0.1736, eval_loss: 0.1751
2022-11-06 14:16:38,296 - RoomAsNodeGNN - INFO - epoch:  153, train_acc: 0.0026, eval_acc: -0.0042, train_loss: 0.1736, eval_loss: 0.1751
2022-11-06 14:16:38,499 - RoomAsNodeGNN - INFO - epoch:  154, train_acc: 0.0025, eval_acc: -0.0040, train_loss: 0.1735, eval_loss: 0.1751
2022-11-06 14:16:38,686 - RoomAsNodeGNN - INFO - epoch:  155, train_acc: 0.0028, eval_acc: -0.0052, train_loss: 0.1735, eval_loss: 0.1753
2022-11-06 14:16:38,890 - RoomAsNodeGNN - INFO - epoch:  156, train_acc: 0.0029, eval_acc: -0.0040, train_loss: 0.1736, eval_loss: 0.1751
2022-11-06 14:16:39,092 - RoomAsNodeGNN - INFO - epoch:  157, train_acc: 0.0028, eval_acc: -0.0046, train_loss: 0.1736, eval_loss: 0.1752
2022-11-06 14:16:39,323 - RoomAsNodeGNN - INFO - epoch:  158, train_acc: 0.0026, eval_acc: -0.0042, train_loss: 0.1736, eval_loss: 0.1751
2022-11-06 14:16:39,561 - RoomAsNodeGNN - INFO - epoch:  159, train_acc: 0.0032, eval_acc: -0.0050, train_loss: 0.1735, eval_loss: 0.1753
2022-11-06 14:16:39,764 - RoomAsNodeGNN - INFO - epoch:  160, train_acc: 0.0029, eval_acc: -0.0042, train_loss: 0.1735, eval_loss: 0.1751
2022-11-06 14:16:39,967 - RoomAsNodeGNN - INFO - epoch:  161, train_acc: 0.0029, eval_acc: -0.0043, train_loss: 0.1735, eval_loss: 0.1752
2022-11-06 14:16:40,217 - RoomAsNodeGNN - INFO - epoch:  162, train_acc: 0.0027, eval_acc: -0.0052, train_loss: 0.1736, eval_loss: 0.1753
2022-11-06 14:16:40,421 - RoomAsNodeGNN - INFO - epoch:  163, train_acc: 0.0028, eval_acc: -0.0039, train_loss: 0.1736, eval_loss: 0.1751
2022-11-06 14:16:40,608 - RoomAsNodeGNN - INFO - epoch:  164, train_acc: 0.0027, eval_acc: -0.0041, train_loss: 0.1735, eval_loss: 0.1751
2022-11-06 14:16:40,811 - RoomAsNodeGNN - INFO - epoch:  165, train_acc: 0.0032, eval_acc: -0.0045, train_loss: 0.1735, eval_loss: 0.1752
2022-11-06 14:16:41,014 - RoomAsNodeGNN - INFO - epoch:  166, train_acc: 0.0028, eval_acc: -0.0041, train_loss: 0.1736, eval_loss: 0.1751
2022-11-06 14:16:41,217 - RoomAsNodeGNN - INFO - epoch:  167, train_acc: 0.0030, eval_acc: -0.0042, train_loss: 0.1735, eval_loss: 0.1751
2022-11-06 14:16:41,405 - RoomAsNodeGNN - INFO - epoch:  168, train_acc: 0.0028, eval_acc: -0.0049, train_loss: 0.1736, eval_loss: 0.1753
2022-11-06 14:16:41,608 - RoomAsNodeGNN - INFO - epoch:  169, train_acc: 0.0032, eval_acc: -0.0045, train_loss: 0.1735, eval_loss: 0.1752
2022-11-06 14:16:41,811 - RoomAsNodeGNN - INFO - epoch:  170, train_acc: 0.0028, eval_acc: -0.0052, train_loss: 0.1735, eval_loss: 0.1753
2022-11-06 14:16:42,014 - RoomAsNodeGNN - INFO - epoch:  171, train_acc: 0.0031, eval_acc: -0.0045, train_loss: 0.1735, eval_loss: 0.1752
2022-11-06 14:16:42,202 - RoomAsNodeGNN - INFO - epoch:  172, train_acc: 0.0035, eval_acc: -0.0042, train_loss: 0.1735, eval_loss: 0.1751
2022-11-06 14:16:42,405 - RoomAsNodeGNN - INFO - epoch:  173, train_acc: 0.0029, eval_acc: -0.0048, train_loss: 0.1736, eval_loss: 0.1752
2022-11-06 14:16:42,608 - RoomAsNodeGNN - INFO - epoch:  174, train_acc: 0.0029, eval_acc: -0.0047, train_loss: 0.1736, eval_loss: 0.1752
2022-11-06 14:16:42,811 - RoomAsNodeGNN - INFO - epoch:  175, train_acc: 0.0027, eval_acc: -0.0051, train_loss: 0.1736, eval_loss: 0.1753
2022-11-06 14:16:43,014 - RoomAsNodeGNN - INFO - epoch:  176, train_acc: 0.0031, eval_acc: -0.0043, train_loss: 0.1735, eval_loss: 0.1752
2022-11-06 14:16:43,202 - RoomAsNodeGNN - INFO - epoch:  177, train_acc: 0.0032, eval_acc: -0.0043, train_loss: 0.1735, eval_loss: 0.1751
2022-11-06 14:16:43,405 - RoomAsNodeGNN - INFO - epoch:  178, train_acc: 0.0034, eval_acc: -0.0050, train_loss: 0.1735, eval_loss: 0.1753
2022-11-06 14:16:43,608 - RoomAsNodeGNN - INFO - epoch:  179, train_acc: 0.0032, eval_acc: -0.0044, train_loss: 0.1735, eval_loss: 0.1752
2022-11-06 14:16:43,796 - RoomAsNodeGNN - INFO - epoch:  180, train_acc: 0.0036, eval_acc: -0.0056, train_loss: 0.1734, eval_loss: 0.1754
2022-11-06 14:16:43,999 - RoomAsNodeGNN - INFO - epoch:  181, train_acc: 0.0027, eval_acc: -0.0047, train_loss: 0.1736, eval_loss: 0.1752
2022-11-06 14:16:44,202 - RoomAsNodeGNN - INFO - epoch:  182, train_acc: 0.0033, eval_acc: -0.0047, train_loss: 0.1735, eval_loss: 0.1752
2022-11-06 14:16:44,405 - RoomAsNodeGNN - INFO - epoch:  183, train_acc: 0.0034, eval_acc: -0.0048, train_loss: 0.1736, eval_loss: 0.1752
2022-11-06 14:16:44,608 - RoomAsNodeGNN - INFO - epoch:  184, train_acc: 0.0037, eval_acc: -0.0048, train_loss: 0.1734, eval_loss: 0.1752
2022-11-06 14:16:44,796 - RoomAsNodeGNN - INFO - epoch:  185, train_acc: 0.0034, eval_acc: -0.0054, train_loss: 0.1735, eval_loss: 0.1753
2022-11-06 14:16:44,999 - RoomAsNodeGNN - INFO - epoch:  186, train_acc: 0.0034, eval_acc: -0.0047, train_loss: 0.1735, eval_loss: 0.1752
2022-11-06 14:16:45,202 - RoomAsNodeGNN - INFO - epoch:  187, train_acc: 0.0033, eval_acc: -0.0055, train_loss: 0.1734, eval_loss: 0.1754
2022-11-06 14:16:45,405 - RoomAsNodeGNN - INFO - epoch:  188, train_acc: 0.0033, eval_acc: -0.0048, train_loss: 0.1735, eval_loss: 0.1752
2022-11-06 14:16:45,593 - RoomAsNodeGNN - INFO - epoch:  189, train_acc: 0.0034, eval_acc: -0.0059, train_loss: 0.1734, eval_loss: 0.1754
2022-11-06 14:16:45,796 - RoomAsNodeGNN - INFO - epoch:  190, train_acc: 0.0033, eval_acc: -0.0047, train_loss: 0.1735, eval_loss: 0.1752
2022-11-06 14:16:45,999 - RoomAsNodeGNN - INFO - epoch:  191, train_acc: 0.0033, eval_acc: -0.0048, train_loss: 0.1735, eval_loss: 0.1752
2022-11-06 14:16:46,202 - RoomAsNodeGNN - INFO - epoch:  192, train_acc: 0.0037, eval_acc: -0.0047, train_loss: 0.1734, eval_loss: 0.1752
2022-11-06 14:16:46,389 - RoomAsNodeGNN - INFO - epoch:  193, train_acc: 0.0036, eval_acc: -0.0052, train_loss: 0.1735, eval_loss: 0.1753
2022-11-06 14:16:46,592 - RoomAsNodeGNN - INFO - epoch:  194, train_acc: 0.0039, eval_acc: -0.0052, train_loss: 0.1734, eval_loss: 0.1753
2022-11-06 14:16:46,796 - RoomAsNodeGNN - INFO - epoch:  195, train_acc: 0.0033, eval_acc: -0.0051, train_loss: 0.1735, eval_loss: 0.1753
2022-11-06 14:16:46,999 - RoomAsNodeGNN - INFO - epoch:  196, train_acc: 0.0038, eval_acc: -0.0054, train_loss: 0.1734, eval_loss: 0.1753
2022-11-06 14:16:47,202 - RoomAsNodeGNN - INFO - epoch:  197, train_acc: 0.0035, eval_acc: -0.0054, train_loss: 0.1735, eval_loss: 0.1753
2022-11-06 14:16:47,389 - RoomAsNodeGNN - INFO - epoch:  198, train_acc: 0.0038, eval_acc: -0.0049, train_loss: 0.1734, eval_loss: 0.1753
2022-11-06 14:16:47,592 - RoomAsNodeGNN - INFO - epoch:  199, train_acc: 0.0038, eval_acc: -0.0052, train_loss: 0.1734, eval_loss: 0.1753
2022-11-06 14:16:47,796 - RoomAsNodeGNN - INFO - epoch:  200, train_acc: 0.0037, eval_acc: -0.0052, train_loss: 0.1734, eval_loss: 0.1753
2022-11-06 14:16:47,999 - RoomAsNodeGNN - INFO - epoch:  201, train_acc: 0.0039, eval_acc: -0.0055, train_loss: 0.1734, eval_loss: 0.1754
2022-11-06 14:16:48,202 - RoomAsNodeGNN - INFO - epoch:  202, train_acc: 0.0036, eval_acc: -0.0047, train_loss: 0.1734, eval_loss: 0.1752
2022-11-06 14:16:48,405 - RoomAsNodeGNN - INFO - epoch:  203, train_acc: 0.0037, eval_acc: -0.0051, train_loss: 0.1734, eval_loss: 0.1753
2022-11-06 14:16:48,593 - RoomAsNodeGNN - INFO - epoch:  204, train_acc: 0.0038, eval_acc: -0.0055, train_loss: 0.1734, eval_loss: 0.1754
2022-11-06 14:16:48,796 - RoomAsNodeGNN - INFO - epoch:  205, train_acc: 0.0036, eval_acc: -0.0065, train_loss: 0.1734, eval_loss: 0.1755
2022-11-06 14:16:48,999 - RoomAsNodeGNN - INFO - epoch:  206, train_acc: 0.0039, eval_acc: -0.0050, train_loss: 0.1734, eval_loss: 0.1753
2022-11-06 14:16:49,202 - RoomAsNodeGNN - INFO - epoch:  207, train_acc: 0.0038, eval_acc: -0.0053, train_loss: 0.1734, eval_loss: 0.1753
2022-11-06 14:16:49,405 - RoomAsNodeGNN - INFO - epoch:  208, train_acc: 0.0037, eval_acc: -0.0054, train_loss: 0.1734, eval_loss: 0.1753
2022-11-06 14:16:49,592 - RoomAsNodeGNN - INFO - epoch:  209, train_acc: 0.0040, eval_acc: -0.0050, train_loss: 0.1733, eval_loss: 0.1753
2022-11-06 14:16:49,796 - RoomAsNodeGNN - INFO - epoch:  210, train_acc: 0.0040, eval_acc: -0.0057, train_loss: 0.1734, eval_loss: 0.1754
2022-11-06 14:16:49,999 - RoomAsNodeGNN - INFO - epoch:  211, train_acc: 0.0036, eval_acc: -0.0053, train_loss: 0.1734, eval_loss: 0.1753
2022-11-06 14:16:50,202 - RoomAsNodeGNN - INFO - epoch:  212, train_acc: 0.0039, eval_acc: -0.0054, train_loss: 0.1734, eval_loss: 0.1753
2022-11-06 14:16:50,405 - RoomAsNodeGNN - INFO - epoch:  213, train_acc: 0.0036, eval_acc: -0.0057, train_loss: 0.1734, eval_loss: 0.1754
2022-11-06 14:16:50,608 - RoomAsNodeGNN - INFO - epoch:  214, train_acc: 0.0039, eval_acc: -0.0060, train_loss: 0.1734, eval_loss: 0.1755
2022-11-06 14:16:50,796 - RoomAsNodeGNN - INFO - epoch:  215, train_acc: 0.0040, eval_acc: -0.0059, train_loss: 0.1733, eval_loss: 0.1754
2022-11-06 14:16:50,999 - RoomAsNodeGNN - INFO - epoch:  216, train_acc: 0.0039, eval_acc: -0.0053, train_loss: 0.1734, eval_loss: 0.1753
2022-11-06 14:16:51,202 - RoomAsNodeGNN - INFO - epoch:  217, train_acc: 0.0037, eval_acc: -0.0057, train_loss: 0.1734, eval_loss: 0.1754
2022-11-06 14:16:51,405 - RoomAsNodeGNN - INFO - epoch:  218, train_acc: 0.0040, eval_acc: -0.0051, train_loss: 0.1734, eval_loss: 0.1753
2022-11-06 14:16:51,608 - RoomAsNodeGNN - INFO - epoch:  219, train_acc: 0.0041, eval_acc: -0.0054, train_loss: 0.1734, eval_loss: 0.1753
2022-11-06 14:16:51,811 - RoomAsNodeGNN - INFO - epoch:  220, train_acc: 0.0037, eval_acc: -0.0073, train_loss: 0.1734, eval_loss: 0.1757
2022-11-06 14:16:51,999 - RoomAsNodeGNN - INFO - epoch:  221, train_acc: 0.0043, eval_acc: -0.0053, train_loss: 0.1734, eval_loss: 0.1753
2022-11-06 14:16:52,202 - RoomAsNodeGNN - INFO - epoch:  222, train_acc: 0.0040, eval_acc: -0.0062, train_loss: 0.1733, eval_loss: 0.1755
2022-11-06 14:16:52,405 - RoomAsNodeGNN - INFO - epoch:  223, train_acc: 0.0042, eval_acc: -0.0056, train_loss: 0.1733, eval_loss: 0.1754
2022-11-06 14:16:52,608 - RoomAsNodeGNN - INFO - epoch:  224, train_acc: 0.0036, eval_acc: -0.0050, train_loss: 0.1734, eval_loss: 0.1753
2022-11-06 14:16:52,811 - RoomAsNodeGNN - INFO - epoch:  225, train_acc: 0.0041, eval_acc: -0.0057, train_loss: 0.1733, eval_loss: 0.1754
2022-11-06 14:16:52,999 - RoomAsNodeGNN - INFO - epoch:  226, train_acc: 0.0043, eval_acc: -0.0053, train_loss: 0.1733, eval_loss: 0.1753
2022-11-06 14:16:53,202 - RoomAsNodeGNN - INFO - epoch:  227, train_acc: 0.0038, eval_acc: -0.0065, train_loss: 0.1734, eval_loss: 0.1755
2022-11-06 14:16:53,405 - RoomAsNodeGNN - INFO - epoch:  228, train_acc: 0.0034, eval_acc: -0.0051, train_loss: 0.1735, eval_loss: 0.1753
2022-11-06 14:16:53,608 - RoomAsNodeGNN - INFO - epoch:  229, train_acc: 0.0039, eval_acc: -0.0056, train_loss: 0.1733, eval_loss: 0.1754
2022-11-06 14:16:53,796 - RoomAsNodeGNN - INFO - epoch:  230, train_acc: 0.0040, eval_acc: -0.0050, train_loss: 0.1734, eval_loss: 0.1753
2022-11-06 14:16:53,999 - RoomAsNodeGNN - INFO - epoch:  231, train_acc: 0.0044, eval_acc: -0.0053, train_loss: 0.1733, eval_loss: 0.1753
2022-11-06 14:16:54,202 - RoomAsNodeGNN - INFO - epoch:  232, train_acc: 0.0045, eval_acc: -0.0054, train_loss: 0.1733, eval_loss: 0.1753
2022-11-06 14:16:54,405 - RoomAsNodeGNN - INFO - epoch:  233, train_acc: 0.0045, eval_acc: -0.0062, train_loss: 0.1733, eval_loss: 0.1755
2022-11-06 14:16:54,608 - RoomAsNodeGNN - INFO - epoch:  234, train_acc: 0.0038, eval_acc: -0.0050, train_loss: 0.1734, eval_loss: 0.1753
2022-11-06 14:16:54,811 - RoomAsNodeGNN - INFO - epoch:  235, train_acc: 0.0044, eval_acc: -0.0057, train_loss: 0.1732, eval_loss: 0.1754
2022-11-06 14:16:55,014 - RoomAsNodeGNN - INFO - epoch:  236, train_acc: 0.0040, eval_acc: -0.0054, train_loss: 0.1733, eval_loss: 0.1753
2022-11-06 14:16:55,233 - RoomAsNodeGNN - INFO - epoch:  237, train_acc: 0.0045, eval_acc: -0.0053, train_loss: 0.1733, eval_loss: 0.1753
2022-11-06 14:16:55,421 - RoomAsNodeGNN - INFO - epoch:  238, train_acc: 0.0046, eval_acc: -0.0055, train_loss: 0.1733, eval_loss: 0.1754
2022-11-06 14:16:55,624 - RoomAsNodeGNN - INFO - epoch:  239, train_acc: 0.0041, eval_acc: -0.0051, train_loss: 0.1734, eval_loss: 0.1753
2022-11-06 14:16:55,827 - RoomAsNodeGNN - INFO - epoch:  240, train_acc: 0.0039, eval_acc: -0.0067, train_loss: 0.1733, eval_loss: 0.1756
2022-11-06 14:16:56,030 - RoomAsNodeGNN - INFO - epoch:  241, train_acc: 0.0043, eval_acc: -0.0052, train_loss: 0.1733, eval_loss: 0.1753
2022-11-06 14:16:56,217 - RoomAsNodeGNN - INFO - epoch:  242, train_acc: 0.0045, eval_acc: -0.0053, train_loss: 0.1733, eval_loss: 0.1753
2022-11-06 14:16:56,421 - RoomAsNodeGNN - INFO - epoch:  243, train_acc: 0.0045, eval_acc: -0.0057, train_loss: 0.1732, eval_loss: 0.1754
2022-11-06 14:16:56,624 - RoomAsNodeGNN - INFO - epoch:  244, train_acc: 0.0047, eval_acc: -0.0057, train_loss: 0.1732, eval_loss: 0.1754
2022-11-06 14:16:56,827 - RoomAsNodeGNN - INFO - epoch:  245, train_acc: 0.0046, eval_acc: -0.0065, train_loss: 0.1732, eval_loss: 0.1755
2022-11-06 14:16:57,014 - RoomAsNodeGNN - INFO - epoch:  246, train_acc: 0.0045, eval_acc: -0.0055, train_loss: 0.1732, eval_loss: 0.1754
2022-11-06 14:16:57,217 - RoomAsNodeGNN - INFO - epoch:  247, train_acc: 0.0047, eval_acc: -0.0065, train_loss: 0.1732, eval_loss: 0.1755
2022-11-06 14:16:57,421 - RoomAsNodeGNN - INFO - epoch:  248, train_acc: 0.0044, eval_acc: -0.0059, train_loss: 0.1733, eval_loss: 0.1754
2022-11-06 14:16:57,624 - RoomAsNodeGNN - INFO - epoch:  249, train_acc: 0.0049, eval_acc: -0.0063, train_loss: 0.1732, eval_loss: 0.1755
2022-11-06 14:16:57,827 - RoomAsNodeGNN - INFO - epoch:  250, train_acc: 0.0045, eval_acc: -0.0074, train_loss: 0.1733, eval_loss: 0.1757
2022-11-06 14:16:58,014 - RoomAsNodeGNN - INFO - epoch:  251, train_acc: 0.0043, eval_acc: -0.0050, train_loss: 0.1734, eval_loss: 0.1753
2022-11-06 14:16:58,217 - RoomAsNodeGNN - INFO - epoch:  252, train_acc: 0.0044, eval_acc: -0.0053, train_loss: 0.1732, eval_loss: 0.1753
2022-11-06 14:16:58,421 - RoomAsNodeGNN - INFO - epoch:  253, train_acc: 0.0043, eval_acc: -0.0059, train_loss: 0.1733, eval_loss: 0.1754
2022-11-06 14:16:58,624 - RoomAsNodeGNN - INFO - epoch:  254, train_acc: 0.0045, eval_acc: -0.0060, train_loss: 0.1732, eval_loss: 0.1754
2022-11-06 14:16:58,844 - RoomAsNodeGNN - INFO - epoch:  255, train_acc: 0.0047, eval_acc: -0.0056, train_loss: 0.1732, eval_loss: 0.1754
2022-11-06 14:16:59,030 - RoomAsNodeGNN - INFO - epoch:  256, train_acc: 0.0048, eval_acc: -0.0061, train_loss: 0.1732, eval_loss: 0.1755
2022-11-06 14:16:59,233 - RoomAsNodeGNN - INFO - epoch:  257, train_acc: 0.0047, eval_acc: -0.0059, train_loss: 0.1732, eval_loss: 0.1754
2022-11-06 14:16:59,436 - RoomAsNodeGNN - INFO - epoch:  258, train_acc: 0.0043, eval_acc: -0.0054, train_loss: 0.1733, eval_loss: 0.1753
2022-11-06 14:16:59,639 - RoomAsNodeGNN - INFO - epoch:  259, train_acc: 0.0044, eval_acc: -0.0052, train_loss: 0.1733, eval_loss: 0.1753
2022-11-06 14:16:59,843 - RoomAsNodeGNN - INFO - epoch:  260, train_acc: 0.0050, eval_acc: -0.0062, train_loss: 0.1731, eval_loss: 0.1755
2022-11-06 14:17:00,046 - RoomAsNodeGNN - INFO - epoch:  261, train_acc: 0.0048, eval_acc: -0.0059, train_loss: 0.1732, eval_loss: 0.1754
2022-11-06 14:17:00,249 - RoomAsNodeGNN - INFO - epoch:  262, train_acc: 0.0047, eval_acc: -0.0066, train_loss: 0.1732, eval_loss: 0.1756
2022-11-06 14:17:00,441 - RoomAsNodeGNN - INFO - epoch:  263, train_acc: 0.0054, eval_acc: -0.0066, train_loss: 0.1731, eval_loss: 0.1756
2022-11-06 14:17:00,639 - RoomAsNodeGNN - INFO - epoch:  264, train_acc: 0.0050, eval_acc: -0.0062, train_loss: 0.1732, eval_loss: 0.1755
2022-11-06 14:17:00,843 - RoomAsNodeGNN - INFO - epoch:  265, train_acc: 0.0051, eval_acc: -0.0059, train_loss: 0.1732, eval_loss: 0.1754
2022-11-06 14:17:01,046 - RoomAsNodeGNN - INFO - epoch:  266, train_acc: 0.0053, eval_acc: -0.0061, train_loss: 0.1731, eval_loss: 0.1755
2022-11-06 14:17:01,249 - RoomAsNodeGNN - INFO - epoch:  267, train_acc: 0.0051, eval_acc: -0.0063, train_loss: 0.1732, eval_loss: 0.1755
2022-11-06 14:17:01,452 - RoomAsNodeGNN - INFO - epoch:  268, train_acc: 0.0046, eval_acc: -0.0057, train_loss: 0.1733, eval_loss: 0.1754
2022-11-06 14:17:01,655 - RoomAsNodeGNN - INFO - epoch:  269, train_acc: 0.0050, eval_acc: -0.0060, train_loss: 0.1732, eval_loss: 0.1755
2022-11-06 14:17:01,858 - RoomAsNodeGNN - INFO - epoch:  270, train_acc: 0.0051, eval_acc: -0.0066, train_loss: 0.1732, eval_loss: 0.1756
2022-11-06 14:17:02,062 - RoomAsNodeGNN - INFO - epoch:  271, train_acc: 0.0050, eval_acc: -0.0061, train_loss: 0.1732, eval_loss: 0.1755
2022-11-06 14:17:02,264 - RoomAsNodeGNN - INFO - epoch:  272, train_acc: 0.0050, eval_acc: -0.0062, train_loss: 0.1732, eval_loss: 0.1755
2022-11-06 14:17:02,468 - RoomAsNodeGNN - INFO - epoch:  273, train_acc: 0.0047, eval_acc: -0.0064, train_loss: 0.1732, eval_loss: 0.1755
2022-11-06 14:17:02,655 - RoomAsNodeGNN - INFO - epoch:  274, train_acc: 0.0046, eval_acc: -0.0057, train_loss: 0.1733, eval_loss: 0.1754
2022-11-06 14:17:02,858 - RoomAsNodeGNN - INFO - epoch:  275, train_acc: 0.0054, eval_acc: -0.0060, train_loss: 0.1732, eval_loss: 0.1755
2022-11-06 14:17:03,062 - RoomAsNodeGNN - INFO - epoch:  276, train_acc: 0.0053, eval_acc: -0.0064, train_loss: 0.1731, eval_loss: 0.1755
2022-11-06 14:17:03,264 - RoomAsNodeGNN - INFO - epoch:  277, train_acc: 0.0053, eval_acc: -0.0059, train_loss: 0.1731, eval_loss: 0.1754
2022-11-06 14:17:03,467 - RoomAsNodeGNN - INFO - epoch:  278, train_acc: 0.0052, eval_acc: -0.0075, train_loss: 0.1732, eval_loss: 0.1757
2022-11-06 14:17:03,671 - RoomAsNodeGNN - INFO - epoch:  279, train_acc: 0.0051, eval_acc: -0.0066, train_loss: 0.1732, eval_loss: 0.1756
2022-11-06 14:17:03,863 - RoomAsNodeGNN - INFO - epoch:  280, train_acc: 0.0052, eval_acc: -0.0074, train_loss: 0.1732, eval_loss: 0.1757
2022-11-06 14:17:04,062 - RoomAsNodeGNN - INFO - epoch:  281, train_acc: 0.0053, eval_acc: -0.0062, train_loss: 0.1732, eval_loss: 0.1755
2022-11-06 14:17:04,264 - RoomAsNodeGNN - INFO - epoch:  282, train_acc: 0.0054, eval_acc: -0.0066, train_loss: 0.1731, eval_loss: 0.1755
2022-11-06 14:17:04,467 - RoomAsNodeGNN - INFO - epoch:  283, train_acc: 0.0053, eval_acc: -0.0062, train_loss: 0.1731, eval_loss: 0.1755
2022-11-06 14:17:04,671 - RoomAsNodeGNN - INFO - epoch:  284, train_acc: 0.0055, eval_acc: -0.0074, train_loss: 0.1731, eval_loss: 0.1757
2022-11-06 14:17:04,874 - RoomAsNodeGNN - INFO - epoch:  285, train_acc: 0.0052, eval_acc: -0.0063, train_loss: 0.1732, eval_loss: 0.1755
2022-11-06 14:17:05,077 - RoomAsNodeGNN - INFO - epoch:  286, train_acc: 0.0051, eval_acc: -0.0062, train_loss: 0.1731, eval_loss: 0.1755
2022-11-06 14:17:05,264 - RoomAsNodeGNN - INFO - epoch:  287, train_acc: 0.0051, eval_acc: -0.0063, train_loss: 0.1732, eval_loss: 0.1755
2022-11-06 14:17:05,468 - RoomAsNodeGNN - INFO - epoch:  288, train_acc: 0.0054, eval_acc: -0.0057, train_loss: 0.1731, eval_loss: 0.1754
2022-11-06 14:17:05,671 - RoomAsNodeGNN - INFO - epoch:  289, train_acc: 0.0052, eval_acc: -0.0063, train_loss: 0.1732, eval_loss: 0.1755
2022-11-06 14:17:05,874 - RoomAsNodeGNN - INFO - epoch:  290, train_acc: 0.0050, eval_acc: -0.0068, train_loss: 0.1731, eval_loss: 0.1756
2022-11-06 14:17:06,077 - RoomAsNodeGNN - INFO - epoch:  291, train_acc: 0.0054, eval_acc: -0.0060, train_loss: 0.1731, eval_loss: 0.1754
2022-11-06 14:17:06,264 - RoomAsNodeGNN - INFO - epoch:  292, train_acc: 0.0055, eval_acc: -0.0066, train_loss: 0.1731, eval_loss: 0.1756
2022-11-06 14:17:06,467 - RoomAsNodeGNN - INFO - epoch:  293, train_acc: 0.0053, eval_acc: -0.0070, train_loss: 0.1731, eval_loss: 0.1756
2022-11-06 14:17:06,671 - RoomAsNodeGNN - INFO - epoch:  294, train_acc: 0.0049, eval_acc: -0.0060, train_loss: 0.1732, eval_loss: 0.1754
2022-11-06 14:17:06,874 - RoomAsNodeGNN - INFO - epoch:  295, train_acc: 0.0056, eval_acc: -0.0060, train_loss: 0.1731, eval_loss: 0.1755
2022-11-06 14:17:07,077 - RoomAsNodeGNN - INFO - epoch:  296, train_acc: 0.0055, eval_acc: -0.0068, train_loss: 0.1732, eval_loss: 0.1756
2022-11-06 14:17:07,280 - RoomAsNodeGNN - INFO - epoch:  297, train_acc: 0.0053, eval_acc: -0.0092, train_loss: 0.1731, eval_loss: 0.1760
2022-11-06 14:17:07,467 - RoomAsNodeGNN - INFO - epoch:  298, train_acc: 0.0054, eval_acc: -0.0065, train_loss: 0.1732, eval_loss: 0.1755
2022-11-06 14:17:07,671 - RoomAsNodeGNN - INFO - epoch:  299, train_acc: 0.0055, eval_acc: -0.0062, train_loss: 0.1731, eval_loss: 0.1755
2022-11-06 14:17:07,874 - RoomAsNodeGNN - INFO - epoch:  300, train_acc: 0.0055, eval_acc: -0.0074, train_loss: 0.1731, eval_loss: 0.1757
2022-11-06 14:17:08,077 - RoomAsNodeGNN - INFO - epoch:  301, train_acc: 0.0054, eval_acc: -0.0067, train_loss: 0.1731, eval_loss: 0.1756
2022-11-06 14:17:08,280 - RoomAsNodeGNN - INFO - epoch:  302, train_acc: 0.0057, eval_acc: -0.0063, train_loss: 0.1731, eval_loss: 0.1755
2022-11-06 14:17:08,468 - RoomAsNodeGNN - INFO - epoch:  303, train_acc: 0.0055, eval_acc: -0.0075, train_loss: 0.1731, eval_loss: 0.1757
2022-11-06 14:17:08,671 - RoomAsNodeGNN - INFO - epoch:  304, train_acc: 0.0054, eval_acc: -0.0064, train_loss: 0.1731, eval_loss: 0.1755
2022-11-06 14:17:08,874 - RoomAsNodeGNN - INFO - epoch:  305, train_acc: 0.0056, eval_acc: -0.0064, train_loss: 0.1730, eval_loss: 0.1755
2022-11-06 14:17:09,077 - RoomAsNodeGNN - INFO - epoch:  306, train_acc: 0.0058, eval_acc: -0.0068, train_loss: 0.1731, eval_loss: 0.1756
2022-11-06 14:17:09,280 - RoomAsNodeGNN - INFO - epoch:  307, train_acc: 0.0059, eval_acc: -0.0070, train_loss: 0.1731, eval_loss: 0.1756
2022-11-06 14:17:09,468 - RoomAsNodeGNN - INFO - epoch:  308, train_acc: 0.0060, eval_acc: -0.0089, train_loss: 0.1730, eval_loss: 0.1759
2022-11-06 14:17:09,671 - RoomAsNodeGNN - INFO - epoch:  309, train_acc: 0.0054, eval_acc: -0.0061, train_loss: 0.1731, eval_loss: 0.1755
2022-11-06 14:17:09,874 - RoomAsNodeGNN - INFO - epoch:  310, train_acc: 0.0055, eval_acc: -0.0060, train_loss: 0.1731, eval_loss: 0.1754
2022-11-06 14:17:10,077 - RoomAsNodeGNN - INFO - epoch:  311, train_acc: 0.0057, eval_acc: -0.0060, train_loss: 0.1731, eval_loss: 0.1754
2022-11-06 14:17:10,280 - RoomAsNodeGNN - INFO - epoch:  312, train_acc: 0.0059, eval_acc: -0.0064, train_loss: 0.1730, eval_loss: 0.1755
2022-11-06 14:17:10,484 - RoomAsNodeGNN - INFO - epoch:  313, train_acc: 0.0060, eval_acc: -0.0068, train_loss: 0.1731, eval_loss: 0.1756
2022-11-06 14:17:10,671 - RoomAsNodeGNN - INFO - epoch:  314, train_acc: 0.0060, eval_acc: -0.0070, train_loss: 0.1730, eval_loss: 0.1756
2022-11-06 14:17:10,874 - RoomAsNodeGNN - INFO - epoch:  315, train_acc: 0.0063, eval_acc: -0.0071, train_loss: 0.1730, eval_loss: 0.1756
2022-11-06 14:17:11,077 - RoomAsNodeGNN - INFO - epoch:  316, train_acc: 0.0062, eval_acc: -0.0074, train_loss: 0.1730, eval_loss: 0.1757
2022-11-06 14:17:11,280 - RoomAsNodeGNN - INFO - epoch:  317, train_acc: 0.0056, eval_acc: -0.0075, train_loss: 0.1731, eval_loss: 0.1757
2022-11-06 14:17:11,483 - RoomAsNodeGNN - INFO - epoch:  318, train_acc: 0.0059, eval_acc: -0.0061, train_loss: 0.1731, eval_loss: 0.1755
2022-11-06 14:17:11,671 - RoomAsNodeGNN - INFO - epoch:  319, train_acc: 0.0060, eval_acc: -0.0071, train_loss: 0.1730, eval_loss: 0.1756
2022-11-06 14:17:11,874 - RoomAsNodeGNN - INFO - epoch:  320, train_acc: 0.0060, eval_acc: -0.0083, train_loss: 0.1730, eval_loss: 0.1759
2022-11-06 14:17:12,077 - RoomAsNodeGNN - INFO - epoch:  321, train_acc: 0.0059, eval_acc: -0.0071, train_loss: 0.1730, eval_loss: 0.1756
2022-11-06 14:17:12,280 - RoomAsNodeGNN - INFO - epoch:  322, train_acc: 0.0061, eval_acc: -0.0070, train_loss: 0.1730, eval_loss: 0.1756
2022-11-06 14:17:12,467 - RoomAsNodeGNN - INFO - epoch:  323, train_acc: 0.0058, eval_acc: -0.0075, train_loss: 0.1731, eval_loss: 0.1757
2022-11-06 14:17:12,671 - RoomAsNodeGNN - INFO - epoch:  324, train_acc: 0.0060, eval_acc: -0.0066, train_loss: 0.1730, eval_loss: 0.1755
2022-11-06 14:17:12,874 - RoomAsNodeGNN - INFO - epoch:  325, train_acc: 0.0059, eval_acc: -0.0068, train_loss: 0.1731, eval_loss: 0.1756
2022-11-06 14:17:13,077 - RoomAsNodeGNN - INFO - epoch:  326, train_acc: 0.0060, eval_acc: -0.0070, train_loss: 0.1730, eval_loss: 0.1756
2022-11-06 14:17:13,264 - RoomAsNodeGNN - INFO - epoch:  327, train_acc: 0.0058, eval_acc: -0.0066, train_loss: 0.1730, eval_loss: 0.1756
2022-11-06 14:17:13,467 - RoomAsNodeGNN - INFO - epoch:  328, train_acc: 0.0059, eval_acc: -0.0064, train_loss: 0.1730, eval_loss: 0.1755
2022-11-06 14:17:13,671 - RoomAsNodeGNN - INFO - epoch:  329, train_acc: 0.0058, eval_acc: -0.0073, train_loss: 0.1730, eval_loss: 0.1757
2022-11-06 14:17:13,874 - RoomAsNodeGNN - INFO - epoch:  330, train_acc: 0.0061, eval_acc: -0.0067, train_loss: 0.1730, eval_loss: 0.1756
2022-11-06 14:17:14,061 - RoomAsNodeGNN - INFO - epoch:  331, train_acc: 0.0061, eval_acc: -0.0073, train_loss: 0.1730, eval_loss: 0.1757
2022-11-06 14:17:14,265 - RoomAsNodeGNN - INFO - epoch:  332, train_acc: 0.0062, eval_acc: -0.0067, train_loss: 0.1730, eval_loss: 0.1756
2022-11-06 14:17:14,467 - RoomAsNodeGNN - INFO - epoch:  333, train_acc: 0.0062, eval_acc: -0.0069, train_loss: 0.1730, eval_loss: 0.1756
2022-11-06 14:17:14,655 - RoomAsNodeGNN - INFO - epoch:  334, train_acc: 0.0064, eval_acc: -0.0076, train_loss: 0.1730, eval_loss: 0.1757
2022-11-06 14:17:14,858 - RoomAsNodeGNN - INFO - epoch:  335, train_acc: 0.0061, eval_acc: -0.0070, train_loss: 0.1730, eval_loss: 0.1756
2022-11-06 14:17:15,061 - RoomAsNodeGNN - INFO - epoch:  336, train_acc: 0.0062, eval_acc: -0.0072, train_loss: 0.1730, eval_loss: 0.1756
2022-11-06 14:17:15,264 - RoomAsNodeGNN - INFO - epoch:  337, train_acc: 0.0062, eval_acc: -0.0067, train_loss: 0.1729, eval_loss: 0.1756
2022-11-06 14:17:15,456 - RoomAsNodeGNN - INFO - epoch:  338, train_acc: 0.0063, eval_acc: -0.0066, train_loss: 0.1730, eval_loss: 0.1756
2022-11-06 14:17:15,655 - RoomAsNodeGNN - INFO - epoch:  339, train_acc: 0.0063, eval_acc: -0.0081, train_loss: 0.1729, eval_loss: 0.1758
2022-11-06 14:17:15,858 - RoomAsNodeGNN - INFO - epoch:  340, train_acc: 0.0062, eval_acc: -0.0079, train_loss: 0.1730, eval_loss: 0.1758
2022-11-06 14:17:16,061 - RoomAsNodeGNN - INFO - epoch:  341, train_acc: 0.0064, eval_acc: -0.0070, train_loss: 0.1730, eval_loss: 0.1756
2022-11-06 14:17:16,264 - RoomAsNodeGNN - INFO - epoch:  342, train_acc: 0.0063, eval_acc: -0.0079, train_loss: 0.1729, eval_loss: 0.1758
2022-11-06 14:17:16,452 - RoomAsNodeGNN - INFO - epoch:  343, train_acc: 0.0067, eval_acc: -0.0079, train_loss: 0.1729, eval_loss: 0.1758
2022-11-06 14:17:16,655 - RoomAsNodeGNN - INFO - epoch:  344, train_acc: 0.0064, eval_acc: -0.0067, train_loss: 0.1729, eval_loss: 0.1756
2022-11-06 14:17:16,858 - RoomAsNodeGNN - INFO - epoch:  345, train_acc: 0.0064, eval_acc: -0.0077, train_loss: 0.1730, eval_loss: 0.1757
2022-11-06 14:17:17,061 - RoomAsNodeGNN - INFO - epoch:  346, train_acc: 0.0061, eval_acc: -0.0071, train_loss: 0.1730, eval_loss: 0.1756
2022-11-06 14:17:17,249 - RoomAsNodeGNN - INFO - epoch:  347, train_acc: 0.0060, eval_acc: -0.0071, train_loss: 0.1730, eval_loss: 0.1756
2022-11-06 14:17:17,452 - RoomAsNodeGNN - INFO - epoch:  348, train_acc: 0.0064, eval_acc: -0.0066, train_loss: 0.1729, eval_loss: 0.1756
2022-11-06 14:17:17,655 - RoomAsNodeGNN - INFO - epoch:  349, train_acc: 0.0067, eval_acc: -0.0087, train_loss: 0.1729, eval_loss: 0.1759
2022-11-06 14:17:17,858 - RoomAsNodeGNN - INFO - epoch:  350, train_acc: 0.0066, eval_acc: -0.0066, train_loss: 0.1729, eval_loss: 0.1755
2022-11-06 14:17:18,046 - RoomAsNodeGNN - INFO - epoch:  351, train_acc: 0.0057, eval_acc: -0.0068, train_loss: 0.1730, eval_loss: 0.1756
2022-11-06 14:17:18,249 - RoomAsNodeGNN - INFO - epoch:  352, train_acc: 0.0064, eval_acc: -0.0078, train_loss: 0.1729, eval_loss: 0.1758
2022-11-06 14:17:18,452 - RoomAsNodeGNN - INFO - epoch:  353, train_acc: 0.0067, eval_acc: -0.0075, train_loss: 0.1729, eval_loss: 0.1757
2022-11-06 14:17:18,655 - RoomAsNodeGNN - INFO - epoch:  354, train_acc: 0.0065, eval_acc: -0.0082, train_loss: 0.1729, eval_loss: 0.1758
2022-11-06 14:17:18,847 - RoomAsNodeGNN - INFO - epoch:  355, train_acc: 0.0068, eval_acc: -0.0068, train_loss: 0.1729, eval_loss: 0.1756
2022-11-06 14:17:19,046 - RoomAsNodeGNN - INFO - epoch:  356, train_acc: 0.0067, eval_acc: -0.0073, train_loss: 0.1729, eval_loss: 0.1757
2022-11-06 14:17:19,249 - RoomAsNodeGNN - INFO - epoch:  357, train_acc: 0.0069, eval_acc: -0.0077, train_loss: 0.1729, eval_loss: 0.1757
2022-11-06 14:17:19,452 - RoomAsNodeGNN - INFO - epoch:  358, train_acc: 0.0068, eval_acc: -0.0084, train_loss: 0.1729, eval_loss: 0.1759
2022-11-06 14:17:19,655 - RoomAsNodeGNN - INFO - epoch:  359, train_acc: 0.0066, eval_acc: -0.0070, train_loss: 0.1729, eval_loss: 0.1756
2022-11-06 14:17:19,858 - RoomAsNodeGNN - INFO - epoch:  360, train_acc: 0.0069, eval_acc: -0.0072, train_loss: 0.1729, eval_loss: 0.1757
2022-11-06 14:17:20,061 - RoomAsNodeGNN - INFO - epoch:  361, train_acc: 0.0069, eval_acc: -0.0072, train_loss: 0.1729, eval_loss: 0.1757
2022-11-06 14:17:20,264 - RoomAsNodeGNN - INFO - epoch:  362, train_acc: 0.0071, eval_acc: -0.0080, train_loss: 0.1728, eval_loss: 0.1758
2022-11-06 14:17:20,468 - RoomAsNodeGNN - INFO - epoch:  363, train_acc: 0.0067, eval_acc: -0.0070, train_loss: 0.1729, eval_loss: 0.1756
2022-11-06 14:17:20,655 - RoomAsNodeGNN - INFO - epoch:  364, train_acc: 0.0069, eval_acc: -0.0088, train_loss: 0.1728, eval_loss: 0.1759
2022-11-06 14:17:20,858 - RoomAsNodeGNN - INFO - epoch:  365, train_acc: 0.0069, eval_acc: -0.0074, train_loss: 0.1729, eval_loss: 0.1757
2022-11-06 14:17:21,061 - RoomAsNodeGNN - INFO - epoch:  366, train_acc: 0.0070, eval_acc: -0.0075, train_loss: 0.1728, eval_loss: 0.1757
2022-11-06 14:17:21,264 - RoomAsNodeGNN - INFO - epoch:  367, train_acc: 0.0064, eval_acc: -0.0082, train_loss: 0.1729, eval_loss: 0.1758
2022-11-06 14:17:21,467 - RoomAsNodeGNN - INFO - epoch:  368, train_acc: 0.0069, eval_acc: -0.0079, train_loss: 0.1729, eval_loss: 0.1758
2022-11-06 14:17:21,655 - RoomAsNodeGNN - INFO - epoch:  369, train_acc: 0.0063, eval_acc: -0.0071, train_loss: 0.1729, eval_loss: 0.1756
2022-11-06 14:17:21,858 - RoomAsNodeGNN - INFO - epoch:  370, train_acc: 0.0066, eval_acc: -0.0074, train_loss: 0.1729, eval_loss: 0.1757
2022-11-06 14:17:22,061 - RoomAsNodeGNN - INFO - epoch:  371, train_acc: 0.0071, eval_acc: -0.0089, train_loss: 0.1728, eval_loss: 0.1760
2022-11-06 14:17:22,264 - RoomAsNodeGNN - INFO - epoch:  372, train_acc: 0.0069, eval_acc: -0.0077, train_loss: 0.1729, eval_loss: 0.1757
2022-11-06 14:17:22,452 - RoomAsNodeGNN - INFO - epoch:  373, train_acc: 0.0071, eval_acc: -0.0080, train_loss: 0.1728, eval_loss: 0.1758
2022-11-06 14:17:22,655 - RoomAsNodeGNN - INFO - epoch:  374, train_acc: 0.0067, eval_acc: -0.0076, train_loss: 0.1729, eval_loss: 0.1757
2022-11-06 14:17:22,858 - RoomAsNodeGNN - INFO - epoch:  375, train_acc: 0.0067, eval_acc: -0.0073, train_loss: 0.1729, eval_loss: 0.1757
2022-11-06 14:17:23,061 - RoomAsNodeGNN - INFO - epoch:  376, train_acc: 0.0068, eval_acc: -0.0078, train_loss: 0.1729, eval_loss: 0.1758
2022-11-06 14:17:23,249 - RoomAsNodeGNN - INFO - epoch:  377, train_acc: 0.0069, eval_acc: -0.0084, train_loss: 0.1728, eval_loss: 0.1759
2022-11-06 14:17:23,452 - RoomAsNodeGNN - INFO - epoch:  378, train_acc: 0.0067, eval_acc: -0.0075, train_loss: 0.1729, eval_loss: 0.1757
2022-11-06 14:17:23,655 - RoomAsNodeGNN - INFO - epoch:  379, train_acc: 0.0068, eval_acc: -0.0075, train_loss: 0.1729, eval_loss: 0.1757
2022-11-06 14:17:23,847 - RoomAsNodeGNN - INFO - epoch:  380, train_acc: 0.0072, eval_acc: -0.0081, train_loss: 0.1728, eval_loss: 0.1758
2022-11-06 14:17:24,046 - RoomAsNodeGNN - INFO - epoch:  381, train_acc: 0.0068, eval_acc: -0.0079, train_loss: 0.1729, eval_loss: 0.1758
2022-11-06 14:17:24,249 - RoomAsNodeGNN - INFO - epoch:  382, train_acc: 0.0072, eval_acc: -0.0086, train_loss: 0.1729, eval_loss: 0.1759
2022-11-06 14:17:24,452 - RoomAsNodeGNN - INFO - epoch:  383, train_acc: 0.0074, eval_acc: -0.0076, train_loss: 0.1728, eval_loss: 0.1757
2022-11-06 14:17:24,655 - RoomAsNodeGNN - INFO - epoch:  384, train_acc: 0.0074, eval_acc: -0.0078, train_loss: 0.1728, eval_loss: 0.1758
2022-11-06 14:17:24,842 - RoomAsNodeGNN - INFO - epoch:  385, train_acc: 0.0068, eval_acc: -0.0074, train_loss: 0.1729, eval_loss: 0.1757
2022-11-06 14:17:25,046 - RoomAsNodeGNN - INFO - epoch:  386, train_acc: 0.0073, eval_acc: -0.0076, train_loss: 0.1728, eval_loss: 0.1757
2022-11-06 14:17:25,249 - RoomAsNodeGNN - INFO - epoch:  387, train_acc: 0.0073, eval_acc: -0.0077, train_loss: 0.1729, eval_loss: 0.1757
2022-11-06 14:17:25,456 - RoomAsNodeGNN - INFO - epoch:  388, train_acc: 0.0071, eval_acc: -0.0081, train_loss: 0.1728, eval_loss: 0.1758
2022-11-06 14:17:25,655 - RoomAsNodeGNN - INFO - epoch:  389, train_acc: 0.0072, eval_acc: -0.0079, train_loss: 0.1728, eval_loss: 0.1758
2022-11-06 14:17:25,858 - RoomAsNodeGNN - INFO - epoch:  390, train_acc: 0.0072, eval_acc: -0.0087, train_loss: 0.1728, eval_loss: 0.1759
2022-11-06 14:17:26,061 - RoomAsNodeGNN - INFO - epoch:  391, train_acc: 0.0071, eval_acc: -0.0075, train_loss: 0.1728, eval_loss: 0.1757
2022-11-06 14:17:26,264 - RoomAsNodeGNN - INFO - epoch:  392, train_acc: 0.0072, eval_acc: -0.0085, train_loss: 0.1728, eval_loss: 0.1759
2022-11-06 14:17:26,467 - RoomAsNodeGNN - INFO - epoch:  393, train_acc: 0.0070, eval_acc: -0.0079, train_loss: 0.1728, eval_loss: 0.1758
2022-11-06 14:17:26,671 - RoomAsNodeGNN - INFO - epoch:  394, train_acc: 0.0069, eval_acc: -0.0083, train_loss: 0.1729, eval_loss: 0.1758
2022-11-06 14:17:26,874 - RoomAsNodeGNN - INFO - epoch:  395, train_acc: 0.0074, eval_acc: -0.0085, train_loss: 0.1728, eval_loss: 0.1759
2022-11-06 14:17:27,061 - RoomAsNodeGNN - INFO - epoch:  396, train_acc: 0.0071, eval_acc: -0.0077, train_loss: 0.1729, eval_loss: 0.1757
2022-11-06 14:17:27,264 - RoomAsNodeGNN - INFO - epoch:  397, train_acc: 0.0074, eval_acc: -0.0079, train_loss: 0.1727, eval_loss: 0.1758
2022-11-06 14:17:27,467 - RoomAsNodeGNN - INFO - epoch:  398, train_acc: 0.0075, eval_acc: -0.0082, train_loss: 0.1727, eval_loss: 0.1758
2022-11-06 14:17:27,671 - RoomAsNodeGNN - INFO - epoch:  399, train_acc: 0.0073, eval_acc: -0.0082, train_loss: 0.1728, eval_loss: 0.1758
2022-11-06 14:17:27,874 - RoomAsNodeGNN - INFO - epoch:  400, train_acc: 0.0071, eval_acc: -0.0089, train_loss: 0.1728, eval_loss: 0.1760
2022-11-06 14:17:28,061 - RoomAsNodeGNN - INFO - epoch:  401, train_acc: 0.0074, eval_acc: -0.0081, train_loss: 0.1728, eval_loss: 0.1758
2022-11-06 14:17:28,265 - RoomAsNodeGNN - INFO - epoch:  402, train_acc: 0.0073, eval_acc: -0.0081, train_loss: 0.1728, eval_loss: 0.1758
2022-11-06 14:17:28,467 - RoomAsNodeGNN - INFO - epoch:  403, train_acc: 0.0075, eval_acc: -0.0098, train_loss: 0.1727, eval_loss: 0.1761
2022-11-06 14:17:28,671 - RoomAsNodeGNN - INFO - epoch:  404, train_acc: 0.0073, eval_acc: -0.0077, train_loss: 0.1728, eval_loss: 0.1757
2022-11-06 14:17:28,874 - RoomAsNodeGNN - INFO - epoch:  405, train_acc: 0.0072, eval_acc: -0.0083, train_loss: 0.1728, eval_loss: 0.1758
2022-11-06 14:17:29,061 - RoomAsNodeGNN - INFO - epoch:  406, train_acc: 0.0071, eval_acc: -0.0104, train_loss: 0.1727, eval_loss: 0.1762
2022-11-06 14:17:29,264 - RoomAsNodeGNN - INFO - epoch:  407, train_acc: 0.0075, eval_acc: -0.0081, train_loss: 0.1727, eval_loss: 0.1758
2022-11-06 14:17:29,467 - RoomAsNodeGNN - INFO - epoch:  408, train_acc: 0.0075, eval_acc: -0.0078, train_loss: 0.1727, eval_loss: 0.1758
2022-11-06 14:17:29,671 - RoomAsNodeGNN - INFO - epoch:  409, train_acc: 0.0074, eval_acc: -0.0082, train_loss: 0.1727, eval_loss: 0.1758
2022-11-06 14:17:29,874 - RoomAsNodeGNN - INFO - epoch:  410, train_acc: 0.0074, eval_acc: -0.0083, train_loss: 0.1728, eval_loss: 0.1759
2022-11-06 14:17:30,077 - RoomAsNodeGNN - INFO - epoch:  411, train_acc: 0.0066, eval_acc: -0.0091, train_loss: 0.1729, eval_loss: 0.1760
2022-11-06 14:17:30,265 - RoomAsNodeGNN - INFO - epoch:  412, train_acc: 0.0074, eval_acc: -0.0076, train_loss: 0.1728, eval_loss: 0.1757
2022-11-06 14:17:30,468 - RoomAsNodeGNN - INFO - epoch:  413, train_acc: 0.0072, eval_acc: -0.0088, train_loss: 0.1728, eval_loss: 0.1759
2022-11-06 14:17:30,671 - RoomAsNodeGNN - INFO - epoch:  414, train_acc: 0.0073, eval_acc: -0.0093, train_loss: 0.1728, eval_loss: 0.1760
2022-11-06 14:17:30,874 - RoomAsNodeGNN - INFO - epoch:  415, train_acc: 0.0075, eval_acc: -0.0086, train_loss: 0.1727, eval_loss: 0.1759
2022-11-06 14:17:31,061 - RoomAsNodeGNN - INFO - epoch:  416, train_acc: 0.0074, eval_acc: -0.0079, train_loss: 0.1727, eval_loss: 0.1758
2022-11-06 14:17:31,265 - RoomAsNodeGNN - INFO - epoch:  417, train_acc: 0.0077, eval_acc: -0.0091, train_loss: 0.1726, eval_loss: 0.1760
2022-11-06 14:17:31,468 - RoomAsNodeGNN - INFO - epoch:  418, train_acc: 0.0075, eval_acc: -0.0089, train_loss: 0.1727, eval_loss: 0.1759
2022-11-06 14:17:31,671 - RoomAsNodeGNN - INFO - epoch:  419, train_acc: 0.0074, eval_acc: -0.0089, train_loss: 0.1728, eval_loss: 0.1759
2022-11-06 14:17:31,858 - RoomAsNodeGNN - INFO - epoch:  420, train_acc: 0.0077, eval_acc: -0.0079, train_loss: 0.1727, eval_loss: 0.1758
2022-11-06 14:17:32,061 - RoomAsNodeGNN - INFO - epoch:  421, train_acc: 0.0075, eval_acc: -0.0084, train_loss: 0.1727, eval_loss: 0.1759
2022-11-06 14:17:32,264 - RoomAsNodeGNN - INFO - epoch:  422, train_acc: 0.0078, eval_acc: -0.0085, train_loss: 0.1727, eval_loss: 0.1759
2022-11-06 14:17:32,468 - RoomAsNodeGNN - INFO - epoch:  423, train_acc: 0.0078, eval_acc: -0.0086, train_loss: 0.1727, eval_loss: 0.1759
2022-11-06 14:17:32,655 - RoomAsNodeGNN - INFO - epoch:  424, train_acc: 0.0079, eval_acc: -0.0091, train_loss: 0.1727, eval_loss: 0.1760
2022-11-06 14:17:32,858 - RoomAsNodeGNN - INFO - epoch:  425, train_acc: 0.0079, eval_acc: -0.0085, train_loss: 0.1727, eval_loss: 0.1759
2022-11-06 14:17:33,061 - RoomAsNodeGNN - INFO - epoch:  426, train_acc: 0.0079, eval_acc: -0.0088, train_loss: 0.1727, eval_loss: 0.1759
2022-11-06 14:17:33,265 - RoomAsNodeGNN - INFO - epoch:  427, train_acc: 0.0075, eval_acc: -0.0088, train_loss: 0.1727, eval_loss: 0.1759
2022-11-06 14:17:33,468 - RoomAsNodeGNN - INFO - epoch:  428, train_acc: 0.0076, eval_acc: -0.0102, train_loss: 0.1728, eval_loss: 0.1762
2022-11-06 14:17:33,655 - RoomAsNodeGNN - INFO - epoch:  429, train_acc: 0.0078, eval_acc: -0.0086, train_loss: 0.1727, eval_loss: 0.1759
2022-11-06 14:17:33,863 - RoomAsNodeGNN - INFO - epoch:  430, train_acc: 0.0075, eval_acc: -0.0085, train_loss: 0.1727, eval_loss: 0.1759
2022-11-06 14:17:34,061 - RoomAsNodeGNN - INFO - epoch:  431, train_acc: 0.0078, eval_acc: -0.0090, train_loss: 0.1728, eval_loss: 0.1760
2022-11-06 14:17:34,264 - RoomAsNodeGNN - INFO - epoch:  432, train_acc: 0.0073, eval_acc: -0.0096, train_loss: 0.1728, eval_loss: 0.1761
2022-11-06 14:17:34,452 - RoomAsNodeGNN - INFO - epoch:  433, train_acc: 0.0073, eval_acc: -0.0085, train_loss: 0.1728, eval_loss: 0.1759
2022-11-06 14:17:34,655 - RoomAsNodeGNN - INFO - epoch:  434, train_acc: 0.0077, eval_acc: -0.0086, train_loss: 0.1727, eval_loss: 0.1759
2022-11-06 14:17:34,858 - RoomAsNodeGNN - INFO - epoch:  435, train_acc: 0.0076, eval_acc: -0.0085, train_loss: 0.1727, eval_loss: 0.1759
2022-11-06 14:17:35,061 - RoomAsNodeGNN - INFO - epoch:  436, train_acc: 0.0077, eval_acc: -0.0086, train_loss: 0.1727, eval_loss: 0.1759
2022-11-06 14:17:35,249 - RoomAsNodeGNN - INFO - epoch:  437, train_acc: 0.0080, eval_acc: -0.0083, train_loss: 0.1727, eval_loss: 0.1758
2022-11-06 14:17:35,456 - RoomAsNodeGNN - INFO - epoch:  438, train_acc: 0.0079, eval_acc: -0.0088, train_loss: 0.1727, eval_loss: 0.1759
2022-11-06 14:17:35,655 - RoomAsNodeGNN - INFO - epoch:  439, train_acc: 0.0077, eval_acc: -0.0088, train_loss: 0.1727, eval_loss: 0.1759
2022-11-06 14:17:35,858 - RoomAsNodeGNN - INFO - epoch:  440, train_acc: 0.0076, eval_acc: -0.0085, train_loss: 0.1727, eval_loss: 0.1759
2022-11-06 14:17:36,046 - RoomAsNodeGNN - INFO - epoch:  441, train_acc: 0.0082, eval_acc: -0.0086, train_loss: 0.1726, eval_loss: 0.1759
2022-11-06 14:17:36,249 - RoomAsNodeGNN - INFO - epoch:  442, train_acc: 0.0079, eval_acc: -0.0097, train_loss: 0.1727, eval_loss: 0.1761
2022-11-06 14:17:36,452 - RoomAsNodeGNN - INFO - epoch:  443, train_acc: 0.0081, eval_acc: -0.0086, train_loss: 0.1727, eval_loss: 0.1759
2022-11-06 14:17:36,655 - RoomAsNodeGNN - INFO - epoch:  444, train_acc: 0.0079, eval_acc: -0.0091, train_loss: 0.1726, eval_loss: 0.1760
2022-11-06 14:17:36,858 - RoomAsNodeGNN - INFO - epoch:  445, train_acc: 0.0079, eval_acc: -0.0093, train_loss: 0.1726, eval_loss: 0.1760
2022-11-06 14:17:37,046 - RoomAsNodeGNN - INFO - epoch:  446, train_acc: 0.0080, eval_acc: -0.0092, train_loss: 0.1727, eval_loss: 0.1760
2022-11-06 14:17:37,249 - RoomAsNodeGNN - INFO - epoch:  447, train_acc: 0.0077, eval_acc: -0.0086, train_loss: 0.1728, eval_loss: 0.1759
2022-11-06 14:17:37,452 - RoomAsNodeGNN - INFO - epoch:  448, train_acc: 0.0080, eval_acc: -0.0088, train_loss: 0.1726, eval_loss: 0.1759
2022-11-06 14:17:37,655 - RoomAsNodeGNN - INFO - epoch:  449, train_acc: 0.0080, eval_acc: -0.0099, train_loss: 0.1727, eval_loss: 0.1761
2022-11-06 14:17:37,858 - RoomAsNodeGNN - INFO - epoch:  450, train_acc: 0.0077, eval_acc: -0.0088, train_loss: 0.1728, eval_loss: 0.1759
2022-11-06 14:17:38,046 - RoomAsNodeGNN - INFO - epoch:  451, train_acc: 0.0082, eval_acc: -0.0084, train_loss: 0.1727, eval_loss: 0.1759
2022-11-06 14:17:38,249 - RoomAsNodeGNN - INFO - epoch:  452, train_acc: 0.0081, eval_acc: -0.0107, train_loss: 0.1726, eval_loss: 0.1763
2022-11-06 14:17:38,452 - RoomAsNodeGNN - INFO - epoch:  453, train_acc: 0.0077, eval_acc: -0.0086, train_loss: 0.1727, eval_loss: 0.1759
2022-11-06 14:17:38,655 - RoomAsNodeGNN - INFO - epoch:  454, train_acc: 0.0082, eval_acc: -0.0086, train_loss: 0.1726, eval_loss: 0.1759
2022-11-06 14:17:38,847 - RoomAsNodeGNN - INFO - epoch:  455, train_acc: 0.0080, eval_acc: -0.0090, train_loss: 0.1727, eval_loss: 0.1760
2022-11-06 14:17:39,046 - RoomAsNodeGNN - INFO - epoch:  456, train_acc: 0.0082, eval_acc: -0.0092, train_loss: 0.1727, eval_loss: 0.1760
2022-11-06 14:17:39,249 - RoomAsNodeGNN - INFO - epoch:  457, train_acc: 0.0082, eval_acc: -0.0092, train_loss: 0.1726, eval_loss: 0.1760
2022-11-06 14:17:39,452 - RoomAsNodeGNN - INFO - epoch:  458, train_acc: 0.0082, eval_acc: -0.0087, train_loss: 0.1727, eval_loss: 0.1759
2022-11-06 14:17:39,655 - RoomAsNodeGNN - INFO - epoch:  459, train_acc: 0.0083, eval_acc: -0.0089, train_loss: 0.1727, eval_loss: 0.1760
2022-11-06 14:17:39,858 - RoomAsNodeGNN - INFO - epoch:  460, train_acc: 0.0081, eval_acc: -0.0087, train_loss: 0.1727, eval_loss: 0.1759
2022-11-06 14:17:40,046 - RoomAsNodeGNN - INFO - epoch:  461, train_acc: 0.0081, eval_acc: -0.0087, train_loss: 0.1726, eval_loss: 0.1759
2022-11-06 14:17:40,249 - RoomAsNodeGNN - INFO - epoch:  462, train_acc: 0.0081, eval_acc: -0.0098, train_loss: 0.1726, eval_loss: 0.1761
2022-11-06 14:17:40,456 - RoomAsNodeGNN - INFO - epoch:  463, train_acc: 0.0078, eval_acc: -0.0092, train_loss: 0.1727, eval_loss: 0.1760
2022-11-06 14:17:40,655 - RoomAsNodeGNN - INFO - epoch:  464, train_acc: 0.0085, eval_acc: -0.0086, train_loss: 0.1726, eval_loss: 0.1759
2022-11-06 14:17:40,858 - RoomAsNodeGNN - INFO - epoch:  465, train_acc: 0.0083, eval_acc: -0.0089, train_loss: 0.1726, eval_loss: 0.1759
2022-11-06 14:17:41,046 - RoomAsNodeGNN - INFO - epoch:  466, train_acc: 0.0084, eval_acc: -0.0090, train_loss: 0.1726, eval_loss: 0.1760
2022-11-06 14:17:41,249 - RoomAsNodeGNN - INFO - epoch:  467, train_acc: 0.0084, eval_acc: -0.0090, train_loss: 0.1726, eval_loss: 0.1760
2022-11-06 14:17:41,452 - RoomAsNodeGNN - INFO - epoch:  468, train_acc: 0.0085, eval_acc: -0.0092, train_loss: 0.1726, eval_loss: 0.1760
2022-11-06 14:17:41,655 - RoomAsNodeGNN - INFO - epoch:  469, train_acc: 0.0081, eval_acc: -0.0096, train_loss: 0.1727, eval_loss: 0.1761
2022-11-06 14:17:41,843 - RoomAsNodeGNN - INFO - epoch:  470, train_acc: 0.0083, eval_acc: -0.0091, train_loss: 0.1726, eval_loss: 0.1760
2022-11-06 14:17:42,046 - RoomAsNodeGNN - INFO - epoch:  471, train_acc: 0.0084, eval_acc: -0.0093, train_loss: 0.1727, eval_loss: 0.1760
2022-11-06 14:17:42,249 - RoomAsNodeGNN - INFO - epoch:  472, train_acc: 0.0083, eval_acc: -0.0091, train_loss: 0.1726, eval_loss: 0.1760
2022-11-06 14:17:42,452 - RoomAsNodeGNN - INFO - epoch:  473, train_acc: 0.0084, eval_acc: -0.0096, train_loss: 0.1726, eval_loss: 0.1761
2022-11-06 14:17:42,639 - RoomAsNodeGNN - INFO - epoch:  474, train_acc: 0.0075, eval_acc: -0.0101, train_loss: 0.1727, eval_loss: 0.1762
2022-11-06 14:17:42,842 - RoomAsNodeGNN - INFO - epoch:  475, train_acc: 0.0082, eval_acc: -0.0103, train_loss: 0.1726, eval_loss: 0.1762
2022-11-06 14:17:43,046 - RoomAsNodeGNN - INFO - epoch:  476, train_acc: 0.0080, eval_acc: -0.0092, train_loss: 0.1726, eval_loss: 0.1760
2022-11-06 14:17:43,249 - RoomAsNodeGNN - INFO - epoch:  477, train_acc: 0.0084, eval_acc: -0.0088, train_loss: 0.1726, eval_loss: 0.1759
2022-11-06 14:17:43,452 - RoomAsNodeGNN - INFO - epoch:  478, train_acc: 0.0087, eval_acc: -0.0093, train_loss: 0.1726, eval_loss: 0.1760
2022-11-06 14:17:43,639 - RoomAsNodeGNN - INFO - epoch:  479, train_acc: 0.0086, eval_acc: -0.0093, train_loss: 0.1726, eval_loss: 0.1760
2022-11-06 14:17:43,847 - RoomAsNodeGNN - INFO - epoch:  480, train_acc: 0.0084, eval_acc: -0.0097, train_loss: 0.1726, eval_loss: 0.1761
2022-11-06 14:17:44,046 - RoomAsNodeGNN - INFO - epoch:  481, train_acc: 0.0088, eval_acc: -0.0097, train_loss: 0.1725, eval_loss: 0.1761
2022-11-06 14:17:44,249 - RoomAsNodeGNN - INFO - epoch:  482, train_acc: 0.0086, eval_acc: -0.0105, train_loss: 0.1725, eval_loss: 0.1762
2022-11-06 14:17:44,452 - RoomAsNodeGNN - INFO - epoch:  483, train_acc: 0.0083, eval_acc: -0.0099, train_loss: 0.1726, eval_loss: 0.1761
2022-11-06 14:17:44,639 - RoomAsNodeGNN - INFO - epoch:  484, train_acc: 0.0084, eval_acc: -0.0094, train_loss: 0.1726, eval_loss: 0.1760
2022-11-06 14:17:44,843 - RoomAsNodeGNN - INFO - epoch:  485, train_acc: 0.0083, eval_acc: -0.0094, train_loss: 0.1726, eval_loss: 0.1760
2022-11-06 14:17:45,046 - RoomAsNodeGNN - INFO - epoch:  486, train_acc: 0.0084, eval_acc: -0.0097, train_loss: 0.1725, eval_loss: 0.1761
2022-11-06 14:17:45,249 - RoomAsNodeGNN - INFO - epoch:  487, train_acc: 0.0085, eval_acc: -0.0093, train_loss: 0.1726, eval_loss: 0.1760
2022-11-06 14:17:45,441 - RoomAsNodeGNN - INFO - epoch:  488, train_acc: 0.0087, eval_acc: -0.0099, train_loss: 0.1725, eval_loss: 0.1761
2022-11-06 14:17:45,639 - RoomAsNodeGNN - INFO - epoch:  489, train_acc: 0.0084, eval_acc: -0.0092, train_loss: 0.1726, eval_loss: 0.1760
2022-11-06 14:17:45,842 - RoomAsNodeGNN - INFO - epoch:  490, train_acc: 0.0085, eval_acc: -0.0098, train_loss: 0.1725, eval_loss: 0.1761
2022-11-06 14:17:46,046 - RoomAsNodeGNN - INFO - epoch:  491, train_acc: 0.0087, eval_acc: -0.0092, train_loss: 0.1726, eval_loss: 0.1760
2022-11-06 14:17:46,249 - RoomAsNodeGNN - INFO - epoch:  492, train_acc: 0.0087, eval_acc: -0.0095, train_loss: 0.1726, eval_loss: 0.1760
2022-11-06 14:17:46,452 - RoomAsNodeGNN - INFO - epoch:  493, train_acc: 0.0084, eval_acc: -0.0094, train_loss: 0.1726, eval_loss: 0.1760
2022-11-06 14:17:46,639 - RoomAsNodeGNN - INFO - epoch:  494, train_acc: 0.0087, eval_acc: -0.0092, train_loss: 0.1726, eval_loss: 0.1760
2022-11-06 14:17:46,843 - RoomAsNodeGNN - INFO - epoch:  495, train_acc: 0.0086, eval_acc: -0.0100, train_loss: 0.1726, eval_loss: 0.1761
2022-11-06 14:17:47,046 - RoomAsNodeGNN - INFO - epoch:  496, train_acc: 0.0085, eval_acc: -0.0098, train_loss: 0.1725, eval_loss: 0.1761
2022-11-06 14:17:47,233 - RoomAsNodeGNN - INFO - epoch:  497, train_acc: 0.0082, eval_acc: -0.0093, train_loss: 0.1726, eval_loss: 0.1760
2022-11-06 14:17:47,436 - RoomAsNodeGNN - INFO - epoch:  498, train_acc: 0.0086, eval_acc: -0.0094, train_loss: 0.1725, eval_loss: 0.1760
2022-11-06 14:17:47,639 - RoomAsNodeGNN - INFO - epoch:  499, train_acc: 0.0085, eval_acc: -0.0099, train_loss: 0.1726, eval_loss: 0.1761
2022-11-06 14:17:47,842 - RoomAsNodeGNN - INFO - epoch:  500, train_acc: 0.0087, eval_acc: -0.0097, train_loss: 0.1726, eval_loss: 0.1761
