2022-11-05 16:35:10,986 - graphVAE - INFO - Namespace(batch_size=32, ckpt_dir='Results\\2022_11_05__16_35_10', data_num=5000, data_path=WindowsPath('data'), decoder_name='VariationalGraphDecoder', device=device(type='cuda'), encoder_name='VariationalGraphEncoder', hidden_dim=256, kl_loss_ratio=0.002, lr=0.001, model_name='VGAE', num_epoch=500)
2022-11-05 16:35:14,189 - graphVAE - INFO - Dataset length: 2155
2022-11-05 16:35:14,189 - graphVAE - INFO - train, valid, test dataset len: 1724, 431, 0
2022-11-05 16:35:14,299 - graphVAE - INFO - VGAE(
  (encoder): VariationalGraphEncoder(
    (conv1): GCNConv(10, 256)
    (linear_mu): Linear(in_features=256, out_features=256, bias=True)
    (linear_logvar): Linear(in_features=256, out_features=256, bias=True)
  )
  (decoder): VariationalGraphDecoder(
    (linear_1): Linear(in_features=256, out_features=256, bias=True)
    (conv1): GCNConv(256, 256)
    (linear_2): Linear(in_features=256, out_features=2, bias=True)
  )
)
2022-11-05 16:35:16,127 - graphVAE - INFO - epoch:    1, train_acc: 0.2356, eval_acc: 0.5669, train_loss: 1.3353, eval_loss: 0.8557
2022-11-05 16:35:16,127 - graphVAE - INFO - Trained model saved, eval loss: 0.8557
2022-11-05 16:35:16,533 - graphVAE - INFO - epoch:    2, train_acc: 0.5123, eval_acc: 0.5710, train_loss: 0.9837, eval_loss: 0.8562
2022-11-05 16:35:16,938 - graphVAE - INFO - epoch:    3, train_acc: 0.5249, eval_acc: 0.6193, train_loss: 0.9672, eval_loss: 0.7724
2022-11-05 16:35:16,938 - graphVAE - INFO - Trained model saved, eval loss: 0.7724
2022-11-05 16:35:17,344 - graphVAE - INFO - epoch:    4, train_acc: 0.5362, eval_acc: 0.6950, train_loss: 0.9489, eval_loss: 0.6890
2022-11-05 16:35:17,344 - graphVAE - INFO - Trained model saved, eval loss: 0.6890
2022-11-05 16:35:17,750 - graphVAE - INFO - epoch:    5, train_acc: 0.5325, eval_acc: 0.6413, train_loss: 0.9547, eval_loss: 0.7535
2022-11-05 16:35:18,157 - graphVAE - INFO - epoch:    6, train_acc: 0.5451, eval_acc: 0.7194, train_loss: 0.9360, eval_loss: 0.6505
2022-11-05 16:35:18,157 - graphVAE - INFO - Trained model saved, eval loss: 0.6505
2022-11-05 16:35:18,563 - graphVAE - INFO - epoch:    7, train_acc: 0.5436, eval_acc: 0.7374, train_loss: 0.9369, eval_loss: 0.6503
2022-11-05 16:35:18,563 - graphVAE - INFO - Trained model saved, eval loss: 0.6503
2022-11-05 16:35:18,969 - graphVAE - INFO - epoch:    8, train_acc: 0.5450, eval_acc: 0.7340, train_loss: 0.9333, eval_loss: 0.6140
2022-11-05 16:35:18,969 - graphVAE - INFO - Trained model saved, eval loss: 0.6140
2022-11-05 16:35:19,375 - graphVAE - INFO - epoch:    9, train_acc: 0.5361, eval_acc: 0.7334, train_loss: 0.9444, eval_loss: 0.6481
2022-11-05 16:35:19,792 - graphVAE - INFO - epoch:   10, train_acc: 0.5424, eval_acc: 0.7434, train_loss: 0.9429, eval_loss: 0.6010
2022-11-05 16:35:19,792 - graphVAE - INFO - Trained model saved, eval loss: 0.6010
2022-11-05 16:35:20,213 - graphVAE - INFO - epoch:   11, train_acc: 0.5416, eval_acc: 0.6919, train_loss: 0.9384, eval_loss: 0.6633
2022-11-05 16:35:20,620 - graphVAE - INFO - epoch:   12, train_acc: 0.5402, eval_acc: 0.7393, train_loss: 0.9420, eval_loss: 0.5990
2022-11-05 16:35:20,620 - graphVAE - INFO - Trained model saved, eval loss: 0.5990
2022-11-05 16:35:21,026 - graphVAE - INFO - epoch:   13, train_acc: 0.5452, eval_acc: 0.7205, train_loss: 0.9297, eval_loss: 0.6440
2022-11-05 16:35:21,417 - graphVAE - INFO - epoch:   14, train_acc: 0.5475, eval_acc: 0.7103, train_loss: 0.9320, eval_loss: 0.6615
2022-11-05 16:35:21,823 - graphVAE - INFO - epoch:   15, train_acc: 0.5395, eval_acc: 0.7288, train_loss: 0.9461, eval_loss: 0.6349
2022-11-05 16:35:22,213 - graphVAE - INFO - epoch:   16, train_acc: 0.5458, eval_acc: 0.7471, train_loss: 0.9286, eval_loss: 0.6084
2022-11-05 16:35:22,620 - graphVAE - INFO - epoch:   17, train_acc: 0.5444, eval_acc: 0.7703, train_loss: 0.9340, eval_loss: 0.6015
2022-11-05 16:35:23,010 - graphVAE - INFO - epoch:   18, train_acc: 0.5491, eval_acc: 0.7217, train_loss: 0.9304, eval_loss: 0.6094
2022-11-05 16:35:23,417 - graphVAE - INFO - epoch:   19, train_acc: 0.5419, eval_acc: 0.7753, train_loss: 0.9342, eval_loss: 0.5777
2022-11-05 16:35:23,417 - graphVAE - INFO - Trained model saved, eval loss: 0.5777
2022-11-05 16:35:23,807 - graphVAE - INFO - epoch:   20, train_acc: 0.5483, eval_acc: 0.7858, train_loss: 0.9325, eval_loss: 0.5607
2022-11-05 16:35:23,807 - graphVAE - INFO - Trained model saved, eval loss: 0.5607
2022-11-05 16:35:24,214 - graphVAE - INFO - epoch:   21, train_acc: 0.5442, eval_acc: 0.7604, train_loss: 0.9335, eval_loss: 0.5872
2022-11-05 16:35:24,604 - graphVAE - INFO - epoch:   22, train_acc: 0.5520, eval_acc: 0.7865, train_loss: 0.9188, eval_loss: 0.5585
2022-11-05 16:35:24,620 - graphVAE - INFO - Trained model saved, eval loss: 0.5585
2022-11-05 16:35:25,010 - graphVAE - INFO - epoch:   23, train_acc: 0.5452, eval_acc: 0.7693, train_loss: 0.9351, eval_loss: 0.5648
2022-11-05 16:35:25,412 - graphVAE - INFO - epoch:   24, train_acc: 0.5443, eval_acc: 0.7780, train_loss: 0.9361, eval_loss: 0.5609
2022-11-05 16:35:25,818 - graphVAE - INFO - epoch:   25, train_acc: 0.5495, eval_acc: 0.7321, train_loss: 0.9276, eval_loss: 0.6245
2022-11-05 16:35:26,208 - graphVAE - INFO - epoch:   26, train_acc: 0.5460, eval_acc: 0.7590, train_loss: 0.9334, eval_loss: 0.5787
2022-11-05 16:35:26,599 - graphVAE - INFO - epoch:   27, train_acc: 0.5439, eval_acc: 0.7461, train_loss: 0.9397, eval_loss: 0.6011
2022-11-05 16:35:27,012 - graphVAE - INFO - epoch:   28, train_acc: 0.5524, eval_acc: 0.7790, train_loss: 0.9197, eval_loss: 0.5515
2022-11-05 16:35:27,012 - graphVAE - INFO - Trained model saved, eval loss: 0.5515
2022-11-05 16:35:27,403 - graphVAE - INFO - epoch:   29, train_acc: 0.5455, eval_acc: 0.7399, train_loss: 0.9404, eval_loss: 0.5888
2022-11-05 16:35:27,796 - graphVAE - INFO - epoch:   30, train_acc: 0.5469, eval_acc: 0.7218, train_loss: 0.9338, eval_loss: 0.6227
2022-11-05 16:35:28,200 - graphVAE - INFO - epoch:   31, train_acc: 0.5571, eval_acc: 0.8046, train_loss: 0.9168, eval_loss: 0.5450
2022-11-05 16:35:28,200 - graphVAE - INFO - Trained model saved, eval loss: 0.5450
2022-11-05 16:35:28,606 - graphVAE - INFO - epoch:   32, train_acc: 0.5520, eval_acc: 0.7783, train_loss: 0.9270, eval_loss: 0.5737
2022-11-05 16:35:29,012 - graphVAE - INFO - epoch:   33, train_acc: 0.5586, eval_acc: 0.8098, train_loss: 0.9170, eval_loss: 0.5328
2022-11-05 16:35:29,012 - graphVAE - INFO - Trained model saved, eval loss: 0.5328
2022-11-05 16:35:29,403 - graphVAE - INFO - epoch:   34, train_acc: 0.5518, eval_acc: 0.8082, train_loss: 0.9222, eval_loss: 0.5276
2022-11-05 16:35:29,418 - graphVAE - INFO - Trained model saved, eval loss: 0.5276
2022-11-05 16:35:29,809 - graphVAE - INFO - epoch:   35, train_acc: 0.5530, eval_acc: 0.7764, train_loss: 0.9170, eval_loss: 0.5660
2022-11-05 16:35:30,215 - graphVAE - INFO - epoch:   36, train_acc: 0.5528, eval_acc: 0.8000, train_loss: 0.9223, eval_loss: 0.5586
2022-11-05 16:35:30,621 - graphVAE - INFO - epoch:   37, train_acc: 0.5612, eval_acc: 0.7588, train_loss: 0.9129, eval_loss: 0.5708
2022-11-05 16:35:31,028 - graphVAE - INFO - epoch:   38, train_acc: 0.5563, eval_acc: 0.8084, train_loss: 0.9194, eval_loss: 0.5510
2022-11-05 16:35:31,434 - graphVAE - INFO - epoch:   39, train_acc: 0.5467, eval_acc: 0.7907, train_loss: 0.9322, eval_loss: 0.5481
2022-11-05 16:35:31,825 - graphVAE - INFO - epoch:   40, train_acc: 0.5549, eval_acc: 0.7824, train_loss: 0.9211, eval_loss: 0.5525
2022-11-05 16:35:32,231 - graphVAE - INFO - epoch:   41, train_acc: 0.5510, eval_acc: 0.7905, train_loss: 0.9312, eval_loss: 0.5582
2022-11-05 16:35:32,637 - graphVAE - INFO - epoch:   42, train_acc: 0.5574, eval_acc: 0.7818, train_loss: 0.9190, eval_loss: 0.5532
2022-11-05 16:35:33,028 - graphVAE - INFO - epoch:   43, train_acc: 0.5552, eval_acc: 0.7975, train_loss: 0.9210, eval_loss: 0.5392
2022-11-05 16:35:33,434 - graphVAE - INFO - epoch:   44, train_acc: 0.5548, eval_acc: 0.7928, train_loss: 0.9234, eval_loss: 0.5545
2022-11-05 16:35:33,840 - graphVAE - INFO - epoch:   45, train_acc: 0.5565, eval_acc: 0.7698, train_loss: 0.9202, eval_loss: 0.5686
2022-11-05 16:35:34,246 - graphVAE - INFO - epoch:   46, train_acc: 0.5604, eval_acc: 0.8120, train_loss: 0.9145, eval_loss: 0.5143
2022-11-05 16:35:34,246 - graphVAE - INFO - Trained model saved, eval loss: 0.5143
2022-11-05 16:35:34,653 - graphVAE - INFO - epoch:   47, train_acc: 0.5522, eval_acc: 0.8102, train_loss: 0.9242, eval_loss: 0.5386
2022-11-05 16:35:35,059 - graphVAE - INFO - epoch:   48, train_acc: 0.5612, eval_acc: 0.7816, train_loss: 0.9173, eval_loss: 0.5614
2022-11-05 16:35:35,465 - graphVAE - INFO - epoch:   49, train_acc: 0.5567, eval_acc: 0.8391, train_loss: 0.9212, eval_loss: 0.5016
2022-11-05 16:35:35,465 - graphVAE - INFO - Trained model saved, eval loss: 0.5016
2022-11-05 16:35:35,856 - graphVAE - INFO - epoch:   50, train_acc: 0.5592, eval_acc: 0.8293, train_loss: 0.9163, eval_loss: 0.5042
2022-11-05 16:35:36,262 - graphVAE - INFO - epoch:   51, train_acc: 0.5596, eval_acc: 0.8163, train_loss: 0.9145, eval_loss: 0.5162
2022-11-05 16:35:36,668 - graphVAE - INFO - epoch:   52, train_acc: 0.5580, eval_acc: 0.7760, train_loss: 0.9184, eval_loss: 0.5647
2022-11-05 16:35:37,064 - graphVAE - INFO - epoch:   53, train_acc: 0.5551, eval_acc: 0.8032, train_loss: 0.9222, eval_loss: 0.5472
2022-11-05 16:35:37,470 - graphVAE - INFO - epoch:   54, train_acc: 0.5541, eval_acc: 0.8048, train_loss: 0.9239, eval_loss: 0.5163
2022-11-05 16:35:37,876 - graphVAE - INFO - epoch:   55, train_acc: 0.5609, eval_acc: 0.7995, train_loss: 0.9166, eval_loss: 0.5560
2022-11-05 16:35:38,267 - graphVAE - INFO - epoch:   56, train_acc: 0.5525, eval_acc: 0.8103, train_loss: 0.9264, eval_loss: 0.5370
2022-11-05 16:35:38,673 - graphVAE - INFO - epoch:   57, train_acc: 0.5660, eval_acc: 0.7907, train_loss: 0.9026, eval_loss: 0.5519
2022-11-05 16:35:39,079 - graphVAE - INFO - epoch:   58, train_acc: 0.5590, eval_acc: 0.8158, train_loss: 0.9201, eval_loss: 0.5020
2022-11-05 16:35:39,485 - graphVAE - INFO - epoch:   59, train_acc: 0.5542, eval_acc: 0.8269, train_loss: 0.9223, eval_loss: 0.5002
2022-11-05 16:35:39,485 - graphVAE - INFO - Trained model saved, eval loss: 0.5002
2022-11-05 16:35:39,876 - graphVAE - INFO - epoch:   60, train_acc: 0.5565, eval_acc: 0.8157, train_loss: 0.9231, eval_loss: 0.5206
2022-11-05 16:35:40,282 - graphVAE - INFO - epoch:   61, train_acc: 0.5600, eval_acc: 0.7983, train_loss: 0.9207, eval_loss: 0.5354
2022-11-05 16:35:40,689 - graphVAE - INFO - epoch:   62, train_acc: 0.5607, eval_acc: 0.8076, train_loss: 0.9172, eval_loss: 0.5389
2022-11-05 16:35:41,095 - graphVAE - INFO - epoch:   63, train_acc: 0.5601, eval_acc: 0.8136, train_loss: 0.9163, eval_loss: 0.5162
2022-11-05 16:35:41,485 - graphVAE - INFO - epoch:   64, train_acc: 0.5624, eval_acc: 0.7939, train_loss: 0.9161, eval_loss: 0.5370
2022-11-05 16:35:41,892 - graphVAE - INFO - epoch:   65, train_acc: 0.5499, eval_acc: 0.8206, train_loss: 0.9361, eval_loss: 0.5395
2022-11-05 16:35:42,298 - graphVAE - INFO - epoch:   66, train_acc: 0.5598, eval_acc: 0.8321, train_loss: 0.9164, eval_loss: 0.4881
2022-11-05 16:35:42,298 - graphVAE - INFO - Trained model saved, eval loss: 0.4881
2022-11-05 16:35:42,704 - graphVAE - INFO - epoch:   67, train_acc: 0.5542, eval_acc: 0.7986, train_loss: 0.9286, eval_loss: 0.5176
2022-11-05 16:35:43,110 - graphVAE - INFO - epoch:   68, train_acc: 0.5606, eval_acc: 0.8411, train_loss: 0.9080, eval_loss: 0.5139
2022-11-05 16:35:43,517 - graphVAE - INFO - epoch:   69, train_acc: 0.5592, eval_acc: 0.8147, train_loss: 0.9223, eval_loss: 0.5410
2022-11-05 16:35:43,923 - graphVAE - INFO - epoch:   70, train_acc: 0.5588, eval_acc: 0.8023, train_loss: 0.9087, eval_loss: 0.5402
2022-11-05 16:35:44,329 - graphVAE - INFO - epoch:   71, train_acc: 0.5595, eval_acc: 0.8320, train_loss: 0.9174, eval_loss: 0.5129
2022-11-05 16:35:44,735 - graphVAE - INFO - epoch:   72, train_acc: 0.5513, eval_acc: 0.8288, train_loss: 0.9283, eval_loss: 0.5145
2022-11-05 16:35:45,142 - graphVAE - INFO - epoch:   73, train_acc: 0.5640, eval_acc: 0.8211, train_loss: 0.9186, eval_loss: 0.5243
2022-11-05 16:35:45,548 - graphVAE - INFO - epoch:   74, train_acc: 0.5630, eval_acc: 0.8202, train_loss: 0.9138, eval_loss: 0.4869
2022-11-05 16:35:45,564 - graphVAE - INFO - Trained model saved, eval loss: 0.4869
2022-11-05 16:35:45,970 - graphVAE - INFO - epoch:   75, train_acc: 0.5604, eval_acc: 0.8356, train_loss: 0.9127, eval_loss: 0.4974
2022-11-05 16:35:46,392 - graphVAE - INFO - epoch:   76, train_acc: 0.5571, eval_acc: 0.8074, train_loss: 0.9241, eval_loss: 0.5071
2022-11-05 16:35:46,798 - graphVAE - INFO - epoch:   77, train_acc: 0.5610, eval_acc: 0.8279, train_loss: 0.9136, eval_loss: 0.5245
2022-11-05 16:35:47,235 - graphVAE - INFO - epoch:   78, train_acc: 0.5614, eval_acc: 0.8307, train_loss: 0.9192, eval_loss: 0.5105
2022-11-05 16:35:47,641 - graphVAE - INFO - epoch:   79, train_acc: 0.5577, eval_acc: 0.8272, train_loss: 0.9246, eval_loss: 0.5149
2022-11-05 16:35:48,063 - graphVAE - INFO - epoch:   80, train_acc: 0.5618, eval_acc: 0.8410, train_loss: 0.9094, eval_loss: 0.4821
2022-11-05 16:35:48,063 - graphVAE - INFO - Trained model saved, eval loss: 0.4821
2022-11-05 16:35:48,485 - graphVAE - INFO - epoch:   81, train_acc: 0.5586, eval_acc: 0.8331, train_loss: 0.9286, eval_loss: 0.5129
2022-11-05 16:35:48,891 - graphVAE - INFO - epoch:   82, train_acc: 0.5587, eval_acc: 0.8416, train_loss: 0.9170, eval_loss: 0.4873
2022-11-05 16:35:49,329 - graphVAE - INFO - epoch:   83, train_acc: 0.5678, eval_acc: 0.8338, train_loss: 0.9098, eval_loss: 0.4926
2022-11-05 16:35:49,735 - graphVAE - INFO - epoch:   84, train_acc: 0.5598, eval_acc: 0.8223, train_loss: 0.9208, eval_loss: 0.5023
2022-11-05 16:35:50,141 - graphVAE - INFO - epoch:   85, train_acc: 0.5708, eval_acc: 0.8346, train_loss: 0.9114, eval_loss: 0.5024
2022-11-05 16:35:50,548 - graphVAE - INFO - epoch:   86, train_acc: 0.5605, eval_acc: 0.8288, train_loss: 0.9166, eval_loss: 0.5223
2022-11-05 16:35:50,954 - graphVAE - INFO - epoch:   87, train_acc: 0.5614, eval_acc: 0.8374, train_loss: 0.9152, eval_loss: 0.5091
2022-11-05 16:35:51,360 - graphVAE - INFO - epoch:   88, train_acc: 0.5694, eval_acc: 0.8317, train_loss: 0.9047, eval_loss: 0.5176
2022-11-05 16:35:51,751 - graphVAE - INFO - epoch:   89, train_acc: 0.5697, eval_acc: 0.7962, train_loss: 0.9047, eval_loss: 0.5460
2022-11-05 16:35:52,157 - graphVAE - INFO - epoch:   90, train_acc: 0.5606, eval_acc: 0.7780, train_loss: 0.9178, eval_loss: 0.5711
2022-11-05 16:35:52,563 - graphVAE - INFO - epoch:   91, train_acc: 0.5683, eval_acc: 0.8337, train_loss: 0.9163, eval_loss: 0.5000
2022-11-05 16:35:52,970 - graphVAE - INFO - epoch:   92, train_acc: 0.5579, eval_acc: 0.8315, train_loss: 0.9239, eval_loss: 0.5042
2022-11-05 16:35:53,376 - graphVAE - INFO - epoch:   93, train_acc: 0.5645, eval_acc: 0.8204, train_loss: 0.9141, eval_loss: 0.5086
2022-11-05 16:35:53,782 - graphVAE - INFO - epoch:   94, train_acc: 0.5565, eval_acc: 0.8306, train_loss: 0.9355, eval_loss: 0.4853
2022-11-05 16:35:54,173 - graphVAE - INFO - epoch:   95, train_acc: 0.5646, eval_acc: 0.8392, train_loss: 0.9117, eval_loss: 0.4818
2022-11-05 16:35:54,173 - graphVAE - INFO - Trained model saved, eval loss: 0.4818
2022-11-05 16:35:54,595 - graphVAE - INFO - epoch:   96, train_acc: 0.5678, eval_acc: 0.8227, train_loss: 0.9068, eval_loss: 0.5249
2022-11-05 16:35:55,001 - graphVAE - INFO - epoch:   97, train_acc: 0.5574, eval_acc: 0.8243, train_loss: 0.9228, eval_loss: 0.5100
2022-11-05 16:35:55,516 - graphVAE - INFO - epoch:   98, train_acc: 0.5529, eval_acc: 0.8410, train_loss: 0.9348, eval_loss: 0.5106
2022-11-05 16:35:55,907 - graphVAE - INFO - epoch:   99, train_acc: 0.5671, eval_acc: 0.8243, train_loss: 0.9123, eval_loss: 0.5021
2022-11-05 16:35:56,329 - graphVAE - INFO - epoch:  100, train_acc: 0.5611, eval_acc: 0.8200, train_loss: 0.9207, eval_loss: 0.4961
2022-11-05 16:35:56,735 - graphVAE - INFO - epoch:  101, train_acc: 0.5636, eval_acc: 0.8340, train_loss: 0.9150, eval_loss: 0.4900
2022-11-05 16:35:57,126 - graphVAE - INFO - epoch:  102, train_acc: 0.5697, eval_acc: 0.8267, train_loss: 0.9076, eval_loss: 0.5245
2022-11-05 16:35:57,532 - graphVAE - INFO - epoch:  103, train_acc: 0.5708, eval_acc: 0.8293, train_loss: 0.9067, eval_loss: 0.4769
2022-11-05 16:35:57,532 - graphVAE - INFO - Trained model saved, eval loss: 0.4769
2022-11-05 16:35:57,938 - graphVAE - INFO - epoch:  104, train_acc: 0.5650, eval_acc: 0.8243, train_loss: 0.9087, eval_loss: 0.4987
2022-11-05 16:35:58,329 - graphVAE - INFO - epoch:  105, train_acc: 0.5580, eval_acc: 0.8376, train_loss: 0.9226, eval_loss: 0.5068
2022-11-05 16:35:58,735 - graphVAE - INFO - epoch:  106, train_acc: 0.5700, eval_acc: 0.8427, train_loss: 0.9084, eval_loss: 0.4937
2022-11-05 16:35:59,126 - graphVAE - INFO - epoch:  107, train_acc: 0.5697, eval_acc: 0.8253, train_loss: 0.9055, eval_loss: 0.4831
2022-11-05 16:35:59,532 - graphVAE - INFO - epoch:  108, train_acc: 0.5628, eval_acc: 0.8347, train_loss: 0.9064, eval_loss: 0.4914
2022-11-05 16:35:59,923 - graphVAE - INFO - epoch:  109, train_acc: 0.5618, eval_acc: 0.8178, train_loss: 0.9211, eval_loss: 0.4975
2022-11-05 16:36:00,329 - graphVAE - INFO - epoch:  110, train_acc: 0.5646, eval_acc: 0.8265, train_loss: 0.9080, eval_loss: 0.5142
2022-11-05 16:36:00,735 - graphVAE - INFO - epoch:  111, train_acc: 0.5680, eval_acc: 0.8318, train_loss: 0.9098, eval_loss: 0.4954
2022-11-05 16:36:01,126 - graphVAE - INFO - epoch:  112, train_acc: 0.5677, eval_acc: 0.8375, train_loss: 0.9097, eval_loss: 0.4861
2022-11-05 16:36:01,532 - graphVAE - INFO - epoch:  113, train_acc: 0.5640, eval_acc: 0.8499, train_loss: 0.9206, eval_loss: 0.5049
2022-11-05 16:36:01,923 - graphVAE - INFO - epoch:  114, train_acc: 0.5707, eval_acc: 0.8285, train_loss: 0.9113, eval_loss: 0.5195
2022-11-05 16:36:02,329 - graphVAE - INFO - epoch:  115, train_acc: 0.5695, eval_acc: 0.8423, train_loss: 0.9117, eval_loss: 0.4853
2022-11-05 16:36:02,735 - graphVAE - INFO - epoch:  116, train_acc: 0.5702, eval_acc: 0.8321, train_loss: 0.9057, eval_loss: 0.5217
2022-11-05 16:36:03,126 - graphVAE - INFO - epoch:  117, train_acc: 0.5745, eval_acc: 0.8370, train_loss: 0.9028, eval_loss: 0.5096
2022-11-05 16:36:03,532 - graphVAE - INFO - epoch:  118, train_acc: 0.5681, eval_acc: 0.8259, train_loss: 0.9124, eval_loss: 0.5152
2022-11-05 16:36:03,938 - graphVAE - INFO - epoch:  119, train_acc: 0.5767, eval_acc: 0.8251, train_loss: 0.9003, eval_loss: 0.5023
2022-11-05 16:36:04,329 - graphVAE - INFO - epoch:  120, train_acc: 0.5727, eval_acc: 0.8267, train_loss: 0.9035, eval_loss: 0.5050
2022-11-05 16:36:04,735 - graphVAE - INFO - epoch:  121, train_acc: 0.5664, eval_acc: 0.8484, train_loss: 0.9064, eval_loss: 0.5050
2022-11-05 16:36:05,141 - graphVAE - INFO - epoch:  122, train_acc: 0.5727, eval_acc: 0.8379, train_loss: 0.9106, eval_loss: 0.5065
2022-11-05 16:36:05,532 - graphVAE - INFO - epoch:  123, train_acc: 0.5789, eval_acc: 0.8476, train_loss: 0.9005, eval_loss: 0.4925
2022-11-05 16:36:05,938 - graphVAE - INFO - epoch:  124, train_acc: 0.5788, eval_acc: 0.8233, train_loss: 0.8881, eval_loss: 0.4978
2022-11-05 16:36:06,329 - graphVAE - INFO - epoch:  125, train_acc: 0.5825, eval_acc: 0.8234, train_loss: 0.8878, eval_loss: 0.4970
2022-11-05 16:36:06,735 - graphVAE - INFO - epoch:  126, train_acc: 0.5834, eval_acc: 0.8554, train_loss: 0.8859, eval_loss: 0.4746
2022-11-05 16:36:06,735 - graphVAE - INFO - Trained model saved, eval loss: 0.4746
2022-11-05 16:36:07,142 - graphVAE - INFO - epoch:  127, train_acc: 0.5860, eval_acc: 0.8385, train_loss: 0.8928, eval_loss: 0.5074
2022-11-05 16:36:07,548 - graphVAE - INFO - epoch:  128, train_acc: 0.5954, eval_acc: 0.8483, train_loss: 0.8763, eval_loss: 0.4868
2022-11-05 16:36:07,938 - graphVAE - INFO - epoch:  129, train_acc: 0.5889, eval_acc: 0.8442, train_loss: 0.8861, eval_loss: 0.4879
2022-11-05 16:36:08,345 - graphVAE - INFO - epoch:  130, train_acc: 0.5935, eval_acc: 0.8235, train_loss: 0.8798, eval_loss: 0.5194
2022-11-05 16:36:08,751 - graphVAE - INFO - epoch:  131, train_acc: 0.5875, eval_acc: 0.8512, train_loss: 0.8972, eval_loss: 0.4895
2022-11-05 16:36:09,157 - graphVAE - INFO - epoch:  132, train_acc: 0.5998, eval_acc: 0.8493, train_loss: 0.8781, eval_loss: 0.5024
2022-11-05 16:36:09,563 - graphVAE - INFO - epoch:  133, train_acc: 0.6099, eval_acc: 0.8515, train_loss: 0.8624, eval_loss: 0.4923
2022-11-05 16:36:10,032 - graphVAE - INFO - epoch:  134, train_acc: 0.6048, eval_acc: 0.8559, train_loss: 0.8722, eval_loss: 0.4861
2022-11-05 16:36:10,438 - graphVAE - INFO - epoch:  135, train_acc: 0.6096, eval_acc: 0.8481, train_loss: 0.8673, eval_loss: 0.5043
2022-11-05 16:36:10,829 - graphVAE - INFO - epoch:  136, train_acc: 0.6017, eval_acc: 0.8547, train_loss: 0.8732, eval_loss: 0.4857
2022-11-05 16:36:11,267 - graphVAE - INFO - epoch:  137, train_acc: 0.6111, eval_acc: 0.8443, train_loss: 0.8588, eval_loss: 0.4971
2022-11-05 16:36:11,657 - graphVAE - INFO - epoch:  138, train_acc: 0.6107, eval_acc: 0.8590, train_loss: 0.8577, eval_loss: 0.4807
2022-11-05 16:36:12,063 - graphVAE - INFO - epoch:  139, train_acc: 0.6099, eval_acc: 0.8559, train_loss: 0.8632, eval_loss: 0.4840
2022-11-05 16:36:12,470 - graphVAE - INFO - epoch:  140, train_acc: 0.6120, eval_acc: 0.8438, train_loss: 0.8632, eval_loss: 0.4998
2022-11-05 16:36:12,860 - graphVAE - INFO - epoch:  141, train_acc: 0.6139, eval_acc: 0.8443, train_loss: 0.8566, eval_loss: 0.4881
2022-11-05 16:36:13,267 - graphVAE - INFO - epoch:  142, train_acc: 0.6083, eval_acc: 0.8456, train_loss: 0.8693, eval_loss: 0.5079
2022-11-05 16:36:13,673 - graphVAE - INFO - epoch:  143, train_acc: 0.6228, eval_acc: 0.8517, train_loss: 0.8501, eval_loss: 0.4806
2022-11-05 16:36:14,079 - graphVAE - INFO - epoch:  144, train_acc: 0.6155, eval_acc: 0.8518, train_loss: 0.8595, eval_loss: 0.4866
2022-11-05 16:36:14,485 - graphVAE - INFO - epoch:  145, train_acc: 0.6095, eval_acc: 0.8501, train_loss: 0.8661, eval_loss: 0.4910
2022-11-05 16:36:14,876 - graphVAE - INFO - epoch:  146, train_acc: 0.6176, eval_acc: 0.8505, train_loss: 0.8498, eval_loss: 0.4904
2022-11-05 16:36:15,298 - graphVAE - INFO - epoch:  147, train_acc: 0.6153, eval_acc: 0.8536, train_loss: 0.8567, eval_loss: 0.4964
2022-11-05 16:36:15,704 - graphVAE - INFO - epoch:  148, train_acc: 0.6153, eval_acc: 0.8501, train_loss: 0.8563, eval_loss: 0.5125
2022-11-05 16:36:16,095 - graphVAE - INFO - epoch:  149, train_acc: 0.6169, eval_acc: 0.8536, train_loss: 0.8593, eval_loss: 0.4901
2022-11-05 16:36:16,501 - graphVAE - INFO - epoch:  150, train_acc: 0.6143, eval_acc: 0.8533, train_loss: 0.8606, eval_loss: 0.5002
2022-11-05 16:36:16,907 - graphVAE - INFO - epoch:  151, train_acc: 0.6179, eval_acc: 0.8574, train_loss: 0.8595, eval_loss: 0.4704
2022-11-05 16:36:16,907 - graphVAE - INFO - Trained model saved, eval loss: 0.4704
2022-11-05 16:36:17,345 - graphVAE - INFO - epoch:  152, train_acc: 0.6139, eval_acc: 0.8508, train_loss: 0.8586, eval_loss: 0.4904
2022-11-05 16:36:17,751 - graphVAE - INFO - epoch:  153, train_acc: 0.6167, eval_acc: 0.8500, train_loss: 0.8590, eval_loss: 0.5152
2022-11-05 16:36:18,142 - graphVAE - INFO - epoch:  154, train_acc: 0.6170, eval_acc: 0.8515, train_loss: 0.8640, eval_loss: 0.4883
2022-11-05 16:36:18,548 - graphVAE - INFO - epoch:  155, train_acc: 0.6147, eval_acc: 0.8444, train_loss: 0.8561, eval_loss: 0.4821
2022-11-05 16:36:18,954 - graphVAE - INFO - epoch:  156, train_acc: 0.6189, eval_acc: 0.8544, train_loss: 0.8565, eval_loss: 0.5076
2022-11-05 16:36:19,345 - graphVAE - INFO - epoch:  157, train_acc: 0.6194, eval_acc: 0.8554, train_loss: 0.8580, eval_loss: 0.4878
2022-11-05 16:36:19,751 - graphVAE - INFO - epoch:  158, train_acc: 0.6205, eval_acc: 0.8502, train_loss: 0.8502, eval_loss: 0.4879
2022-11-05 16:36:20,142 - graphVAE - INFO - epoch:  159, train_acc: 0.6231, eval_acc: 0.8345, train_loss: 0.8427, eval_loss: 0.4990
2022-11-05 16:36:20,548 - graphVAE - INFO - epoch:  160, train_acc: 0.6221, eval_acc: 0.8528, train_loss: 0.8531, eval_loss: 0.4806
2022-11-05 16:36:20,954 - graphVAE - INFO - epoch:  161, train_acc: 0.6229, eval_acc: 0.8559, train_loss: 0.8510, eval_loss: 0.5020
2022-11-05 16:36:21,361 - graphVAE - INFO - epoch:  162, train_acc: 0.6211, eval_acc: 0.8507, train_loss: 0.8555, eval_loss: 0.5054
2022-11-05 16:36:21,751 - graphVAE - INFO - epoch:  163, train_acc: 0.6240, eval_acc: 0.8475, train_loss: 0.8473, eval_loss: 0.5060
2022-11-05 16:36:22,157 - graphVAE - INFO - epoch:  164, train_acc: 0.6316, eval_acc: 0.8568, train_loss: 0.8360, eval_loss: 0.4869
2022-11-05 16:36:22,548 - graphVAE - INFO - epoch:  165, train_acc: 0.6302, eval_acc: 0.8510, train_loss: 0.8422, eval_loss: 0.4968
2022-11-05 16:36:22,954 - graphVAE - INFO - epoch:  166, train_acc: 0.6304, eval_acc: 0.8546, train_loss: 0.8444, eval_loss: 0.4919
2022-11-05 16:36:23,345 - graphVAE - INFO - epoch:  167, train_acc: 0.6413, eval_acc: 0.8557, train_loss: 0.8364, eval_loss: 0.4994
2022-11-05 16:36:23,751 - graphVAE - INFO - epoch:  168, train_acc: 0.6471, eval_acc: 0.8575, train_loss: 0.8240, eval_loss: 0.4838
2022-11-05 16:36:24,142 - graphVAE - INFO - epoch:  169, train_acc: 0.6513, eval_acc: 0.8509, train_loss: 0.8263, eval_loss: 0.5070
2022-11-05 16:36:24,548 - graphVAE - INFO - epoch:  170, train_acc: 0.6563, eval_acc: 0.8479, train_loss: 0.8160, eval_loss: 0.5131
2022-11-05 16:36:24,939 - graphVAE - INFO - epoch:  171, train_acc: 0.6565, eval_acc: 0.8529, train_loss: 0.8144, eval_loss: 0.4925
2022-11-05 16:36:25,345 - graphVAE - INFO - epoch:  172, train_acc: 0.6567, eval_acc: 0.8487, train_loss: 0.8142, eval_loss: 0.5133
2022-11-05 16:36:25,736 - graphVAE - INFO - epoch:  173, train_acc: 0.6586, eval_acc: 0.8502, train_loss: 0.8153, eval_loss: 0.4976
2022-11-05 16:36:26,142 - graphVAE - INFO - epoch:  174, train_acc: 0.6598, eval_acc: 0.8558, train_loss: 0.8113, eval_loss: 0.4993
2022-11-05 16:36:26,533 - graphVAE - INFO - epoch:  175, train_acc: 0.6596, eval_acc: 0.8562, train_loss: 0.8094, eval_loss: 0.4966
2022-11-05 16:36:26,939 - graphVAE - INFO - epoch:  176, train_acc: 0.6620, eval_acc: 0.8508, train_loss: 0.8102, eval_loss: 0.4918
2022-11-05 16:36:27,330 - graphVAE - INFO - epoch:  177, train_acc: 0.6630, eval_acc: 0.8466, train_loss: 0.8092, eval_loss: 0.5213
2022-11-05 16:36:27,736 - graphVAE - INFO - epoch:  178, train_acc: 0.6603, eval_acc: 0.8548, train_loss: 0.8058, eval_loss: 0.5089
2022-11-05 16:36:28,127 - graphVAE - INFO - epoch:  179, train_acc: 0.6651, eval_acc: 0.8538, train_loss: 0.8058, eval_loss: 0.4965
2022-11-05 16:36:28,533 - graphVAE - INFO - epoch:  180, train_acc: 0.6613, eval_acc: 0.8440, train_loss: 0.8159, eval_loss: 0.5183
2022-11-05 16:36:28,924 - graphVAE - INFO - epoch:  181, train_acc: 0.6654, eval_acc: 0.8537, train_loss: 0.8031, eval_loss: 0.5097
2022-11-05 16:36:29,319 - graphVAE - INFO - epoch:  182, train_acc: 0.6666, eval_acc: 0.8459, train_loss: 0.8082, eval_loss: 0.5082
2022-11-05 16:36:29,725 - graphVAE - INFO - epoch:  183, train_acc: 0.6662, eval_acc: 0.8549, train_loss: 0.8087, eval_loss: 0.4958
2022-11-05 16:36:30,116 - graphVAE - INFO - epoch:  184, train_acc: 0.6624, eval_acc: 0.8534, train_loss: 0.8044, eval_loss: 0.5127
2022-11-05 16:36:30,507 - graphVAE - INFO - epoch:  185, train_acc: 0.6630, eval_acc: 0.8535, train_loss: 0.8096, eval_loss: 0.5020
2022-11-05 16:36:30,913 - graphVAE - INFO - epoch:  186, train_acc: 0.6621, eval_acc: 0.8507, train_loss: 0.8109, eval_loss: 0.5000
2022-11-05 16:36:31,304 - graphVAE - INFO - epoch:  187, train_acc: 0.6639, eval_acc: 0.8469, train_loss: 0.8120, eval_loss: 0.5210
2022-11-05 16:36:31,710 - graphVAE - INFO - epoch:  188, train_acc: 0.6665, eval_acc: 0.8383, train_loss: 0.8011, eval_loss: 0.5410
2022-11-05 16:36:32,101 - graphVAE - INFO - epoch:  189, train_acc: 0.6630, eval_acc: 0.8555, train_loss: 0.8057, eval_loss: 0.5066
2022-11-05 16:36:32,507 - graphVAE - INFO - epoch:  190, train_acc: 0.6628, eval_acc: 0.8500, train_loss: 0.8087, eval_loss: 0.5165
2022-11-05 16:36:32,897 - graphVAE - INFO - epoch:  191, train_acc: 0.6648, eval_acc: 0.8557, train_loss: 0.8149, eval_loss: 0.5065
2022-11-05 16:36:33,304 - graphVAE - INFO - epoch:  192, train_acc: 0.6666, eval_acc: 0.8498, train_loss: 0.8123, eval_loss: 0.5058
2022-11-05 16:36:33,695 - graphVAE - INFO - epoch:  193, train_acc: 0.6650, eval_acc: 0.8411, train_loss: 0.8025, eval_loss: 0.5211
2022-11-05 16:36:34,101 - graphVAE - INFO - epoch:  194, train_acc: 0.6616, eval_acc: 0.8362, train_loss: 0.8105, eval_loss: 0.5299
2022-11-05 16:36:34,492 - graphVAE - INFO - epoch:  195, train_acc: 0.6647, eval_acc: 0.8465, train_loss: 0.8122, eval_loss: 0.5149
2022-11-05 16:36:34,883 - graphVAE - INFO - epoch:  196, train_acc: 0.6616, eval_acc: 0.8469, train_loss: 0.8192, eval_loss: 0.5146
2022-11-05 16:36:35,289 - graphVAE - INFO - epoch:  197, train_acc: 0.6654, eval_acc: 0.8443, train_loss: 0.8106, eval_loss: 0.5290
2022-11-05 16:36:35,679 - graphVAE - INFO - epoch:  198, train_acc: 0.6628, eval_acc: 0.8476, train_loss: 0.8155, eval_loss: 0.5293
2022-11-05 16:36:36,082 - graphVAE - INFO - epoch:  199, train_acc: 0.6681, eval_acc: 0.8509, train_loss: 0.8083, eval_loss: 0.5011
2022-11-05 16:36:36,472 - graphVAE - INFO - epoch:  200, train_acc: 0.6672, eval_acc: 0.8471, train_loss: 0.8042, eval_loss: 0.5239
2022-11-05 16:36:36,877 - graphVAE - INFO - epoch:  201, train_acc: 0.6688, eval_acc: 0.8396, train_loss: 0.8056, eval_loss: 0.5369
2022-11-05 16:36:37,268 - graphVAE - INFO - epoch:  202, train_acc: 0.6635, eval_acc: 0.8494, train_loss: 0.8068, eval_loss: 0.5135
2022-11-05 16:36:37,659 - graphVAE - INFO - epoch:  203, train_acc: 0.6683, eval_acc: 0.8354, train_loss: 0.8112, eval_loss: 0.5266
2022-11-05 16:36:38,065 - graphVAE - INFO - epoch:  204, train_acc: 0.6677, eval_acc: 0.8475, train_loss: 0.8079, eval_loss: 0.5017
2022-11-05 16:36:38,461 - graphVAE - INFO - epoch:  205, train_acc: 0.6679, eval_acc: 0.8386, train_loss: 0.8115, eval_loss: 0.5175
2022-11-05 16:36:38,852 - graphVAE - INFO - epoch:  206, train_acc: 0.6656, eval_acc: 0.8435, train_loss: 0.8119, eval_loss: 0.5061
2022-11-05 16:36:39,243 - graphVAE - INFO - epoch:  207, train_acc: 0.6658, eval_acc: 0.8472, train_loss: 0.8075, eval_loss: 0.5051
2022-11-05 16:36:39,649 - graphVAE - INFO - epoch:  208, train_acc: 0.6635, eval_acc: 0.8338, train_loss: 0.8116, eval_loss: 0.5488
2022-11-05 16:36:40,040 - graphVAE - INFO - epoch:  209, train_acc: 0.6661, eval_acc: 0.8315, train_loss: 0.8138, eval_loss: 0.5449
2022-11-05 16:36:40,446 - graphVAE - INFO - epoch:  210, train_acc: 0.6672, eval_acc: 0.8358, train_loss: 0.8046, eval_loss: 0.5319
2022-11-05 16:36:40,852 - graphVAE - INFO - epoch:  211, train_acc: 0.6673, eval_acc: 0.8412, train_loss: 0.8032, eval_loss: 0.5219
2022-11-05 16:36:41,243 - graphVAE - INFO - epoch:  212, train_acc: 0.6641, eval_acc: 0.8299, train_loss: 0.8059, eval_loss: 0.5503
2022-11-05 16:36:41,649 - graphVAE - INFO - epoch:  213, train_acc: 0.6711, eval_acc: 0.8409, train_loss: 0.8035, eval_loss: 0.5274
2022-11-05 16:36:42,040 - graphVAE - INFO - epoch:  214, train_acc: 0.6657, eval_acc: 0.8408, train_loss: 0.8076, eval_loss: 0.5432
2022-11-05 16:36:42,446 - graphVAE - INFO - epoch:  215, train_acc: 0.6686, eval_acc: 0.8374, train_loss: 0.8060, eval_loss: 0.5123
2022-11-05 16:36:42,836 - graphVAE - INFO - epoch:  216, train_acc: 0.6662, eval_acc: 0.8259, train_loss: 0.8098, eval_loss: 0.5574
2022-11-05 16:36:43,243 - graphVAE - INFO - epoch:  217, train_acc: 0.6651, eval_acc: 0.8290, train_loss: 0.8095, eval_loss: 0.5382
2022-11-05 16:36:43,633 - graphVAE - INFO - epoch:  218, train_acc: 0.6629, eval_acc: 0.8356, train_loss: 0.8196, eval_loss: 0.5532
2022-11-05 16:36:44,040 - graphVAE - INFO - epoch:  219, train_acc: 0.6713, eval_acc: 0.8333, train_loss: 0.8066, eval_loss: 0.5384
2022-11-05 16:36:44,430 - graphVAE - INFO - epoch:  220, train_acc: 0.6674, eval_acc: 0.8311, train_loss: 0.8082, eval_loss: 0.5391
2022-11-05 16:36:44,821 - graphVAE - INFO - epoch:  221, train_acc: 0.6678, eval_acc: 0.8352, train_loss: 0.8087, eval_loss: 0.5254
2022-11-05 16:36:45,227 - graphVAE - INFO - epoch:  222, train_acc: 0.6701, eval_acc: 0.8305, train_loss: 0.8063, eval_loss: 0.5417
2022-11-05 16:36:45,618 - graphVAE - INFO - epoch:  223, train_acc: 0.6757, eval_acc: 0.8365, train_loss: 0.8033, eval_loss: 0.5201
2022-11-05 16:36:46,024 - graphVAE - INFO - epoch:  224, train_acc: 0.6641, eval_acc: 0.8379, train_loss: 0.8073, eval_loss: 0.5321
2022-11-05 16:36:46,415 - graphVAE - INFO - epoch:  225, train_acc: 0.6679, eval_acc: 0.8331, train_loss: 0.8080, eval_loss: 0.5439
2022-11-05 16:36:46,822 - graphVAE - INFO - epoch:  226, train_acc: 0.6708, eval_acc: 0.8300, train_loss: 0.8054, eval_loss: 0.5342
2022-11-05 16:36:47,221 - graphVAE - INFO - epoch:  227, train_acc: 0.6667, eval_acc: 0.8307, train_loss: 0.8052, eval_loss: 0.5504
2022-11-05 16:36:47,612 - graphVAE - INFO - epoch:  228, train_acc: 0.6711, eval_acc: 0.8319, train_loss: 0.8083, eval_loss: 0.5279
2022-11-05 16:36:48,018 - graphVAE - INFO - epoch:  229, train_acc: 0.6582, eval_acc: 0.8315, train_loss: 0.8239, eval_loss: 0.5743
2022-11-05 16:36:48,424 - graphVAE - INFO - epoch:  230, train_acc: 0.6693, eval_acc: 0.8381, train_loss: 0.8112, eval_loss: 0.5305
2022-11-05 16:36:48,815 - graphVAE - INFO - epoch:  231, train_acc: 0.6694, eval_acc: 0.8286, train_loss: 0.8054, eval_loss: 0.5505
2022-11-05 16:36:49,221 - graphVAE - INFO - epoch:  232, train_acc: 0.6659, eval_acc: 0.8253, train_loss: 0.8131, eval_loss: 0.5495
2022-11-05 16:36:49,612 - graphVAE - INFO - epoch:  233, train_acc: 0.6716, eval_acc: 0.8336, train_loss: 0.8043, eval_loss: 0.5219
2022-11-05 16:36:50,018 - graphVAE - INFO - epoch:  234, train_acc: 0.6657, eval_acc: 0.8319, train_loss: 0.8082, eval_loss: 0.5330
2022-11-05 16:36:50,409 - graphVAE - INFO - epoch:  235, train_acc: 0.6672, eval_acc: 0.8328, train_loss: 0.8087, eval_loss: 0.5388
2022-11-05 16:36:50,815 - graphVAE - INFO - epoch:  236, train_acc: 0.6683, eval_acc: 0.8315, train_loss: 0.8004, eval_loss: 0.5361
2022-11-05 16:36:51,205 - graphVAE - INFO - epoch:  237, train_acc: 0.6688, eval_acc: 0.8275, train_loss: 0.7946, eval_loss: 0.5416
2022-11-05 16:36:51,612 - graphVAE - INFO - epoch:  238, train_acc: 0.6684, eval_acc: 0.8311, train_loss: 0.8073, eval_loss: 0.5453
2022-11-05 16:36:52,018 - graphVAE - INFO - epoch:  239, train_acc: 0.6651, eval_acc: 0.8411, train_loss: 0.8108, eval_loss: 0.5174
2022-11-05 16:36:52,409 - graphVAE - INFO - epoch:  240, train_acc: 0.6690, eval_acc: 0.8346, train_loss: 0.8085, eval_loss: 0.5206
2022-11-05 16:36:52,815 - graphVAE - INFO - epoch:  241, train_acc: 0.6683, eval_acc: 0.8252, train_loss: 0.8077, eval_loss: 0.5529
2022-11-05 16:36:53,221 - graphVAE - INFO - epoch:  242, train_acc: 0.6671, eval_acc: 0.8308, train_loss: 0.8022, eval_loss: 0.5450
2022-11-05 16:36:53,627 - graphVAE - INFO - epoch:  243, train_acc: 0.6710, eval_acc: 0.8360, train_loss: 0.8047, eval_loss: 0.5340
2022-11-05 16:36:54,034 - graphVAE - INFO - epoch:  244, train_acc: 0.6684, eval_acc: 0.8286, train_loss: 0.8033, eval_loss: 0.5467
2022-11-05 16:36:54,440 - graphVAE - INFO - epoch:  245, train_acc: 0.6649, eval_acc: 0.8105, train_loss: 0.8103, eval_loss: 0.5760
2022-11-05 16:36:54,846 - graphVAE - INFO - epoch:  246, train_acc: 0.6749, eval_acc: 0.8301, train_loss: 0.7944, eval_loss: 0.5375
2022-11-05 16:36:55,252 - graphVAE - INFO - epoch:  247, train_acc: 0.6656, eval_acc: 0.8204, train_loss: 0.8122, eval_loss: 0.5518
2022-11-05 16:36:55,659 - graphVAE - INFO - epoch:  248, train_acc: 0.6707, eval_acc: 0.8253, train_loss: 0.8062, eval_loss: 0.5425
2022-11-05 16:36:56,080 - graphVAE - INFO - epoch:  249, train_acc: 0.6679, eval_acc: 0.8365, train_loss: 0.8071, eval_loss: 0.5347
2022-11-05 16:36:56,487 - graphVAE - INFO - epoch:  250, train_acc: 0.6711, eval_acc: 0.8207, train_loss: 0.8071, eval_loss: 0.5525
2022-11-05 16:36:56,893 - graphVAE - INFO - epoch:  251, train_acc: 0.6727, eval_acc: 0.8255, train_loss: 0.7966, eval_loss: 0.5489
2022-11-05 16:36:57,299 - graphVAE - INFO - epoch:  252, train_acc: 0.6667, eval_acc: 0.8205, train_loss: 0.8046, eval_loss: 0.5584
2022-11-05 16:36:57,705 - graphVAE - INFO - epoch:  253, train_acc: 0.6704, eval_acc: 0.8338, train_loss: 0.7987, eval_loss: 0.5168
2022-11-05 16:36:58,112 - graphVAE - INFO - epoch:  254, train_acc: 0.6657, eval_acc: 0.8157, train_loss: 0.8033, eval_loss: 0.5634
2022-11-05 16:36:58,518 - graphVAE - INFO - epoch:  255, train_acc: 0.6743, eval_acc: 0.8171, train_loss: 0.7975, eval_loss: 0.5510
2022-11-05 16:36:58,924 - graphVAE - INFO - epoch:  256, train_acc: 0.6673, eval_acc: 0.8198, train_loss: 0.8082, eval_loss: 0.5701
2022-11-05 16:36:59,330 - graphVAE - INFO - epoch:  257, train_acc: 0.6698, eval_acc: 0.8299, train_loss: 0.8064, eval_loss: 0.5428
2022-11-05 16:36:59,737 - graphVAE - INFO - epoch:  258, train_acc: 0.6734, eval_acc: 0.8216, train_loss: 0.8062, eval_loss: 0.5634
2022-11-05 16:37:00,143 - graphVAE - INFO - epoch:  259, train_acc: 0.6713, eval_acc: 0.8258, train_loss: 0.8019, eval_loss: 0.5421
2022-11-05 16:37:00,549 - graphVAE - INFO - epoch:  260, train_acc: 0.6720, eval_acc: 0.8255, train_loss: 0.8051, eval_loss: 0.5497
2022-11-05 16:37:00,955 - graphVAE - INFO - epoch:  261, train_acc: 0.6722, eval_acc: 0.8226, train_loss: 0.8000, eval_loss: 0.5434
2022-11-05 16:37:01,346 - graphVAE - INFO - epoch:  262, train_acc: 0.6670, eval_acc: 0.8163, train_loss: 0.8100, eval_loss: 0.5668
2022-11-05 16:37:01,752 - graphVAE - INFO - epoch:  263, train_acc: 0.6701, eval_acc: 0.8162, train_loss: 0.8042, eval_loss: 0.5549
2022-11-05 16:37:02,159 - graphVAE - INFO - epoch:  264, train_acc: 0.6665, eval_acc: 0.8259, train_loss: 0.8007, eval_loss: 0.5407
2022-11-05 16:37:02,549 - graphVAE - INFO - epoch:  265, train_acc: 0.6746, eval_acc: 0.8242, train_loss: 0.7993, eval_loss: 0.5295
2022-11-05 16:37:02,955 - graphVAE - INFO - epoch:  266, train_acc: 0.6697, eval_acc: 0.8296, train_loss: 0.8024, eval_loss: 0.5230
2022-11-05 16:37:03,362 - graphVAE - INFO - epoch:  267, train_acc: 0.6700, eval_acc: 0.8075, train_loss: 0.8051, eval_loss: 0.5734
2022-11-05 16:37:03,768 - graphVAE - INFO - epoch:  268, train_acc: 0.6724, eval_acc: 0.8238, train_loss: 0.8009, eval_loss: 0.5388
2022-11-05 16:37:04,174 - graphVAE - INFO - epoch:  269, train_acc: 0.6665, eval_acc: 0.8162, train_loss: 0.8053, eval_loss: 0.5688
2022-11-05 16:37:04,565 - graphVAE - INFO - epoch:  270, train_acc: 0.6735, eval_acc: 0.8247, train_loss: 0.8010, eval_loss: 0.5377
2022-11-05 16:37:04,971 - graphVAE - INFO - epoch:  271, train_acc: 0.6707, eval_acc: 0.8300, train_loss: 0.7993, eval_loss: 0.5439
2022-11-05 16:37:05,377 - graphVAE - INFO - epoch:  272, train_acc: 0.6723, eval_acc: 0.8197, train_loss: 0.7984, eval_loss: 0.5456
2022-11-05 16:37:05,768 - graphVAE - INFO - epoch:  273, train_acc: 0.6666, eval_acc: 0.8219, train_loss: 0.8072, eval_loss: 0.5603
2022-11-05 16:37:06,174 - graphVAE - INFO - epoch:  274, train_acc: 0.6678, eval_acc: 0.8304, train_loss: 0.8075, eval_loss: 0.5356
2022-11-05 16:37:06,580 - graphVAE - INFO - epoch:  275, train_acc: 0.6672, eval_acc: 0.8187, train_loss: 0.8078, eval_loss: 0.5670
2022-11-05 16:37:06,971 - graphVAE - INFO - epoch:  276, train_acc: 0.6717, eval_acc: 0.8311, train_loss: 0.7983, eval_loss: 0.5260
2022-11-05 16:37:07,378 - graphVAE - INFO - epoch:  277, train_acc: 0.6703, eval_acc: 0.7972, train_loss: 0.8019, eval_loss: 0.5838
2022-11-05 16:37:07,784 - graphVAE - INFO - epoch:  278, train_acc: 0.6648, eval_acc: 0.8049, train_loss: 0.8071, eval_loss: 0.5795
2022-11-05 16:37:08,190 - graphVAE - INFO - epoch:  279, train_acc: 0.6688, eval_acc: 0.8240, train_loss: 0.8122, eval_loss: 0.5611
2022-11-05 16:37:08,596 - graphVAE - INFO - epoch:  280, train_acc: 0.6714, eval_acc: 0.8075, train_loss: 0.8054, eval_loss: 0.5797
2022-11-05 16:37:08,987 - graphVAE - INFO - epoch:  281, train_acc: 0.6718, eval_acc: 0.8228, train_loss: 0.8029, eval_loss: 0.5461
2022-11-05 16:37:09,393 - graphVAE - INFO - epoch:  282, train_acc: 0.6732, eval_acc: 0.8116, train_loss: 0.7958, eval_loss: 0.5620
2022-11-05 16:37:09,784 - graphVAE - INFO - epoch:  283, train_acc: 0.6703, eval_acc: 0.8207, train_loss: 0.8069, eval_loss: 0.5516
2022-11-05 16:37:10,190 - graphVAE - INFO - epoch:  284, train_acc: 0.6697, eval_acc: 0.8156, train_loss: 0.7985, eval_loss: 0.5639
2022-11-05 16:37:10,581 - graphVAE - INFO - epoch:  285, train_acc: 0.6701, eval_acc: 0.8154, train_loss: 0.8053, eval_loss: 0.5598
2022-11-05 16:37:10,987 - graphVAE - INFO - epoch:  286, train_acc: 0.6722, eval_acc: 0.8094, train_loss: 0.8006, eval_loss: 0.5664
2022-11-05 16:37:11,378 - graphVAE - INFO - epoch:  287, train_acc: 0.6721, eval_acc: 0.8157, train_loss: 0.7987, eval_loss: 0.5425
2022-11-05 16:37:11,784 - graphVAE - INFO - epoch:  288, train_acc: 0.6691, eval_acc: 0.8182, train_loss: 0.8015, eval_loss: 0.5567
2022-11-05 16:37:12,175 - graphVAE - INFO - epoch:  289, train_acc: 0.6719, eval_acc: 0.8032, train_loss: 0.8059, eval_loss: 0.5797
2022-11-05 16:37:12,581 - graphVAE - INFO - epoch:  290, train_acc: 0.6718, eval_acc: 0.8059, train_loss: 0.8018, eval_loss: 0.5620
2022-11-05 16:37:12,987 - graphVAE - INFO - epoch:  291, train_acc: 0.6715, eval_acc: 0.8096, train_loss: 0.7953, eval_loss: 0.5650
2022-11-05 16:37:13,378 - graphVAE - INFO - epoch:  292, train_acc: 0.6695, eval_acc: 0.8117, train_loss: 0.8062, eval_loss: 0.5578
2022-11-05 16:37:13,784 - graphVAE - INFO - epoch:  293, train_acc: 0.6697, eval_acc: 0.8077, train_loss: 0.8077, eval_loss: 0.5788
2022-11-05 16:37:14,175 - graphVAE - INFO - epoch:  294, train_acc: 0.6752, eval_acc: 0.8099, train_loss: 0.8013, eval_loss: 0.5707
2022-11-05 16:37:14,581 - graphVAE - INFO - epoch:  295, train_acc: 0.6718, eval_acc: 0.8166, train_loss: 0.7990, eval_loss: 0.5561
2022-11-05 16:37:14,971 - graphVAE - INFO - epoch:  296, train_acc: 0.6739, eval_acc: 0.8008, train_loss: 0.7981, eval_loss: 0.5853
2022-11-05 16:37:15,378 - graphVAE - INFO - epoch:  297, train_acc: 0.6713, eval_acc: 0.8100, train_loss: 0.8054, eval_loss: 0.5615
2022-11-05 16:37:15,768 - graphVAE - INFO - epoch:  298, train_acc: 0.6703, eval_acc: 0.8228, train_loss: 0.8042, eval_loss: 0.5404
2022-11-05 16:37:16,175 - graphVAE - INFO - epoch:  299, train_acc: 0.6705, eval_acc: 0.8102, train_loss: 0.8040, eval_loss: 0.5674
2022-11-05 16:37:16,565 - graphVAE - INFO - epoch:  300, train_acc: 0.6706, eval_acc: 0.8105, train_loss: 0.8129, eval_loss: 0.5696
2022-11-05 16:37:16,971 - graphVAE - INFO - epoch:  301, train_acc: 0.6712, eval_acc: 0.8117, train_loss: 0.7996, eval_loss: 0.5689
2022-11-05 16:37:17,362 - graphVAE - INFO - epoch:  302, train_acc: 0.6715, eval_acc: 0.8244, train_loss: 0.8021, eval_loss: 0.5321
2022-11-05 16:37:17,768 - graphVAE - INFO - epoch:  303, train_acc: 0.6661, eval_acc: 0.8034, train_loss: 0.8074, eval_loss: 0.5857
2022-11-05 16:37:18,159 - graphVAE - INFO - epoch:  304, train_acc: 0.6713, eval_acc: 0.8099, train_loss: 0.8029, eval_loss: 0.5634
2022-11-05 16:37:18,565 - graphVAE - INFO - epoch:  305, train_acc: 0.6682, eval_acc: 0.8108, train_loss: 0.8062, eval_loss: 0.5616
2022-11-05 16:37:18,956 - graphVAE - INFO - epoch:  306, train_acc: 0.6700, eval_acc: 0.8082, train_loss: 0.8059, eval_loss: 0.5699
2022-11-05 16:37:19,362 - graphVAE - INFO - epoch:  307, train_acc: 0.6735, eval_acc: 0.7886, train_loss: 0.8027, eval_loss: 0.6066
2022-11-05 16:37:19,768 - graphVAE - INFO - epoch:  308, train_acc: 0.6711, eval_acc: 0.7875, train_loss: 0.8069, eval_loss: 0.6115
2022-11-05 16:37:20,159 - graphVAE - INFO - epoch:  309, train_acc: 0.6718, eval_acc: 0.7979, train_loss: 0.8030, eval_loss: 0.5834
2022-11-05 16:37:20,565 - graphVAE - INFO - epoch:  310, train_acc: 0.6721, eval_acc: 0.7880, train_loss: 0.7956, eval_loss: 0.6008
2022-11-05 16:37:20,971 - graphVAE - INFO - epoch:  311, train_acc: 0.6684, eval_acc: 0.8211, train_loss: 0.8001, eval_loss: 0.5551
2022-11-05 16:37:21,378 - graphVAE - INFO - epoch:  312, train_acc: 0.6707, eval_acc: 0.7970, train_loss: 0.8017, eval_loss: 0.5935
2022-11-05 16:37:21,768 - graphVAE - INFO - epoch:  313, train_acc: 0.6695, eval_acc: 0.8092, train_loss: 0.8051, eval_loss: 0.5732
2022-11-05 16:37:22,175 - graphVAE - INFO - epoch:  314, train_acc: 0.6712, eval_acc: 0.8100, train_loss: 0.8071, eval_loss: 0.5752
2022-11-05 16:37:22,565 - graphVAE - INFO - epoch:  315, train_acc: 0.6745, eval_acc: 0.8093, train_loss: 0.7951, eval_loss: 0.5569
2022-11-05 16:37:22,971 - graphVAE - INFO - epoch:  316, train_acc: 0.6669, eval_acc: 0.8088, train_loss: 0.8011, eval_loss: 0.5668
2022-11-05 16:37:23,362 - graphVAE - INFO - epoch:  317, train_acc: 0.6719, eval_acc: 0.8101, train_loss: 0.8048, eval_loss: 0.5626
2022-11-05 16:37:23,753 - graphVAE - INFO - epoch:  318, train_acc: 0.6666, eval_acc: 0.8081, train_loss: 0.8123, eval_loss: 0.5682
2022-11-05 16:37:24,159 - graphVAE - INFO - epoch:  319, train_acc: 0.6715, eval_acc: 0.8004, train_loss: 0.8041, eval_loss: 0.5802
2022-11-05 16:37:24,550 - graphVAE - INFO - epoch:  320, train_acc: 0.6729, eval_acc: 0.7859, train_loss: 0.8070, eval_loss: 0.6159
2022-11-05 16:37:24,956 - graphVAE - INFO - epoch:  321, train_acc: 0.6699, eval_acc: 0.7951, train_loss: 0.8075, eval_loss: 0.5979
2022-11-05 16:37:25,346 - graphVAE - INFO - epoch:  322, train_acc: 0.6715, eval_acc: 0.8022, train_loss: 0.8012, eval_loss: 0.5888
2022-11-05 16:37:25,737 - graphVAE - INFO - epoch:  323, train_acc: 0.6722, eval_acc: 0.8114, train_loss: 0.8044, eval_loss: 0.5660
2022-11-05 16:37:26,143 - graphVAE - INFO - epoch:  324, train_acc: 0.6719, eval_acc: 0.8056, train_loss: 0.8067, eval_loss: 0.5684
2022-11-05 16:37:26,534 - graphVAE - INFO - epoch:  325, train_acc: 0.6721, eval_acc: 0.8101, train_loss: 0.8047, eval_loss: 0.5622
2022-11-05 16:37:26,940 - graphVAE - INFO - epoch:  326, train_acc: 0.6642, eval_acc: 0.8143, train_loss: 0.8090, eval_loss: 0.5719
2022-11-05 16:37:27,331 - graphVAE - INFO - epoch:  327, train_acc: 0.6752, eval_acc: 0.8120, train_loss: 0.8001, eval_loss: 0.5538
2022-11-05 16:37:27,737 - graphVAE - INFO - epoch:  328, train_acc: 0.6656, eval_acc: 0.8071, train_loss: 0.8070, eval_loss: 0.5735
2022-11-05 16:37:28,143 - graphVAE - INFO - epoch:  329, train_acc: 0.6745, eval_acc: 0.7995, train_loss: 0.8017, eval_loss: 0.5846
2022-11-05 16:37:28,534 - graphVAE - INFO - epoch:  330, train_acc: 0.6685, eval_acc: 0.8063, train_loss: 0.8098, eval_loss: 0.5792
2022-11-05 16:37:28,925 - graphVAE - INFO - epoch:  331, train_acc: 0.6675, eval_acc: 0.7964, train_loss: 0.8079, eval_loss: 0.5874
2022-11-05 16:37:29,315 - graphVAE - INFO - epoch:  332, train_acc: 0.6689, eval_acc: 0.8107, train_loss: 0.8022, eval_loss: 0.5772
2022-11-05 16:37:29,721 - graphVAE - INFO - epoch:  333, train_acc: 0.6731, eval_acc: 0.8160, train_loss: 0.7997, eval_loss: 0.5557
2022-11-05 16:37:30,112 - graphVAE - INFO - epoch:  334, train_acc: 0.6724, eval_acc: 0.8032, train_loss: 0.8017, eval_loss: 0.5709
2022-11-05 16:37:30,503 - graphVAE - INFO - epoch:  335, train_acc: 0.6697, eval_acc: 0.7999, train_loss: 0.8065, eval_loss: 0.5992
2022-11-05 16:37:30,909 - graphVAE - INFO - epoch:  336, train_acc: 0.6744, eval_acc: 0.8121, train_loss: 0.8017, eval_loss: 0.5552
2022-11-05 16:37:31,300 - graphVAE - INFO - epoch:  337, train_acc: 0.6686, eval_acc: 0.8097, train_loss: 0.8030, eval_loss: 0.5637
2022-11-05 16:37:31,690 - graphVAE - INFO - epoch:  338, train_acc: 0.6736, eval_acc: 0.8075, train_loss: 0.7969, eval_loss: 0.5587
2022-11-05 16:37:32,096 - graphVAE - INFO - epoch:  339, train_acc: 0.6690, eval_acc: 0.8089, train_loss: 0.8091, eval_loss: 0.5698
2022-11-05 16:37:32,487 - graphVAE - INFO - epoch:  340, train_acc: 0.6701, eval_acc: 0.8130, train_loss: 0.8033, eval_loss: 0.5601
2022-11-05 16:37:32,878 - graphVAE - INFO - epoch:  341, train_acc: 0.6697, eval_acc: 0.8091, train_loss: 0.7994, eval_loss: 0.5648
2022-11-05 16:37:33,284 - graphVAE - INFO - epoch:  342, train_acc: 0.6727, eval_acc: 0.7931, train_loss: 0.8017, eval_loss: 0.5979
2022-11-05 16:37:33,675 - graphVAE - INFO - epoch:  343, train_acc: 0.6672, eval_acc: 0.8126, train_loss: 0.8108, eval_loss: 0.5652
2022-11-05 16:37:34,081 - graphVAE - INFO - epoch:  344, train_acc: 0.6676, eval_acc: 0.8049, train_loss: 0.8053, eval_loss: 0.5708
2022-11-05 16:37:34,471 - graphVAE - INFO - epoch:  345, train_acc: 0.6775, eval_acc: 0.8114, train_loss: 0.7978, eval_loss: 0.5653
2022-11-05 16:37:34,878 - graphVAE - INFO - epoch:  346, train_acc: 0.6702, eval_acc: 0.8145, train_loss: 0.8013, eval_loss: 0.5572
2022-11-05 16:37:35,268 - graphVAE - INFO - epoch:  347, train_acc: 0.6725, eval_acc: 0.8119, train_loss: 0.8015, eval_loss: 0.5616
2022-11-05 16:37:35,675 - graphVAE - INFO - epoch:  348, train_acc: 0.6756, eval_acc: 0.7991, train_loss: 0.8003, eval_loss: 0.5816
2022-11-05 16:37:36,065 - graphVAE - INFO - epoch:  349, train_acc: 0.6698, eval_acc: 0.7925, train_loss: 0.8027, eval_loss: 0.5897
2022-11-05 16:37:36,456 - graphVAE - INFO - epoch:  350, train_acc: 0.6705, eval_acc: 0.7942, train_loss: 0.8074, eval_loss: 0.6111
2022-11-05 16:37:36,863 - graphVAE - INFO - epoch:  351, train_acc: 0.6754, eval_acc: 0.8109, train_loss: 0.7930, eval_loss: 0.5548
2022-11-05 16:37:37,269 - graphVAE - INFO - epoch:  352, train_acc: 0.6697, eval_acc: 0.8020, train_loss: 0.7999, eval_loss: 0.5676
2022-11-05 16:37:37,659 - graphVAE - INFO - epoch:  353, train_acc: 0.6731, eval_acc: 0.8025, train_loss: 0.7983, eval_loss: 0.5753
2022-11-05 16:37:38,050 - graphVAE - INFO - epoch:  354, train_acc: 0.6733, eval_acc: 0.7996, train_loss: 0.7959, eval_loss: 0.5690
2022-11-05 16:37:38,456 - graphVAE - INFO - epoch:  355, train_acc: 0.6688, eval_acc: 0.8015, train_loss: 0.8035, eval_loss: 0.5781
2022-11-05 16:37:38,847 - graphVAE - INFO - epoch:  356, train_acc: 0.6753, eval_acc: 0.8073, train_loss: 0.7974, eval_loss: 0.5656
2022-11-05 16:37:39,253 - graphVAE - INFO - epoch:  357, train_acc: 0.6674, eval_acc: 0.7957, train_loss: 0.8100, eval_loss: 0.6083
2022-11-05 16:37:39,644 - graphVAE - INFO - epoch:  358, train_acc: 0.6725, eval_acc: 0.8014, train_loss: 0.8057, eval_loss: 0.5904
2022-11-05 16:37:40,034 - graphVAE - INFO - epoch:  359, train_acc: 0.6736, eval_acc: 0.8039, train_loss: 0.8028, eval_loss: 0.5830
2022-11-05 16:37:40,441 - graphVAE - INFO - epoch:  360, train_acc: 0.6744, eval_acc: 0.8027, train_loss: 0.7947, eval_loss: 0.5734
2022-11-05 16:37:40,831 - graphVAE - INFO - epoch:  361, train_acc: 0.6706, eval_acc: 0.7977, train_loss: 0.7969, eval_loss: 0.5762
2022-11-05 16:37:41,238 - graphVAE - INFO - epoch:  362, train_acc: 0.6706, eval_acc: 0.8044, train_loss: 0.7994, eval_loss: 0.5801
2022-11-05 16:37:41,628 - graphVAE - INFO - epoch:  363, train_acc: 0.6700, eval_acc: 0.8045, train_loss: 0.8038, eval_loss: 0.5694
2022-11-05 16:37:42,022 - graphVAE - INFO - epoch:  364, train_acc: 0.6652, eval_acc: 0.8138, train_loss: 0.8100, eval_loss: 0.5707
2022-11-05 16:37:42,418 - graphVAE - INFO - epoch:  365, train_acc: 0.6734, eval_acc: 0.7886, train_loss: 0.8010, eval_loss: 0.6031
2022-11-05 16:37:42,825 - graphVAE - INFO - epoch:  366, train_acc: 0.6751, eval_acc: 0.8138, train_loss: 0.8055, eval_loss: 0.5524
2022-11-05 16:37:43,215 - graphVAE - INFO - epoch:  367, train_acc: 0.6759, eval_acc: 0.8038, train_loss: 0.7977, eval_loss: 0.5702
2022-11-05 16:37:43,606 - graphVAE - INFO - epoch:  368, train_acc: 0.6664, eval_acc: 0.8022, train_loss: 0.8065, eval_loss: 0.5781
2022-11-05 16:37:44,012 - graphVAE - INFO - epoch:  369, train_acc: 0.6717, eval_acc: 0.8022, train_loss: 0.8029, eval_loss: 0.5743
2022-11-05 16:37:44,403 - graphVAE - INFO - epoch:  370, train_acc: 0.6693, eval_acc: 0.7875, train_loss: 0.8008, eval_loss: 0.6102
2022-11-05 16:37:44,793 - graphVAE - INFO - epoch:  371, train_acc: 0.6732, eval_acc: 0.7992, train_loss: 0.8013, eval_loss: 0.5897
2022-11-05 16:37:45,200 - graphVAE - INFO - epoch:  372, train_acc: 0.6731, eval_acc: 0.7887, train_loss: 0.7976, eval_loss: 0.5963
2022-11-05 16:37:45,590 - graphVAE - INFO - epoch:  373, train_acc: 0.6703, eval_acc: 0.7965, train_loss: 0.8062, eval_loss: 0.5967
2022-11-05 16:37:45,981 - graphVAE - INFO - epoch:  374, train_acc: 0.6661, eval_acc: 0.7829, train_loss: 0.8110, eval_loss: 0.6126
2022-11-05 16:37:46,387 - graphVAE - INFO - epoch:  375, train_acc: 0.6752, eval_acc: 0.7836, train_loss: 0.8080, eval_loss: 0.6093
2022-11-05 16:37:46,778 - graphVAE - INFO - epoch:  376, train_acc: 0.6753, eval_acc: 0.7990, train_loss: 0.7926, eval_loss: 0.5963
2022-11-05 16:37:47,222 - graphVAE - INFO - epoch:  377, train_acc: 0.6737, eval_acc: 0.7866, train_loss: 0.8022, eval_loss: 0.6149
2022-11-05 16:37:47,613 - graphVAE - INFO - epoch:  378, train_acc: 0.6720, eval_acc: 0.7951, train_loss: 0.7993, eval_loss: 0.5930
2022-11-05 16:37:48,003 - graphVAE - INFO - epoch:  379, train_acc: 0.6758, eval_acc: 0.7828, train_loss: 0.7955, eval_loss: 0.6082
2022-11-05 16:37:48,410 - graphVAE - INFO - epoch:  380, train_acc: 0.6691, eval_acc: 0.7810, train_loss: 0.8089, eval_loss: 0.6177
2022-11-05 16:37:48,800 - graphVAE - INFO - epoch:  381, train_acc: 0.6713, eval_acc: 0.7879, train_loss: 0.8052, eval_loss: 0.5993
2022-11-05 16:37:49,206 - graphVAE - INFO - epoch:  382, train_acc: 0.6692, eval_acc: 0.8076, train_loss: 0.8061, eval_loss: 0.5779
2022-11-05 16:37:49,597 - graphVAE - INFO - epoch:  383, train_acc: 0.6708, eval_acc: 0.7858, train_loss: 0.8030, eval_loss: 0.6064
2022-11-05 16:37:49,988 - graphVAE - INFO - epoch:  384, train_acc: 0.6679, eval_acc: 0.7810, train_loss: 0.8071, eval_loss: 0.6213
2022-11-05 16:37:50,394 - graphVAE - INFO - epoch:  385, train_acc: 0.6726, eval_acc: 0.7981, train_loss: 0.8013, eval_loss: 0.5856
2022-11-05 16:37:50,800 - graphVAE - INFO - epoch:  386, train_acc: 0.6713, eval_acc: 0.7951, train_loss: 0.8015, eval_loss: 0.5836
2022-11-05 16:37:51,191 - graphVAE - INFO - epoch:  387, train_acc: 0.6695, eval_acc: 0.7958, train_loss: 0.8097, eval_loss: 0.5890
2022-11-05 16:37:51,597 - graphVAE - INFO - epoch:  388, train_acc: 0.6728, eval_acc: 0.7922, train_loss: 0.8052, eval_loss: 0.5891
2022-11-05 16:37:51,988 - graphVAE - INFO - epoch:  389, train_acc: 0.6681, eval_acc: 0.7904, train_loss: 0.8034, eval_loss: 0.5951
2022-11-05 16:37:52,394 - graphVAE - INFO - epoch:  390, train_acc: 0.6766, eval_acc: 0.7994, train_loss: 0.7961, eval_loss: 0.5843
2022-11-05 16:37:52,785 - graphVAE - INFO - epoch:  391, train_acc: 0.6739, eval_acc: 0.7853, train_loss: 0.8025, eval_loss: 0.5985
2022-11-05 16:37:53,191 - graphVAE - INFO - epoch:  392, train_acc: 0.6729, eval_acc: 0.7838, train_loss: 0.8027, eval_loss: 0.6131
2022-11-05 16:37:53,597 - graphVAE - INFO - epoch:  393, train_acc: 0.6756, eval_acc: 0.7868, train_loss: 0.8032, eval_loss: 0.6076
2022-11-05 16:37:53,988 - graphVAE - INFO - epoch:  394, train_acc: 0.6727, eval_acc: 0.7906, train_loss: 0.8044, eval_loss: 0.5916
2022-11-05 16:37:54,394 - graphVAE - INFO - epoch:  395, train_acc: 0.6737, eval_acc: 0.7854, train_loss: 0.8012, eval_loss: 0.5938
2022-11-05 16:37:54,785 - graphVAE - INFO - epoch:  396, train_acc: 0.6711, eval_acc: 0.7964, train_loss: 0.8003, eval_loss: 0.5856
2022-11-05 16:37:55,206 - graphVAE - INFO - epoch:  397, train_acc: 0.6719, eval_acc: 0.7704, train_loss: 0.8019, eval_loss: 0.6289
2022-11-05 16:37:55,660 - graphVAE - INFO - epoch:  398, train_acc: 0.6740, eval_acc: 0.7899, train_loss: 0.8008, eval_loss: 0.5911
2022-11-05 16:37:56,128 - graphVAE - INFO - epoch:  399, train_acc: 0.6728, eval_acc: 0.7969, train_loss: 0.8063, eval_loss: 0.5909
2022-11-05 16:37:56,519 - graphVAE - INFO - epoch:  400, train_acc: 0.6684, eval_acc: 0.7898, train_loss: 0.8110, eval_loss: 0.6026
2022-11-05 16:37:56,925 - graphVAE - INFO - epoch:  401, train_acc: 0.6750, eval_acc: 0.7818, train_loss: 0.7981, eval_loss: 0.6025
2022-11-05 16:37:57,331 - graphVAE - INFO - epoch:  402, train_acc: 0.6751, eval_acc: 0.7892, train_loss: 0.7987, eval_loss: 0.5977
2022-11-05 16:37:57,784 - graphVAE - INFO - epoch:  403, train_acc: 0.6712, eval_acc: 0.7909, train_loss: 0.7958, eval_loss: 0.6039
2022-11-05 16:37:58,191 - graphVAE - INFO - epoch:  404, train_acc: 0.6768, eval_acc: 0.7998, train_loss: 0.7936, eval_loss: 0.5762
2022-11-05 16:37:58,581 - graphVAE - INFO - epoch:  405, train_acc: 0.6713, eval_acc: 0.7907, train_loss: 0.8003, eval_loss: 0.5905
2022-11-05 16:37:58,988 - graphVAE - INFO - epoch:  406, train_acc: 0.6680, eval_acc: 0.7906, train_loss: 0.8069, eval_loss: 0.6059
2022-11-05 16:37:59,378 - graphVAE - INFO - epoch:  407, train_acc: 0.6720, eval_acc: 0.7971, train_loss: 0.8063, eval_loss: 0.5930
2022-11-05 16:37:59,784 - graphVAE - INFO - epoch:  408, train_acc: 0.6719, eval_acc: 0.7925, train_loss: 0.8110, eval_loss: 0.6008
2022-11-05 16:38:00,191 - graphVAE - INFO - epoch:  409, train_acc: 0.6730, eval_acc: 0.7904, train_loss: 0.8050, eval_loss: 0.6006
2022-11-05 16:38:00,581 - graphVAE - INFO - epoch:  410, train_acc: 0.6723, eval_acc: 0.7754, train_loss: 0.7994, eval_loss: 0.6169
2022-11-05 16:38:00,988 - graphVAE - INFO - epoch:  411, train_acc: 0.6702, eval_acc: 0.7730, train_loss: 0.8042, eval_loss: 0.6188
2022-11-05 16:38:01,378 - graphVAE - INFO - epoch:  412, train_acc: 0.6721, eval_acc: 0.7912, train_loss: 0.7992, eval_loss: 0.5952
2022-11-05 16:38:01,784 - graphVAE - INFO - epoch:  413, train_acc: 0.6741, eval_acc: 0.7957, train_loss: 0.7997, eval_loss: 0.5818
2022-11-05 16:38:02,175 - graphVAE - INFO - epoch:  414, train_acc: 0.6709, eval_acc: 0.7851, train_loss: 0.8003, eval_loss: 0.6057
2022-11-05 16:38:02,581 - graphVAE - INFO - epoch:  415, train_acc: 0.6707, eval_acc: 0.7858, train_loss: 0.7970, eval_loss: 0.6037
2022-11-05 16:38:02,972 - graphVAE - INFO - epoch:  416, train_acc: 0.6726, eval_acc: 0.7783, train_loss: 0.8048, eval_loss: 0.6149
2022-11-05 16:38:03,378 - graphVAE - INFO - epoch:  417, train_acc: 0.6718, eval_acc: 0.7838, train_loss: 0.8080, eval_loss: 0.6179
2022-11-05 16:38:03,784 - graphVAE - INFO - epoch:  418, train_acc: 0.6742, eval_acc: 0.7869, train_loss: 0.8059, eval_loss: 0.6064
2022-11-05 16:38:04,191 - graphVAE - INFO - epoch:  419, train_acc: 0.6740, eval_acc: 0.7816, train_loss: 0.7923, eval_loss: 0.6123
2022-11-05 16:38:04,597 - graphVAE - INFO - epoch:  420, train_acc: 0.6714, eval_acc: 0.7825, train_loss: 0.8087, eval_loss: 0.6277
2022-11-05 16:38:05,003 - graphVAE - INFO - epoch:  421, train_acc: 0.6728, eval_acc: 0.7955, train_loss: 0.8067, eval_loss: 0.5892
2022-11-05 16:38:05,409 - graphVAE - INFO - epoch:  422, train_acc: 0.6719, eval_acc: 0.7890, train_loss: 0.8021, eval_loss: 0.6002
2022-11-05 16:38:05,831 - graphVAE - INFO - epoch:  423, train_acc: 0.6746, eval_acc: 0.7822, train_loss: 0.8033, eval_loss: 0.6236
2022-11-05 16:38:06,238 - graphVAE - INFO - epoch:  424, train_acc: 0.6750, eval_acc: 0.7893, train_loss: 0.8033, eval_loss: 0.6001
2022-11-05 16:38:06,644 - graphVAE - INFO - epoch:  425, train_acc: 0.6754, eval_acc: 0.7904, train_loss: 0.7985, eval_loss: 0.5976
2022-11-05 16:38:07,050 - graphVAE - INFO - epoch:  426, train_acc: 0.6736, eval_acc: 0.7832, train_loss: 0.8052, eval_loss: 0.6094
2022-11-05 16:38:07,456 - graphVAE - INFO - epoch:  427, train_acc: 0.6766, eval_acc: 0.8057, train_loss: 0.7973, eval_loss: 0.5651
2022-11-05 16:38:07,862 - graphVAE - INFO - epoch:  428, train_acc: 0.6653, eval_acc: 0.7983, train_loss: 0.8047, eval_loss: 0.5688
2022-11-05 16:38:08,269 - graphVAE - INFO - epoch:  429, train_acc: 0.6753, eval_acc: 0.7848, train_loss: 0.7976, eval_loss: 0.6008
2022-11-05 16:38:08,675 - graphVAE - INFO - epoch:  430, train_acc: 0.6724, eval_acc: 0.7945, train_loss: 0.7991, eval_loss: 0.5991
2022-11-05 16:38:09,081 - graphVAE - INFO - epoch:  431, train_acc: 0.6708, eval_acc: 0.7934, train_loss: 0.7985, eval_loss: 0.5882
2022-11-05 16:38:09,487 - graphVAE - INFO - epoch:  432, train_acc: 0.6749, eval_acc: 0.7869, train_loss: 0.7943, eval_loss: 0.5915
2022-11-05 16:38:09,894 - graphVAE - INFO - epoch:  433, train_acc: 0.6760, eval_acc: 0.8030, train_loss: 0.8001, eval_loss: 0.5647
2022-11-05 16:38:10,300 - graphVAE - INFO - epoch:  434, train_acc: 0.6739, eval_acc: 0.7948, train_loss: 0.8032, eval_loss: 0.5900
2022-11-05 16:38:10,706 - graphVAE - INFO - epoch:  435, train_acc: 0.6706, eval_acc: 0.8081, train_loss: 0.8026, eval_loss: 0.5593
2022-11-05 16:38:11,112 - graphVAE - INFO - epoch:  436, train_acc: 0.6702, eval_acc: 0.7806, train_loss: 0.8040, eval_loss: 0.6057
2022-11-05 16:38:11,519 - graphVAE - INFO - epoch:  437, train_acc: 0.6733, eval_acc: 0.7816, train_loss: 0.7993, eval_loss: 0.6156
2022-11-05 16:38:11,909 - graphVAE - INFO - epoch:  438, train_acc: 0.6714, eval_acc: 0.7915, train_loss: 0.8066, eval_loss: 0.5910
2022-11-05 16:38:12,316 - graphVAE - INFO - epoch:  439, train_acc: 0.6729, eval_acc: 0.7986, train_loss: 0.7987, eval_loss: 0.5877
2022-11-05 16:38:12,706 - graphVAE - INFO - epoch:  440, train_acc: 0.6733, eval_acc: 0.7697, train_loss: 0.8025, eval_loss: 0.6385
2022-11-05 16:38:13,112 - graphVAE - INFO - epoch:  441, train_acc: 0.6781, eval_acc: 0.7809, train_loss: 0.7891, eval_loss: 0.6247
2022-11-05 16:38:13,519 - graphVAE - INFO - epoch:  442, train_acc: 0.6742, eval_acc: 0.7934, train_loss: 0.8013, eval_loss: 0.5991
2022-11-05 16:38:13,925 - graphVAE - INFO - epoch:  443, train_acc: 0.6795, eval_acc: 0.7973, train_loss: 0.7913, eval_loss: 0.5721
2022-11-05 16:38:14,316 - graphVAE - INFO - epoch:  444, train_acc: 0.6728, eval_acc: 0.7853, train_loss: 0.7982, eval_loss: 0.6045
2022-11-05 16:38:14,722 - graphVAE - INFO - epoch:  445, train_acc: 0.6753, eval_acc: 0.7743, train_loss: 0.7991, eval_loss: 0.6225
2022-11-05 16:38:15,128 - graphVAE - INFO - epoch:  446, train_acc: 0.6749, eval_acc: 0.7838, train_loss: 0.8002, eval_loss: 0.5920
2022-11-05 16:38:15,519 - graphVAE - INFO - epoch:  447, train_acc: 0.6720, eval_acc: 0.7913, train_loss: 0.7970, eval_loss: 0.5913
2022-11-05 16:38:15,925 - graphVAE - INFO - epoch:  448, train_acc: 0.6704, eval_acc: 0.8047, train_loss: 0.8070, eval_loss: 0.5731
2022-11-05 16:38:16,331 - graphVAE - INFO - epoch:  449, train_acc: 0.6732, eval_acc: 0.7796, train_loss: 0.8031, eval_loss: 0.6254
2022-11-05 16:38:16,722 - graphVAE - INFO - epoch:  450, train_acc: 0.6726, eval_acc: 0.7831, train_loss: 0.8069, eval_loss: 0.6085
2022-11-05 16:38:17,128 - graphVAE - INFO - epoch:  451, train_acc: 0.6725, eval_acc: 0.7768, train_loss: 0.8052, eval_loss: 0.6210
2022-11-05 16:38:17,534 - graphVAE - INFO - epoch:  452, train_acc: 0.6716, eval_acc: 0.7696, train_loss: 0.8061, eval_loss: 0.6323
2022-11-05 16:38:17,925 - graphVAE - INFO - epoch:  453, train_acc: 0.6712, eval_acc: 0.7746, train_loss: 0.8065, eval_loss: 0.6223
2022-11-05 16:38:18,331 - graphVAE - INFO - epoch:  454, train_acc: 0.6736, eval_acc: 0.7651, train_loss: 0.8038, eval_loss: 0.6343
2022-11-05 16:38:18,722 - graphVAE - INFO - epoch:  455, train_acc: 0.6748, eval_acc: 0.7494, train_loss: 0.7953, eval_loss: 0.6585
2022-11-05 16:38:19,128 - graphVAE - INFO - epoch:  456, train_acc: 0.6726, eval_acc: 0.7917, train_loss: 0.7994, eval_loss: 0.5908
2022-11-05 16:38:19,519 - graphVAE - INFO - epoch:  457, train_acc: 0.6736, eval_acc: 0.7778, train_loss: 0.8062, eval_loss: 0.6164
2022-11-05 16:38:19,925 - graphVAE - INFO - epoch:  458, train_acc: 0.6810, eval_acc: 0.7648, train_loss: 0.7919, eval_loss: 0.6296
2022-11-05 16:38:20,316 - graphVAE - INFO - epoch:  459, train_acc: 0.6728, eval_acc: 0.7778, train_loss: 0.7952, eval_loss: 0.6065
2022-11-05 16:38:20,712 - graphVAE - INFO - epoch:  460, train_acc: 0.6729, eval_acc: 0.7853, train_loss: 0.8033, eval_loss: 0.6150
2022-11-05 16:38:21,109 - graphVAE - INFO - epoch:  461, train_acc: 0.6737, eval_acc: 0.7536, train_loss: 0.8069, eval_loss: 0.6642
2022-11-05 16:38:21,515 - graphVAE - INFO - epoch:  462, train_acc: 0.6718, eval_acc: 0.7722, train_loss: 0.8068, eval_loss: 0.6310
2022-11-05 16:38:21,906 - graphVAE - INFO - epoch:  463, train_acc: 0.6768, eval_acc: 0.7918, train_loss: 0.7949, eval_loss: 0.5733
2022-11-05 16:38:22,312 - graphVAE - INFO - epoch:  464, train_acc: 0.6695, eval_acc: 0.7655, train_loss: 0.8032, eval_loss: 0.6317
2022-11-05 16:38:22,719 - graphVAE - INFO - epoch:  465, train_acc: 0.6768, eval_acc: 0.7936, train_loss: 0.7933, eval_loss: 0.5914
2022-11-05 16:38:23,109 - graphVAE - INFO - epoch:  466, train_acc: 0.6762, eval_acc: 0.7816, train_loss: 0.8033, eval_loss: 0.5979
2022-11-05 16:38:23,515 - graphVAE - INFO - epoch:  467, train_acc: 0.6682, eval_acc: 0.7619, train_loss: 0.8072, eval_loss: 0.6551
2022-11-05 16:38:23,906 - graphVAE - INFO - epoch:  468, train_acc: 0.6763, eval_acc: 0.7992, train_loss: 0.7947, eval_loss: 0.5734
2022-11-05 16:38:24,312 - graphVAE - INFO - epoch:  469, train_acc: 0.6739, eval_acc: 0.7832, train_loss: 0.8047, eval_loss: 0.6186
2022-11-05 16:38:24,719 - graphVAE - INFO - epoch:  470, train_acc: 0.6772, eval_acc: 0.7990, train_loss: 0.7935, eval_loss: 0.5732
2022-11-05 16:38:25,109 - graphVAE - INFO - epoch:  471, train_acc: 0.6702, eval_acc: 0.7799, train_loss: 0.8021, eval_loss: 0.6245
2022-11-05 16:38:25,515 - graphVAE - INFO - epoch:  472, train_acc: 0.6736, eval_acc: 0.7850, train_loss: 0.8052, eval_loss: 0.6094
2022-11-05 16:38:25,906 - graphVAE - INFO - epoch:  473, train_acc: 0.6698, eval_acc: 0.7919, train_loss: 0.8053, eval_loss: 0.5945
2022-11-05 16:38:26,312 - graphVAE - INFO - epoch:  474, train_acc: 0.6723, eval_acc: 0.7969, train_loss: 0.7999, eval_loss: 0.5895
2022-11-05 16:38:26,703 - graphVAE - INFO - epoch:  475, train_acc: 0.6730, eval_acc: 0.7838, train_loss: 0.8013, eval_loss: 0.6156
2022-11-05 16:38:27,097 - graphVAE - INFO - epoch:  476, train_acc: 0.6717, eval_acc: 0.7563, train_loss: 0.8100, eval_loss: 0.6489
2022-11-05 16:38:27,503 - graphVAE - INFO - epoch:  477, train_acc: 0.6738, eval_acc: 0.7950, train_loss: 0.7998, eval_loss: 0.5879
2022-11-05 16:38:27,894 - graphVAE - INFO - epoch:  478, train_acc: 0.6691, eval_acc: 0.7881, train_loss: 0.8109, eval_loss: 0.5941
2022-11-05 16:38:28,300 - graphVAE - INFO - epoch:  479, train_acc: 0.6710, eval_acc: 0.7793, train_loss: 0.8028, eval_loss: 0.6129
2022-11-05 16:38:28,706 - graphVAE - INFO - epoch:  480, train_acc: 0.6748, eval_acc: 0.7682, train_loss: 0.7986, eval_loss: 0.6216
2022-11-05 16:38:29,097 - graphVAE - INFO - epoch:  481, train_acc: 0.6706, eval_acc: 0.7858, train_loss: 0.8074, eval_loss: 0.6159
2022-11-05 16:38:29,503 - graphVAE - INFO - epoch:  482, train_acc: 0.6770, eval_acc: 0.7912, train_loss: 0.7937, eval_loss: 0.5864
2022-11-05 16:38:29,894 - graphVAE - INFO - epoch:  483, train_acc: 0.6737, eval_acc: 0.7670, train_loss: 0.8028, eval_loss: 0.6482
2022-11-05 16:38:30,300 - graphVAE - INFO - epoch:  484, train_acc: 0.6758, eval_acc: 0.7900, train_loss: 0.7989, eval_loss: 0.5917
2022-11-05 16:38:30,706 - graphVAE - INFO - epoch:  485, train_acc: 0.6738, eval_acc: 0.7780, train_loss: 0.8018, eval_loss: 0.6118
2022-11-05 16:38:31,097 - graphVAE - INFO - epoch:  486, train_acc: 0.6712, eval_acc: 0.7703, train_loss: 0.8086, eval_loss: 0.6300
2022-11-05 16:38:31,503 - graphVAE - INFO - epoch:  487, train_acc: 0.6761, eval_acc: 0.7729, train_loss: 0.8060, eval_loss: 0.6163
2022-11-05 16:38:31,894 - graphVAE - INFO - epoch:  488, train_acc: 0.6714, eval_acc: 0.7562, train_loss: 0.8018, eval_loss: 0.6455
2022-11-05 16:38:32,300 - graphVAE - INFO - epoch:  489, train_acc: 0.6744, eval_acc: 0.7883, train_loss: 0.8036, eval_loss: 0.5976
2022-11-05 16:38:32,691 - graphVAE - INFO - epoch:  490, train_acc: 0.6745, eval_acc: 0.7589, train_loss: 0.8044, eval_loss: 0.6357
2022-11-05 16:38:33,097 - graphVAE - INFO - epoch:  491, train_acc: 0.6696, eval_acc: 0.7737, train_loss: 0.8073, eval_loss: 0.6180
2022-11-05 16:38:33,488 - graphVAE - INFO - epoch:  492, train_acc: 0.6746, eval_acc: 0.7668, train_loss: 0.8032, eval_loss: 0.6243
2022-11-05 16:38:33,878 - graphVAE - INFO - epoch:  493, train_acc: 0.6744, eval_acc: 0.7808, train_loss: 0.7983, eval_loss: 0.5930
2022-11-05 16:38:34,284 - graphVAE - INFO - epoch:  494, train_acc: 0.6683, eval_acc: 0.7758, train_loss: 0.8093, eval_loss: 0.6214
2022-11-05 16:38:34,675 - graphVAE - INFO - epoch:  495, train_acc: 0.6725, eval_acc: 0.7747, train_loss: 0.8005, eval_loss: 0.6262
2022-11-05 16:38:35,081 - graphVAE - INFO - epoch:  496, train_acc: 0.6751, eval_acc: 0.7783, train_loss: 0.7976, eval_loss: 0.6190
2022-11-05 16:38:35,472 - graphVAE - INFO - epoch:  497, train_acc: 0.6720, eval_acc: 0.7910, train_loss: 0.8041, eval_loss: 0.5777
2022-11-05 16:38:35,863 - graphVAE - INFO - epoch:  498, train_acc: 0.6710, eval_acc: 0.7664, train_loss: 0.8080, eval_loss: 0.6500
2022-11-05 16:38:36,269 - graphVAE - INFO - epoch:  499, train_acc: 0.6791, eval_acc: 0.7771, train_loss: 0.7948, eval_loss: 0.6075
2022-11-05 16:38:36,675 - graphVAE - INFO - epoch:  500, train_acc: 0.6702, eval_acc: 0.7846, train_loss: 0.8010, eval_loss: 0.5994
